1
/repo/tco-customerchurn/data /repo/tco-customerchurn/submission/code/experiments/regr1
/repo/tco-customerchurn/submission/code/experiments/regr1
[2020-10-25 23:33:39.497] [[32minfo[m] Start
[2020-10-25 23:33:39.497] [[32minfo[m] Training
[2020-10-25 23:33:39.497] [[32minfo[m] JSON: read encodings from encoding-20.json
[2020-10-25 23:33:39.497] [[32minfo[m] CSV: reading history_mix_1to1.csv ...
[2020-10-25 23:33:41.194] [[32minfo[m] ...completed in 1.7 secs
[2020-10-25 23:33:41.194] [[32minfo[m] CSV: read 240296 rows with categorical features and 240296 rows with numerical ones.
[2020-10-25 23:33:41.212] [[32minfo[m] Encoding features...
[2020-10-25 23:33:45.743] [[32minfo[m] ...completed in 4.5 secs
[2020-10-25 23:33:45.743] [[32minfo[m] Regression requested
[2020-10-25 23:33:45.791] [[32minfo[m] C 4000 T 16000 s 8.0 w -1 boost-tpf 1 nepochs 1 L MAE, C1 0.000000
[2020-10-25 23:33:45.791] [[32minfo[m] Partial fit initiated for 1 epoch(s)...
[2020-10-25 23:37:03.386] [[32minfo[m] ...completed in 197.6 secs.
[2020-10-25 23:37:03.776] [[32minfo[m] Model saved into trained_1.model
[2020-10-25 23:37:03.847] [[32minfo[m] Start
[2020-10-25 23:37:03.847] [[32minfo[m] Inference
[2020-10-25 23:37:03.848] [[32minfo[m] JSON: read encodings from encoding-20.json
[2020-10-25 23:37:03.848] [[32minfo[m] CSV: reading input.csv ...
[2020-10-25 23:37:07.082] [[32minfo[m] ...completed in 3.2 secs
[2020-10-25 23:37:07.082] [[32minfo[m] CSV: read 454404 rows with categorical features and 454404 rows with numerical ones.
[2020-10-25 23:37:07.127] [[32minfo[m] Encoding features...
[2020-10-25 23:37:15.483] [[32minfo[m] ...completed in 8.4 secs
[2020-10-25 23:37:15.854] [[32minfo[m] Regression inference
[2020-10-25 23:37:16.168] [[32minfo[m] Predicting...
[2020-10-25 23:37:28.703] [[32minfo[m] ...completed in 12.5 secs
[2020-10-25 23:37:28.706] [[32minfo[m] scores 454404
[2020-10-25 23:37:28.706] [[32minfo[m] [35] 5321,0.33256
[2020-10-25 23:37:28.706] [[32minfo[m] [36] 6916,0.43225
[2020-10-25 23:37:28.706] [[32minfo[m] [37] 4114,0.25712
[2020-10-25 23:37:28.706] [[32minfo[m] [73] 5677,0.35481
[2020-10-25 23:37:28.706] [[32minfo[m] [74] 8695,0.54344
[2020-10-25 23:37:28.706] [[32minfo[m] [75] 8503,0.53144
[2020-10-25 23:37:28.706] [[32minfo[m] [208] 6393,0.39956
[2020-10-25 23:37:28.706] [[32minfo[m] [265] 2504,0.15650
gzip: trained_0.model: No such file or directory
Num. customers: 454404
Average churn: 2.05
result:  31.79570
2
/repo/tco-customerchurn/data /repo/tco-customerchurn/submission/code/experiments/regr1
/repo/tco-customerchurn/submission/code/experiments/regr1
[2020-10-25 23:37:44.104] [[32minfo[m] Start
[2020-10-25 23:37:44.104] [[32minfo[m] Training
[2020-10-25 23:37:44.105] [[32minfo[m] JSON: read encodings from encoding-20.json
[2020-10-25 23:37:44.105] [[32minfo[m] CSV: reading history_mix_1to1.csv ...
[2020-10-25 23:37:45.803] [[32minfo[m] ...completed in 1.7 secs
[2020-10-25 23:37:45.803] [[32minfo[m] CSV: read 240296 rows with categorical features and 240296 rows with numerical ones.
[2020-10-25 23:37:45.821] [[32minfo[m] Encoding features...
[2020-10-25 23:37:50.256] [[32minfo[m] ...completed in 4.4 secs
[2020-10-25 23:37:50.630] [[32minfo[m] Regression requested
[2020-10-25 23:37:50.948] [[32minfo[m] Model restored from trained_1.model
[2020-10-25 23:37:50.949] [[32minfo[m] C 4000 T 16000 s 8.0 w -1 boost-tpf 1 nepochs 1 L MAE, C1 0.000000
[2020-10-25 23:37:50.951] [[32minfo[m] Partial fit initiated for 1 epoch(s)...
[2020-10-25 23:41:07.695] [[32minfo[m] ...completed in 196.7 secs.
[2020-10-25 23:41:08.076] [[32minfo[m] Model saved into trained_2.model
[2020-10-25 23:41:08.207] [[32minfo[m] Start
[2020-10-25 23:41:08.207] [[32minfo[m] Inference
[2020-10-25 23:41:08.207] [[32minfo[m] JSON: read encodings from encoding-20.json
[2020-10-25 23:41:08.208] [[32minfo[m] CSV: reading input.csv ...
[2020-10-25 23:41:11.246] [[32minfo[m] ...completed in 3.0 secs
[2020-10-25 23:41:11.246] [[32minfo[m] CSV: read 454404 rows with categorical features and 454404 rows with numerical ones.
[2020-10-25 23:41:11.302] [[32minfo[m] Encoding features...
[2020-10-25 23:41:19.645] [[32minfo[m] ...completed in 8.3 secs
[2020-10-25 23:41:19.996] [[32minfo[m] Regression inference
[2020-10-25 23:41:20.324] [[32minfo[m] Predicting...
[2020-10-25 23:41:32.875] [[32minfo[m] ...completed in 12.6 secs
[2020-10-25 23:41:32.878] [[32minfo[m] scores 454404
[2020-10-25 23:41:32.878] [[32minfo[m] [35] 5082,0.31762
[2020-10-25 23:41:32.878] [[32minfo[m] [36] 7394,0.46213
[2020-10-25 23:41:32.878] [[32minfo[m] [37] 6214,0.38838
[2020-10-25 23:41:32.878] [[32minfo[m] [73] 6991,0.43694
[2020-10-25 23:41:32.878] [[32minfo[m] [74] 10364,0.64775
[2020-10-25 23:41:32.878] [[32minfo[m] [75] 10006,0.62538
[2020-10-25 23:41:32.878] [[32minfo[m] [208] 8622,0.53887
[2020-10-25 23:41:32.878] [[32minfo[m] [265] 1879,0.11744
Num. customers: 454404
Average churn: 2.05
result:  32.47312
3
/repo/tco-customerchurn/data /repo/tco-customerchurn/submission/code/experiments/regr1
/repo/tco-customerchurn/submission/code/experiments/regr1
[2020-10-25 23:41:48.971] [[32minfo[m] Start
[2020-10-25 23:41:48.971] [[32minfo[m] Training
[2020-10-25 23:41:48.972] [[32minfo[m] JSON: read encodings from encoding-20.json
[2020-10-25 23:41:48.972] [[32minfo[m] CSV: reading history_mix_1to1.csv ...
[2020-10-25 23:41:50.685] [[32minfo[m] ...completed in 1.7 secs
[2020-10-25 23:41:50.685] [[32minfo[m] CSV: read 240296 rows with categorical features and 240296 rows with numerical ones.
[2020-10-25 23:41:50.701] [[32minfo[m] Encoding features...
[2020-10-25 23:41:55.027] [[32minfo[m] ...completed in 4.3 secs
[2020-10-25 23:41:55.387] [[32minfo[m] Regression requested
[2020-10-25 23:41:55.725] [[32minfo[m] Model restored from trained_2.model
[2020-10-25 23:41:55.725] [[32minfo[m] C 4000 T 16000 s 8.0 w -1 boost-tpf 1 nepochs 1 L MAE, C1 0.000000
[2020-10-25 23:41:55.727] [[32minfo[m] Partial fit initiated for 1 epoch(s)...
[2020-10-25 23:45:11.768] [[32minfo[m] ...completed in 196.0 secs.
[2020-10-25 23:45:12.128] [[32minfo[m] Model saved into trained_3.model
[2020-10-25 23:45:12.251] [[32minfo[m] Start
[2020-10-25 23:45:12.251] [[32minfo[m] Inference
[2020-10-25 23:45:12.252] [[32minfo[m] JSON: read encodings from encoding-20.json
[2020-10-25 23:45:12.252] [[32minfo[m] CSV: reading input.csv ...
[2020-10-25 23:45:15.305] [[32minfo[m] ...completed in 3.1 secs
[2020-10-25 23:45:15.305] [[32minfo[m] CSV: read 454404 rows with categorical features and 454404 rows with numerical ones.
[2020-10-25 23:45:15.349] [[32minfo[m] Encoding features...
[2020-10-25 23:45:23.929] [[32minfo[m] ...completed in 8.6 secs
[2020-10-25 23:45:24.303] [[32minfo[m] Regression inference
[2020-10-25 23:45:24.647] [[32minfo[m] Predicting...
[2020-10-25 23:45:37.139] [[32minfo[m] ...completed in 12.5 secs
[2020-10-25 23:45:37.142] [[32minfo[m] scores 454404
[2020-10-25 23:45:37.142] [[32minfo[m] [35] 5667,0.35419
[2020-10-25 23:45:37.142] [[32minfo[m] [36] 7416,0.46350
[2020-10-25 23:45:37.142] [[32minfo[m] [37] 5853,0.36581
[2020-10-25 23:45:37.142] [[32minfo[m] [73] 5069,0.31681
[2020-10-25 23:45:37.142] [[32minfo[m] [74] 9957,0.62231
[2020-10-25 23:45:37.142] [[32minfo[m] [75] 8007,0.50044
[2020-10-25 23:45:37.142] [[32minfo[m] [208] 8220,0.51375
[2020-10-25 23:45:37.142] [[32minfo[m] [265] 2564,0.16025
Num. customers: 454404
Average churn: 2.05
result:  33.11828
4
/repo/tco-customerchurn/data /repo/tco-customerchurn/submission/code/experiments/regr1
/repo/tco-customerchurn/submission/code/experiments/regr1
[2020-10-25 23:45:54.149] [[32minfo[m] Start
[2020-10-25 23:45:54.149] [[32minfo[m] Training
[2020-10-25 23:45:54.150] [[32minfo[m] JSON: read encodings from encoding-20.json
[2020-10-25 23:45:54.150] [[32minfo[m] CSV: reading history_mix_1to1.csv ...
[2020-10-25 23:45:55.743] [[32minfo[m] ...completed in 1.6 secs
[2020-10-25 23:45:55.743] [[32minfo[m] CSV: read 240296 rows with categorical features and 240296 rows with numerical ones.
[2020-10-25 23:45:55.760] [[32minfo[m] Encoding features...
[2020-10-25 23:46:00.432] [[32minfo[m] ...completed in 4.7 secs
[2020-10-25 23:46:00.787] [[32minfo[m] Regression requested
[2020-10-25 23:46:01.101] [[32minfo[m] Model restored from trained_3.model
[2020-10-25 23:46:01.103] [[32minfo[m] C 4000 T 16000 s 8.0 w -1 boost-tpf 1 nepochs 1 L MAE, C1 0.000000
[2020-10-25 23:46:01.104] [[32minfo[m] Partial fit initiated for 1 epoch(s)...
[2020-10-25 23:49:18.428] [[32minfo[m] ...completed in 197.3 secs.
[2020-10-25 23:49:18.784] [[32minfo[m] Model saved into trained_4.model
[2020-10-25 23:49:18.904] [[32minfo[m] Start
[2020-10-25 23:49:18.904] [[32minfo[m] Inference
[2020-10-25 23:49:18.904] [[32minfo[m] JSON: read encodings from encoding-20.json
[2020-10-25 23:49:18.904] [[32minfo[m] CSV: reading input.csv ...
[2020-10-25 23:49:21.987] [[32minfo[m] ...completed in 3.1 secs
[2020-10-25 23:49:21.987] [[32minfo[m] CSV: read 454404 rows with categorical features and 454404 rows with numerical ones.
[2020-10-25 23:49:22.040] [[32minfo[m] Encoding features...
[2020-10-25 23:49:30.734] [[32minfo[m] ...completed in 8.7 secs
[2020-10-25 23:49:31.100] [[32minfo[m] Regression inference
[2020-10-25 23:49:31.464] [[32minfo[m] Predicting...
[2020-10-25 23:49:43.997] [[32minfo[m] ...completed in 12.5 secs
[2020-10-25 23:49:44.000] [[32minfo[m] scores 454404
[2020-10-25 23:49:44.000] [[32minfo[m] [35] 4632,0.28950
[2020-10-25 23:49:44.000] [[32minfo[m] [36] 6706,0.41913
[2020-10-25 23:49:44.000] [[32minfo[m] [37] 4614,0.28837
[2020-10-25 23:49:44.000] [[32minfo[m] [73] 6570,0.41063
[2020-10-25 23:49:44.000] [[32minfo[m] [74] 9031,0.56444
[2020-10-25 23:49:44.000] [[32minfo[m] [75] 7239,0.45244
[2020-10-25 23:49:44.000] [[32minfo[m] [208] 8475,0.52969
[2020-10-25 23:49:44.000] [[32minfo[m] [265] 3293,0.20581
Num. customers: 454404
Average churn: 2.05
result:  32.94624
5
/repo/tco-customerchurn/data /repo/tco-customerchurn/submission/code/experiments/regr1
/repo/tco-customerchurn/submission/code/experiments/regr1
[2020-10-25 23:50:00.531] [[32minfo[m] Start
[2020-10-25 23:50:00.532] [[32minfo[m] Training
[2020-10-25 23:50:00.533] [[32minfo[m] JSON: read encodings from encoding-20.json
[2020-10-25 23:50:00.533] [[32minfo[m] CSV: reading history_mix_1to1.csv ...
[2020-10-25 23:50:02.314] [[32minfo[m] ...completed in 1.8 secs
[2020-10-25 23:50:02.314] [[32minfo[m] CSV: read 240296 rows with categorical features and 240296 rows with numerical ones.
[2020-10-25 23:50:02.332] [[32minfo[m] Encoding features...
[2020-10-25 23:50:06.757] [[32minfo[m] ...completed in 4.4 secs
[2020-10-25 23:50:07.123] [[32minfo[m] Regression requested
[2020-10-25 23:50:07.484] [[32minfo[m] Model restored from trained_4.model
[2020-10-25 23:50:07.485] [[32minfo[m] C 4000 T 16000 s 8.0 w -1 boost-tpf 1 nepochs 1 L MAE, C1 0.000000
[2020-10-25 23:50:07.486] [[32minfo[m] Partial fit initiated for 1 epoch(s)...
[2020-10-25 23:53:24.123] [[32minfo[m] ...completed in 196.6 secs.
[2020-10-25 23:53:24.493] [[32minfo[m] Model saved into trained_5.model
[2020-10-25 23:53:24.633] [[32minfo[m] Start
[2020-10-25 23:53:24.633] [[32minfo[m] Inference
[2020-10-25 23:53:24.634] [[32minfo[m] JSON: read encodings from encoding-20.json
[2020-10-25 23:53:24.634] [[32minfo[m] CSV: reading input.csv ...
[2020-10-25 23:53:27.673] [[32minfo[m] ...completed in 3.0 secs
[2020-10-25 23:53:27.673] [[32minfo[m] CSV: read 454404 rows with categorical features and 454404 rows with numerical ones.
[2020-10-25 23:53:27.717] [[32minfo[m] Encoding features...
[2020-10-25 23:53:36.010] [[32minfo[m] ...completed in 8.3 secs
[2020-10-25 23:53:36.387] [[32minfo[m] Regression inference
[2020-10-25 23:53:36.714] [[32minfo[m] Predicting...
[2020-10-25 23:53:49.173] [[32minfo[m] ...completed in 12.5 secs
[2020-10-25 23:53:49.176] [[32minfo[m] scores 454404
[2020-10-25 23:53:49.176] [[32minfo[m] [35] 4868,0.30425
[2020-10-25 23:53:49.176] [[32minfo[m] [36] 6959,0.43494
[2020-10-25 23:53:49.176] [[32minfo[m] [37] 5236,0.32725
[2020-10-25 23:53:49.176] [[32minfo[m] [73] 6495,0.40594
[2020-10-25 23:53:49.176] [[32minfo[m] [74] 7319,0.45744
[2020-10-25 23:53:49.176] [[32minfo[m] [75] 9126,0.57037
[2020-10-25 23:53:49.176] [[32minfo[m] [208] 8692,0.54325
[2020-10-25 23:53:49.176] [[32minfo[m] [265] 2041,0.12756
Num. customers: 454404
Average churn: 2.05
result:  32.40860
6
/repo/tco-customerchurn/data /repo/tco-customerchurn/submission/code/experiments/regr1
/repo/tco-customerchurn/submission/code/experiments/regr1
[2020-10-25 23:54:04.410] [[32minfo[m] Start
[2020-10-25 23:54:04.411] [[32minfo[m] Training
[2020-10-25 23:54:04.411] [[32minfo[m] JSON: read encodings from encoding-20.json
[2020-10-25 23:54:04.411] [[32minfo[m] CSV: reading history_mix_1to1.csv ...
[2020-10-25 23:54:06.070] [[32minfo[m] ...completed in 1.7 secs
[2020-10-25 23:54:06.071] [[32minfo[m] CSV: read 240296 rows with categorical features and 240296 rows with numerical ones.
[2020-10-25 23:54:06.088] [[32minfo[m] Encoding features...
[2020-10-25 23:54:10.613] [[32minfo[m] ...completed in 4.5 secs
[2020-10-25 23:54:10.971] [[32minfo[m] Regression requested
[2020-10-25 23:54:11.289] [[32minfo[m] Model restored from trained_5.model
[2020-10-25 23:54:11.290] [[32minfo[m] C 4000 T 16000 s 8.0 w -1 boost-tpf 1 nepochs 1 L MAE, C1 0.000000
[2020-10-25 23:54:11.292] [[32minfo[m] Partial fit initiated for 1 epoch(s)...
[2020-10-25 23:57:28.020] [[32minfo[m] ...completed in 196.7 secs.
[2020-10-25 23:57:28.406] [[32minfo[m] Model saved into trained_6.model
[2020-10-25 23:57:28.522] [[32minfo[m] Start
[2020-10-25 23:57:28.522] [[32minfo[m] Inference
[2020-10-25 23:57:28.523] [[32minfo[m] JSON: read encodings from encoding-20.json
[2020-10-25 23:57:28.523] [[32minfo[m] CSV: reading input.csv ...
[2020-10-25 23:57:31.490] [[32minfo[m] ...completed in 3.0 secs
[2020-10-25 23:57:31.490] [[32minfo[m] CSV: read 454404 rows with categorical features and 454404 rows with numerical ones.
[2020-10-25 23:57:31.534] [[32minfo[m] Encoding features...
[2020-10-25 23:57:39.930] [[32minfo[m] ...completed in 8.4 secs
[2020-10-25 23:57:40.290] [[32minfo[m] Regression inference
[2020-10-25 23:57:40.624] [[32minfo[m] Predicting...
[2020-10-25 23:57:53.265] [[32minfo[m] ...completed in 12.6 secs
[2020-10-25 23:57:53.268] [[32minfo[m] scores 454404
[2020-10-25 23:57:53.268] [[32minfo[m] [35] 5417,0.33856
[2020-10-25 23:57:53.268] [[32minfo[m] [36] 6511,0.40694
[2020-10-25 23:57:53.268] [[32minfo[m] [37] 5067,0.31669
[2020-10-25 23:57:53.268] [[32minfo[m] [73] 7790,0.48688
[2020-10-25 23:57:53.268] [[32minfo[m] [74] 8786,0.54912
[2020-10-25 23:57:53.268] [[32minfo[m] [75] 8099,0.50619
[2020-10-25 23:57:53.268] [[32minfo[m] [208] 8066,0.50413
[2020-10-25 23:57:53.268] [[32minfo[m] [265] 2417,0.15106
Num. customers: 454404
Average churn: 2.05
result:  33.25806
7
/repo/tco-customerchurn/data /repo/tco-customerchurn/submission/code/experiments/regr1
/repo/tco-customerchurn/submission/code/experiments/regr1
[2020-10-25 23:58:10.574] [[32minfo[m] Start
[2020-10-25 23:58:10.574] [[32minfo[m] Training
[2020-10-25 23:58:10.575] [[32minfo[m] JSON: read encodings from encoding-20.json
[2020-10-25 23:58:10.575] [[32minfo[m] CSV: reading history_mix_1to1.csv ...
[2020-10-25 23:58:12.265] [[32minfo[m] ...completed in 1.7 secs
[2020-10-25 23:58:12.265] [[32minfo[m] CSV: read 240296 rows with categorical features and 240296 rows with numerical ones.
[2020-10-25 23:58:12.283] [[32minfo[m] Encoding features...
[2020-10-25 23:58:16.772] [[32minfo[m] ...completed in 4.5 secs
[2020-10-25 23:58:17.123] [[32minfo[m] Regression requested
[2020-10-25 23:58:17.458] [[32minfo[m] Model restored from trained_6.model
[2020-10-25 23:58:17.459] [[32minfo[m] C 4000 T 16000 s 8.0 w -1 boost-tpf 1 nepochs 1 L MAE, C1 0.000000
[2020-10-25 23:58:17.461] [[32minfo[m] Partial fit initiated for 1 epoch(s)...
[2020-10-26 00:01:34.953] [[32minfo[m] ...completed in 197.5 secs.
[2020-10-26 00:01:35.307] [[32minfo[m] Model saved into trained_7.model
[2020-10-26 00:01:35.432] [[32minfo[m] Start
[2020-10-26 00:01:35.432] [[32minfo[m] Inference
[2020-10-26 00:01:35.433] [[32minfo[m] JSON: read encodings from encoding-20.json
[2020-10-26 00:01:35.433] [[32minfo[m] CSV: reading input.csv ...
[2020-10-26 00:01:38.622] [[32minfo[m] ...completed in 3.2 secs
[2020-10-26 00:01:38.622] [[32minfo[m] CSV: read 454404 rows with categorical features and 454404 rows with numerical ones.
[2020-10-26 00:01:38.671] [[32minfo[m] Encoding features...
[2020-10-26 00:01:47.077] [[32minfo[m] ...completed in 8.4 secs
[2020-10-26 00:01:47.448] [[32minfo[m] Regression inference
[2020-10-26 00:01:47.771] [[32minfo[m] Predicting...
[2020-10-26 00:02:00.357] [[32minfo[m] ...completed in 12.6 secs
[2020-10-26 00:02:00.360] [[32minfo[m] scores 454404
[2020-10-26 00:02:00.360] [[32minfo[m] [35] 5495,0.34344
[2020-10-26 00:02:00.360] [[32minfo[m] [36] 7223,0.45144
[2020-10-26 00:02:00.360] [[32minfo[m] [37] 5319,0.33244
[2020-10-26 00:02:00.360] [[32minfo[m] [73] 7268,0.45425
[2020-10-26 00:02:00.360] [[32minfo[m] [74] 9436,0.58975
[2020-10-26 00:02:00.360] [[32minfo[m] [75] 8439,0.52744
[2020-10-26 00:02:00.360] [[32minfo[m] [208] 8412,0.52575
[2020-10-26 00:02:00.360] [[32minfo[m] [265] 2670,0.16687
Num. customers: 454404
Average churn: 2.05
result:  32.72043
8
/repo/tco-customerchurn/data /repo/tco-customerchurn/submission/code/experiments/regr1
/repo/tco-customerchurn/submission/code/experiments/regr1
[2020-10-26 00:02:15.355] [[32minfo[m] Start
[2020-10-26 00:02:15.355] [[32minfo[m] Training
[2020-10-26 00:02:15.356] [[32minfo[m] JSON: read encodings from encoding-20.json
[2020-10-26 00:02:15.356] [[32minfo[m] CSV: reading history_mix_1to1.csv ...
[2020-10-26 00:02:17.150] [[32minfo[m] ...completed in 1.8 secs
[2020-10-26 00:02:17.150] [[32minfo[m] CSV: read 240296 rows with categorical features and 240296 rows with numerical ones.
[2020-10-26 00:02:17.167] [[32minfo[m] Encoding features...
[2020-10-26 00:02:21.624] [[32minfo[m] ...completed in 4.5 secs
[2020-10-26 00:02:21.974] [[32minfo[m] Regression requested
[2020-10-26 00:02:22.289] [[32minfo[m] Model restored from trained_7.model
[2020-10-26 00:02:22.291] [[32minfo[m] C 4000 T 16000 s 8.0 w -1 boost-tpf 1 nepochs 1 L MAE, C1 0.000000
[2020-10-26 00:02:22.292] [[32minfo[m] Partial fit initiated for 1 epoch(s)...
[2020-10-26 00:05:38.625] [[32minfo[m] ...completed in 196.3 secs.
[2020-10-26 00:05:39.015] [[32minfo[m] Model saved into trained_8.model
[2020-10-26 00:05:39.131] [[32minfo[m] Start
[2020-10-26 00:05:39.131] [[32minfo[m] Inference
[2020-10-26 00:05:39.132] [[32minfo[m] JSON: read encodings from encoding-20.json
[2020-10-26 00:05:39.132] [[32minfo[m] CSV: reading input.csv ...
[2020-10-26 00:05:42.228] [[32minfo[m] ...completed in 3.1 secs
[2020-10-26 00:05:42.228] [[32minfo[m] CSV: read 454404 rows with categorical features and 454404 rows with numerical ones.
[2020-10-26 00:05:42.272] [[32minfo[m] Encoding features...
[2020-10-26 00:05:50.706] [[32minfo[m] ...completed in 8.4 secs
[2020-10-26 00:05:51.080] [[32minfo[m] Regression inference
[2020-10-26 00:05:51.410] [[32minfo[m] Predicting...
[2020-10-26 00:06:04.011] [[32minfo[m] ...completed in 12.6 secs
[2020-10-26 00:06:04.013] [[32minfo[m] scores 454404
[2020-10-26 00:06:04.013] [[32minfo[m] [35] 4669,0.29181
[2020-10-26 00:06:04.013] [[32minfo[m] [36] 7361,0.46006
[2020-10-26 00:06:04.013] [[32minfo[m] [37] 5081,0.31756
[2020-10-26 00:06:04.013] [[32minfo[m] [73] 7813,0.48831
[2020-10-26 00:06:04.013] [[32minfo[m] [74] 8827,0.55169
[2020-10-26 00:06:04.013] [[32minfo[m] [75] 9449,0.59056
[2020-10-26 00:06:04.013] [[32minfo[m] [208] 7623,0.47644
[2020-10-26 00:06:04.013] [[32minfo[m] [265] 2928,0.18300
Num. customers: 454404
Average churn: 2.05
result:  33.22581
9
/repo/tco-customerchurn/data /repo/tco-customerchurn/submission/code/experiments/regr1
/repo/tco-customerchurn/submission/code/experiments/regr1
[2020-10-26 00:06:20.290] [[32minfo[m] Start
[2020-10-26 00:06:20.290] [[32minfo[m] Training
[2020-10-26 00:06:20.291] [[32minfo[m] JSON: read encodings from encoding-20.json
[2020-10-26 00:06:20.291] [[32minfo[m] CSV: reading history_mix_1to1.csv ...
[2020-10-26 00:06:22.179] [[32minfo[m] ...completed in 1.9 secs
[2020-10-26 00:06:22.180] [[32minfo[m] CSV: read 240296 rows with categorical features and 240296 rows with numerical ones.
[2020-10-26 00:06:22.196] [[32minfo[m] Encoding features...
[2020-10-26 00:06:26.798] [[32minfo[m] ...completed in 4.6 secs
[2020-10-26 00:06:27.164] [[32minfo[m] Regression requested
[2020-10-26 00:06:27.488] [[32minfo[m] Model restored from trained_8.model
[2020-10-26 00:06:27.489] [[32minfo[m] C 4000 T 16000 s 8.0 w -1 boost-tpf 1 nepochs 1 L MAE, C1 0.000000
[2020-10-26 00:06:27.490] [[32minfo[m] Partial fit initiated for 1 epoch(s)...
[2020-10-26 00:09:44.184] [[32minfo[m] ...completed in 196.7 secs.
[2020-10-26 00:09:44.543] [[32minfo[m] Model saved into trained_9.model
[2020-10-26 00:09:44.660] [[32minfo[m] Start
[2020-10-26 00:09:44.660] [[32minfo[m] Inference
[2020-10-26 00:09:44.661] [[32minfo[m] JSON: read encodings from encoding-20.json
[2020-10-26 00:09:44.661] [[32minfo[m] CSV: reading input.csv ...
[2020-10-26 00:09:47.887] [[32minfo[m] ...completed in 3.2 secs
[2020-10-26 00:09:47.887] [[32minfo[m] CSV: read 454404 rows with categorical features and 454404 rows with numerical ones.
[2020-10-26 00:09:47.930] [[32minfo[m] Encoding features...
[2020-10-26 00:09:56.403] [[32minfo[m] ...completed in 8.5 secs
[2020-10-26 00:09:56.771] [[32minfo[m] Regression inference
[2020-10-26 00:09:57.089] [[32minfo[m] Predicting...
[2020-10-26 00:10:09.625] [[32minfo[m] ...completed in 12.5 secs
[2020-10-26 00:10:09.628] [[32minfo[m] scores 454404
[2020-10-26 00:10:09.628] [[32minfo[m] [35] 5985,0.37406
[2020-10-26 00:10:09.628] [[32minfo[m] [36] 8376,0.52350
[2020-10-26 00:10:09.628] [[32minfo[m] [37] 7466,0.46663
[2020-10-26 00:10:09.628] [[32minfo[m] [73] 6163,0.38519
[2020-10-26 00:10:09.628] [[32minfo[m] [74] 9157,0.57231
[2020-10-26 00:10:09.628] [[32minfo[m] [75] 7905,0.49406
[2020-10-26 00:10:09.628] [[32minfo[m] [208] 8524,0.53275
[2020-10-26 00:10:09.628] [[32minfo[m] [265] 3174,0.19837
Num. customers: 454404
Average churn: 2.05
result:  32.96774
10
/repo/tco-customerchurn/data /repo/tco-customerchurn/submission/code/experiments/regr1
/repo/tco-customerchurn/submission/code/experiments/regr1
[2020-10-26 00:10:25.295] [[32minfo[m] Start
[2020-10-26 00:10:25.295] [[32minfo[m] Training
[2020-10-26 00:10:25.296] [[32minfo[m] JSON: read encodings from encoding-20.json
[2020-10-26 00:10:25.296] [[32minfo[m] CSV: reading history_mix_1to1.csv ...
[2020-10-26 00:10:26.903] [[32minfo[m] ...completed in 1.6 secs
[2020-10-26 00:10:26.903] [[32minfo[m] CSV: read 240296 rows with categorical features and 240296 rows with numerical ones.
[2020-10-26 00:10:26.921] [[32minfo[m] Encoding features...
[2020-10-26 00:10:31.617] [[32minfo[m] ...completed in 4.7 secs
[2020-10-26 00:10:31.983] [[32minfo[m] Regression requested
[2020-10-26 00:10:32.297] [[32minfo[m] Model restored from trained_9.model
[2020-10-26 00:10:32.298] [[32minfo[m] C 4000 T 16000 s 8.0 w -1 boost-tpf 1 nepochs 1 L MAE, C1 0.000000
[2020-10-26 00:10:32.299] [[32minfo[m] Partial fit initiated for 1 epoch(s)...
[2020-10-26 00:13:49.151] [[32minfo[m] ...completed in 196.9 secs.
[2020-10-26 00:13:49.536] [[32minfo[m] Model saved into trained_10.model
[2020-10-26 00:13:49.659] [[32minfo[m] Start
[2020-10-26 00:13:49.659] [[32minfo[m] Inference
[2020-10-26 00:13:49.660] [[32minfo[m] JSON: read encodings from encoding-20.json
[2020-10-26 00:13:49.660] [[32minfo[m] CSV: reading input.csv ...
[2020-10-26 00:13:52.825] [[32minfo[m] ...completed in 3.2 secs
[2020-10-26 00:13:52.825] [[32minfo[m] CSV: read 454404 rows with categorical features and 454404 rows with numerical ones.
[2020-10-26 00:13:52.880] [[32minfo[m] Encoding features...
[2020-10-26 00:14:01.718] [[32minfo[m] ...completed in 8.8 secs
[2020-10-26 00:14:02.070] [[32minfo[m] Regression inference
[2020-10-26 00:14:02.412] [[32minfo[m] Predicting...
[2020-10-26 00:14:14.928] [[32minfo[m] ...completed in 12.5 secs
[2020-10-26 00:14:14.930] [[32minfo[m] scores 454404
[2020-10-26 00:14:14.930] [[32minfo[m] [35] 5131,0.32069
[2020-10-26 00:14:14.930] [[32minfo[m] [36] 6775,0.42344
[2020-10-26 00:14:14.930] [[32minfo[m] [37] 5483,0.34269
[2020-10-26 00:14:14.930] [[32minfo[m] [73] 6273,0.39206
[2020-10-26 00:14:14.930] [[32minfo[m] [74] 9144,0.57150
[2020-10-26 00:14:14.930] [[32minfo[m] [75] 8200,0.51250
[2020-10-26 00:14:14.930] [[32minfo[m] [208] 7906,0.49412
[2020-10-26 00:14:14.930] [[32minfo[m] [265] 2102,0.13137
Num. customers: 454404
Average churn: 2.05
result:  33.32258
11
/repo/tco-customerchurn/data /repo/tco-customerchurn/submission/code/experiments/regr1
/repo/tco-customerchurn/submission/code/experiments/regr1
[2020-10-26 00:14:31.799] [[32minfo[m] Start
[2020-10-26 00:14:31.799] [[32minfo[m] Training
[2020-10-26 00:14:31.800] [[32minfo[m] JSON: read encodings from encoding-20.json
[2020-10-26 00:14:31.800] [[32minfo[m] CSV: reading history_mix_1to1.csv ...
[2020-10-26 00:14:33.551] [[32minfo[m] ...completed in 1.8 secs
[2020-10-26 00:14:33.551] [[32minfo[m] CSV: read 240296 rows with categorical features and 240296 rows with numerical ones.
[2020-10-26 00:14:33.569] [[32minfo[m] Encoding features...
[2020-10-26 00:14:38.065] [[32minfo[m] ...completed in 4.5 secs
[2020-10-26 00:14:38.415] [[32minfo[m] Regression requested
[2020-10-26 00:14:38.767] [[32minfo[m] Model restored from trained_10.model
[2020-10-26 00:14:38.768] [[32minfo[m] C 4000 T 16000 s 8.0 w -1 boost-tpf 1 nepochs 1 L MAE, C1 0.000000
[2020-10-26 00:14:38.769] [[32minfo[m] Partial fit initiated for 1 epoch(s)...
[2020-10-26 00:17:54.627] [[32minfo[m] ...completed in 195.9 secs.
[2020-10-26 00:17:54.984] [[32minfo[m] Model saved into trained_11.model
[2020-10-26 00:17:55.118] [[32minfo[m] Start
[2020-10-26 00:17:55.119] [[32minfo[m] Inference
[2020-10-26 00:17:55.119] [[32minfo[m] JSON: read encodings from encoding-20.json
[2020-10-26 00:17:55.119] [[32minfo[m] CSV: reading input.csv ...
[2020-10-26 00:17:58.518] [[32minfo[m] ...completed in 3.4 secs
[2020-10-26 00:17:58.518] [[32minfo[m] CSV: read 454404 rows with categorical features and 454404 rows with numerical ones.
[2020-10-26 00:17:58.565] [[32minfo[m] Encoding features...
[2020-10-26 00:18:07.071] [[32minfo[m] ...completed in 8.5 secs
[2020-10-26 00:18:07.428] [[32minfo[m] Regression inference
[2020-10-26 00:18:07.756] [[32minfo[m] Predicting...
[2020-10-26 00:18:20.344] [[32minfo[m] ...completed in 12.6 secs
[2020-10-26 00:18:20.348] [[32minfo[m] scores 454404
[2020-10-26 00:18:20.348] [[32minfo[m] [35] 4462,0.27887
[2020-10-26 00:18:20.348] [[32minfo[m] [36] 7410,0.46313
[2020-10-26 00:18:20.348] [[32minfo[m] [37] 5485,0.34281
[2020-10-26 00:18:20.348] [[32minfo[m] [73] 6415,0.40094
[2020-10-26 00:18:20.348] [[32minfo[m] [74] 8651,0.54069
[2020-10-26 00:18:20.348] [[32minfo[m] [75] 8956,0.55975
[2020-10-26 00:18:20.348] [[32minfo[m] [208] 8939,0.55869
[2020-10-26 00:18:20.348] [[32minfo[m] [265] 2248,0.14050
Num. customers: 454404
Average churn: 2.05
result:  32.98925
12
/repo/tco-customerchurn/data /repo/tco-customerchurn/submission/code/experiments/regr1
/repo/tco-customerchurn/submission/code/experiments/regr1
[2020-10-26 00:18:37.280] [[32minfo[m] Start
[2020-10-26 00:18:37.280] [[32minfo[m] Training
[2020-10-26 00:18:37.283] [[32minfo[m] JSON: read encodings from encoding-20.json
[2020-10-26 00:18:37.285] [[32minfo[m] CSV: reading history_mix_1to1.csv ...
[2020-10-26 00:18:39.020] [[32minfo[m] ...completed in 1.7 secs
[2020-10-26 00:18:39.020] [[32minfo[m] CSV: read 240296 rows with categorical features and 240296 rows with numerical ones.
[2020-10-26 00:18:39.038] [[32minfo[m] Encoding features...
[2020-10-26 00:18:43.541] [[32minfo[m] ...completed in 4.5 secs
[2020-10-26 00:18:43.926] [[32minfo[m] Regression requested
[2020-10-26 00:18:44.242] [[32minfo[m] Model restored from trained_11.model
[2020-10-26 00:18:44.244] [[32minfo[m] C 4000 T 16000 s 8.0 w -1 boost-tpf 1 nepochs 1 L MAE, C1 0.000000
[2020-10-26 00:18:44.245] [[32minfo[m] Partial fit initiated for 1 epoch(s)...
[2020-10-26 00:22:00.171] [[32minfo[m] ...completed in 195.9 secs.
[2020-10-26 00:22:00.548] [[32minfo[m] Model saved into trained_12.model
[2020-10-26 00:22:00.668] [[32minfo[m] Start
[2020-10-26 00:22:00.668] [[32minfo[m] Inference
[2020-10-26 00:22:00.669] [[32minfo[m] JSON: read encodings from encoding-20.json
[2020-10-26 00:22:00.669] [[32minfo[m] CSV: reading input.csv ...
[2020-10-26 00:22:03.891] [[32minfo[m] ...completed in 3.2 secs
[2020-10-26 00:22:03.891] [[32minfo[m] CSV: read 454404 rows with categorical features and 454404 rows with numerical ones.
[2020-10-26 00:22:03.942] [[32minfo[m] Encoding features...
[2020-10-26 00:22:12.365] [[32minfo[m] ...completed in 8.4 secs
[2020-10-26 00:22:12.735] [[32minfo[m] Regression inference
[2020-10-26 00:22:13.056] [[32minfo[m] Predicting...
[2020-10-26 00:22:25.616] [[32minfo[m] ...completed in 12.6 secs
[2020-10-26 00:22:25.617] [[32minfo[m] scores 454404
[2020-10-26 00:22:25.617] [[32minfo[m] [35] 4432,0.27700
[2020-10-26 00:22:25.617] [[32minfo[m] [36] 7634,0.47713
[2020-10-26 00:22:25.617] [[32minfo[m] [37] 5412,0.33825
[2020-10-26 00:22:25.617] [[32minfo[m] [73] 5757,0.35981
[2020-10-26 00:22:25.617] [[32minfo[m] [74] 8630,0.53938
[2020-10-26 00:22:25.617] [[32minfo[m] [75] 9671,0.60444
[2020-10-26 00:22:25.617] [[32minfo[m] [208] 7297,0.45606
[2020-10-26 00:22:25.617] [[32minfo[m] [265] 2104,0.13150
Num. customers: 454404
Average churn: 2.05
result:  32.59140
13
/repo/tco-customerchurn/data /repo/tco-customerchurn/submission/code/experiments/regr1
/repo/tco-customerchurn/submission/code/experiments/regr1
[2020-10-26 00:22:41.891] [[32minfo[m] Start
[2020-10-26 00:22:41.891] [[32minfo[m] Training
[2020-10-26 00:22:41.892] [[32minfo[m] JSON: read encodings from encoding-20.json
[2020-10-26 00:22:41.892] [[32minfo[m] CSV: reading history_mix_1to1.csv ...
[2020-10-26 00:22:43.628] [[32minfo[m] ...completed in 1.7 secs
[2020-10-26 00:22:43.628] [[32minfo[m] CSV: read 240296 rows with categorical features and 240296 rows with numerical ones.
[2020-10-26 00:22:43.648] [[32minfo[m] Encoding features...
[2020-10-26 00:22:48.351] [[32minfo[m] ...completed in 4.7 secs
[2020-10-26 00:22:48.729] [[32minfo[m] Regression requested
[2020-10-26 00:22:49.069] [[32minfo[m] Model restored from trained_12.model
[2020-10-26 00:22:49.070] [[32minfo[m] C 4000 T 16000 s 8.0 w -1 boost-tpf 1 nepochs 1 L MAE, C1 0.000000
[2020-10-26 00:22:49.072] [[32minfo[m] Partial fit initiated for 1 epoch(s)...
[2020-10-26 00:26:06.603] [[32minfo[m] ...completed in 197.5 secs.
[2020-10-26 00:26:06.978] [[32minfo[m] Model saved into trained_13.model
[2020-10-26 00:26:07.110] [[32minfo[m] Start
[2020-10-26 00:26:07.110] [[32minfo[m] Inference
[2020-10-26 00:26:07.111] [[32minfo[m] JSON: read encodings from encoding-20.json
[2020-10-26 00:26:07.111] [[32minfo[m] CSV: reading input.csv ...
[2020-10-26 00:26:10.363] [[32minfo[m] ...completed in 3.3 secs
[2020-10-26 00:26:10.363] [[32minfo[m] CSV: read 454404 rows with categorical features and 454404 rows with numerical ones.
[2020-10-26 00:26:10.408] [[32minfo[m] Encoding features...
[2020-10-26 00:26:19.146] [[32minfo[m] ...completed in 8.7 secs
[2020-10-26 00:26:19.506] [[32minfo[m] Regression inference
[2020-10-26 00:26:19.837] [[32minfo[m] Predicting...
[2020-10-26 00:26:32.449] [[32minfo[m] ...completed in 12.6 secs
[2020-10-26 00:26:32.452] [[32minfo[m] scores 454404
[2020-10-26 00:26:32.452] [[32minfo[m] [35] 5440,0.34000
[2020-10-26 00:26:32.452] [[32minfo[m] [36] 8646,0.54038
[2020-10-26 00:26:32.452] [[32minfo[m] [37] 6187,0.38669
[2020-10-26 00:26:32.453] [[32minfo[m] [73] 6743,0.42144
[2020-10-26 00:26:32.453] [[32minfo[m] [74] 8910,0.55688
[2020-10-26 00:26:32.453] [[32minfo[m] [75] 9828,0.61425
[2020-10-26 00:26:32.453] [[32minfo[m] [208] 7196,0.44975
[2020-10-26 00:26:32.453] [[32minfo[m] [265] 2502,0.15637
Num. customers: 454404
Average churn: 2.05
result:  32.34409
14
/repo/tco-customerchurn/data /repo/tco-customerchurn/submission/code/experiments/regr1
/repo/tco-customerchurn/submission/code/experiments/regr1
[2020-10-26 00:26:47.906] [[32minfo[m] Start
[2020-10-26 00:26:47.906] [[32minfo[m] Training
[2020-10-26 00:26:47.907] [[32minfo[m] JSON: read encodings from encoding-20.json
[2020-10-26 00:26:47.907] [[32minfo[m] CSV: reading history_mix_1to1.csv ...
[2020-10-26 00:26:49.587] [[32minfo[m] ...completed in 1.7 secs
[2020-10-26 00:26:49.587] [[32minfo[m] CSV: read 240296 rows with categorical features and 240296 rows with numerical ones.
[2020-10-26 00:26:49.605] [[32minfo[m] Encoding features...
[2020-10-26 00:26:54.155] [[32minfo[m] ...completed in 4.5 secs
[2020-10-26 00:26:54.528] [[32minfo[m] Regression requested
[2020-10-26 00:26:54.853] [[32minfo[m] Model restored from trained_13.model
[2020-10-26 00:26:54.854] [[32minfo[m] C 4000 T 16000 s 8.0 w -1 boost-tpf 1 nepochs 1 L MAE, C1 0.000000
[2020-10-26 00:26:54.856] [[32minfo[m] Partial fit initiated for 1 epoch(s)...
[2020-10-26 00:30:12.066] [[32minfo[m] ...completed in 197.2 secs.
[2020-10-26 00:30:12.431] [[32minfo[m] Model saved into trained_14.model
[2020-10-26 00:30:12.557] [[32minfo[m] Start
[2020-10-26 00:30:12.557] [[32minfo[m] Inference
[2020-10-26 00:30:12.558] [[32minfo[m] JSON: read encodings from encoding-20.json
[2020-10-26 00:30:12.558] [[32minfo[m] CSV: reading input.csv ...
[2020-10-26 00:30:15.615] [[32minfo[m] ...completed in 3.1 secs
[2020-10-26 00:30:15.615] [[32minfo[m] CSV: read 454404 rows with categorical features and 454404 rows with numerical ones.
[2020-10-26 00:30:15.664] [[32minfo[m] Encoding features...
[2020-10-26 00:30:24.125] [[32minfo[m] ...completed in 8.5 secs
[2020-10-26 00:30:24.481] [[32minfo[m] Regression inference
[2020-10-26 00:30:24.804] [[32minfo[m] Predicting...
[2020-10-26 00:30:37.364] [[32minfo[m] ...completed in 12.6 secs
[2020-10-26 00:30:37.366] [[32minfo[m] scores 454404
[2020-10-26 00:30:37.366] [[32minfo[m] [35] 5118,0.31988
[2020-10-26 00:30:37.366] [[32minfo[m] [36] 7789,0.48681
[2020-10-26 00:30:37.366] [[32minfo[m] [37] 6047,0.37794
[2020-10-26 00:30:37.366] [[32minfo[m] [73] 5963,0.37269
[2020-10-26 00:30:37.366] [[32minfo[m] [74] 9802,0.61262
[2020-10-26 00:30:37.366] [[32minfo[m] [75] 9139,0.57119
[2020-10-26 00:30:37.366] [[32minfo[m] [208] 7874,0.49212
[2020-10-26 00:30:37.366] [[32minfo[m] [265] 3084,0.19275
Num. customers: 454404
Average churn: 2.05
result:  32.77419
15
/repo/tco-customerchurn/data /repo/tco-customerchurn/submission/code/experiments/regr1
/repo/tco-customerchurn/submission/code/experiments/regr1
[2020-10-26 00:30:53.606] [[32minfo[m] Start
[2020-10-26 00:30:53.606] [[32minfo[m] Training
[2020-10-26 00:30:53.607] [[32minfo[m] JSON: read encodings from encoding-20.json
[2020-10-26 00:30:53.607] [[32minfo[m] CSV: reading history_mix_1to1.csv ...
[2020-10-26 00:30:55.295] [[32minfo[m] ...completed in 1.7 secs
[2020-10-26 00:30:55.296] [[32minfo[m] CSV: read 240296 rows with categorical features and 240296 rows with numerical ones.
[2020-10-26 00:30:55.314] [[32minfo[m] Encoding features...
[2020-10-26 00:30:59.994] [[32minfo[m] ...completed in 4.7 secs
[2020-10-26 00:31:00.350] [[32minfo[m] Regression requested
[2020-10-26 00:31:00.675] [[32minfo[m] Model restored from trained_14.model
[2020-10-26 00:31:00.675] [[32minfo[m] C 4000 T 16000 s 8.0 w -1 boost-tpf 1 nepochs 1 L MAE, C1 0.000000
[2020-10-26 00:31:00.676] [[32minfo[m] Partial fit initiated for 1 epoch(s)...
[2020-10-26 00:34:17.197] [[32minfo[m] ...completed in 196.5 secs.
[2020-10-26 00:34:17.551] [[32minfo[m] Model saved into trained_15.model
[2020-10-26 00:34:17.690] [[32minfo[m] Start
[2020-10-26 00:34:17.690] [[32minfo[m] Inference
[2020-10-26 00:34:17.691] [[32minfo[m] JSON: read encodings from encoding-20.json
[2020-10-26 00:34:17.691] [[32minfo[m] CSV: reading input.csv ...
[2020-10-26 00:34:21.010] [[32minfo[m] ...completed in 3.3 secs
[2020-10-26 00:34:21.010] [[32minfo[m] CSV: read 454404 rows with categorical features and 454404 rows with numerical ones.
[2020-10-26 00:34:21.061] [[32minfo[m] Encoding features...
[2020-10-26 00:34:29.476] [[32minfo[m] ...completed in 8.4 secs
[2020-10-26 00:34:29.840] [[32minfo[m] Regression inference
[2020-10-26 00:34:30.161] [[32minfo[m] Predicting...
[2020-10-26 00:34:42.729] [[32minfo[m] ...completed in 12.6 secs
[2020-10-26 00:34:42.732] [[32minfo[m] scores 454404
[2020-10-26 00:34:42.732] [[32minfo[m] [35] 4181,0.26131
[2020-10-26 00:34:42.732] [[32minfo[m] [36] 6607,0.41294
[2020-10-26 00:34:42.732] [[32minfo[m] [37] 4987,0.31169
[2020-10-26 00:34:42.732] [[32minfo[m] [73] 5182,0.32388
[2020-10-26 00:34:42.732] [[32minfo[m] [74] 8691,0.54319
[2020-10-26 00:34:42.732] [[32minfo[m] [75] 7308,0.45675
[2020-10-26 00:34:42.732] [[32minfo[m] [208] 7260,0.45375
[2020-10-26 00:34:42.732] [[32minfo[m] [265] 2659,0.16619
Num. customers: 454404
Average churn: 2.05
result:  33.04301
16
/repo/tco-customerchurn/data /repo/tco-customerchurn/submission/code/experiments/regr1
/repo/tco-customerchurn/submission/code/experiments/regr1
[2020-10-26 00:35:00.214] [[32minfo[m] Start
[2020-10-26 00:35:00.214] [[32minfo[m] Training
[2020-10-26 00:35:00.214] [[32minfo[m] JSON: read encodings from encoding-20.json
[2020-10-26 00:35:00.214] [[32minfo[m] CSV: reading history_mix_1to1.csv ...
[2020-10-26 00:35:02.120] [[32minfo[m] ...completed in 1.9 secs
[2020-10-26 00:35:02.121] [[32minfo[m] CSV: read 240296 rows with categorical features and 240296 rows with numerical ones.
[2020-10-26 00:35:02.143] [[32minfo[m] Encoding features...
[2020-10-26 00:35:06.642] [[32minfo[m] ...completed in 4.5 secs
[2020-10-26 00:35:07.005] [[32minfo[m] Regression requested
[2020-10-26 00:35:07.333] [[32minfo[m] Model restored from trained_15.model
[2020-10-26 00:35:07.334] [[32minfo[m] C 4000 T 16000 s 8.0 w -1 boost-tpf 1 nepochs 1 L MAE, C1 0.000000
[2020-10-26 00:35:07.335] [[32minfo[m] Partial fit initiated for 1 epoch(s)...
[2020-10-26 00:38:23.654] [[32minfo[m] ...completed in 196.3 secs.
[2020-10-26 00:38:24.037] [[32minfo[m] Model saved into trained_16.model
[2020-10-26 00:38:24.161] [[32minfo[m] Start
[2020-10-26 00:38:24.161] [[32minfo[m] Inference
[2020-10-26 00:38:24.162] [[32minfo[m] JSON: read encodings from encoding-20.json
[2020-10-26 00:38:24.162] [[32minfo[m] CSV: reading input.csv ...
[2020-10-26 00:38:27.499] [[32minfo[m] ...completed in 3.3 secs
[2020-10-26 00:38:27.499] [[32minfo[m] CSV: read 454404 rows with categorical features and 454404 rows with numerical ones.
[2020-10-26 00:38:27.544] [[32minfo[m] Encoding features...
[2020-10-26 00:38:36.167] [[32minfo[m] ...completed in 8.6 secs
[2020-10-26 00:38:36.532] [[32minfo[m] Regression inference
[2020-10-26 00:38:36.853] [[32minfo[m] Predicting...
[2020-10-26 00:38:49.475] [[32minfo[m] ...completed in 12.6 secs
[2020-10-26 00:38:49.478] [[32minfo[m] scores 454404
[2020-10-26 00:38:49.478] [[32minfo[m] [35] 5871,0.36694
[2020-10-26 00:38:49.478] [[32minfo[m] [36] 6896,0.43100
[2020-10-26 00:38:49.478] [[32minfo[m] [37] 5038,0.31488
[2020-10-26 00:38:49.478] [[32minfo[m] [73] 6756,0.42225
[2020-10-26 00:38:49.478] [[32minfo[m] [74] 9252,0.57825
[2020-10-26 00:38:49.478] [[32minfo[m] [75] 8962,0.56012
[2020-10-26 00:38:49.478] [[32minfo[m] [208] 6955,0.43469
[2020-10-26 00:38:49.478] [[32minfo[m] [265] 2522,0.15762
Num. customers: 454404
Average churn: 2.05
result:  33.31183
17
/repo/tco-customerchurn/data /repo/tco-customerchurn/submission/code/experiments/regr1
/repo/tco-customerchurn/submission/code/experiments/regr1
[2020-10-26 00:39:04.484] [[32minfo[m] Start
[2020-10-26 00:39:04.484] [[32minfo[m] Training
[2020-10-26 00:39:04.484] [[32minfo[m] JSON: read encodings from encoding-20.json
[2020-10-26 00:39:04.484] [[32minfo[m] CSV: reading history_mix_1to1.csv ...
[2020-10-26 00:39:06.156] [[32minfo[m] ...completed in 1.7 secs
[2020-10-26 00:39:06.156] [[32minfo[m] CSV: read 240296 rows with categorical features and 240296 rows with numerical ones.
[2020-10-26 00:39:06.175] [[32minfo[m] Encoding features...
[2020-10-26 00:39:10.644] [[32minfo[m] ...completed in 4.5 secs
[2020-10-26 00:39:11.035] [[32minfo[m] Regression requested
[2020-10-26 00:39:11.368] [[32minfo[m] Model restored from trained_16.model
[2020-10-26 00:39:11.370] [[32minfo[m] C 4000 T 16000 s 8.0 w -1 boost-tpf 1 nepochs 1 L MAE, C1 0.000000
[2020-10-26 00:39:11.372] [[32minfo[m] Partial fit initiated for 1 epoch(s)...
[2020-10-26 00:42:27.945] [[32minfo[m] ...completed in 196.6 secs.
[2020-10-26 00:42:28.314] [[32minfo[m] Model saved into trained_17.model
[2020-10-26 00:42:28.441] [[32minfo[m] Start
[2020-10-26 00:42:28.441] [[32minfo[m] Inference
[2020-10-26 00:42:28.442] [[32minfo[m] JSON: read encodings from encoding-20.json
[2020-10-26 00:42:28.442] [[32minfo[m] CSV: reading input.csv ...
[2020-10-26 00:42:31.545] [[32minfo[m] ...completed in 3.1 secs
[2020-10-26 00:42:31.546] [[32minfo[m] CSV: read 454404 rows with categorical features and 454404 rows with numerical ones.
[2020-10-26 00:42:31.597] [[32minfo[m] Encoding features...
[2020-10-26 00:42:40.135] [[32minfo[m] ...completed in 8.5 secs
[2020-10-26 00:42:40.493] [[32minfo[m] Regression inference
[2020-10-26 00:42:40.822] [[32minfo[m] Predicting...
[2020-10-26 00:42:53.334] [[32minfo[m] ...completed in 12.5 secs
[2020-10-26 00:42:53.337] [[32minfo[m] scores 454404
[2020-10-26 00:42:53.337] [[32minfo[m] [35] 6003,0.37519
[2020-10-26 00:42:53.337] [[32minfo[m] [36] 7486,0.46787
[2020-10-26 00:42:53.337] [[32minfo[m] [37] 5365,0.33531
[2020-10-26 00:42:53.337] [[32minfo[m] [73] 7306,0.45663
[2020-10-26 00:42:53.337] [[32minfo[m] [74] 9318,0.58237
[2020-10-26 00:42:53.337] [[32minfo[m] [75] 6885,0.43031
[2020-10-26 00:42:53.337] [[32minfo[m] [208] 8520,0.53250
[2020-10-26 00:42:53.337] [[32minfo[m] [265] 2916,0.18225
Num. customers: 454404
Average churn: 2.05
result:  32.48387
18
/repo/tco-customerchurn/data /repo/tco-customerchurn/submission/code/experiments/regr1
/repo/tco-customerchurn/submission/code/experiments/regr1
[2020-10-26 00:43:08.257] [[32minfo[m] Start
[2020-10-26 00:43:08.257] [[32minfo[m] Training
[2020-10-26 00:43:08.258] [[32minfo[m] JSON: read encodings from encoding-20.json
[2020-10-26 00:43:08.258] [[32minfo[m] CSV: reading history_mix_1to1.csv ...
[2020-10-26 00:43:10.034] [[32minfo[m] ...completed in 1.8 secs
[2020-10-26 00:43:10.034] [[32minfo[m] CSV: read 240296 rows with categorical features and 240296 rows with numerical ones.
[2020-10-26 00:43:10.055] [[32minfo[m] Encoding features...
[2020-10-26 00:43:14.623] [[32minfo[m] ...completed in 4.6 secs
[2020-10-26 00:43:14.983] [[32minfo[m] Regression requested
[2020-10-26 00:43:15.318] [[32minfo[m] Model restored from trained_17.model
[2020-10-26 00:43:15.320] [[32minfo[m] C 4000 T 16000 s 8.0 w -1 boost-tpf 1 nepochs 1 L MAE, C1 0.000000
[2020-10-26 00:43:15.321] [[32minfo[m] Partial fit initiated for 1 epoch(s)...
[2020-10-26 00:46:30.652] [[32minfo[m] ...completed in 195.3 secs.
[2020-10-26 00:46:31.030] [[32minfo[m] Model saved into trained_18.model
[2020-10-26 00:46:31.148] [[32minfo[m] Start
[2020-10-26 00:46:31.148] [[32minfo[m] Inference
[2020-10-26 00:46:31.149] [[32minfo[m] JSON: read encodings from encoding-20.json
[2020-10-26 00:46:31.149] [[32minfo[m] CSV: reading input.csv ...
[2020-10-26 00:46:34.237] [[32minfo[m] ...completed in 3.1 secs
[2020-10-26 00:46:34.237] [[32minfo[m] CSV: read 454404 rows with categorical features and 454404 rows with numerical ones.
[2020-10-26 00:46:34.295] [[32minfo[m] Encoding features...
[2020-10-26 00:46:42.831] [[32minfo[m] ...completed in 8.5 secs
[2020-10-26 00:46:43.184] [[32minfo[m] Regression inference
[2020-10-26 00:46:43.524] [[32minfo[m] Predicting...
[2020-10-26 00:46:56.085] [[32minfo[m] ...completed in 12.6 secs
[2020-10-26 00:46:56.088] [[32minfo[m] scores 454404
[2020-10-26 00:46:56.088] [[32minfo[m] [35] 4743,0.29644
[2020-10-26 00:46:56.088] [[32minfo[m] [36] 7430,0.46437
[2020-10-26 00:46:56.088] [[32minfo[m] [37] 4946,0.30912
[2020-10-26 00:46:56.088] [[32minfo[m] [73] 6076,0.37975
[2020-10-26 00:46:56.088] [[32minfo[m] [74] 8370,0.52312
[2020-10-26 00:46:56.088] [[32minfo[m] [75] 7687,0.48044
[2020-10-26 00:46:56.088] [[32minfo[m] [208] 6539,0.40869
[2020-10-26 00:46:56.088] [[32minfo[m] [265] 2599,0.16244
Num. customers: 454404
Average churn: 2.05
result:  33.05376
19
/repo/tco-customerchurn/data /repo/tco-customerchurn/submission/code/experiments/regr1
/repo/tco-customerchurn/submission/code/experiments/regr1
[2020-10-26 00:47:11.235] [[32minfo[m] Start
[2020-10-26 00:47:11.235] [[32minfo[m] Training
[2020-10-26 00:47:11.236] [[32minfo[m] JSON: read encodings from encoding-20.json
[2020-10-26 00:47:11.236] [[32minfo[m] CSV: reading history_mix_1to1.csv ...
[2020-10-26 00:47:13.018] [[32minfo[m] ...completed in 1.8 secs
[2020-10-26 00:47:13.018] [[32minfo[m] CSV: read 240296 rows with categorical features and 240296 rows with numerical ones.
[2020-10-26 00:47:13.034] [[32minfo[m] Encoding features...
[2020-10-26 00:47:17.612] [[32minfo[m] ...completed in 4.6 secs
[2020-10-26 00:47:17.978] [[32minfo[m] Regression requested
[2020-10-26 00:47:18.300] [[32minfo[m] Model restored from trained_18.model
[2020-10-26 00:47:18.301] [[32minfo[m] C 4000 T 16000 s 8.0 w -1 boost-tpf 1 nepochs 1 L MAE, C1 0.000000
[2020-10-26 00:47:18.302] [[32minfo[m] Partial fit initiated for 1 epoch(s)...
[2020-10-26 00:50:35.334] [[32minfo[m] ...completed in 197.0 secs.
[2020-10-26 00:50:35.704] [[32minfo[m] Model saved into trained_19.model
[2020-10-26 00:50:35.843] [[32minfo[m] Start
[2020-10-26 00:50:35.844] [[32minfo[m] Inference
[2020-10-26 00:50:35.845] [[32minfo[m] JSON: read encodings from encoding-20.json
[2020-10-26 00:50:35.845] [[32minfo[m] CSV: reading input.csv ...
[2020-10-26 00:50:39.080] [[32minfo[m] ...completed in 3.2 secs
[2020-10-26 00:50:39.080] [[32minfo[m] CSV: read 454404 rows with categorical features and 454404 rows with numerical ones.
[2020-10-26 00:50:39.126] [[32minfo[m] Encoding features...
[2020-10-26 00:50:47.513] [[32minfo[m] ...completed in 8.4 secs
[2020-10-26 00:50:47.906] [[32minfo[m] Regression inference
[2020-10-26 00:50:48.245] [[32minfo[m] Predicting...
[2020-10-26 00:51:00.813] [[32minfo[m] ...completed in 12.6 secs
[2020-10-26 00:51:00.816] [[32minfo[m] scores 454404
[2020-10-26 00:51:00.816] [[32minfo[m] [35] 6805,0.42531
[2020-10-26 00:51:00.816] [[32minfo[m] [36] 8908,0.55675
[2020-10-26 00:51:00.816] [[32minfo[m] [37] 6653,0.41581
[2020-10-26 00:51:00.816] [[32minfo[m] [73] 6949,0.43431
[2020-10-26 00:51:00.816] [[32minfo[m] [74] 9385,0.58656
[2020-10-26 00:51:00.816] [[32minfo[m] [75] 8852,0.55325
[2020-10-26 00:51:00.816] [[32minfo[m] [208] 9174,0.57337
[2020-10-26 00:51:00.816] [[32minfo[m] [265] 2311,0.14444
Num. customers: 454404
Average churn: 2.05
result:  32.48387
20
/repo/tco-customerchurn/data /repo/tco-customerchurn/submission/code/experiments/regr1
/repo/tco-customerchurn/submission/code/experiments/regr1
[2020-10-26 00:51:17.574] [[32minfo[m] Start
[2020-10-26 00:51:17.574] [[32minfo[m] Training
[2020-10-26 00:51:17.575] [[32minfo[m] JSON: read encodings from encoding-20.json
[2020-10-26 00:51:17.575] [[32minfo[m] CSV: reading history_mix_1to1.csv ...
[2020-10-26 00:51:19.331] [[32minfo[m] ...completed in 1.8 secs
[2020-10-26 00:51:19.331] [[32minfo[m] CSV: read 240296 rows with categorical features and 240296 rows with numerical ones.
[2020-10-26 00:51:19.351] [[32minfo[m] Encoding features...
[2020-10-26 00:51:24.111] [[32minfo[m] ...completed in 4.8 secs
[2020-10-26 00:51:24.503] [[32minfo[m] Regression requested
[2020-10-26 00:51:24.820] [[32minfo[m] Model restored from trained_19.model
[2020-10-26 00:51:24.821] [[32minfo[m] C 4000 T 16000 s 8.0 w -1 boost-tpf 1 nepochs 1 L MAE, C1 0.000000
[2020-10-26 00:51:24.822] [[32minfo[m] Partial fit initiated for 1 epoch(s)...
[2020-10-26 00:54:41.721] [[32minfo[m] ...completed in 196.9 secs.
[2020-10-26 00:54:42.086] [[32minfo[m] Model saved into trained_20.model
[2020-10-26 00:54:42.210] [[32minfo[m] Start
[2020-10-26 00:54:42.210] [[32minfo[m] Inference
[2020-10-26 00:54:42.210] [[32minfo[m] JSON: read encodings from encoding-20.json
[2020-10-26 00:54:42.210] [[32minfo[m] CSV: reading input.csv ...
[2020-10-26 00:54:45.530] [[32minfo[m] ...completed in 3.3 secs
[2020-10-26 00:54:45.530] [[32minfo[m] CSV: read 454404 rows with categorical features and 454404 rows with numerical ones.
[2020-10-26 00:54:45.573] [[32minfo[m] Encoding features...
[2020-10-26 00:54:54.069] [[32minfo[m] ...completed in 8.5 secs
[2020-10-26 00:54:54.450] [[32minfo[m] Regression inference
[2020-10-26 00:54:54.791] [[32minfo[m] Predicting...
[2020-10-26 00:55:07.311] [[32minfo[m] ...completed in 12.5 secs
[2020-10-26 00:55:07.314] [[32minfo[m] scores 454404
[2020-10-26 00:55:07.314] [[32minfo[m] [35] 4424,0.27650
[2020-10-26 00:55:07.314] [[32minfo[m] [36] 7087,0.44294
[2020-10-26 00:55:07.314] [[32minfo[m] [37] 4159,0.25994
[2020-10-26 00:55:07.314] [[32minfo[m] [73] 6775,0.42344
[2020-10-26 00:55:07.314] [[32minfo[m] [74] 8466,0.52912
[2020-10-26 00:55:07.314] [[32minfo[m] [75] 9764,0.61025
[2020-10-26 00:55:07.314] [[32minfo[m] [208] 7555,0.47219
[2020-10-26 00:55:07.314] [[32minfo[m] [265] 3353,0.20956
Num. customers: 454404
Average churn: 2.05
result:  32.92473
./run.sh: line 50: syntax error near unexpected token `done'
./run.sh: line 50: `done'
