1
/repo/tco-customerchurn/data /repo/tco-customerchurn/submission/code/experiments/clasM
/repo/tco-customerchurn/submission/code/experiments/clasM
[2020-11-08 16:33:43.498] [[32minfo[m] Start
[2020-11-08 16:33:43.498] [[32minfo[m] Training
[2020-11-08 16:33:43.500] [[32minfo[m] JSON: read encodings from encoding-120.json
[2020-11-08 16:33:43.500] [[32minfo[m] CSV: reading history_mix_1to3.csv ...
[2020-11-08 16:33:47.244] [[32minfo[m] ...completed in 3.7 secs
[2020-11-08 16:33:47.244] [[32minfo[m] CSV: read 480592 rows with categorical features and 480592 rows with numerical ones.
[2020-11-08 16:33:47.282] [[32minfo[m] Encoding features...
[2020-11-08 16:34:05.009] [[32minfo[m] ...completed in 17.7 secs
[2020-11-08 16:34:05.009] [[32minfo[m] Classification requested
[2020-11-08 16:34:05.009] [[32minfo[m] C 4000 T 16000 s 20.0 w -1 boost-tpf 1 nepochs 1 f201906 seasonal
[2020-11-08 16:34:05.009] [[32minfo[m] Partial fit initiated for 1 epoch(s)...
[2020-11-08 17:20:11.066] [[32minfo[m] ...completed in 2766.1 secs.
[2020-11-08 17:20:17.255] [[32minfo[m] Model saved into trained_1.model
[2020-11-08 17:20:17.471] [[32minfo[m] Start
[2020-11-08 17:20:17.471] [[32minfo[m] Inference
[2020-11-08 17:20:17.472] [[32minfo[m] JSON: read encodings from encoding-120.json
[2020-11-08 17:20:17.472] [[32minfo[m] CSV: reading input.csv ...
[2020-11-08 17:20:20.864] [[32minfo[m] ...completed in 3.4 secs
[2020-11-08 17:20:20.864] [[32minfo[m] CSV: read 454404 rows with categorical features and 454404 rows with numerical ones.
[2020-11-08 17:20:20.913] [[32minfo[m] Encoding features...
[2020-11-08 17:20:37.620] [[32minfo[m] ...completed in 16.7 secs
[2020-11-08 17:20:43.547] [[32minfo[m] Classification inference
[2020-11-08 17:20:49.412] [[32minfo[m] Predicting...
[2020-11-08 17:21:40.015] [[32minfo[m] ...completed in 50.6 secs
[2020-11-08 17:21:40.029] [[32minfo[m] scores 454404
[2020-11-08 17:21:40.029] [[32minfo[m] [35] 13624,-10596,0.12156
[2020-11-08 17:21:40.029] [[32minfo[m] [36] 10531,-9907,0.18066
[2020-11-08 17:21:40.029] [[32minfo[m] [37] 8681,-7308,0.25017
[2020-11-08 17:21:40.029] [[32minfo[m] [73] 8753,-10100,0.20542
[2020-11-08 17:21:40.029] [[32minfo[m] [74] 6107,-5664,0.31608
[2020-11-08 17:21:40.029] [[32minfo[m] [75] 10056,-10937,0.17198
[2020-11-08 17:21:40.029] [[32minfo[m] [208] 7409,-9834,0.23058
[2020-11-08 17:21:40.029] [[32minfo[m] [265] 9743,-11919,0.16153
gzip: trained_0.model: No such file or directory
Num. customers: 454404
Average churn: 2.05
result:  35.19355
