1
/repo/tco-customerchurn/data /repo/tco-customerchurn/submission/code/experiments/regr23
/repo/tco-customerchurn/submission/code/experiments/regr23
[2020-10-31 12:22:31.838] [[32minfo[m] Start
[2020-10-31 12:22:31.839] [[32minfo[m] Training
[2020-10-31 12:22:31.839] [[32minfo[m] JSON: read encodings from encoding-20.json
[2020-10-31 12:22:31.840] [[32minfo[m] CSV: reading history_mix_1to3.csv ...
[2020-10-31 12:22:35.333] [[32minfo[m] ...completed in 3.5 secs
[2020-10-31 12:22:35.333] [[32minfo[m] CSV: read 480592 rows with categorical features and 480592 rows with numerical ones.
[2020-10-31 12:22:35.370] [[32minfo[m] Encoding features...
[2020-10-31 12:22:44.686] [[32minfo[m] ...completed in 9.3 secs
[2020-10-31 12:22:44.686] [[32minfo[m] Regression requested
[2020-10-31 12:22:44.788] [[32minfo[m] C 4000 T 16000 s 32.0 w -1 boost-tpf 1 nepochs 1 L MAE, C1 0.000000
[2020-10-31 12:22:44.790] [[32minfo[m] Partial fit initiated for 1 epoch(s)...
[2020-10-31 12:24:17.711] [[32minfo[m] ...completed in 92.9 secs.
[2020-10-31 12:24:18.072] [[32minfo[m] Model saved into trained_1.model
[2020-10-31 12:24:18.203] [[32minfo[m] Start
[2020-10-31 12:24:18.203] [[32minfo[m] Inference
[2020-10-31 12:24:18.203] [[32minfo[m] JSON: read encodings from encoding-20.json
[2020-10-31 12:24:18.204] [[32minfo[m] CSV: reading input.csv ...
[2020-10-31 12:24:21.262] [[32minfo[m] ...completed in 3.1 secs
[2020-10-31 12:24:21.262] [[32minfo[m] CSV: read 454404 rows with categorical features and 454404 rows with numerical ones.
[2020-10-31 12:24:21.308] [[32minfo[m] Encoding features...
[2020-10-31 12:24:29.810] [[32minfo[m] ...completed in 8.5 secs
[2020-10-31 12:24:30.191] [[32minfo[m] Regression inference
[2020-10-31 12:24:30.527] [[32minfo[m] Predicting...
[2020-10-31 12:24:36.713] [[32minfo[m] ...completed in 6.2 secs
[2020-10-31 12:24:36.715] [[32minfo[m] scores 454404
[2020-10-31 12:24:36.715] [[32minfo[m] [35] 1976,0.12350
[2020-10-31 12:24:36.715] [[32minfo[m] [36] 3117,0.19481
[2020-10-31 12:24:36.715] [[32minfo[m] [37] 3177,0.19856
[2020-10-31 12:24:36.715] [[32minfo[m] [73] 2219,0.13869
[2020-10-31 12:24:36.715] [[32minfo[m] [74] 5319,0.33244
[2020-10-31 12:24:36.715] [[32minfo[m] [75] 2660,0.16625
[2020-10-31 12:24:36.715] [[32minfo[m] [208] 4843,0.30269
[2020-10-31 12:24:36.715] [[32minfo[m] [265] 1294,0.08088
gzip: trained_0.model: No such file or directory
Num. customers: 454404
Average churn: 2.05
result:  33.82796
2
/repo/tco-customerchurn/data /repo/tco-customerchurn/submission/code/experiments/regr23
/repo/tco-customerchurn/submission/code/experiments/regr23
[2020-10-31 12:24:54.764] [[32minfo[m] Start
[2020-10-31 12:24:54.764] [[32minfo[m] Training
[2020-10-31 12:24:54.765] [[32minfo[m] JSON: read encodings from encoding-20.json
[2020-10-31 12:24:54.765] [[32minfo[m] CSV: reading history_mix_1to3.csv ...
[2020-10-31 12:24:58.300] [[32minfo[m] ...completed in 3.5 secs
[2020-10-31 12:24:58.300] [[32minfo[m] CSV: read 480592 rows with categorical features and 480592 rows with numerical ones.
[2020-10-31 12:24:58.338] [[32minfo[m] Encoding features...
[2020-10-31 12:25:07.545] [[32minfo[m] ...completed in 9.2 secs
[2020-10-31 12:25:07.972] [[32minfo[m] Regression requested
[2020-10-31 12:25:08.306] [[32minfo[m] Model restored from trained_1.model
[2020-10-31 12:25:08.307] [[32minfo[m] C 4000 T 16000 s 32.0 w -1 boost-tpf 1 nepochs 1 L MAE, C1 0.000000
[2020-10-31 12:25:08.311] [[32minfo[m] Partial fit initiated for 1 epoch(s)...
[2020-10-31 12:26:39.659] [[32minfo[m] ...completed in 91.3 secs.
[2020-10-31 12:26:40.045] [[32minfo[m] Model saved into trained_2.model
[2020-10-31 12:26:40.236] [[32minfo[m] Start
[2020-10-31 12:26:40.237] [[32minfo[m] Inference
[2020-10-31 12:26:40.237] [[32minfo[m] JSON: read encodings from encoding-20.json
[2020-10-31 12:26:40.237] [[32minfo[m] CSV: reading input.csv ...
[2020-10-31 12:26:43.409] [[32minfo[m] ...completed in 3.2 secs
[2020-10-31 12:26:43.410] [[32minfo[m] CSV: read 454404 rows with categorical features and 454404 rows with numerical ones.
[2020-10-31 12:26:43.457] [[32minfo[m] Encoding features...
[2020-10-31 12:26:52.033] [[32minfo[m] ...completed in 8.6 secs
[2020-10-31 12:26:52.390] [[32minfo[m] Regression inference
[2020-10-31 12:26:52.705] [[32minfo[m] Predicting...
[2020-10-31 12:26:58.691] [[32minfo[m] ...completed in 6.0 secs
[2020-10-31 12:26:58.694] [[32minfo[m] scores 454404
[2020-10-31 12:26:58.694] [[32minfo[m] [35] 1655,0.10344
[2020-10-31 12:26:58.694] [[32minfo[m] [36] 3292,0.20575
[2020-10-31 12:26:58.694] [[32minfo[m] [37] 2367,0.14794
[2020-10-31 12:26:58.694] [[32minfo[m] [73] 2573,0.16081
[2020-10-31 12:26:58.694] [[32minfo[m] [74] 5161,0.32256
[2020-10-31 12:26:58.694] [[32minfo[m] [75] 2379,0.14869
[2020-10-31 12:26:58.695] [[32minfo[m] [208] 2928,0.18300
[2020-10-31 12:26:58.695] [[32minfo[m] [265] 1315,0.08219
Num. customers: 454404
Average churn: 2.05
result:  33.88172
3
/repo/tco-customerchurn/data /repo/tco-customerchurn/submission/code/experiments/regr23
/repo/tco-customerchurn/submission/code/experiments/regr23
[2020-10-31 12:27:16.613] [[32minfo[m] Start
[2020-10-31 12:27:16.613] [[32minfo[m] Training
[2020-10-31 12:27:16.614] [[32minfo[m] JSON: read encodings from encoding-20.json
[2020-10-31 12:27:16.614] [[32minfo[m] CSV: reading history_mix_1to3.csv ...
[2020-10-31 12:27:20.353] [[32minfo[m] ...completed in 3.7 secs
[2020-10-31 12:27:20.353] [[32minfo[m] CSV: read 480592 rows with categorical features and 480592 rows with numerical ones.
[2020-10-31 12:27:20.393] [[32minfo[m] Encoding features...
[2020-10-31 12:27:29.879] [[32minfo[m] ...completed in 9.5 secs
[2020-10-31 12:27:30.314] [[32minfo[m] Regression requested
[2020-10-31 12:27:30.664] [[32minfo[m] Model restored from trained_2.model
[2020-10-31 12:27:30.665] [[32minfo[m] C 4000 T 16000 s 32.0 w -1 boost-tpf 1 nepochs 1 L MAE, C1 0.000000
[2020-10-31 12:27:30.668] [[32minfo[m] Partial fit initiated for 1 epoch(s)...
[2020-10-31 12:29:00.313] [[32minfo[m] ...completed in 89.6 secs.
[2020-10-31 12:29:00.668] [[32minfo[m] Model saved into trained_3.model
[2020-10-31 12:29:00.859] [[32minfo[m] Start
[2020-10-31 12:29:00.860] [[32minfo[m] Inference
[2020-10-31 12:29:00.860] [[32minfo[m] JSON: read encodings from encoding-20.json
[2020-10-31 12:29:00.860] [[32minfo[m] CSV: reading input.csv ...
[2020-10-31 12:29:04.373] [[32minfo[m] ...completed in 3.5 secs
[2020-10-31 12:29:04.373] [[32minfo[m] CSV: read 454404 rows with categorical features and 454404 rows with numerical ones.
[2020-10-31 12:29:04.420] [[32minfo[m] Encoding features...
[2020-10-31 12:29:13.241] [[32minfo[m] ...completed in 8.8 secs
[2020-10-31 12:29:13.610] [[32minfo[m] Regression inference
[2020-10-31 12:29:13.973] [[32minfo[m] Predicting...
[2020-10-31 12:29:20.059] [[32minfo[m] ...completed in 6.1 secs
[2020-10-31 12:29:20.062] [[32minfo[m] scores 454404
[2020-10-31 12:29:20.062] [[32minfo[m] [35] 2502,0.15637
[2020-10-31 12:29:20.062] [[32minfo[m] [36] 4165,0.26031
[2020-10-31 12:29:20.062] [[32minfo[m] [37] 2295,0.14344
[2020-10-31 12:29:20.062] [[32minfo[m] [73] 2246,0.14037
[2020-10-31 12:29:20.062] [[32minfo[m] [74] 5652,0.35325
[2020-10-31 12:29:20.062] [[32minfo[m] [75] 1579,0.09869
[2020-10-31 12:29:20.062] [[32minfo[m] [208] 3590,0.22437
[2020-10-31 12:29:20.062] [[32minfo[m] [265] 1102,0.06888
Num. customers: 454404
Average churn: 2.05
result:  34.34409
4
/repo/tco-customerchurn/data /repo/tco-customerchurn/submission/code/experiments/regr23
/repo/tco-customerchurn/submission/code/experiments/regr23
[2020-10-31 12:29:37.990] [[32minfo[m] Start
[2020-10-31 12:29:37.990] [[32minfo[m] Training
[2020-10-31 12:29:37.991] [[32minfo[m] JSON: read encodings from encoding-20.json
[2020-10-31 12:29:37.991] [[32minfo[m] CSV: reading history_mix_1to3.csv ...
[2020-10-31 12:29:41.391] [[32minfo[m] ...completed in 3.4 secs
[2020-10-31 12:29:41.391] [[32minfo[m] CSV: read 480592 rows with categorical features and 480592 rows with numerical ones.
[2020-10-31 12:29:41.431] [[32minfo[m] Encoding features...
[2020-10-31 12:29:50.463] [[32minfo[m] ...completed in 9.0 secs
[2020-10-31 12:29:50.913] [[32minfo[m] Regression requested
[2020-10-31 12:29:51.253] [[32minfo[m] Model restored from trained_3.model
[2020-10-31 12:29:51.253] [[32minfo[m] C 4000 T 16000 s 32.0 w -1 boost-tpf 1 nepochs 1 L MAE, C1 0.000000
[2020-10-31 12:29:51.257] [[32minfo[m] Partial fit initiated for 1 epoch(s)...
[2020-10-31 12:31:21.397] [[32minfo[m] ...completed in 90.1 secs.
[2020-10-31 12:31:21.771] [[32minfo[m] Model saved into trained_4.model
[2020-10-31 12:31:21.953] [[32minfo[m] Start
[2020-10-31 12:31:21.954] [[32minfo[m] Inference
[2020-10-31 12:31:21.955] [[32minfo[m] JSON: read encodings from encoding-20.json
[2020-10-31 12:31:21.955] [[32minfo[m] CSV: reading input.csv ...
[2020-10-31 12:31:25.285] [[32minfo[m] ...completed in 3.3 secs
[2020-10-31 12:31:25.285] [[32minfo[m] CSV: read 454404 rows with categorical features and 454404 rows with numerical ones.
[2020-10-31 12:31:25.339] [[32minfo[m] Encoding features...
[2020-10-31 12:31:34.328] [[32minfo[m] ...completed in 9.0 secs
[2020-10-31 12:31:34.717] [[32minfo[m] Regression inference
[2020-10-31 12:31:35.055] [[32minfo[m] Predicting...
[2020-10-31 12:31:41.288] [[32minfo[m] ...completed in 6.2 secs
[2020-10-31 12:31:41.290] [[32minfo[m] scores 454404
[2020-10-31 12:31:41.291] [[32minfo[m] [35] 2623,0.16394
[2020-10-31 12:31:41.291] [[32minfo[m] [36] 4263,0.26644
[2020-10-31 12:31:41.291] [[32minfo[m] [37] 2499,0.15619
[2020-10-31 12:31:41.291] [[32minfo[m] [73] 3309,0.20681
[2020-10-31 12:31:41.291] [[32minfo[m] [74] 4198,0.26238
[2020-10-31 12:31:41.291] [[32minfo[m] [75] 2379,0.14869
[2020-10-31 12:31:41.291] [[32minfo[m] [208] 3373,0.21081
[2020-10-31 12:31:41.291] [[32minfo[m] [265] 842,0.05262
Num. customers: 454404
Average churn: 2.05
result:  34.44086
5
/repo/tco-customerchurn/data /repo/tco-customerchurn/submission/code/experiments/regr23
/repo/tco-customerchurn/submission/code/experiments/regr23
[2020-10-31 12:32:01.621] [[32minfo[m] Start
[2020-10-31 12:32:01.621] [[32minfo[m] Training
[2020-10-31 12:32:01.623] [[32minfo[m] JSON: read encodings from encoding-20.json
[2020-10-31 12:32:01.623] [[32minfo[m] CSV: reading history_mix_1to3.csv ...
[2020-10-31 12:32:05.176] [[32minfo[m] ...completed in 3.6 secs
[2020-10-31 12:32:05.176] [[32minfo[m] CSV: read 480592 rows with categorical features and 480592 rows with numerical ones.
[2020-10-31 12:32:05.213] [[32minfo[m] Encoding features...
[2020-10-31 12:32:14.403] [[32minfo[m] ...completed in 9.2 secs
[2020-10-31 12:32:14.833] [[32minfo[m] Regression requested
[2020-10-31 12:32:15.154] [[32minfo[m] Model restored from trained_4.model
[2020-10-31 12:32:15.155] [[32minfo[m] C 4000 T 16000 s 32.0 w -1 boost-tpf 1 nepochs 1 L MAE, C1 0.000000
[2020-10-31 12:32:15.157] [[32minfo[m] Partial fit initiated for 1 epoch(s)...
[2020-10-31 12:33:46.181] [[32minfo[m] ...completed in 91.0 secs.
[2020-10-31 12:33:46.522] [[32minfo[m] Model saved into trained_5.model
[2020-10-31 12:33:46.726] [[32minfo[m] Start
[2020-10-31 12:33:46.726] [[32minfo[m] Inference
[2020-10-31 12:33:46.727] [[32minfo[m] JSON: read encodings from encoding-20.json
[2020-10-31 12:33:46.727] [[32minfo[m] CSV: reading input.csv ...
[2020-10-31 12:33:49.917] [[32minfo[m] ...completed in 3.2 secs
[2020-10-31 12:33:49.917] [[32minfo[m] CSV: read 454404 rows with categorical features and 454404 rows with numerical ones.
[2020-10-31 12:33:49.963] [[32minfo[m] Encoding features...
[2020-10-31 12:33:58.823] [[32minfo[m] ...completed in 8.9 secs
[2020-10-31 12:33:59.212] [[32minfo[m] Regression inference
[2020-10-31 12:33:59.533] [[32minfo[m] Predicting...
[2020-10-31 12:34:05.649] [[32minfo[m] ...completed in 6.1 secs
[2020-10-31 12:34:05.652] [[32minfo[m] scores 454404
[2020-10-31 12:34:05.652] [[32minfo[m] [35] 3344,0.20900
[2020-10-31 12:34:05.652] [[32minfo[m] [36] 2722,0.17012
[2020-10-31 12:34:05.652] [[32minfo[m] [37] 2762,0.17263
[2020-10-31 12:34:05.652] [[32minfo[m] [73] 2502,0.15637
[2020-10-31 12:34:05.652] [[32minfo[m] [74] 5542,0.34637
[2020-10-31 12:34:05.652] [[32minfo[m] [75] 2885,0.18031
[2020-10-31 12:34:05.652] [[32minfo[m] [208] 4131,0.25819
[2020-10-31 12:34:05.652] [[32minfo[m] [265] 1344,0.08400
Num. customers: 454404
Average churn: 2.05
result:  34.16129
6
/repo/tco-customerchurn/data /repo/tco-customerchurn/submission/code/experiments/regr23
/repo/tco-customerchurn/submission/code/experiments/regr23
[2020-10-31 12:34:23.513] [[32minfo[m] Start
[2020-10-31 12:34:23.513] [[32minfo[m] Training
[2020-10-31 12:34:23.514] [[32minfo[m] JSON: read encodings from encoding-20.json
[2020-10-31 12:34:23.514] [[32minfo[m] CSV: reading history_mix_1to3.csv ...
[2020-10-31 12:34:27.199] [[32minfo[m] ...completed in 3.7 secs
[2020-10-31 12:34:27.199] [[32minfo[m] CSV: read 480592 rows with categorical features and 480592 rows with numerical ones.
[2020-10-31 12:34:27.244] [[32minfo[m] Encoding features...
[2020-10-31 12:34:36.578] [[32minfo[m] ...completed in 9.3 secs
[2020-10-31 12:34:37.031] [[32minfo[m] Regression requested
[2020-10-31 12:34:37.343] [[32minfo[m] Model restored from trained_5.model
[2020-10-31 12:34:37.343] [[32minfo[m] C 4000 T 16000 s 32.0 w -1 boost-tpf 1 nepochs 1 L MAE, C1 0.000000
[2020-10-31 12:34:37.345] [[32minfo[m] Partial fit initiated for 1 epoch(s)...
[2020-10-31 12:36:08.173] [[32minfo[m] ...completed in 90.8 secs.
[2020-10-31 12:36:08.515] [[32minfo[m] Model saved into trained_6.model
[2020-10-31 12:36:08.711] [[32minfo[m] Start
[2020-10-31 12:36:08.711] [[32minfo[m] Inference
[2020-10-31 12:36:08.712] [[32minfo[m] JSON: read encodings from encoding-20.json
[2020-10-31 12:36:08.712] [[32minfo[m] CSV: reading input.csv ...
[2020-10-31 12:36:12.061] [[32minfo[m] ...completed in 3.3 secs
[2020-10-31 12:36:12.061] [[32minfo[m] CSV: read 454404 rows with categorical features and 454404 rows with numerical ones.
[2020-10-31 12:36:12.107] [[32minfo[m] Encoding features...
[2020-10-31 12:36:20.674] [[32minfo[m] ...completed in 8.6 secs
[2020-10-31 12:36:21.050] [[32minfo[m] Regression inference
[2020-10-31 12:36:21.380] [[32minfo[m] Predicting...
[2020-10-31 12:36:27.434] [[32minfo[m] ...completed in 6.1 secs
[2020-10-31 12:36:27.436] [[32minfo[m] scores 454404
[2020-10-31 12:36:27.437] [[32minfo[m] [35] 1589,0.09931
[2020-10-31 12:36:27.437] [[32minfo[m] [36] 3438,0.21488
[2020-10-31 12:36:27.437] [[32minfo[m] [37] 1812,0.11325
[2020-10-31 12:36:27.437] [[32minfo[m] [73] 2247,0.14044
[2020-10-31 12:36:27.437] [[32minfo[m] [74] 4027,0.25169
[2020-10-31 12:36:27.437] [[32minfo[m] [75] 2597,0.16231
[2020-10-31 12:36:27.437] [[32minfo[m] [208] 4251,0.26569
[2020-10-31 12:36:27.437] [[32minfo[m] [265] 704,0.04400
Num. customers: 454404
Average churn: 2.05
result:  33.95699
7
/repo/tco-customerchurn/data /repo/tco-customerchurn/submission/code/experiments/regr23
/repo/tco-customerchurn/submission/code/experiments/regr23
[2020-10-31 12:36:46.010] [[32minfo[m] Start
[2020-10-31 12:36:46.010] [[32minfo[m] Training
[2020-10-31 12:36:46.011] [[32minfo[m] JSON: read encodings from encoding-20.json
[2020-10-31 12:36:46.011] [[32minfo[m] CSV: reading history_mix_1to3.csv ...
[2020-10-31 12:36:49.443] [[32minfo[m] ...completed in 3.4 secs
[2020-10-31 12:36:49.443] [[32minfo[m] CSV: read 480592 rows with categorical features and 480592 rows with numerical ones.
[2020-10-31 12:36:49.481] [[32minfo[m] Encoding features...
[2020-10-31 12:36:58.643] [[32minfo[m] ...completed in 9.2 secs
[2020-10-31 12:36:59.055] [[32minfo[m] Regression requested
[2020-10-31 12:36:59.394] [[32minfo[m] Model restored from trained_6.model
[2020-10-31 12:36:59.395] [[32minfo[m] C 4000 T 16000 s 32.0 w -1 boost-tpf 1 nepochs 1 L MAE, C1 0.000000
[2020-10-31 12:36:59.397] [[32minfo[m] Partial fit initiated for 1 epoch(s)...
[2020-10-31 12:38:29.949] [[32minfo[m] ...completed in 90.6 secs.
[2020-10-31 12:38:30.292] [[32minfo[m] Model saved into trained_7.model
[2020-10-31 12:38:30.485] [[32minfo[m] Start
[2020-10-31 12:38:30.485] [[32minfo[m] Inference
[2020-10-31 12:38:30.486] [[32minfo[m] JSON: read encodings from encoding-20.json
[2020-10-31 12:38:30.486] [[32minfo[m] CSV: reading input.csv ...
[2020-10-31 12:38:33.650] [[32minfo[m] ...completed in 3.2 secs
[2020-10-31 12:38:33.650] [[32minfo[m] CSV: read 454404 rows with categorical features and 454404 rows with numerical ones.
[2020-10-31 12:38:33.697] [[32minfo[m] Encoding features...
[2020-10-31 12:38:42.508] [[32minfo[m] ...completed in 8.8 secs
[2020-10-31 12:38:42.890] [[32minfo[m] Regression inference
[2020-10-31 12:38:43.208] [[32minfo[m] Predicting...
[2020-10-31 12:38:49.321] [[32minfo[m] ...completed in 6.1 secs
[2020-10-31 12:38:49.323] [[32minfo[m] scores 454404
[2020-10-31 12:38:49.323] [[32minfo[m] [35] 1990,0.12437
[2020-10-31 12:38:49.323] [[32minfo[m] [36] 3604,0.22525
[2020-10-31 12:38:49.323] [[32minfo[m] [37] 2059,0.12869
[2020-10-31 12:38:49.323] [[32minfo[m] [73] 1891,0.11819
[2020-10-31 12:38:49.323] [[32minfo[m] [74] 6219,0.38869
[2020-10-31 12:38:49.323] [[32minfo[m] [75] 1920,0.12000
[2020-10-31 12:38:49.323] [[32minfo[m] [208] 4195,0.26219
[2020-10-31 12:38:49.323] [[32minfo[m] [265] 720,0.04500
Num. customers: 454404
Average churn: 2.05
result:  34.43011
8
/repo/tco-customerchurn/data /repo/tco-customerchurn/submission/code/experiments/regr23
/repo/tco-customerchurn/submission/code/experiments/regr23
[2020-10-31 12:39:07.685] [[32minfo[m] Start
[2020-10-31 12:39:07.686] [[32minfo[m] Training
[2020-10-31 12:39:07.686] [[32minfo[m] JSON: read encodings from encoding-20.json
[2020-10-31 12:39:07.686] [[32minfo[m] CSV: reading history_mix_1to3.csv ...
[2020-10-31 12:39:11.182] [[32minfo[m] ...completed in 3.5 secs
[2020-10-31 12:39:11.182] [[32minfo[m] CSV: read 480592 rows with categorical features and 480592 rows with numerical ones.
[2020-10-31 12:39:11.222] [[32minfo[m] Encoding features...
[2020-10-31 12:39:20.229] [[32minfo[m] ...completed in 9.0 secs
[2020-10-31 12:39:20.631] [[32minfo[m] Regression requested
[2020-10-31 12:39:20.966] [[32minfo[m] Model restored from trained_7.model
[2020-10-31 12:39:20.967] [[32minfo[m] C 4000 T 16000 s 32.0 w -1 boost-tpf 1 nepochs 1 L MAE, C1 0.000000
[2020-10-31 12:39:20.969] [[32minfo[m] Partial fit initiated for 1 epoch(s)...
[2020-10-31 12:40:52.171] [[32minfo[m] ...completed in 91.2 secs.
[2020-10-31 12:40:52.531] [[32minfo[m] Model saved into trained_8.model
[2020-10-31 12:40:52.738] [[32minfo[m] Start
[2020-10-31 12:40:52.738] [[32minfo[m] Inference
[2020-10-31 12:40:52.739] [[32minfo[m] JSON: read encodings from encoding-20.json
[2020-10-31 12:40:52.739] [[32minfo[m] CSV: reading input.csv ...
[2020-10-31 12:40:56.252] [[32minfo[m] ...completed in 3.5 secs
[2020-10-31 12:40:56.252] [[32minfo[m] CSV: read 454404 rows with categorical features and 454404 rows with numerical ones.
[2020-10-31 12:40:56.300] [[32minfo[m] Encoding features...
[2020-10-31 12:41:05.491] [[32minfo[m] ...completed in 9.2 secs
[2020-10-31 12:41:05.911] [[32minfo[m] Regression inference
[2020-10-31 12:41:06.264] [[32minfo[m] Predicting...
[2020-10-31 12:41:12.293] [[32minfo[m] ...completed in 6.0 secs
[2020-10-31 12:41:12.296] [[32minfo[m] scores 454404
[2020-10-31 12:41:12.296] [[32minfo[m] [35] 1632,0.10200
[2020-10-31 12:41:12.296] [[32minfo[m] [36] 3305,0.20656
[2020-10-31 12:41:12.296] [[32minfo[m] [37] 1428,0.08925
[2020-10-31 12:41:12.296] [[32minfo[m] [73] 3851,0.24069
[2020-10-31 12:41:12.296] [[32minfo[m] [74] 4407,0.27544
[2020-10-31 12:41:12.296] [[32minfo[m] [75] 1914,0.11962
[2020-10-31 12:41:12.296] [[32minfo[m] [208] 3525,0.22031
[2020-10-31 12:41:12.296] [[32minfo[m] [265] 932,0.05825
Num. customers: 454404
Average churn: 2.05
result:  34.20430
9
/repo/tco-customerchurn/data /repo/tco-customerchurn/submission/code/experiments/regr23
/repo/tco-customerchurn/submission/code/experiments/regr23
[2020-10-31 12:41:29.880] [[32minfo[m] Start
[2020-10-31 12:41:29.880] [[32minfo[m] Training
[2020-10-31 12:41:29.881] [[32minfo[m] JSON: read encodings from encoding-20.json
[2020-10-31 12:41:29.881] [[32minfo[m] CSV: reading history_mix_1to3.csv ...
[2020-10-31 12:41:33.317] [[32minfo[m] ...completed in 3.4 secs
[2020-10-31 12:41:33.317] [[32minfo[m] CSV: read 480592 rows with categorical features and 480592 rows with numerical ones.
[2020-10-31 12:41:33.354] [[32minfo[m] Encoding features...
[2020-10-31 12:41:43.235] [[32minfo[m] ...completed in 9.9 secs
[2020-10-31 12:41:43.658] [[32minfo[m] Regression requested
[2020-10-31 12:41:43.985] [[32minfo[m] Model restored from trained_8.model
[2020-10-31 12:41:43.986] [[32minfo[m] C 4000 T 16000 s 32.0 w -1 boost-tpf 1 nepochs 1 L MAE, C1 0.000000
[2020-10-31 12:41:43.990] [[32minfo[m] Partial fit initiated for 1 epoch(s)...
[2020-10-31 12:43:14.631] [[32minfo[m] ...completed in 90.6 secs.
[2020-10-31 12:43:15.000] [[32minfo[m] Model saved into trained_9.model
[2020-10-31 12:43:15.200] [[32minfo[m] Start
[2020-10-31 12:43:15.200] [[32minfo[m] Inference
[2020-10-31 12:43:15.200] [[32minfo[m] JSON: read encodings from encoding-20.json
[2020-10-31 12:43:15.201] [[32minfo[m] CSV: reading input.csv ...
[2020-10-31 12:43:18.363] [[32minfo[m] ...completed in 3.2 secs
[2020-10-31 12:43:18.363] [[32minfo[m] CSV: read 454404 rows with categorical features and 454404 rows with numerical ones.
[2020-10-31 12:43:18.410] [[32minfo[m] Encoding features...
[2020-10-31 12:43:26.903] [[32minfo[m] ...completed in 8.5 secs
[2020-10-31 12:43:27.259] [[32minfo[m] Regression inference
[2020-10-31 12:43:27.608] [[32minfo[m] Predicting...
[2020-10-31 12:43:33.768] [[32minfo[m] ...completed in 6.2 secs
[2020-10-31 12:43:33.771] [[32minfo[m] scores 454404
[2020-10-31 12:43:33.771] [[32minfo[m] [35] 2085,0.13031
[2020-10-31 12:43:33.771] [[32minfo[m] [36] 3376,0.21100
[2020-10-31 12:43:33.771] [[32minfo[m] [37] 1802,0.11263
[2020-10-31 12:43:33.771] [[32minfo[m] [73] 2043,0.12769
[2020-10-31 12:43:33.771] [[32minfo[m] [74] 5203,0.32519
[2020-10-31 12:43:33.771] [[32minfo[m] [75] 3015,0.18844
[2020-10-31 12:43:33.771] [[32minfo[m] [208] 5434,0.33963
[2020-10-31 12:43:33.771] [[32minfo[m] [265] 1121,0.07006
Num. customers: 454404
Average churn: 2.05
result:  34.02151
10
/repo/tco-customerchurn/data /repo/tco-customerchurn/submission/code/experiments/regr23
/repo/tco-customerchurn/submission/code/experiments/regr23
[2020-10-31 12:43:52.137] [[32minfo[m] Start
[2020-10-31 12:43:52.137] [[32minfo[m] Training
[2020-10-31 12:43:52.138] [[32minfo[m] JSON: read encodings from encoding-20.json
[2020-10-31 12:43:52.138] [[32minfo[m] CSV: reading history_mix_1to3.csv ...
[2020-10-31 12:43:55.787] [[32minfo[m] ...completed in 3.6 secs
[2020-10-31 12:43:55.787] [[32minfo[m] CSV: read 480592 rows with categorical features and 480592 rows with numerical ones.
[2020-10-31 12:43:55.825] [[32minfo[m] Encoding features...
[2020-10-31 12:44:04.985] [[32minfo[m] ...completed in 9.2 secs
[2020-10-31 12:44:05.386] [[32minfo[m] Regression requested
[2020-10-31 12:44:05.704] [[32minfo[m] Model restored from trained_9.model
[2020-10-31 12:44:05.705] [[32minfo[m] C 4000 T 16000 s 32.0 w -1 boost-tpf 1 nepochs 1 L MAE, C1 0.000000
[2020-10-31 12:44:05.708] [[32minfo[m] Partial fit initiated for 1 epoch(s)...
[2020-10-31 12:45:36.589] [[32minfo[m] ...completed in 90.9 secs.
[2020-10-31 12:45:36.951] [[32minfo[m] Model saved into trained_10.model
[2020-10-31 12:45:37.137] [[32minfo[m] Start
[2020-10-31 12:45:37.137] [[32minfo[m] Inference
[2020-10-31 12:45:37.138] [[32minfo[m] JSON: read encodings from encoding-20.json
[2020-10-31 12:45:37.138] [[32minfo[m] CSV: reading input.csv ...
[2020-10-31 12:45:40.487] [[32minfo[m] ...completed in 3.3 secs
[2020-10-31 12:45:40.487] [[32minfo[m] CSV: read 454404 rows with categorical features and 454404 rows with numerical ones.
[2020-10-31 12:45:40.533] [[32minfo[m] Encoding features...
[2020-10-31 12:45:49.402] [[32minfo[m] ...completed in 8.9 secs
[2020-10-31 12:45:49.791] [[32minfo[m] Regression inference
[2020-10-31 12:45:50.141] [[32minfo[m] Predicting...
[2020-10-31 12:45:56.250] [[32minfo[m] ...completed in 6.1 secs
[2020-10-31 12:45:56.253] [[32minfo[m] scores 454404
[2020-10-31 12:45:56.253] [[32minfo[m] [35] 2904,0.18150
[2020-10-31 12:45:56.253] [[32minfo[m] [36] 3251,0.20319
[2020-10-31 12:45:56.253] [[32minfo[m] [37] 2004,0.12525
[2020-10-31 12:45:56.253] [[32minfo[m] [73] 1858,0.11613
[2020-10-31 12:45:56.253] [[32minfo[m] [74] 3791,0.23694
[2020-10-31 12:45:56.253] [[32minfo[m] [75] 2797,0.17481
[2020-10-31 12:45:56.253] [[32minfo[m] [208] 4198,0.26238
[2020-10-31 12:45:56.253] [[32minfo[m] [265] 1729,0.10806
Num. customers: 454404
Average churn: 2.05
result:  34.13978
11
/repo/tco-customerchurn/data /repo/tco-customerchurn/submission/code/experiments/regr23
/repo/tco-customerchurn/submission/code/experiments/regr23
[2020-10-31 12:46:15.317] [[32minfo[m] Start
[2020-10-31 12:46:15.317] [[32minfo[m] Training
[2020-10-31 12:46:15.318] [[32minfo[m] JSON: read encodings from encoding-20.json
[2020-10-31 12:46:15.318] [[32minfo[m] CSV: reading history_mix_1to3.csv ...
[2020-10-31 12:46:18.811] [[32minfo[m] ...completed in 3.5 secs
[2020-10-31 12:46:18.811] [[32minfo[m] CSV: read 480592 rows with categorical features and 480592 rows with numerical ones.
[2020-10-31 12:46:18.861] [[32minfo[m] Encoding features...
[2020-10-31 12:46:28.346] [[32minfo[m] ...completed in 9.5 secs
[2020-10-31 12:46:28.816] [[32minfo[m] Regression requested
[2020-10-31 12:46:29.163] [[32minfo[m] Model restored from trained_10.model
[2020-10-31 12:46:29.164] [[32minfo[m] C 4000 T 16000 s 32.0 w -1 boost-tpf 1 nepochs 1 L MAE, C1 0.000000
[2020-10-31 12:46:29.166] [[32minfo[m] Partial fit initiated for 1 epoch(s)...
[2020-10-31 12:48:01.680] [[32minfo[m] ...completed in 92.5 secs.
[2020-10-31 12:48:02.095] [[32minfo[m] Model saved into trained_11.model
[2020-10-31 12:48:02.310] [[32minfo[m] Start
[2020-10-31 12:48:02.310] [[32minfo[m] Inference
[2020-10-31 12:48:02.310] [[32minfo[m] JSON: read encodings from encoding-20.json
[2020-10-31 12:48:02.310] [[32minfo[m] CSV: reading input.csv ...
[2020-10-31 12:48:05.746] [[32minfo[m] ...completed in 3.4 secs
[2020-10-31 12:48:05.747] [[32minfo[m] CSV: read 454404 rows with categorical features and 454404 rows with numerical ones.
[2020-10-31 12:48:05.796] [[32minfo[m] Encoding features...
[2020-10-31 12:48:14.803] [[32minfo[m] ...completed in 9.0 secs
[2020-10-31 12:48:15.220] [[32minfo[m] Regression inference
[2020-10-31 12:48:15.570] [[32minfo[m] Predicting...
[2020-10-31 12:48:21.725] [[32minfo[m] ...completed in 6.2 secs
[2020-10-31 12:48:21.728] [[32minfo[m] scores 454404
[2020-10-31 12:48:21.728] [[32minfo[m] [35] 1530,0.09563
[2020-10-31 12:48:21.728] [[32minfo[m] [36] 3579,0.22369
[2020-10-31 12:48:21.728] [[32minfo[m] [37] 2692,0.16825
[2020-10-31 12:48:21.728] [[32minfo[m] [73] 2893,0.18081
[2020-10-31 12:48:21.728] [[32minfo[m] [74] 3969,0.24806
[2020-10-31 12:48:21.728] [[32minfo[m] [75] 3022,0.18887
[2020-10-31 12:48:21.728] [[32minfo[m] [208] 2633,0.16456
[2020-10-31 12:48:21.728] [[32minfo[m] [265] 1091,0.06819
Num. customers: 454404
Average churn: 2.05
result:  34.07527
12
/repo/tco-customerchurn/data /repo/tco-customerchurn/submission/code/experiments/regr23
/repo/tco-customerchurn/submission/code/experiments/regr23
[2020-10-31 12:48:39.974] [[32minfo[m] Start
[2020-10-31 12:48:39.974] [[32minfo[m] Training
[2020-10-31 12:48:39.976] [[32minfo[m] JSON: read encodings from encoding-20.json
[2020-10-31 12:48:39.976] [[32minfo[m] CSV: reading history_mix_1to3.csv ...
[2020-10-31 12:48:43.468] [[32minfo[m] ...completed in 3.5 secs
[2020-10-31 12:48:43.468] [[32minfo[m] CSV: read 480592 rows with categorical features and 480592 rows with numerical ones.
[2020-10-31 12:48:43.507] [[32minfo[m] Encoding features...
[2020-10-31 12:48:52.911] [[32minfo[m] ...completed in 9.4 secs
[2020-10-31 12:48:53.341] [[32minfo[m] Regression requested
[2020-10-31 12:48:53.694] [[32minfo[m] Model restored from trained_11.model
[2020-10-31 12:48:53.695] [[32minfo[m] C 4000 T 16000 s 32.0 w -1 boost-tpf 1 nepochs 1 L MAE, C1 0.000000
[2020-10-31 12:48:53.697] [[32minfo[m] Partial fit initiated for 1 epoch(s)...
[2020-10-31 12:50:23.466] [[32minfo[m] ...completed in 89.8 secs.
[2020-10-31 12:50:23.833] [[32minfo[m] Model saved into trained_12.model
[2020-10-31 12:50:24.044] [[32minfo[m] Start
[2020-10-31 12:50:24.044] [[32minfo[m] Inference
[2020-10-31 12:50:24.045] [[32minfo[m] JSON: read encodings from encoding-20.json
[2020-10-31 12:50:24.045] [[32minfo[m] CSV: reading input.csv ...
[2020-10-31 12:50:27.279] [[32minfo[m] ...completed in 3.2 secs
[2020-10-31 12:50:27.279] [[32minfo[m] CSV: read 454404 rows with categorical features and 454404 rows with numerical ones.
[2020-10-31 12:50:27.325] [[32minfo[m] Encoding features...
[2020-10-31 12:50:35.952] [[32minfo[m] ...completed in 8.6 secs
[2020-10-31 12:50:36.317] [[32minfo[m] Regression inference
[2020-10-31 12:50:36.671] [[32minfo[m] Predicting...
[2020-10-31 12:50:42.913] [[32minfo[m] ...completed in 6.2 secs
[2020-10-31 12:50:42.916] [[32minfo[m] scores 454404
[2020-10-31 12:50:42.916] [[32minfo[m] [35] 2262,0.14138
[2020-10-31 12:50:42.916] [[32minfo[m] [36] 4046,0.25288
[2020-10-31 12:50:42.916] [[32minfo[m] [37] 2084,0.13025
[2020-10-31 12:50:42.916] [[32minfo[m] [73] 3171,0.19819
[2020-10-31 12:50:42.916] [[32minfo[m] [74] 5388,0.33675
[2020-10-31 12:50:42.916] [[32minfo[m] [75] 2047,0.12794
[2020-10-31 12:50:42.916] [[32minfo[m] [208] 5277,0.32981
[2020-10-31 12:50:42.916] [[32minfo[m] [265] 2133,0.13331
Num. customers: 454404
Average churn: 2.05
result:  34.47312
13
/repo/tco-customerchurn/data /repo/tco-customerchurn/submission/code/experiments/regr23
/repo/tco-customerchurn/submission/code/experiments/regr23
[2020-10-31 12:51:01.492] [[32minfo[m] Start
[2020-10-31 12:51:01.492] [[32minfo[m] Training
[2020-10-31 12:51:01.493] [[32minfo[m] JSON: read encodings from encoding-20.json
[2020-10-31 12:51:01.493] [[32minfo[m] CSV: reading history_mix_1to3.csv ...
[2020-10-31 12:51:04.961] [[32minfo[m] ...completed in 3.5 secs
[2020-10-31 12:51:04.961] [[32minfo[m] CSV: read 480592 rows with categorical features and 480592 rows with numerical ones.
[2020-10-31 12:51:04.999] [[32minfo[m] Encoding features...
[2020-10-31 12:51:14.300] [[32minfo[m] ...completed in 9.3 secs
[2020-10-31 12:51:14.705] [[32minfo[m] Regression requested
[2020-10-31 12:51:15.052] [[32minfo[m] Model restored from trained_12.model
[2020-10-31 12:51:15.053] [[32minfo[m] C 4000 T 16000 s 32.0 w -1 boost-tpf 1 nepochs 1 L MAE, C1 0.000000
[2020-10-31 12:51:15.055] [[32minfo[m] Partial fit initiated for 1 epoch(s)...
[2020-10-31 12:52:46.558] [[32minfo[m] ...completed in 91.5 secs.
[2020-10-31 12:52:46.954] [[32minfo[m] Model saved into trained_13.model
[2020-10-31 12:52:47.151] [[32minfo[m] Start
[2020-10-31 12:52:47.152] [[32minfo[m] Inference
[2020-10-31 12:52:47.152] [[32minfo[m] JSON: read encodings from encoding-20.json
[2020-10-31 12:52:47.152] [[32minfo[m] CSV: reading input.csv ...
[2020-10-31 12:52:50.298] [[32minfo[m] ...completed in 3.1 secs
[2020-10-31 12:52:50.298] [[32minfo[m] CSV: read 454404 rows with categorical features and 454404 rows with numerical ones.
[2020-10-31 12:52:50.343] [[32minfo[m] Encoding features...
[2020-10-31 12:52:59.027] [[32minfo[m] ...completed in 8.7 secs
[2020-10-31 12:52:59.391] [[32minfo[m] Regression inference
[2020-10-31 12:52:59.728] [[32minfo[m] Predicting...
[2020-10-31 12:53:05.783] [[32minfo[m] ...completed in 6.1 secs
[2020-10-31 12:53:05.786] [[32minfo[m] scores 454404
[2020-10-31 12:53:05.786] [[32minfo[m] [35] 2218,0.13862
[2020-10-31 12:53:05.787] [[32minfo[m] [36] 4474,0.27963
[2020-10-31 12:53:05.787] [[32minfo[m] [37] 2948,0.18425
[2020-10-31 12:53:05.787] [[32minfo[m] [73] 2951,0.18444
[2020-10-31 12:53:05.787] [[32minfo[m] [74] 5914,0.36962
[2020-10-31 12:53:05.787] [[32minfo[m] [75] 2943,0.18394
[2020-10-31 12:53:05.787] [[32minfo[m] [208] 4887,0.30544
[2020-10-31 12:53:05.787] [[32minfo[m] [265] 1309,0.08181
Num. customers: 454404
Average churn: 2.05
result:  34.20430
14
/repo/tco-customerchurn/data /repo/tco-customerchurn/submission/code/experiments/regr23
/repo/tco-customerchurn/submission/code/experiments/regr23
[2020-10-31 12:53:23.837] [[32minfo[m] Start
[2020-10-31 12:53:23.837] [[32minfo[m] Training
[2020-10-31 12:53:23.838] [[32minfo[m] JSON: read encodings from encoding-20.json
[2020-10-31 12:53:23.838] [[32minfo[m] CSV: reading history_mix_1to3.csv ...
[2020-10-31 12:53:27.614] [[32minfo[m] ...completed in 3.8 secs
[2020-10-31 12:53:27.614] [[32minfo[m] CSV: read 480592 rows with categorical features and 480592 rows with numerical ones.
[2020-10-31 12:53:27.650] [[32minfo[m] Encoding features...
[2020-10-31 12:53:36.995] [[32minfo[m] ...completed in 9.3 secs
[2020-10-31 12:53:37.414] [[32minfo[m] Regression requested
[2020-10-31 12:53:37.743] [[32minfo[m] Model restored from trained_13.model
[2020-10-31 12:53:37.744] [[32minfo[m] C 4000 T 16000 s 32.0 w -1 boost-tpf 1 nepochs 1 L MAE, C1 0.000000
[2020-10-31 12:53:37.746] [[32minfo[m] Partial fit initiated for 1 epoch(s)...
[2020-10-31 12:55:07.588] [[32minfo[m] ...completed in 89.8 secs.
[2020-10-31 12:55:07.996] [[32minfo[m] Model saved into trained_14.model
[2020-10-31 12:55:08.189] [[32minfo[m] Start
[2020-10-31 12:55:08.189] [[32minfo[m] Inference
[2020-10-31 12:55:08.189] [[32minfo[m] JSON: read encodings from encoding-20.json
[2020-10-31 12:55:08.189] [[32minfo[m] CSV: reading input.csv ...
[2020-10-31 12:55:11.445] [[32minfo[m] ...completed in 3.3 secs
[2020-10-31 12:55:11.445] [[32minfo[m] CSV: read 454404 rows with categorical features and 454404 rows with numerical ones.
[2020-10-31 12:55:11.500] [[32minfo[m] Encoding features...
[2020-10-31 12:55:20.498] [[32minfo[m] ...completed in 9.0 secs
[2020-10-31 12:55:20.910] [[32minfo[m] Regression inference
[2020-10-31 12:55:21.256] [[32minfo[m] Predicting...
[2020-10-31 12:55:27.403] [[32minfo[m] ...completed in 6.1 secs
[2020-10-31 12:55:27.406] [[32minfo[m] scores 454404
[2020-10-31 12:55:27.406] [[32minfo[m] [35] 1858,0.11613
[2020-10-31 12:55:27.406] [[32minfo[m] [36] 4540,0.28375
[2020-10-31 12:55:27.406] [[32minfo[m] [37] 2205,0.13781
[2020-10-31 12:55:27.406] [[32minfo[m] [73] 2562,0.16012
[2020-10-31 12:55:27.406] [[32minfo[m] [74] 6896,0.43100
[2020-10-31 12:55:27.406] [[32minfo[m] [75] 3278,0.20488
[2020-10-31 12:55:27.406] [[32minfo[m] [208] 3625,0.22656
[2020-10-31 12:55:27.406] [[32minfo[m] [265] 1455,0.09094
Num. customers: 454404
Average churn: 2.05
result:  33.90323
15
/repo/tco-customerchurn/data /repo/tco-customerchurn/submission/code/experiments/regr23
/repo/tco-customerchurn/submission/code/experiments/regr23
[2020-10-31 12:55:46.068] [[32minfo[m] Start
[2020-10-31 12:55:46.068] [[32minfo[m] Training
[2020-10-31 12:55:46.069] [[32minfo[m] JSON: read encodings from encoding-20.json
[2020-10-31 12:55:46.069] [[32minfo[m] CSV: reading history_mix_1to3.csv ...
[2020-10-31 12:55:49.511] [[32minfo[m] ...completed in 3.4 secs
[2020-10-31 12:55:49.511] [[32minfo[m] CSV: read 480592 rows with categorical features and 480592 rows with numerical ones.
[2020-10-31 12:55:49.548] [[32minfo[m] Encoding features...
[2020-10-31 12:55:59.095] [[32minfo[m] ...completed in 9.5 secs
[2020-10-31 12:55:59.538] [[32minfo[m] Regression requested
[2020-10-31 12:55:59.849] [[32minfo[m] Model restored from trained_14.model
[2020-10-31 12:55:59.851] [[32minfo[m] C 4000 T 16000 s 32.0 w -1 boost-tpf 1 nepochs 1 L MAE, C1 0.000000
[2020-10-31 12:55:59.853] [[32minfo[m] Partial fit initiated for 1 epoch(s)...
[2020-10-31 12:57:29.710] [[32minfo[m] ...completed in 89.9 secs.
[2020-10-31 12:57:30.053] [[32minfo[m] Model saved into trained_15.model
[2020-10-31 12:57:30.266] [[32minfo[m] Start
[2020-10-31 12:57:30.267] [[32minfo[m] Inference
[2020-10-31 12:57:30.267] [[32minfo[m] JSON: read encodings from encoding-20.json
[2020-10-31 12:57:30.267] [[32minfo[m] CSV: reading input.csv ...
[2020-10-31 12:57:33.633] [[32minfo[m] ...completed in 3.4 secs
[2020-10-31 12:57:33.633] [[32minfo[m] CSV: read 454404 rows with categorical features and 454404 rows with numerical ones.
[2020-10-31 12:57:33.679] [[32minfo[m] Encoding features...
[2020-10-31 12:57:42.746] [[32minfo[m] ...completed in 9.1 secs
[2020-10-31 12:57:43.109] [[32minfo[m] Regression inference
[2020-10-31 12:57:43.436] [[32minfo[m] Predicting...
[2020-10-31 12:57:49.558] [[32minfo[m] ...completed in 6.1 secs
[2020-10-31 12:57:49.561] [[32minfo[m] scores 454404
[2020-10-31 12:57:49.561] [[32minfo[m] [35] 2407,0.15044
[2020-10-31 12:57:49.561] [[32minfo[m] [36] 3902,0.24388
[2020-10-31 12:57:49.561] [[32minfo[m] [37] 3307,0.20669
[2020-10-31 12:57:49.561] [[32minfo[m] [73] 3429,0.21431
[2020-10-31 12:57:49.561] [[32minfo[m] [74] 4539,0.28369
[2020-10-31 12:57:49.561] [[32minfo[m] [75] 2180,0.13625
[2020-10-31 12:57:49.561] [[32minfo[m] [208] 4124,0.25775
[2020-10-31 12:57:49.561] [[32minfo[m] [265] 1183,0.07394
Num. customers: 454404
Average churn: 2.05
result:  33.84946
16
/repo/tco-customerchurn/data /repo/tco-customerchurn/submission/code/experiments/regr23
/repo/tco-customerchurn/submission/code/experiments/regr23
[2020-10-31 12:58:07.806] [[32minfo[m] Start
[2020-10-31 12:58:07.806] [[32minfo[m] Training
[2020-10-31 12:58:07.808] [[32minfo[m] JSON: read encodings from encoding-20.json
[2020-10-31 12:58:07.808] [[32minfo[m] CSV: reading history_mix_1to3.csv ...
[2020-10-31 12:58:11.519] [[32minfo[m] ...completed in 3.7 secs
[2020-10-31 12:58:11.519] [[32minfo[m] CSV: read 480592 rows with categorical features and 480592 rows with numerical ones.
[2020-10-31 12:58:11.565] [[32minfo[m] Encoding features...
[2020-10-31 12:58:20.740] [[32minfo[m] ...completed in 9.2 secs
[2020-10-31 12:58:21.174] [[32minfo[m] Regression requested
[2020-10-31 12:58:21.495] [[32minfo[m] Model restored from trained_15.model
[2020-10-31 12:58:21.496] [[32minfo[m] C 4000 T 16000 s 32.0 w -1 boost-tpf 1 nepochs 1 L MAE, C1 0.000000
[2020-10-31 12:58:21.498] [[32minfo[m] Partial fit initiated for 1 epoch(s)...
[2020-10-31 12:59:51.377] [[32minfo[m] ...completed in 89.9 secs.
[2020-10-31 12:59:51.749] [[32minfo[m] Model saved into trained_16.model
[2020-10-31 12:59:51.932] [[32minfo[m] Start
[2020-10-31 12:59:51.932] [[32minfo[m] Inference
[2020-10-31 12:59:51.933] [[32minfo[m] JSON: read encodings from encoding-20.json
[2020-10-31 12:59:51.933] [[32minfo[m] CSV: reading input.csv ...
[2020-10-31 12:59:55.051] [[32minfo[m] ...completed in 3.1 secs
[2020-10-31 12:59:55.051] [[32minfo[m] CSV: read 454404 rows with categorical features and 454404 rows with numerical ones.
[2020-10-31 12:59:55.097] [[32minfo[m] Encoding features...
[2020-10-31 13:00:03.668] [[32minfo[m] ...completed in 8.6 secs
[2020-10-31 13:00:04.028] [[32minfo[m] Regression inference
[2020-10-31 13:00:04.363] [[32minfo[m] Predicting...
[2020-10-31 13:00:10.632] [[32minfo[m] ...completed in 6.3 secs
[2020-10-31 13:00:10.635] [[32minfo[m] scores 454404
[2020-10-31 13:00:10.635] [[32minfo[m] [35] 2392,0.14950
[2020-10-31 13:00:10.635] [[32minfo[m] [36] 4608,0.28800
[2020-10-31 13:00:10.635] [[32minfo[m] [37] 2950,0.18438
[2020-10-31 13:00:10.635] [[32minfo[m] [73] 2585,0.16156
[2020-10-31 13:00:10.635] [[32minfo[m] [74] 4956,0.30975
[2020-10-31 13:00:10.635] [[32minfo[m] [75] 3373,0.21081
[2020-10-31 13:00:10.635] [[32minfo[m] [208] 5044,0.31525
[2020-10-31 13:00:10.635] [[32minfo[m] [265] 1138,0.07112
Num. customers: 454404
Average churn: 2.05
result:  33.69892
17
/repo/tco-customerchurn/data /repo/tco-customerchurn/submission/code/experiments/regr23
/repo/tco-customerchurn/submission/code/experiments/regr23
[2020-10-31 13:00:30.872] [[32minfo[m] Start
[2020-10-31 13:00:30.873] [[32minfo[m] Training
[2020-10-31 13:00:30.874] [[32minfo[m] JSON: read encodings from encoding-20.json
[2020-10-31 13:00:30.874] [[32minfo[m] CSV: reading history_mix_1to3.csv ...
[2020-10-31 13:00:34.297] [[32minfo[m] ...completed in 3.4 secs
[2020-10-31 13:00:34.297] [[32minfo[m] CSV: read 480592 rows with categorical features and 480592 rows with numerical ones.
[2020-10-31 13:00:34.336] [[32minfo[m] Encoding features...
[2020-10-31 13:00:43.404] [[32minfo[m] ...completed in 9.1 secs
[2020-10-31 13:00:43.825] [[32minfo[m] Regression requested
[2020-10-31 13:00:44.165] [[32minfo[m] Model restored from trained_16.model
[2020-10-31 13:00:44.166] [[32minfo[m] C 4000 T 16000 s 32.0 w -1 boost-tpf 1 nepochs 1 L MAE, C1 0.000000
[2020-10-31 13:00:44.170] [[32minfo[m] Partial fit initiated for 1 epoch(s)...
[2020-10-31 13:02:14.551] [[32minfo[m] ...completed in 90.4 secs.
[2020-10-31 13:02:14.913] [[32minfo[m] Model saved into trained_17.model
[2020-10-31 13:02:15.105] [[32minfo[m] Start
[2020-10-31 13:02:15.105] [[32minfo[m] Inference
[2020-10-31 13:02:15.106] [[32minfo[m] JSON: read encodings from encoding-20.json
[2020-10-31 13:02:15.106] [[32minfo[m] CSV: reading input.csv ...
[2020-10-31 13:02:18.313] [[32minfo[m] ...completed in 3.2 secs
[2020-10-31 13:02:18.313] [[32minfo[m] CSV: read 454404 rows with categorical features and 454404 rows with numerical ones.
[2020-10-31 13:02:18.371] [[32minfo[m] Encoding features...
[2020-10-31 13:02:27.002] [[32minfo[m] ...completed in 8.6 secs
[2020-10-31 13:02:27.376] [[32minfo[m] Regression inference
[2020-10-31 13:02:27.699] [[32minfo[m] Predicting...
[2020-10-31 13:02:33.845] [[32minfo[m] ...completed in 6.1 secs
[2020-10-31 13:02:33.847] [[32minfo[m] scores 454404
[2020-10-31 13:02:33.847] [[32minfo[m] [35] 2991,0.18694
[2020-10-31 13:02:33.847] [[32minfo[m] [36] 3923,0.24519
[2020-10-31 13:02:33.847] [[32minfo[m] [37] 1541,0.09631
[2020-10-31 13:02:33.847] [[32minfo[m] [73] 2665,0.16656
[2020-10-31 13:02:33.847] [[32minfo[m] [74] 4428,0.27675
[2020-10-31 13:02:33.848] [[32minfo[m] [75] 3713,0.23206
[2020-10-31 13:02:33.848] [[32minfo[m] [208] 4990,0.31188
[2020-10-31 13:02:33.848] [[32minfo[m] [265] 1426,0.08912
Num. customers: 454404
Average churn: 2.05
result:  34.06452
18
/repo/tco-customerchurn/data /repo/tco-customerchurn/submission/code/experiments/regr23
/repo/tco-customerchurn/submission/code/experiments/regr23
[2020-10-31 13:02:51.748] [[32minfo[m] Start
[2020-10-31 13:02:51.748] [[32minfo[m] Training
[2020-10-31 13:02:51.749] [[32minfo[m] JSON: read encodings from encoding-20.json
[2020-10-31 13:02:51.749] [[32minfo[m] CSV: reading history_mix_1to3.csv ...
[2020-10-31 13:02:55.323] [[32minfo[m] ...completed in 3.6 secs
[2020-10-31 13:02:55.323] [[32minfo[m] CSV: read 480592 rows with categorical features and 480592 rows with numerical ones.
[2020-10-31 13:02:55.359] [[32minfo[m] Encoding features...
[2020-10-31 13:03:04.475] [[32minfo[m] ...completed in 9.1 secs
[2020-10-31 13:03:04.878] [[32minfo[m] Regression requested
[2020-10-31 13:03:05.241] [[32minfo[m] Model restored from trained_17.model
[2020-10-31 13:03:05.242] [[32minfo[m] C 4000 T 16000 s 32.0 w -1 boost-tpf 1 nepochs 1 L MAE, C1 0.000000
[2020-10-31 13:03:05.244] [[32minfo[m] Partial fit initiated for 1 epoch(s)...
[2020-10-31 13:04:36.154] [[32minfo[m] ...completed in 90.9 secs.
[2020-10-31 13:04:36.524] [[32minfo[m] Model saved into trained_18.model
[2020-10-31 13:04:36.704] [[32minfo[m] Start
[2020-10-31 13:04:36.704] [[32minfo[m] Inference
[2020-10-31 13:04:36.705] [[32minfo[m] JSON: read encodings from encoding-20.json
[2020-10-31 13:04:36.705] [[32minfo[m] CSV: reading input.csv ...
[2020-10-31 13:04:39.808] [[32minfo[m] ...completed in 3.1 secs
[2020-10-31 13:04:39.808] [[32minfo[m] CSV: read 454404 rows with categorical features and 454404 rows with numerical ones.
[2020-10-31 13:04:39.854] [[32minfo[m] Encoding features...
[2020-10-31 13:04:48.417] [[32minfo[m] ...completed in 8.6 secs
[2020-10-31 13:04:48.802] [[32minfo[m] Regression inference
[2020-10-31 13:04:49.117] [[32minfo[m] Predicting...
[2020-10-31 13:04:55.247] [[32minfo[m] ...completed in 6.1 secs
[2020-10-31 13:04:55.249] [[32minfo[m] scores 454404
[2020-10-31 13:04:55.249] [[32minfo[m] [35] 2021,0.12631
[2020-10-31 13:04:55.249] [[32minfo[m] [36] 4432,0.27700
[2020-10-31 13:04:55.249] [[32minfo[m] [37] 1652,0.10325
[2020-10-31 13:04:55.249] [[32minfo[m] [73] 3117,0.19481
[2020-10-31 13:04:55.249] [[32minfo[m] [74] 3975,0.24844
[2020-10-31 13:04:55.249] [[32minfo[m] [75] 2823,0.17644
[2020-10-31 13:04:55.249] [[32minfo[m] [208] 4604,0.28775
[2020-10-31 13:04:55.249] [[32minfo[m] [265] 1031,0.06444
Num. customers: 454404
Average churn: 2.05
result:  33.88172
19
/repo/tco-customerchurn/data /repo/tco-customerchurn/submission/code/experiments/regr23
/repo/tco-customerchurn/submission/code/experiments/regr23
[2020-10-31 13:05:13.855] [[32minfo[m] Start
[2020-10-31 13:05:13.855] [[32minfo[m] Training
[2020-10-31 13:05:13.856] [[32minfo[m] JSON: read encodings from encoding-20.json
[2020-10-31 13:05:13.856] [[32minfo[m] CSV: reading history_mix_1to3.csv ...
[2020-10-31 13:05:17.652] [[32minfo[m] ...completed in 3.8 secs
[2020-10-31 13:05:17.652] [[32minfo[m] CSV: read 480592 rows with categorical features and 480592 rows with numerical ones.
[2020-10-31 13:05:17.700] [[32minfo[m] Encoding features...
[2020-10-31 13:05:26.788] [[32minfo[m] ...completed in 9.1 secs
[2020-10-31 13:05:27.220] [[32minfo[m] Regression requested
[2020-10-31 13:05:27.585] [[32minfo[m] Model restored from trained_18.model
[2020-10-31 13:05:27.586] [[32minfo[m] C 4000 T 16000 s 32.0 w -1 boost-tpf 1 nepochs 1 L MAE, C1 0.000000
[2020-10-31 13:05:27.587] [[32minfo[m] Partial fit initiated for 1 epoch(s)...
[2020-10-31 13:06:57.396] [[32minfo[m] ...completed in 89.8 secs.
[2020-10-31 13:06:57.739] [[32minfo[m] Model saved into trained_19.model
[2020-10-31 13:06:57.936] [[32minfo[m] Start
[2020-10-31 13:06:57.936] [[32minfo[m] Inference
[2020-10-31 13:06:57.936] [[32minfo[m] JSON: read encodings from encoding-20.json
[2020-10-31 13:06:57.936] [[32minfo[m] CSV: reading input.csv ...
[2020-10-31 13:07:01.070] [[32minfo[m] ...completed in 3.1 secs
[2020-10-31 13:07:01.071] [[32minfo[m] CSV: read 454404 rows with categorical features and 454404 rows with numerical ones.
[2020-10-31 13:07:01.119] [[32minfo[m] Encoding features...
[2020-10-31 13:07:09.859] [[32minfo[m] ...completed in 8.7 secs
[2020-10-31 13:07:10.246] [[32minfo[m] Regression inference
[2020-10-31 13:07:10.579] [[32minfo[m] Predicting...
[2020-10-31 13:07:16.649] [[32minfo[m] ...completed in 6.1 secs
[2020-10-31 13:07:16.652] [[32minfo[m] scores 454404
[2020-10-31 13:07:16.652] [[32minfo[m] [35] 1574,0.09838
[2020-10-31 13:07:16.652] [[32minfo[m] [36] 3681,0.23006
[2020-10-31 13:07:16.652] [[32minfo[m] [37] 2181,0.13631
[2020-10-31 13:07:16.652] [[32minfo[m] [73] 2734,0.17087
[2020-10-31 13:07:16.652] [[32minfo[m] [74] 3873,0.24206
[2020-10-31 13:07:16.652] [[32minfo[m] [75] 2214,0.13837
[2020-10-31 13:07:16.652] [[32minfo[m] [208] 4310,0.26937
[2020-10-31 13:07:16.652] [[32minfo[m] [265] 1517,0.09481
Num. customers: 454404
Average churn: 2.05
result:  33.67742
20
/repo/tco-customerchurn/data /repo/tco-customerchurn/submission/code/experiments/regr23
/repo/tco-customerchurn/submission/code/experiments/regr23
[2020-10-31 13:07:34.575] [[32minfo[m] Start
[2020-10-31 13:07:34.575] [[32minfo[m] Training
[2020-10-31 13:07:34.576] [[32minfo[m] JSON: read encodings from encoding-20.json
[2020-10-31 13:07:34.576] [[32minfo[m] CSV: reading history_mix_1to3.csv ...
[2020-10-31 13:07:38.036] [[32minfo[m] ...completed in 3.5 secs
[2020-10-31 13:07:38.036] [[32minfo[m] CSV: read 480592 rows with categorical features and 480592 rows with numerical ones.
[2020-10-31 13:07:38.073] [[32minfo[m] Encoding features...
[2020-10-31 13:07:47.433] [[32minfo[m] ...completed in 9.4 secs
[2020-10-31 13:07:47.838] [[32minfo[m] Regression requested
[2020-10-31 13:07:48.177] [[32minfo[m] Model restored from trained_19.model
[2020-10-31 13:07:48.179] [[32minfo[m] C 4000 T 16000 s 32.0 w -1 boost-tpf 1 nepochs 1 L MAE, C1 0.000000
[2020-10-31 13:07:48.181] [[32minfo[m] Partial fit initiated for 1 epoch(s)...
[2020-10-31 13:09:17.225] [[32minfo[m] ...completed in 89.0 secs.
[2020-10-31 13:09:17.579] [[32minfo[m] Model saved into trained_20.model
[2020-10-31 13:09:17.770] [[32minfo[m] Start
[2020-10-31 13:09:17.770] [[32minfo[m] Inference
[2020-10-31 13:09:17.771] [[32minfo[m] JSON: read encodings from encoding-20.json
[2020-10-31 13:09:17.771] [[32minfo[m] CSV: reading input.csv ...
[2020-10-31 13:09:21.191] [[32minfo[m] ...completed in 3.4 secs
[2020-10-31 13:09:21.192] [[32minfo[m] CSV: read 454404 rows with categorical features and 454404 rows with numerical ones.
[2020-10-31 13:09:21.239] [[32minfo[m] Encoding features...
[2020-10-31 13:09:29.860] [[32minfo[m] ...completed in 8.6 secs
[2020-10-31 13:09:30.230] [[32minfo[m] Regression inference
[2020-10-31 13:09:30.553] [[32minfo[m] Predicting...
[2020-10-31 13:09:36.675] [[32minfo[m] ...completed in 6.1 secs
[2020-10-31 13:09:36.677] [[32minfo[m] scores 454404
[2020-10-31 13:09:36.677] [[32minfo[m] [35] 1974,0.12337
[2020-10-31 13:09:36.677] [[32minfo[m] [36] 4477,0.27981
[2020-10-31 13:09:36.677] [[32minfo[m] [37] 2235,0.13969
[2020-10-31 13:09:36.677] [[32minfo[m] [73] 4318,0.26987
[2020-10-31 13:09:36.677] [[32minfo[m] [74] 3586,0.22412
[2020-10-31 13:09:36.677] [[32minfo[m] [75] 5479,0.34244
[2020-10-31 13:09:36.677] [[32minfo[m] [208] 5206,0.32538
[2020-10-31 13:09:36.677] [[32minfo[m] [265] 1538,0.09613
Num. customers: 454404
Average churn: 2.05
result:  33.95699
