1
/repo/tco-customerchurn/data /repo/tco-customerchurn/submission/code/experiments/regr19
/repo/tco-customerchurn/submission/code/experiments/regr19
[2020-10-28 09:25:57.219] [[32minfo[m] Start
[2020-10-28 09:25:57.219] [[32minfo[m] Training
[2020-10-28 09:25:57.220] [[32minfo[m] JSON: read encodings from encoding-20.json
[2020-10-28 09:25:57.220] [[32minfo[m] CSV: reading history_mix_1to1.csv ...
[2020-10-28 09:25:58.910] [[32minfo[m] ...completed in 1.7 secs
[2020-10-28 09:25:58.910] [[32minfo[m] CSV: read 240296 rows with categorical features and 240296 rows with numerical ones.
[2020-10-28 09:25:58.929] [[32minfo[m] Encoding features...
[2020-10-28 09:26:03.517] [[32minfo[m] ...completed in 4.6 secs
[2020-10-28 09:26:03.517] [[32minfo[m] Regression requested
[2020-10-28 09:26:03.568] [[32minfo[m] C 6000 T 16000 s 8.0 w -1 boost-tpf 1 nepochs 1 L MAE, C1 0.000000
[2020-10-28 09:26:03.568] [[32minfo[m] Partial fit initiated for 1 epoch(s)...
[2020-10-28 09:30:46.454] [[32minfo[m] ...completed in 282.9 secs.
[2020-10-28 09:30:46.947] [[32minfo[m] Model saved into trained_1.model
[2020-10-28 09:30:47.020] [[32minfo[m] Start
[2020-10-28 09:30:47.020] [[32minfo[m] Inference
[2020-10-28 09:30:47.021] [[32minfo[m] JSON: read encodings from encoding-20.json
[2020-10-28 09:30:47.021] [[32minfo[m] CSV: reading input.csv ...
[2020-10-28 09:30:50.191] [[32minfo[m] ...completed in 3.2 secs
[2020-10-28 09:30:50.191] [[32minfo[m] CSV: read 454404 rows with categorical features and 454404 rows with numerical ones.
[2020-10-28 09:30:50.238] [[32minfo[m] Encoding features...
[2020-10-28 09:30:58.538] [[32minfo[m] ...completed in 8.3 secs
[2020-10-28 09:30:59.034] [[32minfo[m] Regression inference
[2020-10-28 09:30:59.551] [[32minfo[m] Predicting...
[2020-10-28 09:31:08.069] [[32minfo[m] ...completed in 8.5 secs
[2020-10-28 09:31:08.071] [[32minfo[m] scores 454404
[2020-10-28 09:31:08.071] [[32minfo[m] [35] 5670,0.35437
[2020-10-28 09:31:08.071] [[32minfo[m] [36] 7803,0.48769
[2020-10-28 09:31:08.071] [[32minfo[m] [37] 3953,0.24706
[2020-10-28 09:31:08.071] [[32minfo[m] [73] 6530,0.40813
[2020-10-28 09:31:08.071] [[32minfo[m] [74] 7771,0.48569
[2020-10-28 09:31:08.071] [[32minfo[m] [75] 8642,0.54012
[2020-10-28 09:31:08.071] [[32minfo[m] [208] 8957,0.55981
[2020-10-28 09:31:08.071] [[32minfo[m] [265] 3669,0.22931
gzip: trained_0.model: No such file or directory
Num. customers: 454404
Average churn: 2.05
result:  32.97849
2
/repo/tco-customerchurn/data /repo/tco-customerchurn/submission/code/experiments/regr19
/repo/tco-customerchurn/submission/code/experiments/regr19
[2020-10-28 09:31:23.082] [[32minfo[m] Start
[2020-10-28 09:31:23.082] [[32minfo[m] Training
[2020-10-28 09:31:23.083] [[32minfo[m] JSON: read encodings from encoding-20.json
[2020-10-28 09:31:23.083] [[32minfo[m] CSV: reading history_mix_1to1.csv ...
[2020-10-28 09:31:24.738] [[32minfo[m] ...completed in 1.7 secs
[2020-10-28 09:31:24.738] [[32minfo[m] CSV: read 240296 rows with categorical features and 240296 rows with numerical ones.
[2020-10-28 09:31:24.759] [[32minfo[m] Encoding features...
[2020-10-28 09:31:29.146] [[32minfo[m] ...completed in 4.4 secs
[2020-10-28 09:31:29.651] [[32minfo[m] Regression requested
[2020-10-28 09:31:30.166] [[32minfo[m] Model restored from trained_1.model
[2020-10-28 09:31:30.168] [[32minfo[m] C 6000 T 16000 s 8.0 w -1 boost-tpf 1 nepochs 1 L MAE, C1 0.000000
[2020-10-28 09:31:30.170] [[32minfo[m] Partial fit initiated for 1 epoch(s)...
[2020-10-28 09:36:49.849] [[32minfo[m] ...completed in 319.7 secs.
[2020-10-28 09:36:50.399] [[32minfo[m] Model saved into trained_2.model
[2020-10-28 09:36:50.555] [[32minfo[m] Start
[2020-10-28 09:36:50.555] [[32minfo[m] Inference
[2020-10-28 09:36:50.556] [[32minfo[m] JSON: read encodings from encoding-20.json
[2020-10-28 09:36:50.557] [[32minfo[m] CSV: reading input.csv ...
[2020-10-28 09:36:53.768] [[32minfo[m] ...completed in 3.2 secs
[2020-10-28 09:36:53.768] [[32minfo[m] CSV: read 454404 rows with categorical features and 454404 rows with numerical ones.
[2020-10-28 09:36:53.815] [[32minfo[m] Encoding features...
[2020-10-28 09:37:02.277] [[32minfo[m] ...completed in 8.5 secs
[2020-10-28 09:37:02.797] [[32minfo[m] Regression inference
[2020-10-28 09:37:03.280] [[32minfo[m] Predicting...
[2020-10-28 09:37:12.488] [[32minfo[m] ...completed in 9.2 secs
[2020-10-28 09:37:12.490] [[32minfo[m] scores 454404
[2020-10-28 09:37:12.490] [[32minfo[m] [35] 5605,0.35031
[2020-10-28 09:37:12.490] [[32minfo[m] [36] 6605,0.41281
[2020-10-28 09:37:12.490] [[32minfo[m] [37] 5596,0.34975
[2020-10-28 09:37:12.490] [[32minfo[m] [73] 6930,0.43312
[2020-10-28 09:37:12.490] [[32minfo[m] [74] 8748,0.54675
[2020-10-28 09:37:12.490] [[32minfo[m] [75] 7471,0.46694
[2020-10-28 09:37:12.490] [[32minfo[m] [208] 7659,0.47869
[2020-10-28 09:37:12.490] [[32minfo[m] [265] 2812,0.17575
Num. customers: 454404
Average churn: 2.05
result:  33.40860
3
/repo/tco-customerchurn/data /repo/tco-customerchurn/submission/code/experiments/regr19
/repo/tco-customerchurn/submission/code/experiments/regr19
[2020-10-28 09:37:28.121] [[32minfo[m] Start
[2020-10-28 09:37:28.122] [[32minfo[m] Training
[2020-10-28 09:37:28.122] [[32minfo[m] JSON: read encodings from encoding-20.json
[2020-10-28 09:37:28.122] [[32minfo[m] CSV: reading history_mix_1to1.csv ...
[2020-10-28 09:37:29.928] [[32minfo[m] ...completed in 1.8 secs
[2020-10-28 09:37:29.928] [[32minfo[m] CSV: read 240296 rows with categorical features and 240296 rows with numerical ones.
[2020-10-28 09:37:29.947] [[32minfo[m] Encoding features...
[2020-10-28 09:37:34.429] [[32minfo[m] ...completed in 4.5 secs
[2020-10-28 09:37:34.968] [[32minfo[m] Regression requested
[2020-10-28 09:37:35.472] [[32minfo[m] Model restored from trained_2.model
[2020-10-28 09:37:35.474] [[32minfo[m] C 6000 T 16000 s 8.0 w -1 boost-tpf 1 nepochs 1 L MAE, C1 0.000000
[2020-10-28 09:37:35.475] [[32minfo[m] Partial fit initiated for 1 epoch(s)...
[2020-10-28 09:42:57.253] [[32minfo[m] ...completed in 321.8 secs.
[2020-10-28 09:42:57.811] [[32minfo[m] Model saved into trained_3.model
[2020-10-28 09:42:57.985] [[32minfo[m] Start
[2020-10-28 09:42:57.985] [[32minfo[m] Inference
[2020-10-28 09:42:57.986] [[32minfo[m] JSON: read encodings from encoding-20.json
[2020-10-28 09:42:57.986] [[32minfo[m] CSV: reading input.csv ...
[2020-10-28 09:43:01.061] [[32minfo[m] ...completed in 3.1 secs
[2020-10-28 09:43:01.061] [[32minfo[m] CSV: read 454404 rows with categorical features and 454404 rows with numerical ones.
[2020-10-28 09:43:01.108] [[32minfo[m] Encoding features...
[2020-10-28 09:43:09.710] [[32minfo[m] ...completed in 8.6 secs
[2020-10-28 09:43:10.231] [[32minfo[m] Regression inference
[2020-10-28 09:43:10.710] [[32minfo[m] Predicting...
[2020-10-28 09:43:19.851] [[32minfo[m] ...completed in 9.1 secs
[2020-10-28 09:43:19.855] [[32minfo[m] scores 454404
[2020-10-28 09:43:19.855] [[32minfo[m] [35] 5793,0.36206
[2020-10-28 09:43:19.855] [[32minfo[m] [36] 7351,0.45944
[2020-10-28 09:43:19.855] [[32minfo[m] [37] 4444,0.27775
[2020-10-28 09:43:19.855] [[32minfo[m] [73] 6837,0.42731
[2020-10-28 09:43:19.855] [[32minfo[m] [74] 8360,0.52250
[2020-10-28 09:43:19.855] [[32minfo[m] [75] 8153,0.50956
[2020-10-28 09:43:19.855] [[32minfo[m] [208] 8984,0.56150
[2020-10-28 09:43:19.855] [[32minfo[m] [265] 3173,0.19831
Num. customers: 454404
Average churn: 2.05
result:  33.07527
4
/repo/tco-customerchurn/data /repo/tco-customerchurn/submission/code/experiments/regr19
/repo/tco-customerchurn/submission/code/experiments/regr19
[2020-10-28 09:43:34.933] [[32minfo[m] Start
[2020-10-28 09:43:34.934] [[32minfo[m] Training
[2020-10-28 09:43:34.934] [[32minfo[m] JSON: read encodings from encoding-20.json
[2020-10-28 09:43:34.934] [[32minfo[m] CSV: reading history_mix_1to1.csv ...
[2020-10-28 09:43:36.593] [[32minfo[m] ...completed in 1.7 secs
[2020-10-28 09:43:36.593] [[32minfo[m] CSV: read 240296 rows with categorical features and 240296 rows with numerical ones.
[2020-10-28 09:43:36.611] [[32minfo[m] Encoding features...
[2020-10-28 09:43:41.109] [[32minfo[m] ...completed in 4.5 secs
[2020-10-28 09:43:41.643] [[32minfo[m] Regression requested
[2020-10-28 09:43:42.161] [[32minfo[m] Model restored from trained_3.model
[2020-10-28 09:43:42.162] [[32minfo[m] C 6000 T 16000 s 8.0 w -1 boost-tpf 1 nepochs 1 L MAE, C1 0.000000
[2020-10-28 09:43:42.165] [[32minfo[m] Partial fit initiated for 1 epoch(s)...
[2020-10-28 09:49:00.227] [[32minfo[m] ...completed in 318.1 secs.
[2020-10-28 09:49:00.820] [[32minfo[m] Model saved into trained_4.model
[2020-10-28 09:49:00.986] [[32minfo[m] Start
[2020-10-28 09:49:00.986] [[32minfo[m] Inference
[2020-10-28 09:49:00.986] [[32minfo[m] JSON: read encodings from encoding-20.json
[2020-10-28 09:49:00.986] [[32minfo[m] CSV: reading input.csv ...
[2020-10-28 09:49:04.075] [[32minfo[m] ...completed in 3.1 secs
[2020-10-28 09:49:04.075] [[32minfo[m] CSV: read 454404 rows with categorical features and 454404 rows with numerical ones.
[2020-10-28 09:49:04.120] [[32minfo[m] Encoding features...
[2020-10-28 09:49:12.473] [[32minfo[m] ...completed in 8.4 secs
[2020-10-28 09:49:12.981] [[32minfo[m] Regression inference
[2020-10-28 09:49:13.470] [[32minfo[m] Predicting...
[2020-10-28 09:49:22.558] [[32minfo[m] ...completed in 9.1 secs
[2020-10-28 09:49:22.561] [[32minfo[m] scores 454404
[2020-10-28 09:49:22.561] [[32minfo[m] [35] 4339,0.27119
[2020-10-28 09:49:22.561] [[32minfo[m] [36] 7181,0.44881
[2020-10-28 09:49:22.561] [[32minfo[m] [37] 4919,0.30744
[2020-10-28 09:49:22.561] [[32minfo[m] [73] 5450,0.34063
[2020-10-28 09:49:22.561] [[32minfo[m] [74] 9567,0.59794
[2020-10-28 09:49:22.561] [[32minfo[m] [75] 7469,0.46681
[2020-10-28 09:49:22.561] [[32minfo[m] [208] 6688,0.41800
[2020-10-28 09:49:22.561] [[32minfo[m] [265] 2533,0.15831
Num. customers: 454404
Average churn: 2.05
result:  33.46237
5
/repo/tco-customerchurn/data /repo/tco-customerchurn/submission/code/experiments/regr19
/repo/tco-customerchurn/submission/code/experiments/regr19
[2020-10-28 09:49:38.128] [[32minfo[m] Start
[2020-10-28 09:49:38.128] [[32minfo[m] Training
[2020-10-28 09:49:38.128] [[32minfo[m] JSON: read encodings from encoding-20.json
[2020-10-28 09:49:38.128] [[32minfo[m] CSV: reading history_mix_1to1.csv ...
[2020-10-28 09:49:39.861] [[32minfo[m] ...completed in 1.7 secs
[2020-10-28 09:49:39.861] [[32minfo[m] CSV: read 240296 rows with categorical features and 240296 rows with numerical ones.
[2020-10-28 09:49:39.880] [[32minfo[m] Encoding features...
[2020-10-28 09:49:44.408] [[32minfo[m] ...completed in 4.5 secs
[2020-10-28 09:49:44.907] [[32minfo[m] Regression requested
[2020-10-28 09:49:45.394] [[32minfo[m] Model restored from trained_4.model
[2020-10-28 09:49:45.395] [[32minfo[m] C 6000 T 16000 s 8.0 w -1 boost-tpf 1 nepochs 1 L MAE, C1 0.000000
[2020-10-28 09:49:45.397] [[32minfo[m] Partial fit initiated for 1 epoch(s)...
[2020-10-28 09:55:08.705] [[32minfo[m] ...completed in 323.3 secs.
[2020-10-28 09:55:09.271] [[32minfo[m] Model saved into trained_5.model
[2020-10-28 09:55:09.422] [[32minfo[m] Start
[2020-10-28 09:55:09.422] [[32minfo[m] Inference
[2020-10-28 09:55:09.423] [[32minfo[m] JSON: read encodings from encoding-20.json
[2020-10-28 09:55:09.423] [[32minfo[m] CSV: reading input.csv ...
[2020-10-28 09:55:12.552] [[32minfo[m] ...completed in 3.1 secs
[2020-10-28 09:55:12.552] [[32minfo[m] CSV: read 454404 rows with categorical features and 454404 rows with numerical ones.
[2020-10-28 09:55:12.597] [[32minfo[m] Encoding features...
[2020-10-28 09:55:21.119] [[32minfo[m] ...completed in 8.5 secs
[2020-10-28 09:55:21.665] [[32minfo[m] Regression inference
[2020-10-28 09:55:22.148] [[32minfo[m] Predicting...
[2020-10-28 09:55:31.440] [[32minfo[m] ...completed in 9.3 secs
[2020-10-28 09:55:31.443] [[32minfo[m] scores 454404
[2020-10-28 09:55:31.443] [[32minfo[m] [35] 5322,0.33263
[2020-10-28 09:55:31.443] [[32minfo[m] [36] 7306,0.45663
[2020-10-28 09:55:31.443] [[32minfo[m] [37] 5542,0.34637
[2020-10-28 09:55:31.443] [[32minfo[m] [73] 5794,0.36212
[2020-10-28 09:55:31.443] [[32minfo[m] [74] 8748,0.54675
[2020-10-28 09:55:31.443] [[32minfo[m] [75] 7985,0.49906
[2020-10-28 09:55:31.443] [[32minfo[m] [208] 6718,0.41987
[2020-10-28 09:55:31.443] [[32minfo[m] [265] 2868,0.17925
Num. customers: 454404
Average churn: 2.05
result:  33.38710
6
/repo/tco-customerchurn/data /repo/tco-customerchurn/submission/code/experiments/regr19
/repo/tco-customerchurn/submission/code/experiments/regr19
[2020-10-28 09:55:46.747] [[32minfo[m] Start
[2020-10-28 09:55:46.747] [[32minfo[m] Training
[2020-10-28 09:55:46.747] [[32minfo[m] JSON: read encodings from encoding-20.json
[2020-10-28 09:55:46.747] [[32minfo[m] CSV: reading history_mix_1to1.csv ...
[2020-10-28 09:55:48.446] [[32minfo[m] ...completed in 1.7 secs
[2020-10-28 09:55:48.446] [[32minfo[m] CSV: read 240296 rows with categorical features and 240296 rows with numerical ones.
[2020-10-28 09:55:48.464] [[32minfo[m] Encoding features...
[2020-10-28 09:55:52.973] [[32minfo[m] ...completed in 4.5 secs
[2020-10-28 09:55:53.484] [[32minfo[m] Regression requested
[2020-10-28 09:55:53.981] [[32minfo[m] Model restored from trained_5.model
[2020-10-28 09:55:53.982] [[32minfo[m] C 6000 T 16000 s 8.0 w -1 boost-tpf 1 nepochs 1 L MAE, C1 0.000000
[2020-10-28 09:55:53.984] [[32minfo[m] Partial fit initiated for 1 epoch(s)...
[2020-10-28 10:01:13.932] [[32minfo[m] ...completed in 319.9 secs.
[2020-10-28 10:01:14.481] [[32minfo[m] Model saved into trained_6.model
[2020-10-28 10:01:14.635] [[32minfo[m] Start
[2020-10-28 10:01:14.635] [[32minfo[m] Inference
[2020-10-28 10:01:14.636] [[32minfo[m] JSON: read encodings from encoding-20.json
[2020-10-28 10:01:14.636] [[32minfo[m] CSV: reading input.csv ...
[2020-10-28 10:01:17.688] [[32minfo[m] ...completed in 3.1 secs
[2020-10-28 10:01:17.688] [[32minfo[m] CSV: read 454404 rows with categorical features and 454404 rows with numerical ones.
[2020-10-28 10:01:17.742] [[32minfo[m] Encoding features...
[2020-10-28 10:01:26.099] [[32minfo[m] ...completed in 8.4 secs
[2020-10-28 10:01:26.611] [[32minfo[m] Regression inference
[2020-10-28 10:01:27.128] [[32minfo[m] Predicting...
[2020-10-28 10:01:36.876] [[32minfo[m] ...completed in 9.7 secs
[2020-10-28 10:01:36.878] [[32minfo[m] scores 454404
[2020-10-28 10:01:36.878] [[32minfo[m] [35] 5924,0.37025
[2020-10-28 10:01:36.878] [[32minfo[m] [36] 7200,0.45000
[2020-10-28 10:01:36.878] [[32minfo[m] [37] 5355,0.33469
[2020-10-28 10:01:36.878] [[32minfo[m] [73] 7487,0.46794
[2020-10-28 10:01:36.878] [[32minfo[m] [74] 9148,0.57175
[2020-10-28 10:01:36.878] [[32minfo[m] [75] 8372,0.52325
[2020-10-28 10:01:36.878] [[32minfo[m] [208] 9054,0.56588
[2020-10-28 10:01:36.878] [[32minfo[m] [265] 3177,0.19856
Num. customers: 454404
Average churn: 2.05
result:  33.56989
7
/repo/tco-customerchurn/data /repo/tco-customerchurn/submission/code/experiments/regr19
/repo/tco-customerchurn/submission/code/experiments/regr19
[2020-10-28 10:01:52.724] [[32minfo[m] Start
[2020-10-28 10:01:52.724] [[32minfo[m] Training
[2020-10-28 10:01:52.725] [[32minfo[m] JSON: read encodings from encoding-20.json
[2020-10-28 10:01:52.725] [[32minfo[m] CSV: reading history_mix_1to1.csv ...
[2020-10-28 10:01:54.348] [[32minfo[m] ...completed in 1.6 secs
[2020-10-28 10:01:54.348] [[32minfo[m] CSV: read 240296 rows with categorical features and 240296 rows with numerical ones.
[2020-10-28 10:01:54.370] [[32minfo[m] Encoding features...
[2020-10-28 10:01:58.901] [[32minfo[m] ...completed in 4.5 secs
[2020-10-28 10:01:59.396] [[32minfo[m] Regression requested
[2020-10-28 10:01:59.893] [[32minfo[m] Model restored from trained_6.model
[2020-10-28 10:01:59.894] [[32minfo[m] C 6000 T 16000 s 8.0 w -1 boost-tpf 1 nepochs 1 L MAE, C1 0.000000
[2020-10-28 10:01:59.896] [[32minfo[m] Partial fit initiated for 1 epoch(s)...
[2020-10-28 10:07:22.664] [[32minfo[m] ...completed in 322.8 secs.
[2020-10-28 10:07:23.222] [[32minfo[m] Model saved into trained_7.model
[2020-10-28 10:07:23.392] [[32minfo[m] Start
[2020-10-28 10:07:23.392] [[32minfo[m] Inference
[2020-10-28 10:07:23.393] [[32minfo[m] JSON: read encodings from encoding-20.json
[2020-10-28 10:07:23.393] [[32minfo[m] CSV: reading input.csv ...
[2020-10-28 10:07:26.475] [[32minfo[m] ...completed in 3.1 secs
[2020-10-28 10:07:26.475] [[32minfo[m] CSV: read 454404 rows with categorical features and 454404 rows with numerical ones.
[2020-10-28 10:07:26.524] [[32minfo[m] Encoding features...
[2020-10-28 10:07:35.228] [[32minfo[m] ...completed in 8.7 secs
[2020-10-28 10:07:35.727] [[32minfo[m] Regression inference
[2020-10-28 10:07:36.205] [[32minfo[m] Predicting...
[2020-10-28 10:07:44.916] [[32minfo[m] ...completed in 8.7 secs
[2020-10-28 10:07:44.919] [[32minfo[m] scores 454404
[2020-10-28 10:07:44.920] [[32minfo[m] [35] 5392,0.33700
[2020-10-28 10:07:44.920] [[32minfo[m] [36] 7374,0.46087
[2020-10-28 10:07:44.920] [[32minfo[m] [37] 5510,0.34437
[2020-10-28 10:07:44.920] [[32minfo[m] [73] 6754,0.42212
[2020-10-28 10:07:44.920] [[32minfo[m] [74] 9268,0.57925
[2020-10-28 10:07:44.920] [[32minfo[m] [75] 7753,0.48456
[2020-10-28 10:07:44.920] [[32minfo[m] [208] 9687,0.60544
[2020-10-28 10:07:44.920] [[32minfo[m] [265] 2342,0.14638
Num. customers: 454404
Average churn: 2.05
result:  33.32258
8
/repo/tco-customerchurn/data /repo/tco-customerchurn/submission/code/experiments/regr19
/repo/tco-customerchurn/submission/code/experiments/regr19
[2020-10-28 10:07:59.979] [[32minfo[m] Start
[2020-10-28 10:07:59.979] [[32minfo[m] Training
[2020-10-28 10:07:59.980] [[32minfo[m] JSON: read encodings from encoding-20.json
[2020-10-28 10:07:59.980] [[32minfo[m] CSV: reading history_mix_1to1.csv ...
[2020-10-28 10:08:01.787] [[32minfo[m] ...completed in 1.8 secs
[2020-10-28 10:08:01.787] [[32minfo[m] CSV: read 240296 rows with categorical features and 240296 rows with numerical ones.
[2020-10-28 10:08:01.805] [[32minfo[m] Encoding features...
[2020-10-28 10:08:06.434] [[32minfo[m] ...completed in 4.6 secs
[2020-10-28 10:08:06.922] [[32minfo[m] Regression requested
[2020-10-28 10:08:07.407] [[32minfo[m] Model restored from trained_7.model
[2020-10-28 10:08:07.409] [[32minfo[m] C 6000 T 16000 s 8.0 w -1 boost-tpf 1 nepochs 1 L MAE, C1 0.000000
[2020-10-28 10:08:07.410] [[32minfo[m] Partial fit initiated for 1 epoch(s)...
[2020-10-28 10:13:23.784] [[32minfo[m] ...completed in 316.4 secs.
[2020-10-28 10:13:24.320] [[32minfo[m] Model saved into trained_8.model
[2020-10-28 10:13:24.489] [[32minfo[m] Start
[2020-10-28 10:13:24.489] [[32minfo[m] Inference
[2020-10-28 10:13:24.490] [[32minfo[m] JSON: read encodings from encoding-20.json
[2020-10-28 10:13:24.490] [[32minfo[m] CSV: reading input.csv ...
[2020-10-28 10:13:27.618] [[32minfo[m] ...completed in 3.1 secs
[2020-10-28 10:13:27.618] [[32minfo[m] CSV: read 454404 rows with categorical features and 454404 rows with numerical ones.
[2020-10-28 10:13:27.670] [[32minfo[m] Encoding features...
[2020-10-28 10:13:35.911] [[32minfo[m] ...completed in 8.2 secs
[2020-10-28 10:13:36.407] [[32minfo[m] Regression inference
[2020-10-28 10:13:36.890] [[32minfo[m] Predicting...
[2020-10-28 10:13:45.555] [[32minfo[m] ...completed in 8.7 secs
[2020-10-28 10:13:45.558] [[32minfo[m] scores 454404
[2020-10-28 10:13:45.558] [[32minfo[m] [35] 6007,0.37544
[2020-10-28 10:13:45.558] [[32minfo[m] [36] 8474,0.52963
[2020-10-28 10:13:45.558] [[32minfo[m] [37] 6278,0.39237
[2020-10-28 10:13:45.558] [[32minfo[m] [73] 6703,0.41894
[2020-10-28 10:13:45.558] [[32minfo[m] [74] 10419,0.65119
[2020-10-28 10:13:45.558] [[32minfo[m] [75] 8934,0.55837
[2020-10-28 10:13:45.558] [[32minfo[m] [208] 9749,0.60931
[2020-10-28 10:13:45.558] [[32minfo[m] [265] 3850,0.24063
Num. customers: 454404
Average churn: 2.05
result:  32.60215
9
/repo/tco-customerchurn/data /repo/tco-customerchurn/submission/code/experiments/regr19
/repo/tco-customerchurn/submission/code/experiments/regr19
[2020-10-28 10:14:00.684] [[32minfo[m] Start
[2020-10-28 10:14:00.684] [[32minfo[m] Training
[2020-10-28 10:14:00.685] [[32minfo[m] JSON: read encodings from encoding-20.json
[2020-10-28 10:14:00.685] [[32minfo[m] CSV: reading history_mix_1to1.csv ...
[2020-10-28 10:14:02.349] [[32minfo[m] ...completed in 1.7 secs
[2020-10-28 10:14:02.349] [[32minfo[m] CSV: read 240296 rows with categorical features and 240296 rows with numerical ones.
[2020-10-28 10:14:02.367] [[32minfo[m] Encoding features...
[2020-10-28 10:14:06.900] [[32minfo[m] ...completed in 4.5 secs
[2020-10-28 10:14:07.472] [[32minfo[m] Regression requested
[2020-10-28 10:14:07.992] [[32minfo[m] Model restored from trained_8.model
[2020-10-28 10:14:07.993] [[32minfo[m] C 6000 T 16000 s 8.0 w -1 boost-tpf 1 nepochs 1 L MAE, C1 0.000000
[2020-10-28 10:14:07.994] [[32minfo[m] Partial fit initiated for 1 epoch(s)...
[2020-10-28 10:19:23.893] [[32minfo[m] ...completed in 315.9 secs.
[2020-10-28 10:19:24.449] [[32minfo[m] Model saved into trained_9.model
[2020-10-28 10:19:24.603] [[32minfo[m] Start
[2020-10-28 10:19:24.604] [[32minfo[m] Inference
[2020-10-28 10:19:24.604] [[32minfo[m] JSON: read encodings from encoding-20.json
[2020-10-28 10:19:24.604] [[32minfo[m] CSV: reading input.csv ...
[2020-10-28 10:19:27.798] [[32minfo[m] ...completed in 3.2 secs
[2020-10-28 10:19:27.798] [[32minfo[m] CSV: read 454404 rows with categorical features and 454404 rows with numerical ones.
[2020-10-28 10:19:27.844] [[32minfo[m] Encoding features...
[2020-10-28 10:19:36.283] [[32minfo[m] ...completed in 8.4 secs
[2020-10-28 10:19:36.821] [[32minfo[m] Regression inference
[2020-10-28 10:19:37.303] [[32minfo[m] Predicting...
[2020-10-28 10:19:46.518] [[32minfo[m] ...completed in 9.2 secs
[2020-10-28 10:19:46.522] [[32minfo[m] scores 454404
[2020-10-28 10:19:46.522] [[32minfo[m] [35] 4770,0.29812
[2020-10-28 10:19:46.522] [[32minfo[m] [36] 7844,0.49025
[2020-10-28 10:19:46.522] [[32minfo[m] [37] 4869,0.30431
[2020-10-28 10:19:46.522] [[32minfo[m] [73] 5828,0.36425
[2020-10-28 10:19:46.522] [[32minfo[m] [74] 9750,0.60938
[2020-10-28 10:19:46.522] [[32minfo[m] [75] 8904,0.55650
[2020-10-28 10:19:46.522] [[32minfo[m] [208] 8073,0.50456
[2020-10-28 10:19:46.522] [[32minfo[m] [265] 2570,0.16062
Num. customers: 454404
Average churn: 2.05
result:  33.41935
10
/repo/tco-customerchurn/data /repo/tco-customerchurn/submission/code/experiments/regr19
/repo/tco-customerchurn/submission/code/experiments/regr19
[2020-10-28 10:20:03.314] [[32minfo[m] Start
[2020-10-28 10:20:03.314] [[32minfo[m] Training
[2020-10-28 10:20:03.314] [[32minfo[m] JSON: read encodings from encoding-20.json
[2020-10-28 10:20:03.314] [[32minfo[m] CSV: reading history_mix_1to1.csv ...
[2020-10-28 10:20:04.946] [[32minfo[m] ...completed in 1.6 secs
[2020-10-28 10:20:04.946] [[32minfo[m] CSV: read 240296 rows with categorical features and 240296 rows with numerical ones.
[2020-10-28 10:20:04.964] [[32minfo[m] Encoding features...
[2020-10-28 10:20:09.427] [[32minfo[m] ...completed in 4.5 secs
[2020-10-28 10:20:09.955] [[32minfo[m] Regression requested
[2020-10-28 10:20:10.490] [[32minfo[m] Model restored from trained_9.model
[2020-10-28 10:20:10.491] [[32minfo[m] C 6000 T 16000 s 8.0 w -1 boost-tpf 1 nepochs 1 L MAE, C1 0.000000
[2020-10-28 10:20:10.493] [[32minfo[m] Partial fit initiated for 1 epoch(s)...
[2020-10-28 10:25:26.602] [[32minfo[m] ...completed in 316.1 secs.
[2020-10-28 10:25:27.172] [[32minfo[m] Model saved into trained_10.model
[2020-10-28 10:25:27.342] [[32minfo[m] Start
[2020-10-28 10:25:27.342] [[32minfo[m] Inference
[2020-10-28 10:25:27.343] [[32minfo[m] JSON: read encodings from encoding-20.json
[2020-10-28 10:25:27.343] [[32minfo[m] CSV: reading input.csv ...
[2020-10-28 10:25:30.563] [[32minfo[m] ...completed in 3.2 secs
[2020-10-28 10:25:30.563] [[32minfo[m] CSV: read 454404 rows with categorical features and 454404 rows with numerical ones.
[2020-10-28 10:25:30.610] [[32minfo[m] Encoding features...
[2020-10-28 10:25:38.950] [[32minfo[m] ...completed in 8.3 secs
[2020-10-28 10:25:39.452] [[32minfo[m] Regression inference
[2020-10-28 10:25:39.945] [[32minfo[m] Predicting...
[2020-10-28 10:25:48.928] [[32minfo[m] ...completed in 9.0 secs
[2020-10-28 10:25:48.931] [[32minfo[m] scores 454404
[2020-10-28 10:25:48.931] [[32minfo[m] [35] 4660,0.29125
[2020-10-28 10:25:48.931] [[32minfo[m] [36] 8201,0.51256
[2020-10-28 10:25:48.931] [[32minfo[m] [37] 6522,0.40763
[2020-10-28 10:25:48.931] [[32minfo[m] [73] 7380,0.46125
[2020-10-28 10:25:48.931] [[32minfo[m] [74] 8854,0.55337
[2020-10-28 10:25:48.931] [[32minfo[m] [75] 8039,0.50244
[2020-10-28 10:25:48.931] [[32minfo[m] [208] 9121,0.57006
[2020-10-28 10:25:48.931] [[32minfo[m] [265] 3111,0.19444
Num. customers: 454404
Average churn: 2.05
result:  32.78495
11
/repo/tco-customerchurn/data /repo/tco-customerchurn/submission/code/experiments/regr19
/repo/tco-customerchurn/submission/code/experiments/regr19
[2020-10-28 10:26:04.368] [[32minfo[m] Start
[2020-10-28 10:26:04.370] [[32minfo[m] Training
[2020-10-28 10:26:04.699] [[32minfo[m] JSON: read encodings from encoding-20.json
[2020-10-28 10:26:04.699] [[32minfo[m] CSV: reading history_mix_1to1.csv ...
[2020-10-28 10:26:06.325] [[32minfo[m] ...completed in 1.6 secs
[2020-10-28 10:26:06.325] [[32minfo[m] CSV: read 240296 rows with categorical features and 240296 rows with numerical ones.
[2020-10-28 10:26:06.343] [[32minfo[m] Encoding features...
[2020-10-28 10:26:10.765] [[32minfo[m] ...completed in 4.4 secs
[2020-10-28 10:26:11.272] [[32minfo[m] Regression requested
[2020-10-28 10:26:11.758] [[32minfo[m] Model restored from trained_10.model
[2020-10-28 10:26:11.760] [[32minfo[m] C 6000 T 16000 s 8.0 w -1 boost-tpf 1 nepochs 1 L MAE, C1 0.000000
[2020-10-28 10:26:11.761] [[32minfo[m] Partial fit initiated for 1 epoch(s)...
[2020-10-28 10:31:29.731] [[32minfo[m] ...completed in 318.0 secs.
[2020-10-28 10:31:30.280] [[32minfo[m] Model saved into trained_11.model
[2020-10-28 10:31:30.430] [[32minfo[m] Start
[2020-10-28 10:31:30.430] [[32minfo[m] Inference
[2020-10-28 10:31:30.430] [[32minfo[m] JSON: read encodings from encoding-20.json
[2020-10-28 10:31:30.430] [[32minfo[m] CSV: reading input.csv ...
[2020-10-28 10:31:33.476] [[32minfo[m] ...completed in 3.0 secs
[2020-10-28 10:31:33.476] [[32minfo[m] CSV: read 454404 rows with categorical features and 454404 rows with numerical ones.
[2020-10-28 10:31:33.532] [[32minfo[m] Encoding features...
[2020-10-28 10:31:42.211] [[32minfo[m] ...completed in 8.7 secs
[2020-10-28 10:31:42.731] [[32minfo[m] Regression inference
[2020-10-28 10:31:43.230] [[32minfo[m] Predicting...
[2020-10-28 10:31:52.451] [[32minfo[m] ...completed in 9.2 secs
[2020-10-28 10:31:52.454] [[32minfo[m] scores 454404
[2020-10-28 10:31:52.454] [[32minfo[m] [35] 6128,0.38300
[2020-10-28 10:31:52.454] [[32minfo[m] [36] 6380,0.39875
[2020-10-28 10:31:52.454] [[32minfo[m] [37] 6304,0.39400
[2020-10-28 10:31:52.454] [[32minfo[m] [73] 7346,0.45913
[2020-10-28 10:31:52.454] [[32minfo[m] [74] 10539,0.65869
[2020-10-28 10:31:52.455] [[32minfo[m] [75] 7714,0.48213
[2020-10-28 10:31:52.455] [[32minfo[m] [208] 8368,0.52300
[2020-10-28 10:31:52.455] [[32minfo[m] [265] 3158,0.19737
Num. customers: 454404
Average churn: 2.05
result:  33.26882
12
/repo/tco-customerchurn/data /repo/tco-customerchurn/submission/code/experiments/regr19
/repo/tco-customerchurn/submission/code/experiments/regr19
[2020-10-28 10:32:07.594] [[32minfo[m] Start
[2020-10-28 10:32:07.595] [[32minfo[m] Training
[2020-10-28 10:32:07.595] [[32minfo[m] JSON: read encodings from encoding-20.json
[2020-10-28 10:32:07.595] [[32minfo[m] CSV: reading history_mix_1to1.csv ...
[2020-10-28 10:32:09.313] [[32minfo[m] ...completed in 1.7 secs
[2020-10-28 10:32:09.313] [[32minfo[m] CSV: read 240296 rows with categorical features and 240296 rows with numerical ones.
[2020-10-28 10:32:09.331] [[32minfo[m] Encoding features...
[2020-10-28 10:32:13.780] [[32minfo[m] ...completed in 4.4 secs
[2020-10-28 10:32:14.301] [[32minfo[m] Regression requested
[2020-10-28 10:32:14.787] [[32minfo[m] Model restored from trained_11.model
[2020-10-28 10:32:14.788] [[32minfo[m] C 6000 T 16000 s 8.0 w -1 boost-tpf 1 nepochs 1 L MAE, C1 0.000000
[2020-10-28 10:32:14.790] [[32minfo[m] Partial fit initiated for 1 epoch(s)...
[2020-10-28 10:37:32.273] [[32minfo[m] ...completed in 317.5 secs.
[2020-10-28 10:37:32.830] [[32minfo[m] Model saved into trained_12.model
[2020-10-28 10:37:32.987] [[32minfo[m] Start
[2020-10-28 10:37:32.987] [[32minfo[m] Inference
[2020-10-28 10:37:32.988] [[32minfo[m] JSON: read encodings from encoding-20.json
[2020-10-28 10:37:32.988] [[32minfo[m] CSV: reading input.csv ...
[2020-10-28 10:37:36.178] [[32minfo[m] ...completed in 3.2 secs
[2020-10-28 10:37:36.178] [[32minfo[m] CSV: read 454404 rows with categorical features and 454404 rows with numerical ones.
[2020-10-28 10:37:36.223] [[32minfo[m] Encoding features...
[2020-10-28 10:37:44.814] [[32minfo[m] ...completed in 8.6 secs
[2020-10-28 10:37:45.347] [[32minfo[m] Regression inference
[2020-10-28 10:37:45.827] [[32minfo[m] Predicting...
[2020-10-28 10:37:55.056] [[32minfo[m] ...completed in 9.2 secs
[2020-10-28 10:37:55.059] [[32minfo[m] scores 454404
[2020-10-28 10:37:55.059] [[32minfo[m] [35] 4292,0.26825
[2020-10-28 10:37:55.059] [[32minfo[m] [36] 7805,0.48781
[2020-10-28 10:37:55.060] [[32minfo[m] [37] 4633,0.28956
[2020-10-28 10:37:55.060] [[32minfo[m] [73] 5660,0.35375
[2020-10-28 10:37:55.060] [[32minfo[m] [74] 8293,0.51831
[2020-10-28 10:37:55.060] [[32minfo[m] [75] 7254,0.45337
[2020-10-28 10:37:55.060] [[32minfo[m] [208] 9354,0.58462
[2020-10-28 10:37:55.060] [[32minfo[m] [265] 2906,0.18163
Num. customers: 454404
Average churn: 2.05
result:  32.81720
13
/repo/tco-customerchurn/data /repo/tco-customerchurn/submission/code/experiments/regr19
/repo/tco-customerchurn/submission/code/experiments/regr19
[2020-10-28 10:38:10.514] [[32minfo[m] Start
[2020-10-28 10:38:10.514] [[32minfo[m] Training
[2020-10-28 10:38:10.515] [[32minfo[m] JSON: read encodings from encoding-20.json
[2020-10-28 10:38:10.515] [[32minfo[m] CSV: reading history_mix_1to1.csv ...
[2020-10-28 10:38:12.127] [[32minfo[m] ...completed in 1.6 secs
[2020-10-28 10:38:12.127] [[32minfo[m] CSV: read 240296 rows with categorical features and 240296 rows with numerical ones.
[2020-10-28 10:38:12.146] [[32minfo[m] Encoding features...
[2020-10-28 10:38:16.520] [[32minfo[m] ...completed in 4.4 secs
[2020-10-28 10:38:17.016] [[32minfo[m] Regression requested
[2020-10-28 10:38:17.520] [[32minfo[m] Model restored from trained_12.model
[2020-10-28 10:38:17.523] [[32minfo[m] C 6000 T 16000 s 8.0 w -1 boost-tpf 1 nepochs 1 L MAE, C1 0.000000
[2020-10-28 10:38:17.525] [[32minfo[m] Partial fit initiated for 1 epoch(s)...
[2020-10-28 10:43:34.579] [[32minfo[m] ...completed in 317.1 secs.
[2020-10-28 10:43:35.113] [[32minfo[m] Model saved into trained_13.model
[2020-10-28 10:43:35.269] [[32minfo[m] Start
[2020-10-28 10:43:35.269] [[32minfo[m] Inference
[2020-10-28 10:43:35.269] [[32minfo[m] JSON: read encodings from encoding-20.json
[2020-10-28 10:43:35.269] [[32minfo[m] CSV: reading input.csv ...
[2020-10-28 10:43:38.588] [[32minfo[m] ...completed in 3.3 secs
[2020-10-28 10:43:38.588] [[32minfo[m] CSV: read 454404 rows with categorical features and 454404 rows with numerical ones.
[2020-10-28 10:43:38.631] [[32minfo[m] Encoding features...
[2020-10-28 10:43:47.059] [[32minfo[m] ...completed in 8.4 secs
[2020-10-28 10:43:47.556] [[32minfo[m] Regression inference
[2020-10-28 10:43:48.037] [[32minfo[m] Predicting...
[2020-10-28 10:43:57.191] [[32minfo[m] ...completed in 9.2 secs
[2020-10-28 10:43:57.194] [[32minfo[m] scores 454404
[2020-10-28 10:43:57.194] [[32minfo[m] [35] 4322,0.27013
[2020-10-28 10:43:57.194] [[32minfo[m] [36] 7730,0.48313
[2020-10-28 10:43:57.194] [[32minfo[m] [37] 5318,0.33237
[2020-10-28 10:43:57.194] [[32minfo[m] [73] 6889,0.43056
[2020-10-28 10:43:57.194] [[32minfo[m] [74] 9027,0.56419
[2020-10-28 10:43:57.194] [[32minfo[m] [75] 8774,0.54837
[2020-10-28 10:43:57.194] [[32minfo[m] [208] 8964,0.56025
[2020-10-28 10:43:57.194] [[32minfo[m] [265] 2917,0.18231
Num. customers: 454404
Average churn: 2.05
result:  33.61290
14
/repo/tco-customerchurn/data /repo/tco-customerchurn/submission/code/experiments/regr19
/repo/tco-customerchurn/submission/code/experiments/regr19
[2020-10-28 10:44:12.552] [[32minfo[m] Start
[2020-10-28 10:44:12.552] [[32minfo[m] Training
[2020-10-28 10:44:12.553] [[32minfo[m] JSON: read encodings from encoding-20.json
[2020-10-28 10:44:12.553] [[32minfo[m] CSV: reading history_mix_1to1.csv ...
[2020-10-28 10:44:14.225] [[32minfo[m] ...completed in 1.7 secs
[2020-10-28 10:44:14.225] [[32minfo[m] CSV: read 240296 rows with categorical features and 240296 rows with numerical ones.
[2020-10-28 10:44:14.243] [[32minfo[m] Encoding features...
[2020-10-28 10:44:18.779] [[32minfo[m] ...completed in 4.5 secs
[2020-10-28 10:44:19.277] [[32minfo[m] Regression requested
[2020-10-28 10:44:19.788] [[32minfo[m] Model restored from trained_13.model
[2020-10-28 10:44:19.789] [[32minfo[m] C 6000 T 16000 s 8.0 w -1 boost-tpf 1 nepochs 1 L MAE, C1 0.000000
[2020-10-28 10:44:19.790] [[32minfo[m] Partial fit initiated for 1 epoch(s)...
[2020-10-28 10:49:38.068] [[32minfo[m] ...completed in 318.3 secs.
[2020-10-28 10:49:38.600] [[32minfo[m] Model saved into trained_14.model
[2020-10-28 10:49:38.758] [[32minfo[m] Start
[2020-10-28 10:49:38.758] [[32minfo[m] Inference
[2020-10-28 10:49:38.758] [[32minfo[m] JSON: read encodings from encoding-20.json
[2020-10-28 10:49:38.758] [[32minfo[m] CSV: reading input.csv ...
[2020-10-28 10:49:41.845] [[32minfo[m] ...completed in 3.1 secs
[2020-10-28 10:49:41.846] [[32minfo[m] CSV: read 454404 rows with categorical features and 454404 rows with numerical ones.
[2020-10-28 10:49:41.891] [[32minfo[m] Encoding features...
[2020-10-28 10:49:50.281] [[32minfo[m] ...completed in 8.4 secs
[2020-10-28 10:49:50.808] [[32minfo[m] Regression inference
[2020-10-28 10:49:51.325] [[32minfo[m] Predicting...
[2020-10-28 10:50:00.410] [[32minfo[m] ...completed in 9.1 secs
[2020-10-28 10:50:00.414] [[32minfo[m] scores 454404
[2020-10-28 10:50:00.414] [[32minfo[m] [35] 5143,0.32144
[2020-10-28 10:50:00.414] [[32minfo[m] [36] 7811,0.48819
[2020-10-28 10:50:00.414] [[32minfo[m] [37] 5968,0.37300
[2020-10-28 10:50:00.414] [[32minfo[m] [73] 5592,0.34950
[2020-10-28 10:50:00.414] [[32minfo[m] [74] 10062,0.62887
[2020-10-28 10:50:00.414] [[32minfo[m] [75] 8037,0.50231
[2020-10-28 10:50:00.414] [[32minfo[m] [208] 7646,0.47787
[2020-10-28 10:50:00.414] [[32minfo[m] [265] 2742,0.17137
Num. customers: 454404
Average churn: 2.05
result:  33.90323
15
/repo/tco-customerchurn/data /repo/tco-customerchurn/submission/code/experiments/regr19
/repo/tco-customerchurn/submission/code/experiments/regr19
[2020-10-28 10:50:15.595] [[32minfo[m] Start
[2020-10-28 10:50:15.595] [[32minfo[m] Training
[2020-10-28 10:50:15.919] [[32minfo[m] JSON: read encodings from encoding-20.json
[2020-10-28 10:50:15.919] [[32minfo[m] CSV: reading history_mix_1to1.csv ...
[2020-10-28 10:50:17.519] [[32minfo[m] ...completed in 1.6 secs
[2020-10-28 10:50:17.519] [[32minfo[m] CSV: read 240296 rows with categorical features and 240296 rows with numerical ones.
[2020-10-28 10:50:17.538] [[32minfo[m] Encoding features...
[2020-10-28 10:50:22.026] [[32minfo[m] ...completed in 4.5 secs
[2020-10-28 10:50:22.537] [[32minfo[m] Regression requested
[2020-10-28 10:50:23.061] [[32minfo[m] Model restored from trained_14.model
[2020-10-28 10:50:23.063] [[32minfo[m] C 6000 T 16000 s 8.0 w -1 boost-tpf 1 nepochs 1 L MAE, C1 0.000000
[2020-10-28 10:50:23.066] [[32minfo[m] Partial fit initiated for 1 epoch(s)...
[2020-10-28 10:55:41.031] [[32minfo[m] ...completed in 318.0 secs.
[2020-10-28 10:55:41.580] [[32minfo[m] Model saved into trained_15.model
[2020-10-28 10:55:41.753] [[32minfo[m] Start
[2020-10-28 10:55:41.753] [[32minfo[m] Inference
[2020-10-28 10:55:41.753] [[32minfo[m] JSON: read encodings from encoding-20.json
[2020-10-28 10:55:41.753] [[32minfo[m] CSV: reading input.csv ...
[2020-10-28 10:55:44.797] [[32minfo[m] ...completed in 3.0 secs
[2020-10-28 10:55:44.797] [[32minfo[m] CSV: read 454404 rows with categorical features and 454404 rows with numerical ones.
[2020-10-28 10:55:44.844] [[32minfo[m] Encoding features...
[2020-10-28 10:55:53.157] [[32minfo[m] ...completed in 8.3 secs
[2020-10-28 10:55:53.689] [[32minfo[m] Regression inference
[2020-10-28 10:55:54.158] [[32minfo[m] Predicting...
[2020-10-28 10:56:03.448] [[32minfo[m] ...completed in 9.3 secs
[2020-10-28 10:56:03.452] [[32minfo[m] scores 454404
[2020-10-28 10:56:03.452] [[32minfo[m] [35] 6739,0.42119
[2020-10-28 10:56:03.452] [[32minfo[m] [36] 7974,0.49838
[2020-10-28 10:56:03.452] [[32minfo[m] [37] 5981,0.37381
[2020-10-28 10:56:03.452] [[32minfo[m] [73] 6982,0.43638
[2020-10-28 10:56:03.452] [[32minfo[m] [74] 9864,0.61650
[2020-10-28 10:56:03.452] [[32minfo[m] [75] 8905,0.55656
[2020-10-28 10:56:03.452] [[32minfo[m] [208] 8926,0.55788
[2020-10-28 10:56:03.452] [[32minfo[m] [265] 3547,0.22169
Num. customers: 454404
Average churn: 2.05
result:  33.12903
16
/repo/tco-customerchurn/data /repo/tco-customerchurn/submission/code/experiments/regr19
/repo/tco-customerchurn/submission/code/experiments/regr19
[2020-10-28 10:56:18.971] [[32minfo[m] Start
[2020-10-28 10:56:18.971] [[32minfo[m] Training
[2020-10-28 10:56:18.972] [[32minfo[m] JSON: read encodings from encoding-20.json
[2020-10-28 10:56:18.972] [[32minfo[m] CSV: reading history_mix_1to1.csv ...
[2020-10-28 10:56:20.678] [[32minfo[m] ...completed in 1.7 secs
[2020-10-28 10:56:20.678] [[32minfo[m] CSV: read 240296 rows with categorical features and 240296 rows with numerical ones.
[2020-10-28 10:56:20.697] [[32minfo[m] Encoding features...
[2020-10-28 10:56:25.183] [[32minfo[m] ...completed in 4.5 secs
[2020-10-28 10:56:25.699] [[32minfo[m] Regression requested
[2020-10-28 10:56:26.201] [[32minfo[m] Model restored from trained_15.model
[2020-10-28 10:56:26.202] [[32minfo[m] C 6000 T 16000 s 8.0 w -1 boost-tpf 1 nepochs 1 L MAE, C1 0.000000
[2020-10-28 10:56:26.204] [[32minfo[m] Partial fit initiated for 1 epoch(s)...
[2020-10-28 11:01:44.275] [[32minfo[m] ...completed in 318.1 secs.
[2020-10-28 11:01:44.889] [[32minfo[m] Model saved into trained_16.model
[2020-10-28 11:01:45.043] [[32minfo[m] Start
[2020-10-28 11:01:45.043] [[32minfo[m] Inference
[2020-10-28 11:01:45.043] [[32minfo[m] JSON: read encodings from encoding-20.json
[2020-10-28 11:01:45.044] [[32minfo[m] CSV: reading input.csv ...
[2020-10-28 11:01:48.238] [[32minfo[m] ...completed in 3.2 secs
[2020-10-28 11:01:48.238] [[32minfo[m] CSV: read 454404 rows with categorical features and 454404 rows with numerical ones.
[2020-10-28 11:01:48.284] [[32minfo[m] Encoding features...
[2020-10-28 11:01:57.094] [[32minfo[m] ...completed in 8.8 secs
[2020-10-28 11:01:57.609] [[32minfo[m] Regression inference
[2020-10-28 11:01:58.119] [[32minfo[m] Predicting...
[2020-10-28 11:02:07.537] [[32minfo[m] ...completed in 9.4 secs
[2020-10-28 11:02:07.540] [[32minfo[m] scores 454404
[2020-10-28 11:02:07.540] [[32minfo[m] [35] 5220,0.32625
[2020-10-28 11:02:07.540] [[32minfo[m] [36] 7427,0.46419
[2020-10-28 11:02:07.540] [[32minfo[m] [37] 6009,0.37556
[2020-10-28 11:02:07.540] [[32minfo[m] [73] 6595,0.41219
[2020-10-28 11:02:07.540] [[32minfo[m] [74] 9082,0.56763
[2020-10-28 11:02:07.540] [[32minfo[m] [75] 7977,0.49856
[2020-10-28 11:02:07.540] [[32minfo[m] [208] 8157,0.50981
[2020-10-28 11:02:07.540] [[32minfo[m] [265] 3579,0.22369
Num. customers: 454404
Average churn: 2.05
result:  32.45161
17
/repo/tco-customerchurn/data /repo/tco-customerchurn/submission/code/experiments/regr19
/repo/tco-customerchurn/submission/code/experiments/regr19
[2020-10-28 11:02:23.488] [[32minfo[m] Start
[2020-10-28 11:02:23.489] [[32minfo[m] Training
[2020-10-28 11:02:23.490] [[32minfo[m] JSON: read encodings from encoding-20.json
[2020-10-28 11:02:23.490] [[32minfo[m] CSV: reading history_mix_1to1.csv ...
[2020-10-28 11:02:25.314] [[32minfo[m] ...completed in 1.8 secs
[2020-10-28 11:02:25.314] [[32minfo[m] CSV: read 240296 rows with categorical features and 240296 rows with numerical ones.
[2020-10-28 11:02:25.333] [[32minfo[m] Encoding features...
[2020-10-28 11:02:29.749] [[32minfo[m] ...completed in 4.4 secs
[2020-10-28 11:02:30.258] [[32minfo[m] Regression requested
[2020-10-28 11:02:30.765] [[32minfo[m] Model restored from trained_16.model
[2020-10-28 11:02:30.766] [[32minfo[m] C 6000 T 16000 s 8.0 w -1 boost-tpf 1 nepochs 1 L MAE, C1 0.000000
[2020-10-28 11:02:30.768] [[32minfo[m] Partial fit initiated for 1 epoch(s)...
[2020-10-28 11:07:45.635] [[32minfo[m] ...completed in 314.9 secs.
[2020-10-28 11:07:46.180] [[32minfo[m] Model saved into trained_17.model
[2020-10-28 11:07:46.356] [[32minfo[m] Start
[2020-10-28 11:07:46.356] [[32minfo[m] Inference
[2020-10-28 11:07:46.357] [[32minfo[m] JSON: read encodings from encoding-20.json
[2020-10-28 11:07:46.357] [[32minfo[m] CSV: reading input.csv ...
[2020-10-28 11:07:49.525] [[32minfo[m] ...completed in 3.2 secs
[2020-10-28 11:07:49.525] [[32minfo[m] CSV: read 454404 rows with categorical features and 454404 rows with numerical ones.
[2020-10-28 11:07:49.570] [[32minfo[m] Encoding features...
[2020-10-28 11:07:58.210] [[32minfo[m] ...completed in 8.6 secs
[2020-10-28 11:07:58.715] [[32minfo[m] Regression inference
[2020-10-28 11:07:59.191] [[32minfo[m] Predicting...
[2020-10-28 11:08:08.297] [[32minfo[m] ...completed in 9.1 secs
[2020-10-28 11:08:08.300] [[32minfo[m] scores 454404
[2020-10-28 11:08:08.300] [[32minfo[m] [35] 4633,0.28956
[2020-10-28 11:08:08.300] [[32minfo[m] [36] 7556,0.47225
[2020-10-28 11:08:08.300] [[32minfo[m] [37] 5589,0.34931
[2020-10-28 11:08:08.300] [[32minfo[m] [73] 5477,0.34231
[2020-10-28 11:08:08.300] [[32minfo[m] [74] 8589,0.53681
[2020-10-28 11:08:08.300] [[32minfo[m] [75] 8985,0.56156
[2020-10-28 11:08:08.300] [[32minfo[m] [208] 8608,0.53800
[2020-10-28 11:08:08.300] [[32minfo[m] [265] 2300,0.14375
Num. customers: 454404
Average churn: 2.05
result:  33.18280
18
/repo/tco-customerchurn/data /repo/tco-customerchurn/submission/code/experiments/regr19
/repo/tco-customerchurn/submission/code/experiments/regr19
[2020-10-28 11:08:24.497] [[32minfo[m] Start
[2020-10-28 11:08:24.497] [[32minfo[m] Training
[2020-10-28 11:08:24.499] [[32minfo[m] JSON: read encodings from encoding-20.json
[2020-10-28 11:08:24.499] [[32minfo[m] CSV: reading history_mix_1to1.csv ...
[2020-10-28 11:08:26.194] [[32minfo[m] ...completed in 1.7 secs
[2020-10-28 11:08:26.194] [[32minfo[m] CSV: read 240296 rows with categorical features and 240296 rows with numerical ones.
[2020-10-28 11:08:26.213] [[32minfo[m] Encoding features...
[2020-10-28 11:08:30.686] [[32minfo[m] ...completed in 4.5 secs
[2020-10-28 11:08:31.204] [[32minfo[m] Regression requested
[2020-10-28 11:08:31.698] [[32minfo[m] Model restored from trained_17.model
[2020-10-28 11:08:31.699] [[32minfo[m] C 6000 T 16000 s 8.0 w -1 boost-tpf 1 nepochs 1 L MAE, C1 0.000000
[2020-10-28 11:08:31.701] [[32minfo[m] Partial fit initiated for 1 epoch(s)...
[2020-10-28 11:13:48.694] [[32minfo[m] ...completed in 317.0 secs.
[2020-10-28 11:13:49.280] [[32minfo[m] Model saved into trained_18.model
[2020-10-28 11:13:49.435] [[32minfo[m] Start
[2020-10-28 11:13:49.436] [[32minfo[m] Inference
[2020-10-28 11:13:49.436] [[32minfo[m] JSON: read encodings from encoding-20.json
[2020-10-28 11:13:49.436] [[32minfo[m] CSV: reading input.csv ...
[2020-10-28 11:13:52.544] [[32minfo[m] ...completed in 3.1 secs
[2020-10-28 11:13:52.544] [[32minfo[m] CSV: read 454404 rows with categorical features and 454404 rows with numerical ones.
[2020-10-28 11:13:52.589] [[32minfo[m] Encoding features...
[2020-10-28 11:14:01.153] [[32minfo[m] ...completed in 8.6 secs
[2020-10-28 11:14:01.694] [[32minfo[m] Regression inference
[2020-10-28 11:14:02.178] [[32minfo[m] Predicting...
[2020-10-28 11:14:11.436] [[32minfo[m] ...completed in 9.3 secs
[2020-10-28 11:14:11.440] [[32minfo[m] scores 454404
[2020-10-28 11:14:11.440] [[32minfo[m] [35] 5341,0.33381
[2020-10-28 11:14:11.440] [[32minfo[m] [36] 7865,0.49156
[2020-10-28 11:14:11.440] [[32minfo[m] [37] 5138,0.32112
[2020-10-28 11:14:11.440] [[32minfo[m] [73] 7251,0.45319
[2020-10-28 11:14:11.440] [[32minfo[m] [74] 10425,0.65156
[2020-10-28 11:14:11.440] [[32minfo[m] [75] 8533,0.53331
[2020-10-28 11:14:11.440] [[32minfo[m] [208] 8224,0.51400
[2020-10-28 11:14:11.440] [[32minfo[m] [265] 3129,0.19556
Num. customers: 454404
Average churn: 2.05
result:  33.15054
19
/repo/tco-customerchurn/data /repo/tco-customerchurn/submission/code/experiments/regr19
/repo/tco-customerchurn/submission/code/experiments/regr19
[2020-10-28 11:14:28.124] [[32minfo[m] Start
[2020-10-28 11:14:28.124] [[32minfo[m] Training
[2020-10-28 11:14:28.125] [[32minfo[m] JSON: read encodings from encoding-20.json
[2020-10-28 11:14:28.125] [[32minfo[m] CSV: reading history_mix_1to1.csv ...
[2020-10-28 11:14:29.834] [[32minfo[m] ...completed in 1.7 secs
[2020-10-28 11:14:29.834] [[32minfo[m] CSV: read 240296 rows with categorical features and 240296 rows with numerical ones.
[2020-10-28 11:14:29.855] [[32minfo[m] Encoding features...
[2020-10-28 11:14:34.507] [[32minfo[m] ...completed in 4.7 secs
[2020-10-28 11:14:35.004] [[32minfo[m] Regression requested
[2020-10-28 11:14:35.487] [[32minfo[m] Model restored from trained_18.model
[2020-10-28 11:14:35.489] [[32minfo[m] C 6000 T 16000 s 8.0 w -1 boost-tpf 1 nepochs 1 L MAE, C1 0.000000
[2020-10-28 11:14:35.492] [[32minfo[m] Partial fit initiated for 1 epoch(s)...
[2020-10-28 11:19:53.108] [[32minfo[m] ...completed in 317.6 secs.
[2020-10-28 11:19:53.653] [[32minfo[m] Model saved into trained_19.model
[2020-10-28 11:19:53.814] [[32minfo[m] Start
[2020-10-28 11:19:53.814] [[32minfo[m] Inference
[2020-10-28 11:19:53.815] [[32minfo[m] JSON: read encodings from encoding-20.json
[2020-10-28 11:19:53.815] [[32minfo[m] CSV: reading input.csv ...
[2020-10-28 11:19:56.857] [[32minfo[m] ...completed in 3.0 secs
[2020-10-28 11:19:56.857] [[32minfo[m] CSV: read 454404 rows with categorical features and 454404 rows with numerical ones.
[2020-10-28 11:19:56.902] [[32minfo[m] Encoding features...
[2020-10-28 11:20:05.498] [[32minfo[m] ...completed in 8.6 secs
[2020-10-28 11:20:06.059] [[32minfo[m] Regression inference
[2020-10-28 11:20:06.604] [[32minfo[m] Predicting...
[2020-10-28 11:20:15.603] [[32minfo[m] ...completed in 9.0 secs
[2020-10-28 11:20:15.605] [[32minfo[m] scores 454404
[2020-10-28 11:20:15.605] [[32minfo[m] [35] 5042,0.31512
[2020-10-28 11:20:15.605] [[32minfo[m] [36] 6906,0.43162
[2020-10-28 11:20:15.605] [[32minfo[m] [37] 4629,0.28931
[2020-10-28 11:20:15.605] [[32minfo[m] [73] 6790,0.42438
[2020-10-28 11:20:15.605] [[32minfo[m] [74] 9361,0.58506
[2020-10-28 11:20:15.605] [[32minfo[m] [75] 7643,0.47769
[2020-10-28 11:20:15.606] [[32minfo[m] [208] 8342,0.52138
[2020-10-28 11:20:15.606] [[32minfo[m] [265] 3034,0.18962
Num. customers: 454404
Average churn: 2.05
result:  33.16129
20
/repo/tco-customerchurn/data /repo/tco-customerchurn/submission/code/experiments/regr19
/repo/tco-customerchurn/submission/code/experiments/regr19
[2020-10-28 11:20:32.373] [[32minfo[m] Start
[2020-10-28 11:20:32.373] [[32minfo[m] Training
[2020-10-28 11:20:32.373] [[32minfo[m] JSON: read encodings from encoding-20.json
[2020-10-28 11:20:32.373] [[32minfo[m] CSV: reading history_mix_1to1.csv ...
[2020-10-28 11:20:34.015] [[32minfo[m] ...completed in 1.6 secs
[2020-10-28 11:20:34.015] [[32minfo[m] CSV: read 240296 rows with categorical features and 240296 rows with numerical ones.
[2020-10-28 11:20:34.033] [[32minfo[m] Encoding features...
[2020-10-28 11:20:38.409] [[32minfo[m] ...completed in 4.4 secs
[2020-10-28 11:20:38.917] [[32minfo[m] Regression requested
[2020-10-28 11:20:39.433] [[32minfo[m] Model restored from trained_19.model
[2020-10-28 11:20:39.434] [[32minfo[m] C 6000 T 16000 s 8.0 w -1 boost-tpf 1 nepochs 1 L MAE, C1 0.000000
[2020-10-28 11:20:39.436] [[32minfo[m] Partial fit initiated for 1 epoch(s)...
[2020-10-28 11:25:54.879] [[32minfo[m] ...completed in 315.4 secs.
[2020-10-28 11:25:55.427] [[32minfo[m] Model saved into trained_20.model
[2020-10-28 11:25:55.592] [[32minfo[m] Start
[2020-10-28 11:25:55.593] [[32minfo[m] Inference
[2020-10-28 11:25:55.593] [[32minfo[m] JSON: read encodings from encoding-20.json
[2020-10-28 11:25:55.593] [[32minfo[m] CSV: reading input.csv ...
[2020-10-28 11:25:58.705] [[32minfo[m] ...completed in 3.1 secs
[2020-10-28 11:25:58.705] [[32minfo[m] CSV: read 454404 rows with categorical features and 454404 rows with numerical ones.
[2020-10-28 11:25:58.751] [[32minfo[m] Encoding features...
[2020-10-28 11:26:07.290] [[32minfo[m] ...completed in 8.5 secs
[2020-10-28 11:26:07.789] [[32minfo[m] Regression inference
[2020-10-28 11:26:08.262] [[32minfo[m] Predicting...
[2020-10-28 11:26:17.336] [[32minfo[m] ...completed in 9.1 secs
[2020-10-28 11:26:17.339] [[32minfo[m] scores 454404
[2020-10-28 11:26:17.339] [[32minfo[m] [35] 5865,0.36656
[2020-10-28 11:26:17.339] [[32minfo[m] [36] 9192,0.57450
[2020-10-28 11:26:17.339] [[32minfo[m] [37] 6500,0.40625
[2020-10-28 11:26:17.339] [[32minfo[m] [73] 6652,0.41575
[2020-10-28 11:26:17.339] [[32minfo[m] [74] 9772,0.61075
[2020-10-28 11:26:17.339] [[32minfo[m] [75] 8683,0.54269
[2020-10-28 11:26:17.339] [[32minfo[m] [208] 8308,0.51925
[2020-10-28 11:26:17.339] [[32minfo[m] [265] 3430,0.21438
Num. customers: 454404
Average churn: 2.05
result:  33.68817
