1
/repo/tco-customerchurn/data /repo/tco-customerchurn/submission/code/experiments/regr26
/repo/tco-customerchurn/submission/code/experiments/regr26
[2020-10-31 20:46:57.222] [[32minfo[m] Start
[2020-10-31 20:46:57.222] [[32minfo[m] Training
[2020-10-31 20:46:57.223] [[32minfo[m] JSON: read encodings from encoding-20.json
[2020-10-31 20:46:57.224] [[32minfo[m] CSV: reading history_mix_1to3.csv ...
[2020-10-31 20:47:00.606] [[32minfo[m] ...completed in 3.4 secs
[2020-10-31 20:47:00.606] [[32minfo[m] CSV: read 480592 rows with categorical features and 480592 rows with numerical ones.
[2020-10-31 20:47:00.644] [[32minfo[m] Encoding features...
[2020-10-31 20:47:09.673] [[32minfo[m] ...completed in 9.0 secs
[2020-10-31 20:47:09.673] [[32minfo[m] Regression requested
[2020-10-31 20:47:09.775] [[32minfo[m] C 4000 T 16000 s 20.0 w -1 boost-tpf 1 f201906 nepochs 1 L MAE, C1 0.000000
[2020-10-31 20:47:09.775] [[32minfo[m] Partial fit initiated for 1 epoch(s)...
[2020-10-31 20:49:19.973] [[32minfo[m] ...completed in 130.2 secs.
[2020-10-31 20:49:20.315] [[32minfo[m] Model saved into trained_1.model
[2020-10-31 20:49:20.449] [[32minfo[m] Start
[2020-10-31 20:49:20.449] [[32minfo[m] Inference
[2020-10-31 20:49:20.450] [[32minfo[m] JSON: read encodings from encoding-20.json
[2020-10-31 20:49:20.450] [[32minfo[m] CSV: reading input.csv ...
[2020-10-31 20:49:23.486] [[32minfo[m] ...completed in 3.0 secs
[2020-10-31 20:49:23.486] [[32minfo[m] CSV: read 454404 rows with categorical features and 454404 rows with numerical ones.
[2020-10-31 20:49:23.531] [[32minfo[m] Encoding features...
[2020-10-31 20:49:32.041] [[32minfo[m] ...completed in 8.5 secs
[2020-10-31 20:49:32.378] [[32minfo[m] Regression inference
[2020-10-31 20:49:32.692] [[32minfo[m] Predicting...
[2020-10-31 20:49:38.898] [[32minfo[m] ...completed in 6.2 secs
[2020-10-31 20:49:38.901] [[32minfo[m] scores 454404
[2020-10-31 20:49:38.901] [[32minfo[m] [35] 1599,0.09994
[2020-10-31 20:49:38.901] [[32minfo[m] [36] 3751,0.23444
[2020-10-31 20:49:38.901] [[32minfo[m] [37] 2891,0.18069
[2020-10-31 20:49:38.901] [[32minfo[m] [73] 2006,0.12537
[2020-10-31 20:49:38.901] [[32minfo[m] [74] 4053,0.25331
[2020-10-31 20:49:38.901] [[32minfo[m] [75] 3038,0.18987
[2020-10-31 20:49:38.901] [[32minfo[m] [208] 3688,0.23050
[2020-10-31 20:49:38.901] [[32minfo[m] [265] 964,0.06025
gzip: trained_0.model: No such file or directory
Num. customers: 454404
Average churn: 2.05
result:  34.29032
2
/repo/tco-customerchurn/data /repo/tco-customerchurn/submission/code/experiments/regr26
/repo/tco-customerchurn/submission/code/experiments/regr26
[2020-10-31 20:49:56.761] [[32minfo[m] Start
[2020-10-31 20:49:56.761] [[32minfo[m] Training
[2020-10-31 20:49:56.763] [[32minfo[m] JSON: read encodings from encoding-20.json
[2020-10-31 20:49:56.763] [[32minfo[m] CSV: reading history_mix_1to3.csv ...
[2020-10-31 20:50:00.011] [[32minfo[m] ...completed in 3.2 secs
[2020-10-31 20:50:00.011] [[32minfo[m] CSV: read 480592 rows with categorical features and 480592 rows with numerical ones.
[2020-10-31 20:50:00.055] [[32minfo[m] Encoding features...
[2020-10-31 20:50:09.079] [[32minfo[m] ...completed in 9.0 secs
[2020-10-31 20:50:09.493] [[32minfo[m] Regression requested
[2020-10-31 20:50:09.832] [[32minfo[m] Model restored from trained_1.model
[2020-10-31 20:50:09.833] [[32minfo[m] C 4000 T 16000 s 20.0 w -1 boost-tpf 1 f201906 nepochs 1 L MAE, C1 0.000000
[2020-10-31 20:50:09.836] [[32minfo[m] Partial fit initiated for 1 epoch(s)...
[2020-10-31 20:52:20.340] [[32minfo[m] ...completed in 130.5 secs.
[2020-10-31 20:52:20.683] [[32minfo[m] Model saved into trained_2.model
[2020-10-31 20:52:20.861] [[32minfo[m] Start
[2020-10-31 20:52:20.862] [[32minfo[m] Inference
[2020-10-31 20:52:20.863] [[32minfo[m] JSON: read encodings from encoding-20.json
[2020-10-31 20:52:20.863] [[32minfo[m] CSV: reading input.csv ...
[2020-10-31 20:52:23.992] [[32minfo[m] ...completed in 3.1 secs
[2020-10-31 20:52:23.992] [[32minfo[m] CSV: read 454404 rows with categorical features and 454404 rows with numerical ones.
[2020-10-31 20:52:24.040] [[32minfo[m] Encoding features...
[2020-10-31 20:52:32.495] [[32minfo[m] ...completed in 8.5 secs
[2020-10-31 20:52:32.868] [[32minfo[m] Regression inference
[2020-10-31 20:52:33.201] [[32minfo[m] Predicting...
[2020-10-31 20:52:39.491] [[32minfo[m] ...completed in 6.3 secs
[2020-10-31 20:52:39.494] [[32minfo[m] scores 454404
[2020-10-31 20:52:39.494] [[32minfo[m] [35] 2793,0.17456
[2020-10-31 20:52:39.494] [[32minfo[m] [36] 4120,0.25750
[2020-10-31 20:52:39.494] [[32minfo[m] [37] 2562,0.16012
[2020-10-31 20:52:39.494] [[32minfo[m] [73] 2439,0.15244
[2020-10-31 20:52:39.494] [[32minfo[m] [74] 5467,0.34169
[2020-10-31 20:52:39.494] [[32minfo[m] [75] 3734,0.23337
[2020-10-31 20:52:39.494] [[32minfo[m] [208] 3922,0.24513
[2020-10-31 20:52:39.494] [[32minfo[m] [265] 1402,0.08762
Num. customers: 454404
Average churn: 2.05
result:  34.48387
3
/repo/tco-customerchurn/data /repo/tco-customerchurn/submission/code/experiments/regr26
/repo/tco-customerchurn/submission/code/experiments/regr26
[2020-10-31 20:52:58.181] [[32minfo[m] Start
[2020-10-31 20:52:58.181] [[32minfo[m] Training
[2020-10-31 20:52:58.183] [[32minfo[m] JSON: read encodings from encoding-20.json
[2020-10-31 20:52:58.183] [[32minfo[m] CSV: reading history_mix_1to3.csv ...
[2020-10-31 20:53:01.544] [[32minfo[m] ...completed in 3.4 secs
[2020-10-31 20:53:01.544] [[32minfo[m] CSV: read 480592 rows with categorical features and 480592 rows with numerical ones.
[2020-10-31 20:53:01.588] [[32minfo[m] Encoding features...
[2020-10-31 20:53:10.837] [[32minfo[m] ...completed in 9.2 secs
[2020-10-31 20:53:11.259] [[32minfo[m] Regression requested
[2020-10-31 20:53:11.609] [[32minfo[m] Model restored from trained_2.model
[2020-10-31 20:53:11.610] [[32minfo[m] C 4000 T 16000 s 20.0 w -1 boost-tpf 1 f201906 nepochs 1 L MAE, C1 0.000000
[2020-10-31 20:53:11.611] [[32minfo[m] Partial fit initiated for 1 epoch(s)...
[2020-10-31 20:55:25.733] [[32minfo[m] ...completed in 134.1 secs.
[2020-10-31 20:55:26.080] [[32minfo[m] Model saved into trained_3.model
[2020-10-31 20:55:26.279] [[32minfo[m] Start
[2020-10-31 20:55:26.280] [[32minfo[m] Inference
[2020-10-31 20:55:26.280] [[32minfo[m] JSON: read encodings from encoding-20.json
[2020-10-31 20:55:26.280] [[32minfo[m] CSV: reading input.csv ...
[2020-10-31 20:55:29.325] [[32minfo[m] ...completed in 3.0 secs
[2020-10-31 20:55:29.325] [[32minfo[m] CSV: read 454404 rows with categorical features and 454404 rows with numerical ones.
[2020-10-31 20:55:29.371] [[32minfo[m] Encoding features...
[2020-10-31 20:55:37.980] [[32minfo[m] ...completed in 8.6 secs
[2020-10-31 20:55:38.330] [[32minfo[m] Regression inference
[2020-10-31 20:55:38.651] [[32minfo[m] Predicting...
[2020-10-31 20:55:44.927] [[32minfo[m] ...completed in 6.3 secs
[2020-10-31 20:55:44.929] [[32minfo[m] scores 454404
[2020-10-31 20:55:44.930] [[32minfo[m] [35] 1987,0.12419
[2020-10-31 20:55:44.930] [[32minfo[m] [36] 3961,0.24756
[2020-10-31 20:55:44.930] [[32minfo[m] [37] 2456,0.15350
[2020-10-31 20:55:44.930] [[32minfo[m] [73] 1924,0.12025
[2020-10-31 20:55:44.930] [[32minfo[m] [74] 4810,0.30062
[2020-10-31 20:55:44.930] [[32minfo[m] [75] 3637,0.22731
[2020-10-31 20:55:44.930] [[32minfo[m] [208] 4149,0.25931
[2020-10-31 20:55:44.930] [[32minfo[m] [265] 1651,0.10319
Num. customers: 454404
Average churn: 2.05
result:  34.33333
4
/repo/tco-customerchurn/data /repo/tco-customerchurn/submission/code/experiments/regr26
/repo/tco-customerchurn/submission/code/experiments/regr26
[2020-10-31 20:56:02.640] [[32minfo[m] Start
[2020-10-31 20:56:02.640] [[32minfo[m] Training
[2020-10-31 20:56:02.642] [[32minfo[m] JSON: read encodings from encoding-20.json
[2020-10-31 20:56:02.642] [[32minfo[m] CSV: reading history_mix_1to3.csv ...
[2020-10-31 20:56:05.886] [[32minfo[m] ...completed in 3.2 secs
[2020-10-31 20:56:05.887] [[32minfo[m] CSV: read 480592 rows with categorical features and 480592 rows with numerical ones.
[2020-10-31 20:56:05.924] [[32minfo[m] Encoding features...
[2020-10-31 20:56:14.996] [[32minfo[m] ...completed in 9.1 secs
[2020-10-31 20:56:15.394] [[32minfo[m] Regression requested
[2020-10-31 20:56:15.707] [[32minfo[m] Model restored from trained_3.model
[2020-10-31 20:56:15.708] [[32minfo[m] C 4000 T 16000 s 20.0 w -1 boost-tpf 1 f201906 nepochs 1 L MAE, C1 0.000000
[2020-10-31 20:56:15.709] [[32minfo[m] Partial fit initiated for 1 epoch(s)...
[2020-10-31 20:58:25.865] [[32minfo[m] ...completed in 130.2 secs.
[2020-10-31 20:58:26.215] [[32minfo[m] Model saved into trained_4.model
[2020-10-31 20:58:26.399] [[32minfo[m] Start
[2020-10-31 20:58:26.399] [[32minfo[m] Inference
[2020-10-31 20:58:26.399] [[32minfo[m] JSON: read encodings from encoding-20.json
[2020-10-31 20:58:26.399] [[32minfo[m] CSV: reading input.csv ...
[2020-10-31 20:58:29.770] [[32minfo[m] ...completed in 3.4 secs
[2020-10-31 20:58:29.770] [[32minfo[m] CSV: read 454404 rows with categorical features and 454404 rows with numerical ones.
[2020-10-31 20:58:29.816] [[32minfo[m] Encoding features...
[2020-10-31 20:58:38.406] [[32minfo[m] ...completed in 8.6 secs
[2020-10-31 20:58:38.749] [[32minfo[m] Regression inference
[2020-10-31 20:58:39.060] [[32minfo[m] Predicting...
[2020-10-31 20:58:45.292] [[32minfo[m] ...completed in 6.2 secs
[2020-10-31 20:58:45.295] [[32minfo[m] scores 454404
[2020-10-31 20:58:45.295] [[32minfo[m] [35] 2321,0.14506
[2020-10-31 20:58:45.295] [[32minfo[m] [36] 5116,0.31975
[2020-10-31 20:58:45.295] [[32minfo[m] [37] 2558,0.15987
[2020-10-31 20:58:45.295] [[32minfo[m] [73] 2689,0.16806
[2020-10-31 20:58:45.295] [[32minfo[m] [74] 5240,0.32750
[2020-10-31 20:58:45.295] [[32minfo[m] [75] 4325,0.27031
[2020-10-31 20:58:45.295] [[32minfo[m] [208] 3766,0.23538
[2020-10-31 20:58:45.295] [[32minfo[m] [265] 888,0.05550
Num. customers: 454404
Average churn: 2.05
result:  34.60215
5
/repo/tco-customerchurn/data /repo/tco-customerchurn/submission/code/experiments/regr26
/repo/tco-customerchurn/submission/code/experiments/regr26
[2020-10-31 20:59:03.933] [[32minfo[m] Start
[2020-10-31 20:59:03.933] [[32minfo[m] Training
[2020-10-31 20:59:03.934] [[32minfo[m] JSON: read encodings from encoding-20.json
[2020-10-31 20:59:03.934] [[32minfo[m] CSV: reading history_mix_1to3.csv ...
[2020-10-31 20:59:07.259] [[32minfo[m] ...completed in 3.3 secs
[2020-10-31 20:59:07.259] [[32minfo[m] CSV: read 480592 rows with categorical features and 480592 rows with numerical ones.
[2020-10-31 20:59:07.296] [[32minfo[m] Encoding features...
[2020-10-31 20:59:16.385] [[32minfo[m] ...completed in 9.1 secs
[2020-10-31 20:59:16.815] [[32minfo[m] Regression requested
[2020-10-31 20:59:17.126] [[32minfo[m] Model restored from trained_4.model
[2020-10-31 20:59:17.127] [[32minfo[m] C 4000 T 16000 s 20.0 w -1 boost-tpf 1 f201906 nepochs 1 L MAE, C1 0.000000
[2020-10-31 20:59:17.129] [[32minfo[m] Partial fit initiated for 1 epoch(s)...
[2020-10-31 21:01:29.789] [[32minfo[m] ...completed in 132.7 secs.
[2020-10-31 21:01:30.142] [[32minfo[m] Model saved into trained_5.model
[2020-10-31 21:01:30.331] [[32minfo[m] Start
[2020-10-31 21:01:30.332] [[32minfo[m] Inference
[2020-10-31 21:01:30.332] [[32minfo[m] JSON: read encodings from encoding-20.json
[2020-10-31 21:01:30.332] [[32minfo[m] CSV: reading input.csv ...
[2020-10-31 21:01:33.400] [[32minfo[m] ...completed in 3.1 secs
[2020-10-31 21:01:33.400] [[32minfo[m] CSV: read 454404 rows with categorical features and 454404 rows with numerical ones.
[2020-10-31 21:01:33.448] [[32minfo[m] Encoding features...
[2020-10-31 21:01:41.779] [[32minfo[m] ...completed in 8.3 secs
[2020-10-31 21:01:42.129] [[32minfo[m] Regression inference
[2020-10-31 21:01:42.440] [[32minfo[m] Predicting...
[2020-10-31 21:01:48.436] [[32minfo[m] ...completed in 6.0 secs
[2020-10-31 21:01:48.439] [[32minfo[m] scores 454404
[2020-10-31 21:01:48.439] [[32minfo[m] [35] 2561,0.16006
[2020-10-31 21:01:48.439] [[32minfo[m] [36] 3661,0.22881
[2020-10-31 21:01:48.439] [[32minfo[m] [37] 3014,0.18837
[2020-10-31 21:01:48.439] [[32minfo[m] [73] 2931,0.18319
[2020-10-31 21:01:48.440] [[32minfo[m] [74] 3850,0.24063
[2020-10-31 21:01:48.440] [[32minfo[m] [75] 2925,0.18281
[2020-10-31 21:01:48.440] [[32minfo[m] [208] 4174,0.26088
[2020-10-31 21:01:48.440] [[32minfo[m] [265] 1039,0.06494
Num. customers: 454404
Average churn: 2.05
result:  34.55914
6
/repo/tco-customerchurn/data /repo/tco-customerchurn/submission/code/experiments/regr26
/repo/tco-customerchurn/submission/code/experiments/regr26
[2020-10-31 21:02:11.594] [[32minfo[m] Start
[2020-10-31 21:02:11.594] [[32minfo[m] Training
[2020-10-31 21:02:11.595] [[32minfo[m] JSON: read encodings from encoding-20.json
[2020-10-31 21:02:11.595] [[32minfo[m] CSV: reading history_mix_1to3.csv ...
[2020-10-31 21:02:14.980] [[32minfo[m] ...completed in 3.4 secs
[2020-10-31 21:02:14.980] [[32minfo[m] CSV: read 480592 rows with categorical features and 480592 rows with numerical ones.
[2020-10-31 21:02:15.018] [[32minfo[m] Encoding features...
[2020-10-31 21:02:23.965] [[32minfo[m] ...completed in 8.9 secs
[2020-10-31 21:02:24.368] [[32minfo[m] Regression requested
[2020-10-31 21:02:24.678] [[32minfo[m] Model restored from trained_5.model
[2020-10-31 21:02:24.679] [[32minfo[m] C 4000 T 16000 s 20.0 w -1 boost-tpf 1 f201906 nepochs 1 L MAE, C1 0.000000
[2020-10-31 21:02:24.680] [[32minfo[m] Partial fit initiated for 1 epoch(s)...
[2020-10-31 21:04:38.508] [[32minfo[m] ...completed in 133.8 secs.
[2020-10-31 21:04:38.864] [[32minfo[m] Model saved into trained_6.model
[2020-10-31 21:04:39.046] [[32minfo[m] Start
[2020-10-31 21:04:39.046] [[32minfo[m] Inference
[2020-10-31 21:04:39.047] [[32minfo[m] JSON: read encodings from encoding-20.json
[2020-10-31 21:04:39.047] [[32minfo[m] CSV: reading input.csv ...
[2020-10-31 21:04:42.404] [[32minfo[m] ...completed in 3.4 secs
[2020-10-31 21:04:42.404] [[32minfo[m] CSV: read 454404 rows with categorical features and 454404 rows with numerical ones.
[2020-10-31 21:04:42.458] [[32minfo[m] Encoding features...
[2020-10-31 21:04:50.952] [[32minfo[m] ...completed in 8.5 secs
[2020-10-31 21:04:51.308] [[32minfo[m] Regression inference
[2020-10-31 21:04:51.618] [[32minfo[m] Predicting...
[2020-10-31 21:04:57.787] [[32minfo[m] ...completed in 6.2 secs
[2020-10-31 21:04:57.789] [[32minfo[m] scores 454404
[2020-10-31 21:04:57.789] [[32minfo[m] [35] 3121,0.19506
[2020-10-31 21:04:57.789] [[32minfo[m] [36] 4267,0.26669
[2020-10-31 21:04:57.789] [[32minfo[m] [37] 2873,0.17956
[2020-10-31 21:04:57.789] [[32minfo[m] [73] 2219,0.13869
[2020-10-31 21:04:57.789] [[32minfo[m] [74] 5456,0.34100
[2020-10-31 21:04:57.789] [[32minfo[m] [75] 3259,0.20369
[2020-10-31 21:04:57.789] [[32minfo[m] [208] 3492,0.21825
[2020-10-31 21:04:57.789] [[32minfo[m] [265] 1692,0.10575
Num. customers: 454404
Average churn: 2.05
result:  34.21505
7
/repo/tco-customerchurn/data /repo/tco-customerchurn/submission/code/experiments/regr26
/repo/tco-customerchurn/submission/code/experiments/regr26
[2020-10-31 21:05:16.679] [[32minfo[m] Start
[2020-10-31 21:05:16.681] [[32minfo[m] Training
[2020-10-31 21:05:16.682] [[32minfo[m] JSON: read encodings from encoding-20.json
[2020-10-31 21:05:16.682] [[32minfo[m] CSV: reading history_mix_1to3.csv ...
[2020-10-31 21:05:20.103] [[32minfo[m] ...completed in 3.4 secs
[2020-10-31 21:05:20.103] [[32minfo[m] CSV: read 480592 rows with categorical features and 480592 rows with numerical ones.
[2020-10-31 21:05:20.139] [[32minfo[m] Encoding features...
[2020-10-31 21:05:29.259] [[32minfo[m] ...completed in 9.1 secs
[2020-10-31 21:05:29.677] [[32minfo[m] Regression requested
[2020-10-31 21:05:30.011] [[32minfo[m] Model restored from trained_6.model
[2020-10-31 21:05:30.012] [[32minfo[m] C 4000 T 16000 s 20.0 w -1 boost-tpf 1 f201906 nepochs 1 L MAE, C1 0.000000
[2020-10-31 21:05:30.015] [[32minfo[m] Partial fit initiated for 1 epoch(s)...
[2020-10-31 21:07:42.240] [[32minfo[m] ...completed in 132.2 secs.
[2020-10-31 21:07:42.580] [[32minfo[m] Model saved into trained_7.model
[2020-10-31 21:07:42.764] [[32minfo[m] Start
[2020-10-31 21:07:42.764] [[32minfo[m] Inference
[2020-10-31 21:07:42.765] [[32minfo[m] JSON: read encodings from encoding-20.json
[2020-10-31 21:07:42.765] [[32minfo[m] CSV: reading input.csv ...
[2020-10-31 21:07:45.831] [[32minfo[m] ...completed in 3.1 secs
[2020-10-31 21:07:45.831] [[32minfo[m] CSV: read 454404 rows with categorical features and 454404 rows with numerical ones.
[2020-10-31 21:07:45.885] [[32minfo[m] Encoding features...
[2020-10-31 21:07:54.638] [[32minfo[m] ...completed in 8.8 secs
[2020-10-31 21:07:54.989] [[32minfo[m] Regression inference
[2020-10-31 21:07:55.322] [[32minfo[m] Predicting...
[2020-10-31 21:08:01.430] [[32minfo[m] ...completed in 6.1 secs
[2020-10-31 21:08:01.433] [[32minfo[m] scores 454404
[2020-10-31 21:08:01.433] [[32minfo[m] [35] 2892,0.18075
[2020-10-31 21:08:01.433] [[32minfo[m] [36] 4265,0.26656
[2020-10-31 21:08:01.433] [[32minfo[m] [37] 2812,0.17575
[2020-10-31 21:08:01.433] [[32minfo[m] [73] 1845,0.11531
[2020-10-31 21:08:01.433] [[32minfo[m] [74] 4853,0.30331
[2020-10-31 21:08:01.433] [[32minfo[m] [75] 4108,0.25675
[2020-10-31 21:08:01.433] [[32minfo[m] [208] 3640,0.22750
[2020-10-31 21:08:01.433] [[32minfo[m] [265] 1948,0.12175
Num. customers: 454404
Average churn: 2.05
result:  33.94624
8
/repo/tco-customerchurn/data /repo/tco-customerchurn/submission/code/experiments/regr26
/repo/tco-customerchurn/submission/code/experiments/regr26
[2020-10-31 21:08:19.543] [[32minfo[m] Start
[2020-10-31 21:08:19.543] [[32minfo[m] Training
[2020-10-31 21:08:19.544] [[32minfo[m] JSON: read encodings from encoding-20.json
[2020-10-31 21:08:19.544] [[32minfo[m] CSV: reading history_mix_1to3.csv ...
[2020-10-31 21:08:23.141] [[32minfo[m] ...completed in 3.6 secs
[2020-10-31 21:08:23.141] [[32minfo[m] CSV: read 480592 rows with categorical features and 480592 rows with numerical ones.
[2020-10-31 21:08:23.178] [[32minfo[m] Encoding features...
[2020-10-31 21:08:32.403] [[32minfo[m] ...completed in 9.2 secs
[2020-10-31 21:08:32.815] [[32minfo[m] Regression requested
[2020-10-31 21:08:33.141] [[32minfo[m] Model restored from trained_7.model
[2020-10-31 21:08:33.142] [[32minfo[m] C 4000 T 16000 s 20.0 w -1 boost-tpf 1 f201906 nepochs 1 L MAE, C1 0.000000
[2020-10-31 21:08:33.144] [[32minfo[m] Partial fit initiated for 1 epoch(s)...
[2020-10-31 21:10:44.967] [[32minfo[m] ...completed in 131.8 secs.
[2020-10-31 21:10:45.311] [[32minfo[m] Model saved into trained_8.model
[2020-10-31 21:10:45.498] [[32minfo[m] Start
[2020-10-31 21:10:45.498] [[32minfo[m] Inference
[2020-10-31 21:10:45.499] [[32minfo[m] JSON: read encodings from encoding-20.json
[2020-10-31 21:10:45.499] [[32minfo[m] CSV: reading input.csv ...
[2020-10-31 21:10:48.449] [[32minfo[m] ...completed in 3.0 secs
[2020-10-31 21:10:48.449] [[32minfo[m] CSV: read 454404 rows with categorical features and 454404 rows with numerical ones.
[2020-10-31 21:10:48.497] [[32minfo[m] Encoding features...
[2020-10-31 21:10:56.895] [[32minfo[m] ...completed in 8.4 secs
[2020-10-31 21:10:57.266] [[32minfo[m] Regression inference
[2020-10-31 21:10:57.589] [[32minfo[m] Predicting...
[2020-10-31 21:11:03.700] [[32minfo[m] ...completed in 6.1 secs
[2020-10-31 21:11:03.703] [[32minfo[m] scores 454404
[2020-10-31 21:11:03.703] [[32minfo[m] [35] 1976,0.12350
[2020-10-31 21:11:03.703] [[32minfo[m] [36] 4331,0.27069
[2020-10-31 21:11:03.703] [[32minfo[m] [37] 2713,0.16956
[2020-10-31 21:11:03.703] [[32minfo[m] [73] 2360,0.14750
[2020-10-31 21:11:03.704] [[32minfo[m] [74] 5857,0.36606
[2020-10-31 21:11:03.704] [[32minfo[m] [75] 3330,0.20813
[2020-10-31 21:11:03.704] [[32minfo[m] [208] 4104,0.25650
[2020-10-31 21:11:03.704] [[32minfo[m] [265] 1176,0.07350
Num. customers: 454404
Average churn: 2.05
result:  34.86022
9
/repo/tco-customerchurn/data /repo/tco-customerchurn/submission/code/experiments/regr26
/repo/tco-customerchurn/submission/code/experiments/regr26
[2020-10-31 21:11:21.945] [[32minfo[m] Start
[2020-10-31 21:11:21.945] [[32minfo[m] Training
[2020-10-31 21:11:21.946] [[32minfo[m] JSON: read encodings from encoding-20.json
[2020-10-31 21:11:21.946] [[32minfo[m] CSV: reading history_mix_1to3.csv ...
[2020-10-31 21:11:25.356] [[32minfo[m] ...completed in 3.4 secs
[2020-10-31 21:11:25.356] [[32minfo[m] CSV: read 480592 rows with categorical features and 480592 rows with numerical ones.
[2020-10-31 21:11:25.393] [[32minfo[m] Encoding features...
[2020-10-31 21:11:34.433] [[32minfo[m] ...completed in 9.0 secs
[2020-10-31 21:11:34.857] [[32minfo[m] Regression requested
[2020-10-31 21:11:35.209] [[32minfo[m] Model restored from trained_8.model
[2020-10-31 21:11:35.210] [[32minfo[m] C 4000 T 16000 s 20.0 w -1 boost-tpf 1 f201906 nepochs 1 L MAE, C1 0.000000
[2020-10-31 21:11:35.212] [[32minfo[m] Partial fit initiated for 1 epoch(s)...
[2020-10-31 21:13:45.989] [[32minfo[m] ...completed in 130.8 secs.
[2020-10-31 21:13:46.330] [[32minfo[m] Model saved into trained_9.model
[2020-10-31 21:13:46.514] [[32minfo[m] Start
[2020-10-31 21:13:46.514] [[32minfo[m] Inference
[2020-10-31 21:13:46.515] [[32minfo[m] JSON: read encodings from encoding-20.json
[2020-10-31 21:13:46.515] [[32minfo[m] CSV: reading input.csv ...
[2020-10-31 21:13:49.491] [[32minfo[m] ...completed in 3.0 secs
[2020-10-31 21:13:49.491] [[32minfo[m] CSV: read 454404 rows with categorical features and 454404 rows with numerical ones.
[2020-10-31 21:13:49.542] [[32minfo[m] Encoding features...
[2020-10-31 21:13:58.056] [[32minfo[m] ...completed in 8.5 secs
[2020-10-31 21:13:58.409] [[32minfo[m] Regression inference
[2020-10-31 21:13:58.757] [[32minfo[m] Predicting...
[2020-10-31 21:14:04.896] [[32minfo[m] ...completed in 6.1 secs
[2020-10-31 21:14:04.899] [[32minfo[m] scores 454404
[2020-10-31 21:14:04.899] [[32minfo[m] [35] 2306,0.14413
[2020-10-31 21:14:04.899] [[32minfo[m] [36] 4511,0.28194
[2020-10-31 21:14:04.899] [[32minfo[m] [37] 3288,0.20550
[2020-10-31 21:14:04.899] [[32minfo[m] [73] 2091,0.13069
[2020-10-31 21:14:04.899] [[32minfo[m] [74] 5424,0.33900
[2020-10-31 21:14:04.900] [[32minfo[m] [75] 4800,0.30000
[2020-10-31 21:14:04.900] [[32minfo[m] [208] 3698,0.23112
[2020-10-31 21:14:04.900] [[32minfo[m] [265] 984,0.06150
Num. customers: 454404
Average churn: 2.05
result:  34.31183
10
/repo/tco-customerchurn/data /repo/tco-customerchurn/submission/code/experiments/regr26
/repo/tco-customerchurn/submission/code/experiments/regr26
[2020-10-31 21:14:23.675] [[32minfo[m] Start
[2020-10-31 21:14:23.675] [[32minfo[m] Training
[2020-10-31 21:14:23.676] [[32minfo[m] JSON: read encodings from encoding-20.json
[2020-10-31 21:14:23.676] [[32minfo[m] CSV: reading history_mix_1to3.csv ...
[2020-10-31 21:14:27.011] [[32minfo[m] ...completed in 3.3 secs
[2020-10-31 21:14:27.011] [[32minfo[m] CSV: read 480592 rows with categorical features and 480592 rows with numerical ones.
[2020-10-31 21:14:27.051] [[32minfo[m] Encoding features...
[2020-10-31 21:14:36.026] [[32minfo[m] ...completed in 9.0 secs
[2020-10-31 21:14:36.426] [[32minfo[m] Regression requested
[2020-10-31 21:14:36.766] [[32minfo[m] Model restored from trained_9.model
[2020-10-31 21:14:36.767] [[32minfo[m] C 4000 T 16000 s 20.0 w -1 boost-tpf 1 f201906 nepochs 1 L MAE, C1 0.000000
[2020-10-31 21:14:36.769] [[32minfo[m] Partial fit initiated for 1 epoch(s)...
[2020-10-31 21:16:47.665] [[32minfo[m] ...completed in 130.9 secs.
[2020-10-31 21:16:48.015] [[32minfo[m] Model saved into trained_10.model
[2020-10-31 21:16:48.213] [[32minfo[m] Start
[2020-10-31 21:16:48.213] [[32minfo[m] Inference
[2020-10-31 21:16:48.215] [[32minfo[m] JSON: read encodings from encoding-20.json
[2020-10-31 21:16:48.215] [[32minfo[m] CSV: reading input.csv ...
[2020-10-31 21:16:51.254] [[32minfo[m] ...completed in 3.0 secs
[2020-10-31 21:16:51.255] [[32minfo[m] CSV: read 454404 rows with categorical features and 454404 rows with numerical ones.
[2020-10-31 21:16:51.301] [[32minfo[m] Encoding features...
[2020-10-31 21:17:00.002] [[32minfo[m] ...completed in 8.7 secs
[2020-10-31 21:17:00.340] [[32minfo[m] Regression inference
[2020-10-31 21:17:00.651] [[32minfo[m] Predicting...
[2020-10-31 21:17:06.806] [[32minfo[m] ...completed in 6.2 secs
[2020-10-31 21:17:06.809] [[32minfo[m] scores 454404
[2020-10-31 21:17:06.809] [[32minfo[m] [35] 2644,0.16525
[2020-10-31 21:17:06.809] [[32minfo[m] [36] 4302,0.26887
[2020-10-31 21:17:06.809] [[32minfo[m] [37] 2166,0.13537
[2020-10-31 21:17:06.809] [[32minfo[m] [73] 2494,0.15588
[2020-10-31 21:17:06.809] [[32minfo[m] [74] 4601,0.28756
[2020-10-31 21:17:06.809] [[32minfo[m] [75] 3204,0.20025
[2020-10-31 21:17:06.809] [[32minfo[m] [208] 4619,0.28869
[2020-10-31 21:17:06.809] [[32minfo[m] [265] 1747,0.10919
Num. customers: 454404
Average churn: 2.05
result:  34.12903
11
/repo/tco-customerchurn/data /repo/tco-customerchurn/submission/code/experiments/regr26
/repo/tco-customerchurn/submission/code/experiments/regr26
[2020-10-31 21:17:25.738] [[32minfo[m] Start
[2020-10-31 21:17:25.738] [[32minfo[m] Training
[2020-10-31 21:17:25.740] [[32minfo[m] JSON: read encodings from encoding-20.json
[2020-10-31 21:17:25.740] [[32minfo[m] CSV: reading history_mix_1to3.csv ...
[2020-10-31 21:17:29.152] [[32minfo[m] ...completed in 3.4 secs
[2020-10-31 21:17:29.152] [[32minfo[m] CSV: read 480592 rows with categorical features and 480592 rows with numerical ones.
[2020-10-31 21:17:29.188] [[32minfo[m] Encoding features...
[2020-10-31 21:17:38.315] [[32minfo[m] ...completed in 9.1 secs
[2020-10-31 21:17:38.709] [[32minfo[m] Regression requested
[2020-10-31 21:17:39.034] [[32minfo[m] Model restored from trained_10.model
[2020-10-31 21:17:39.035] [[32minfo[m] C 4000 T 16000 s 20.0 w -1 boost-tpf 1 f201906 nepochs 1 L MAE, C1 0.000000
[2020-10-31 21:17:39.037] [[32minfo[m] Partial fit initiated for 1 epoch(s)...
[2020-10-31 21:19:50.417] [[32minfo[m] ...completed in 131.4 secs.
[2020-10-31 21:19:50.796] [[32minfo[m] Model saved into trained_11.model
[2020-10-31 21:19:51.003] [[32minfo[m] Start
[2020-10-31 21:19:51.003] [[32minfo[m] Inference
[2020-10-31 21:19:51.004] [[32minfo[m] JSON: read encodings from encoding-20.json
[2020-10-31 21:19:51.004] [[32minfo[m] CSV: reading input.csv ...
[2020-10-31 21:19:54.154] [[32minfo[m] ...completed in 3.2 secs
[2020-10-31 21:19:54.154] [[32minfo[m] CSV: read 454404 rows with categorical features and 454404 rows with numerical ones.
[2020-10-31 21:19:54.199] [[32minfo[m] Encoding features...
[2020-10-31 21:20:02.765] [[32minfo[m] ...completed in 8.6 secs
[2020-10-31 21:20:03.115] [[32minfo[m] Regression inference
[2020-10-31 21:20:03.426] [[32minfo[m] Predicting...
[2020-10-31 21:20:10.189] [[32minfo[m] ...completed in 6.8 secs
[2020-10-31 21:20:10.192] [[32minfo[m] scores 454404
[2020-10-31 21:20:10.192] [[32minfo[m] [35] 2268,0.14175
[2020-10-31 21:20:10.192] [[32minfo[m] [36] 3620,0.22625
[2020-10-31 21:20:10.192] [[32minfo[m] [37] 2750,0.17188
[2020-10-31 21:20:10.192] [[32minfo[m] [73] 2243,0.14019
[2020-10-31 21:20:10.192] [[32minfo[m] [74] 3984,0.24900
[2020-10-31 21:20:10.192] [[32minfo[m] [75] 3316,0.20725
[2020-10-31 21:20:10.192] [[32minfo[m] [208] 4160,0.26000
[2020-10-31 21:20:10.192] [[32minfo[m] [265] 1874,0.11713
Num. customers: 454404
Average churn: 2.05
result:  34.18280
12
/repo/tco-customerchurn/data /repo/tco-customerchurn/submission/code/experiments/regr26
/repo/tco-customerchurn/submission/code/experiments/regr26
[2020-10-31 21:20:28.922] [[32minfo[m] Start
[2020-10-31 21:20:28.922] [[32minfo[m] Training
[2020-10-31 21:20:28.923] [[32minfo[m] JSON: read encodings from encoding-20.json
[2020-10-31 21:20:28.923] [[32minfo[m] CSV: reading history_mix_1to3.csv ...
[2020-10-31 21:20:32.483] [[32minfo[m] ...completed in 3.6 secs
[2020-10-31 21:20:32.484] [[32minfo[m] CSV: read 480592 rows with categorical features and 480592 rows with numerical ones.
[2020-10-31 21:20:32.520] [[32minfo[m] Encoding features...
[2020-10-31 21:20:41.495] [[32minfo[m] ...completed in 9.0 secs
[2020-10-31 21:20:41.905] [[32minfo[m] Regression requested
[2020-10-31 21:20:42.257] [[32minfo[m] Model restored from trained_11.model
[2020-10-31 21:20:42.258] [[32minfo[m] C 4000 T 16000 s 20.0 w -1 boost-tpf 1 f201906 nepochs 1 L MAE, C1 0.000000
[2020-10-31 21:20:42.260] [[32minfo[m] Partial fit initiated for 1 epoch(s)...
[2020-10-31 21:22:53.871] [[32minfo[m] ...completed in 131.6 secs.
[2020-10-31 21:22:54.223] [[32minfo[m] Model saved into trained_12.model
[2020-10-31 21:22:54.413] [[32minfo[m] Start
[2020-10-31 21:22:54.413] [[32minfo[m] Inference
[2020-10-31 21:22:54.414] [[32minfo[m] JSON: read encodings from encoding-20.json
[2020-10-31 21:22:54.414] [[32minfo[m] CSV: reading input.csv ...
[2020-10-31 21:22:57.751] [[32minfo[m] ...completed in 3.3 secs
[2020-10-31 21:22:57.751] [[32minfo[m] CSV: read 454404 rows with categorical features and 454404 rows with numerical ones.
[2020-10-31 21:22:57.796] [[32minfo[m] Encoding features...
[2020-10-31 21:23:06.274] [[32minfo[m] ...completed in 8.5 secs
[2020-10-31 21:23:06.610] [[32minfo[m] Regression inference
[2020-10-31 21:23:06.963] [[32minfo[m] Predicting...
[2020-10-31 21:23:13.049] [[32minfo[m] ...completed in 6.1 secs
[2020-10-31 21:23:13.052] [[32minfo[m] scores 454404
[2020-10-31 21:23:13.052] [[32minfo[m] [35] 3016,0.18850
[2020-10-31 21:23:13.052] [[32minfo[m] [36] 3664,0.22900
[2020-10-31 21:23:13.052] [[32minfo[m] [37] 3046,0.19037
[2020-10-31 21:23:13.052] [[32minfo[m] [73] 2895,0.18094
[2020-10-31 21:23:13.052] [[32minfo[m] [74] 5339,0.33369
[2020-10-31 21:23:13.052] [[32minfo[m] [75] 2862,0.17888
[2020-10-31 21:23:13.052] [[32minfo[m] [208] 5391,0.33694
[2020-10-31 21:23:13.052] [[32minfo[m] [265] 718,0.04487
Num. customers: 454404
Average churn: 2.05
result:  33.91398
13
/repo/tco-customerchurn/data /repo/tco-customerchurn/submission/code/experiments/regr26
/repo/tco-customerchurn/submission/code/experiments/regr26
[2020-10-31 21:23:31.789] [[32minfo[m] Start
[2020-10-31 21:23:31.789] [[32minfo[m] Training
[2020-10-31 21:23:31.790] [[32minfo[m] JSON: read encodings from encoding-20.json
[2020-10-31 21:23:31.790] [[32minfo[m] CSV: reading history_mix_1to3.csv ...
[2020-10-31 21:23:35.496] [[32minfo[m] ...completed in 3.7 secs
[2020-10-31 21:23:35.496] [[32minfo[m] CSV: read 480592 rows with categorical features and 480592 rows with numerical ones.
[2020-10-31 21:23:35.534] [[32minfo[m] Encoding features...
[2020-10-31 21:23:44.525] [[32minfo[m] ...completed in 9.0 secs
[2020-10-31 21:23:44.942] [[32minfo[m] Regression requested
[2020-10-31 21:23:45.272] [[32minfo[m] Model restored from trained_12.model
[2020-10-31 21:23:45.273] [[32minfo[m] C 4000 T 16000 s 20.0 w -1 boost-tpf 1 f201906 nepochs 1 L MAE, C1 0.000000
[2020-10-31 21:23:45.275] [[32minfo[m] Partial fit initiated for 1 epoch(s)...
[2020-10-31 21:25:55.456] [[32minfo[m] ...completed in 130.2 secs.
[2020-10-31 21:25:55.798] [[32minfo[m] Model saved into trained_13.model
[2020-10-31 21:25:55.985] [[32minfo[m] Start
[2020-10-31 21:25:55.985] [[32minfo[m] Inference
[2020-10-31 21:25:55.986] [[32minfo[m] JSON: read encodings from encoding-20.json
[2020-10-31 21:25:55.986] [[32minfo[m] CSV: reading input.csv ...
[2020-10-31 21:25:59.279] [[32minfo[m] ...completed in 3.3 secs
[2020-10-31 21:25:59.279] [[32minfo[m] CSV: read 454404 rows with categorical features and 454404 rows with numerical ones.
[2020-10-31 21:25:59.325] [[32minfo[m] Encoding features...
[2020-10-31 21:26:08.098] [[32minfo[m] ...completed in 8.8 secs
[2020-10-31 21:26:08.438] [[32minfo[m] Regression inference
[2020-10-31 21:26:08.749] [[32minfo[m] Predicting...
[2020-10-31 21:26:14.818] [[32minfo[m] ...completed in 6.1 secs
[2020-10-31 21:26:14.821] [[32minfo[m] scores 454404
[2020-10-31 21:26:14.821] [[32minfo[m] [35] 2230,0.13937
[2020-10-31 21:26:14.821] [[32minfo[m] [36] 4328,0.27050
[2020-10-31 21:26:14.821] [[32minfo[m] [37] 2793,0.17456
[2020-10-31 21:26:14.821] [[32minfo[m] [73] 2022,0.12637
[2020-10-31 21:26:14.821] [[32minfo[m] [74] 5021,0.31381
[2020-10-31 21:26:14.821] [[32minfo[m] [75] 2791,0.17444
[2020-10-31 21:26:14.821] [[32minfo[m] [208] 3323,0.20769
[2020-10-31 21:26:14.821] [[32minfo[m] [265] 1434,0.08962
Num. customers: 454404
Average churn: 2.05
result:  34.21505
14
/repo/tco-customerchurn/data /repo/tco-customerchurn/submission/code/experiments/regr26
/repo/tco-customerchurn/submission/code/experiments/regr26
[2020-10-31 21:26:34.179] [[32minfo[m] Start
[2020-10-31 21:26:34.179] [[32minfo[m] Training
[2020-10-31 21:26:34.180] [[32minfo[m] JSON: read encodings from encoding-20.json
[2020-10-31 21:26:34.180] [[32minfo[m] CSV: reading history_mix_1to3.csv ...
[2020-10-31 21:26:37.855] [[32minfo[m] ...completed in 3.7 secs
[2020-10-31 21:26:37.855] [[32minfo[m] CSV: read 480592 rows with categorical features and 480592 rows with numerical ones.
[2020-10-31 21:26:37.907] [[32minfo[m] Encoding features...
[2020-10-31 21:26:46.885] [[32minfo[m] ...completed in 9.0 secs
[2020-10-31 21:26:47.285] [[32minfo[m] Regression requested
[2020-10-31 21:26:47.628] [[32minfo[m] Model restored from trained_13.model
[2020-10-31 21:26:47.630] [[32minfo[m] C 4000 T 16000 s 20.0 w -1 boost-tpf 1 f201906 nepochs 1 L MAE, C1 0.000000
[2020-10-31 21:26:47.632] [[32minfo[m] Partial fit initiated for 1 epoch(s)...
[2020-10-31 21:28:58.907] [[32minfo[m] ...completed in 131.3 secs.
[2020-10-31 21:28:59.272] [[32minfo[m] Model saved into trained_14.model
[2020-10-31 21:28:59.459] [[32minfo[m] Start
[2020-10-31 21:28:59.459] [[32minfo[m] Inference
[2020-10-31 21:28:59.460] [[32minfo[m] JSON: read encodings from encoding-20.json
[2020-10-31 21:28:59.460] [[32minfo[m] CSV: reading input.csv ...
[2020-10-31 21:29:02.708] [[32minfo[m] ...completed in 3.2 secs
[2020-10-31 21:29:02.709] [[32minfo[m] CSV: read 454404 rows with categorical features and 454404 rows with numerical ones.
[2020-10-31 21:29:02.760] [[32minfo[m] Encoding features...
[2020-10-31 21:29:11.096] [[32minfo[m] ...completed in 8.3 secs
[2020-10-31 21:29:11.434] [[32minfo[m] Regression inference
[2020-10-31 21:29:11.747] [[32minfo[m] Predicting...
[2020-10-31 21:29:17.932] [[32minfo[m] ...completed in 6.2 secs
[2020-10-31 21:29:17.934] [[32minfo[m] scores 454404
[2020-10-31 21:29:17.934] [[32minfo[m] [35] 2644,0.16525
[2020-10-31 21:29:17.934] [[32minfo[m] [36] 4627,0.28919
[2020-10-31 21:29:17.934] [[32minfo[m] [37] 2857,0.17856
[2020-10-31 21:29:17.934] [[32minfo[m] [73] 2916,0.18225
[2020-10-31 21:29:17.934] [[32minfo[m] [74] 4856,0.30350
[2020-10-31 21:29:17.934] [[32minfo[m] [75] 3877,0.24231
[2020-10-31 21:29:17.934] [[32minfo[m] [208] 3333,0.20831
[2020-10-31 21:29:17.934] [[32minfo[m] [265] 1494,0.09337
Num. customers: 454404
Average churn: 2.05
result:  34.65591
15
/repo/tco-customerchurn/data /repo/tco-customerchurn/submission/code/experiments/regr26
/repo/tco-customerchurn/submission/code/experiments/regr26
[2020-10-31 21:29:35.683] [[32minfo[m] Start
[2020-10-31 21:29:35.683] [[32minfo[m] Training
[2020-10-31 21:29:35.684] [[32minfo[m] JSON: read encodings from encoding-20.json
[2020-10-31 21:29:35.685] [[32minfo[m] CSV: reading history_mix_1to3.csv ...
[2020-10-31 21:29:39.043] [[32minfo[m] ...completed in 3.4 secs
[2020-10-31 21:29:39.043] [[32minfo[m] CSV: read 480592 rows with categorical features and 480592 rows with numerical ones.
[2020-10-31 21:29:39.081] [[32minfo[m] Encoding features...
[2020-10-31 21:29:48.116] [[32minfo[m] ...completed in 9.0 secs
[2020-10-31 21:29:48.493] [[32minfo[m] Regression requested
[2020-10-31 21:29:48.802] [[32minfo[m] Model restored from trained_14.model
[2020-10-31 21:29:48.803] [[32minfo[m] C 4000 T 16000 s 20.0 w -1 boost-tpf 1 f201906 nepochs 1 L MAE, C1 0.000000
[2020-10-31 21:29:48.805] [[32minfo[m] Partial fit initiated for 1 epoch(s)...
[2020-10-31 21:32:00.518] [[32minfo[m] ...completed in 131.7 secs.
[2020-10-31 21:32:00.867] [[32minfo[m] Model saved into trained_15.model
[2020-10-31 21:32:01.052] [[32minfo[m] Start
[2020-10-31 21:32:01.052] [[32minfo[m] Inference
[2020-10-31 21:32:01.054] [[32minfo[m] JSON: read encodings from encoding-20.json
[2020-10-31 21:32:01.054] [[32minfo[m] CSV: reading input.csv ...
[2020-10-31 21:32:04.155] [[32minfo[m] ...completed in 3.1 secs
[2020-10-31 21:32:04.155] [[32minfo[m] CSV: read 454404 rows with categorical features and 454404 rows with numerical ones.
[2020-10-31 21:32:04.216] [[32minfo[m] Encoding features...
[2020-10-31 21:32:12.972] [[32minfo[m] ...completed in 8.8 secs
[2020-10-31 21:32:13.346] [[32minfo[m] Regression inference
[2020-10-31 21:32:13.693] [[32minfo[m] Predicting...
[2020-10-31 21:32:19.920] [[32minfo[m] ...completed in 6.2 secs
[2020-10-31 21:32:19.922] [[32minfo[m] scores 454404
[2020-10-31 21:32:19.922] [[32minfo[m] [35] 2833,0.17706
[2020-10-31 21:32:19.922] [[32minfo[m] [36] 4421,0.27631
[2020-10-31 21:32:19.922] [[32minfo[m] [37] 2980,0.18625
[2020-10-31 21:32:19.922] [[32minfo[m] [73] 2967,0.18544
[2020-10-31 21:32:19.922] [[32minfo[m] [74] 5468,0.34175
[2020-10-31 21:32:19.922] [[32minfo[m] [75] 2740,0.17125
[2020-10-31 21:32:19.922] [[32minfo[m] [208] 4292,0.26825
[2020-10-31 21:32:19.922] [[32minfo[m] [265] 1673,0.10456
Num. customers: 454404
Average churn: 2.05
result:  33.91398
16
/repo/tco-customerchurn/data /repo/tco-customerchurn/submission/code/experiments/regr26
/repo/tco-customerchurn/submission/code/experiments/regr26
[2020-10-31 21:32:38.332] [[32minfo[m] Start
[2020-10-31 21:32:38.332] [[32minfo[m] Training
[2020-10-31 21:32:38.333] [[32minfo[m] JSON: read encodings from encoding-20.json
[2020-10-31 21:32:38.333] [[32minfo[m] CSV: reading history_mix_1to3.csv ...
[2020-10-31 21:32:41.781] [[32minfo[m] ...completed in 3.4 secs
[2020-10-31 21:32:41.781] [[32minfo[m] CSV: read 480592 rows with categorical features and 480592 rows with numerical ones.
[2020-10-31 21:32:41.823] [[32minfo[m] Encoding features...
[2020-10-31 21:32:50.902] [[32minfo[m] ...completed in 9.1 secs
[2020-10-31 21:32:51.286] [[32minfo[m] Regression requested
[2020-10-31 21:32:51.610] [[32minfo[m] Model restored from trained_15.model
[2020-10-31 21:32:51.611] [[32minfo[m] C 4000 T 16000 s 20.0 w -1 boost-tpf 1 f201906 nepochs 1 L MAE, C1 0.000000
[2020-10-31 21:32:51.613] [[32minfo[m] Partial fit initiated for 1 epoch(s)...
[2020-10-31 21:35:03.849] [[32minfo[m] ...completed in 132.2 secs.
[2020-10-31 21:35:04.215] [[32minfo[m] Model saved into trained_16.model
[2020-10-31 21:35:04.415] [[32minfo[m] Start
[2020-10-31 21:35:04.415] [[32minfo[m] Inference
[2020-10-31 21:35:04.416] [[32minfo[m] JSON: read encodings from encoding-20.json
[2020-10-31 21:35:04.416] [[32minfo[m] CSV: reading input.csv ...
[2020-10-31 21:35:07.554] [[32minfo[m] ...completed in 3.1 secs
[2020-10-31 21:35:07.554] [[32minfo[m] CSV: read 454404 rows with categorical features and 454404 rows with numerical ones.
[2020-10-31 21:35:07.600] [[32minfo[m] Encoding features...
[2020-10-31 21:35:16.142] [[32minfo[m] ...completed in 8.5 secs
[2020-10-31 21:35:16.499] [[32minfo[m] Regression inference
[2020-10-31 21:35:16.842] [[32minfo[m] Predicting...
[2020-10-31 21:35:22.922] [[32minfo[m] ...completed in 6.1 secs
[2020-10-31 21:35:22.925] [[32minfo[m] scores 454404
[2020-10-31 21:35:22.925] [[32minfo[m] [35] 2655,0.16594
[2020-10-31 21:35:22.925] [[32minfo[m] [36] 3062,0.19137
[2020-10-31 21:35:22.925] [[32minfo[m] [37] 2664,0.16650
[2020-10-31 21:35:22.925] [[32minfo[m] [73] 2074,0.12962
[2020-10-31 21:35:22.925] [[32minfo[m] [74] 5774,0.36088
[2020-10-31 21:35:22.925] [[32minfo[m] [75] 3376,0.21100
[2020-10-31 21:35:22.925] [[32minfo[m] [208] 4000,0.25000
[2020-10-31 21:35:22.925] [[32minfo[m] [265] 1537,0.09606
Num. customers: 454404
Average churn: 2.05
result:  33.91398
17
/repo/tco-customerchurn/data /repo/tco-customerchurn/submission/code/experiments/regr26
/repo/tco-customerchurn/submission/code/experiments/regr26
[2020-10-31 21:35:41.951] [[32minfo[m] Start
[2020-10-31 21:35:41.951] [[32minfo[m] Training
[2020-10-31 21:35:41.952] [[32minfo[m] JSON: read encodings from encoding-20.json
[2020-10-31 21:35:41.952] [[32minfo[m] CSV: reading history_mix_1to3.csv ...
[2020-10-31 21:35:45.328] [[32minfo[m] ...completed in 3.4 secs
[2020-10-31 21:35:45.328] [[32minfo[m] CSV: read 480592 rows with categorical features and 480592 rows with numerical ones.
[2020-10-31 21:35:45.364] [[32minfo[m] Encoding features...
[2020-10-31 21:35:54.513] [[32minfo[m] ...completed in 9.1 secs
[2020-10-31 21:35:54.908] [[32minfo[m] Regression requested
[2020-10-31 21:35:55.254] [[32minfo[m] Model restored from trained_16.model
[2020-10-31 21:35:55.255] [[32minfo[m] C 4000 T 16000 s 20.0 w -1 boost-tpf 1 f201906 nepochs 1 L MAE, C1 0.000000
[2020-10-31 21:35:55.257] [[32minfo[m] Partial fit initiated for 1 epoch(s)...
[2020-10-31 21:38:06.851] [[32minfo[m] ...completed in 131.6 secs.
[2020-10-31 21:38:07.213] [[32minfo[m] Model saved into trained_17.model
[2020-10-31 21:38:07.401] [[32minfo[m] Start
[2020-10-31 21:38:07.401] [[32minfo[m] Inference
[2020-10-31 21:38:07.402] [[32minfo[m] JSON: read encodings from encoding-20.json
[2020-10-31 21:38:07.402] [[32minfo[m] CSV: reading input.csv ...
[2020-10-31 21:38:10.601] [[32minfo[m] ...completed in 3.2 secs
[2020-10-31 21:38:10.602] [[32minfo[m] CSV: read 454404 rows with categorical features and 454404 rows with numerical ones.
[2020-10-31 21:38:10.651] [[32minfo[m] Encoding features...
[2020-10-31 21:38:19.152] [[32minfo[m] ...completed in 8.5 secs
[2020-10-31 21:38:19.491] [[32minfo[m] Regression inference
[2020-10-31 21:38:19.859] [[32minfo[m] Predicting...
[2020-10-31 21:38:25.893] [[32minfo[m] ...completed in 6.0 secs
[2020-10-31 21:38:25.897] [[32minfo[m] scores 454404
[2020-10-31 21:38:25.897] [[32minfo[m] [35] 2293,0.14331
[2020-10-31 21:38:25.897] [[32minfo[m] [36] 5060,0.31625
[2020-10-31 21:38:25.897] [[32minfo[m] [37] 3139,0.19619
[2020-10-31 21:38:25.897] [[32minfo[m] [73] 3959,0.24744
[2020-10-31 21:38:25.897] [[32minfo[m] [74] 5533,0.34581
[2020-10-31 21:38:25.897] [[32minfo[m] [75] 3936,0.24600
[2020-10-31 21:38:25.897] [[32minfo[m] [208] 4459,0.27869
[2020-10-31 21:38:25.897] [[32minfo[m] [265] 1503,0.09394
Num. customers: 454404
Average churn: 2.05
result:  34.09677
18
/repo/tco-customerchurn/data /repo/tco-customerchurn/submission/code/experiments/regr26
/repo/tco-customerchurn/submission/code/experiments/regr26
[2020-10-31 21:38:44.605] [[32minfo[m] Start
[2020-10-31 21:38:44.605] [[32minfo[m] Training
[2020-10-31 21:38:44.606] [[32minfo[m] JSON: read encodings from encoding-20.json
[2020-10-31 21:38:44.606] [[32minfo[m] CSV: reading history_mix_1to3.csv ...
[2020-10-31 21:38:48.010] [[32minfo[m] ...completed in 3.4 secs
[2020-10-31 21:38:48.010] [[32minfo[m] CSV: read 480592 rows with categorical features and 480592 rows with numerical ones.
[2020-10-31 21:38:48.057] [[32minfo[m] Encoding features...
[2020-10-31 21:38:57.467] [[32minfo[m] ...completed in 9.4 secs
[2020-10-31 21:38:57.897] [[32minfo[m] Regression requested
[2020-10-31 21:38:58.212] [[32minfo[m] Model restored from trained_17.model
[2020-10-31 21:38:58.212] [[32minfo[m] C 4000 T 16000 s 20.0 w -1 boost-tpf 1 f201906 nepochs 1 L MAE, C1 0.000000
[2020-10-31 21:38:58.215] [[32minfo[m] Partial fit initiated for 1 epoch(s)...
[2020-10-31 21:41:13.023] [[32minfo[m] ...completed in 134.8 secs.
[2020-10-31 21:41:13.388] [[32minfo[m] Model saved into trained_18.model
[2020-10-31 21:41:13.562] [[32minfo[m] Start
[2020-10-31 21:41:13.562] [[32minfo[m] Inference
[2020-10-31 21:41:13.562] [[32minfo[m] JSON: read encodings from encoding-20.json
[2020-10-31 21:41:13.562] [[32minfo[m] CSV: reading input.csv ...
[2020-10-31 21:41:16.703] [[32minfo[m] ...completed in 3.1 secs
[2020-10-31 21:41:16.703] [[32minfo[m] CSV: read 454404 rows with categorical features and 454404 rows with numerical ones.
[2020-10-31 21:41:16.750] [[32minfo[m] Encoding features...
[2020-10-31 21:41:25.340] [[32minfo[m] ...completed in 8.6 secs
[2020-10-31 21:41:25.684] [[32minfo[m] Regression inference
[2020-10-31 21:41:26.012] [[32minfo[m] Predicting...
[2020-10-31 21:41:32.239] [[32minfo[m] ...completed in 6.2 secs
[2020-10-31 21:41:32.241] [[32minfo[m] scores 454404
[2020-10-31 21:41:32.241] [[32minfo[m] [35] 2681,0.16756
[2020-10-31 21:41:32.241] [[32minfo[m] [36] 4363,0.27269
[2020-10-31 21:41:32.241] [[32minfo[m] [37] 3109,0.19431
[2020-10-31 21:41:32.241] [[32minfo[m] [73] 3274,0.20463
[2020-10-31 21:41:32.241] [[32minfo[m] [74] 5396,0.33725
[2020-10-31 21:41:32.241] [[32minfo[m] [75] 3549,0.22181
[2020-10-31 21:41:32.241] [[32minfo[m] [208] 5546,0.34663
[2020-10-31 21:41:32.241] [[32minfo[m] [265] 2244,0.14025
Num. customers: 454404
Average churn: 2.05
result:  34.35484
19
/repo/tco-customerchurn/data /repo/tco-customerchurn/submission/code/experiments/regr26
/repo/tco-customerchurn/submission/code/experiments/regr26
[2020-10-31 21:41:50.381] [[32minfo[m] Start
[2020-10-31 21:41:50.381] [[32minfo[m] Training
[2020-10-31 21:41:50.382] [[32minfo[m] JSON: read encodings from encoding-20.json
[2020-10-31 21:41:50.382] [[32minfo[m] CSV: reading history_mix_1to3.csv ...
[2020-10-31 21:41:53.810] [[32minfo[m] ...completed in 3.4 secs
[2020-10-31 21:41:53.810] [[32minfo[m] CSV: read 480592 rows with categorical features and 480592 rows with numerical ones.
[2020-10-31 21:41:53.848] [[32minfo[m] Encoding features...
[2020-10-31 21:42:03.237] [[32minfo[m] ...completed in 9.4 secs
[2020-10-31 21:42:03.683] [[32minfo[m] Regression requested
[2020-10-31 21:42:04.074] [[32minfo[m] Model restored from trained_18.model
[2020-10-31 21:42:04.076] [[32minfo[m] C 4000 T 16000 s 20.0 w -1 boost-tpf 1 f201906 nepochs 1 L MAE, C1 0.000000
[2020-10-31 21:42:04.078] [[32minfo[m] Partial fit initiated for 1 epoch(s)...
[2020-10-31 21:44:14.983] [[32minfo[m] ...completed in 130.9 secs.
[2020-10-31 21:44:15.324] [[32minfo[m] Model saved into trained_19.model
[2020-10-31 21:44:15.516] [[32minfo[m] Start
[2020-10-31 21:44:15.516] [[32minfo[m] Inference
[2020-10-31 21:44:15.516] [[32minfo[m] JSON: read encodings from encoding-20.json
[2020-10-31 21:44:15.516] [[32minfo[m] CSV: reading input.csv ...
[2020-10-31 21:44:18.806] [[32minfo[m] ...completed in 3.3 secs
[2020-10-31 21:44:18.806] [[32minfo[m] CSV: read 454404 rows with categorical features and 454404 rows with numerical ones.
[2020-10-31 21:44:18.852] [[32minfo[m] Encoding features...
[2020-10-31 21:44:27.293] [[32minfo[m] ...completed in 8.4 secs
[2020-10-31 21:44:27.640] [[32minfo[m] Regression inference
[2020-10-31 21:44:27.974] [[32minfo[m] Predicting...
[2020-10-31 21:44:34.168] [[32minfo[m] ...completed in 6.2 secs
[2020-10-31 21:44:34.170] [[32minfo[m] scores 454404
[2020-10-31 21:44:34.170] [[32minfo[m] [35] 1799,0.11244
[2020-10-31 21:44:34.170] [[32minfo[m] [36] 4062,0.25388
[2020-10-31 21:44:34.170] [[32minfo[m] [37] 1838,0.11488
[2020-10-31 21:44:34.170] [[32minfo[m] [73] 2689,0.16806
[2020-10-31 21:44:34.170] [[32minfo[m] [74] 4780,0.29875
[2020-10-31 21:44:34.170] [[32minfo[m] [75] 2781,0.17381
[2020-10-31 21:44:34.170] [[32minfo[m] [208] 4896,0.30600
[2020-10-31 21:44:34.170] [[32minfo[m] [265] 1208,0.07550
Num. customers: 454404
Average churn: 2.05
result:  34.19355
20
/repo/tco-customerchurn/data /repo/tco-customerchurn/submission/code/experiments/regr26
/repo/tco-customerchurn/submission/code/experiments/regr26
[2020-10-31 21:44:52.713] [[32minfo[m] Start
[2020-10-31 21:44:52.714] [[32minfo[m] Training
[2020-10-31 21:44:52.715] [[32minfo[m] JSON: read encodings from encoding-20.json
[2020-10-31 21:44:52.715] [[32minfo[m] CSV: reading history_mix_1to3.csv ...
[2020-10-31 21:44:55.971] [[32minfo[m] ...completed in 3.3 secs
[2020-10-31 21:44:55.972] [[32minfo[m] CSV: read 480592 rows with categorical features and 480592 rows with numerical ones.
[2020-10-31 21:44:56.009] [[32minfo[m] Encoding features...
[2020-10-31 21:45:05.073] [[32minfo[m] ...completed in 9.1 secs
[2020-10-31 21:45:05.467] [[32minfo[m] Regression requested
[2020-10-31 21:45:05.817] [[32minfo[m] Model restored from trained_19.model
[2020-10-31 21:45:05.818] [[32minfo[m] C 4000 T 16000 s 20.0 w -1 boost-tpf 1 f201906 nepochs 1 L MAE, C1 0.000000
[2020-10-31 21:45:05.820] [[32minfo[m] Partial fit initiated for 1 epoch(s)...
[2020-10-31 21:47:19.695] [[32minfo[m] ...completed in 133.9 secs.
[2020-10-31 21:47:20.040] [[32minfo[m] Model saved into trained_20.model
[2020-10-31 21:47:20.225] [[32minfo[m] Start
[2020-10-31 21:47:20.225] [[32minfo[m] Inference
[2020-10-31 21:47:20.226] [[32minfo[m] JSON: read encodings from encoding-20.json
[2020-10-31 21:47:20.226] [[32minfo[m] CSV: reading input.csv ...
[2020-10-31 21:47:23.438] [[32minfo[m] ...completed in 3.2 secs
[2020-10-31 21:47:23.438] [[32minfo[m] CSV: read 454404 rows with categorical features and 454404 rows with numerical ones.
[2020-10-31 21:47:23.484] [[32minfo[m] Encoding features...
[2020-10-31 21:47:31.809] [[32minfo[m] ...completed in 8.3 secs
[2020-10-31 21:47:32.179] [[32minfo[m] Regression inference
[2020-10-31 21:47:32.520] [[32minfo[m] Predicting...
[2020-10-31 21:47:38.595] [[32minfo[m] ...completed in 6.1 secs
[2020-10-31 21:47:38.598] [[32minfo[m] scores 454404
[2020-10-31 21:47:38.598] [[32minfo[m] [35] 1804,0.11275
[2020-10-31 21:47:38.598] [[32minfo[m] [36] 5251,0.32819
[2020-10-31 21:47:38.598] [[32minfo[m] [37] 2175,0.13594
[2020-10-31 21:47:38.598] [[32minfo[m] [73] 2260,0.14125
[2020-10-31 21:47:38.598] [[32minfo[m] [74] 4551,0.28444
[2020-10-31 21:47:38.598] [[32minfo[m] [75] 3469,0.21681
[2020-10-31 21:47:38.598] [[32minfo[m] [208] 4691,0.29319
[2020-10-31 21:47:38.598] [[32minfo[m] [265] 1200,0.07500
Num. customers: 454404
Average churn: 2.05
result:  34.27957
