1
/repo/tco-customerchurn/data /repo/tco-customerchurn/submission/code/experiments/clasA
/repo/tco-customerchurn/submission/code/experiments/clasA
[2020-11-03 10:55:35.297] [info] Start
[2020-11-03 10:55:35.297] [info] Training
[2020-11-03 10:55:35.297] [info] JSON: read encodings from encoding-20.json
[2020-11-03 10:55:35.297] [info] CSV: reading history_mix_1to3.csv ...
[2020-11-03 10:55:36.103] [info] ...completed in 0.8 secs
[2020-11-03 10:55:36.103] [info] CSV: read 108808 rows with categorical features and 108808 rows with numerical ones.
[2020-11-03 10:55:36.112] [info] Encoding features...
[2020-11-03 10:55:38.258] [info] ...completed in 2.1 secs
[2020-11-03 10:55:38.258] [info] Classification requested
[2020-11-03 10:55:38.259] [info] C 4000 T 16000 s 20.0 w -1 boost-tpf 1  nepochs 1
[2020-11-03 10:55:38.259] [info] Partial fit initiated for 1 epoch(s)...
[2020-11-03 10:58:10.237] [info] ...completed in 152.0 secs.
[2020-11-03 10:58:11.713] [info] Model saved into trained_1.model
[2020-11-03 10:58:11.767] [info] Start
[2020-11-03 10:58:11.767] [info] Inference
[2020-11-03 10:58:11.768] [info] JSON: read encodings from encoding-20.json
[2020-11-03 10:58:11.768] [info] CSV: reading input.csv ...
[2020-11-03 10:58:15.011] [info] ...completed in 3.2 secs
[2020-11-03 10:58:15.011] [info] CSV: read 454404 rows with categorical features and 454404 rows with numerical ones.
[2020-11-03 10:58:15.058] [info] Encoding features...
[2020-11-03 10:58:23.691] [info] ...completed in 8.6 secs
[2020-11-03 10:58:24.958] [info] Classification inference
[2020-11-03 10:58:26.312] [info] Predicting...
[2020-11-03 10:58:50.762] [info] ...completed in 24.5 secs
[2020-11-03 10:58:50.778] [info] scores 454404
[2020-11-03 10:58:50.778] [info] [35] 13140,-12677,0.09661
[2020-11-03 10:58:50.778] [info] [36] 8289,-6963,0.26169
[2020-11-03 10:58:50.778] [info] [37] 12563,-12114,0.11442
[2020-11-03 10:58:50.778] [info] [73] 13718,-13816,0.06978
[2020-11-03 10:58:50.778] [info] [74] 9362,-6760,0.24809
[2020-11-03 10:58:50.778] [info] [75] 12613,-13286,0.09533
[2020-11-03 10:58:50.778] [info] [208] 7204,-8324,0.25738
[2020-11-03 10:58:50.778] [info] [265] 10042,-11436,0.16441
gzip: trained_0.model: No such file or directory
Num. customers: 454404
Average churn: 2.05
result:  33.56989
2
/repo/tco-customerchurn/data /repo/tco-customerchurn/submission/code/experiments/clasA
/repo/tco-customerchurn/submission/code/experiments/clasA
[2020-11-03 10:58:56.925] [info] Start
[2020-11-03 10:58:56.926] [info] Training
[2020-11-03 10:58:56.926] [info] JSON: read encodings from encoding-20.json
[2020-11-03 10:58:56.926] [info] CSV: reading history_mix_1to3.csv ...
[2020-11-03 10:58:57.746] [info] ...completed in 0.8 secs
[2020-11-03 10:58:57.746] [info] CSV: read 108808 rows with categorical features and 108808 rows with numerical ones.
[2020-11-03 10:58:57.753] [info] Encoding features...
[2020-11-03 10:58:59.791] [info] ...completed in 2.0 secs
[2020-11-03 10:59:01.102] [info] Classification requested
[2020-11-03 10:59:02.485] [info] Model restored from trained_1.model
[2020-11-03 10:59:02.489] [info] C 4000 T 16000 s 20.0 w -1 boost-tpf 1  nepochs 1
[2020-11-03 10:59:02.489] [info] Partial fit initiated for 1 epoch(s)...
[2020-11-03 11:01:29.031] [info] ...completed in 146.5 secs.
[2020-11-03 11:01:30.655] [info] Model saved into trained_2.model
[2020-11-03 11:01:30.945] [info] Start
[2020-11-03 11:01:30.946] [info] Inference
[2020-11-03 11:01:30.946] [info] JSON: read encodings from encoding-20.json
[2020-11-03 11:01:30.946] [info] CSV: reading input.csv ...
[2020-11-03 11:01:34.176] [info] ...completed in 3.2 secs
[2020-11-03 11:01:34.176] [info] CSV: read 454404 rows with categorical features and 454404 rows with numerical ones.
[2020-11-03 11:01:34.230] [info] Encoding features...
[2020-11-03 11:01:43.014] [info] ...completed in 8.8 secs
[2020-11-03 11:01:44.288] [info] Classification inference
[2020-11-03 11:01:45.615] [info] Predicting...
[2020-11-03 11:02:10.214] [info] ...completed in 24.6 secs
[2020-11-03 11:02:10.228] [info] scores 454404
[2020-11-03 11:02:10.228] [info] [35] 14916,-15203,0.02939
[2020-11-03 11:02:10.228] [info] [36] 6566,-8651,0.26223
[2020-11-03 11:02:10.228] [info] [37] 12239,-11299,0.13222
[2020-11-03 11:02:10.228] [info] [73] 12362,-13688,0.09297
[2020-11-03 11:02:10.228] [info] [74] 6021,-4841,0.33028
[2020-11-03 11:02:10.228] [info] [75] 12771,-11339,0.12328
[2020-11-03 11:02:10.228] [info] [208] 9632,-8687,0.21377
[2020-11-03 11:02:10.228] [info] [265] 9842,-13770,0.13106
Num. customers: 454404
Average churn: 2.05
result:  35.92473
3
/repo/tco-customerchurn/data /repo/tco-customerchurn/submission/code/experiments/clasA
/repo/tco-customerchurn/submission/code/experiments/clasA
[2020-11-03 11:02:16.632] [info] Start
[2020-11-03 11:02:16.633] [info] Training
[2020-11-03 11:02:16.633] [info] JSON: read encodings from encoding-20.json
[2020-11-03 11:02:16.633] [info] CSV: reading history_mix_1to3.csv ...
[2020-11-03 11:02:17.383] [info] ...completed in 0.7 secs
[2020-11-03 11:02:17.383] [info] CSV: read 108808 rows with categorical features and 108808 rows with numerical ones.
[2020-11-03 11:02:17.392] [info] Encoding features...
[2020-11-03 11:02:19.371] [info] ...completed in 2.0 secs
[2020-11-03 11:02:20.640] [info] Classification requested
[2020-11-03 11:02:21.928] [info] Model restored from trained_2.model
[2020-11-03 11:02:21.931] [info] C 4000 T 16000 s 20.0 w -1 boost-tpf 1  nepochs 1
[2020-11-03 11:02:21.931] [info] Partial fit initiated for 1 epoch(s)...
[2020-11-03 11:05:09.846] [info] ...completed in 167.9 secs.
[2020-11-03 11:05:11.399] [info] Model saved into trained_3.model
[2020-11-03 11:05:11.670] [info] Start
[2020-11-03 11:05:11.670] [info] Inference
[2020-11-03 11:05:11.671] [info] JSON: read encodings from encoding-20.json
[2020-11-03 11:05:11.671] [info] CSV: reading input.csv ...
[2020-11-03 11:05:14.954] [info] ...completed in 3.3 secs
[2020-11-03 11:05:14.954] [info] CSV: read 454404 rows with categorical features and 454404 rows with numerical ones.
[2020-11-03 11:05:15.000] [info] Encoding features...
[2020-11-03 11:05:23.889] [info] ...completed in 8.9 secs
[2020-11-03 11:05:25.172] [info] Classification inference
[2020-11-03 11:05:26.508] [info] Predicting...
[2020-11-03 11:05:50.516] [info] ...completed in 24.0 secs
[2020-11-03 11:05:50.532] [info] scores 454404
[2020-11-03 11:05:50.532] [info] [35] 15501,-16000,0.00780
[2020-11-03 11:05:50.532] [info] [36] 8444,-6855,0.26095
[2020-11-03 11:05:50.532] [info] [37] 13057,-12302,0.10377
[2020-11-03 11:05:50.532] [info] [73] 12552,-13204,0.09756
[2020-11-03 11:05:50.532] [info] [74] 5561,-5030,0.33452
[2020-11-03 11:05:50.532] [info] [75] 10905,-12798,0.12964
[2020-11-03 11:05:50.532] [info] [208] 8279,-7121,0.25938
[2020-11-03 11:05:50.532] [info] [265] 11710,-12667,0.11911
Num. customers: 454404
Average churn: 2.05
result:  36.72043
4
/repo/tco-customerchurn/data /repo/tco-customerchurn/submission/code/experiments/clasA
/repo/tco-customerchurn/submission/code/experiments/clasA
[2020-11-03 11:05:56.650] [info] Start
[2020-11-03 11:05:56.650] [info] Training
[2020-11-03 11:05:56.651] [info] JSON: read encodings from encoding-20.json
[2020-11-03 11:05:56.651] [info] CSV: reading history_mix_1to3.csv ...
[2020-11-03 11:05:57.434] [info] ...completed in 0.8 secs
[2020-11-03 11:05:57.434] [info] CSV: read 108808 rows with categorical features and 108808 rows with numerical ones.
[2020-11-03 11:05:57.442] [info] Encoding features...
[2020-11-03 11:05:59.436] [info] ...completed in 2.0 secs
[2020-11-03 11:06:00.729] [info] Classification requested
[2020-11-03 11:06:02.036] [info] Model restored from trained_3.model
[2020-11-03 11:06:02.040] [info] C 4000 T 16000 s 20.0 w -1 boost-tpf 1  nepochs 1
[2020-11-03 11:06:02.040] [info] Partial fit initiated for 1 epoch(s)...
[2020-11-03 11:08:51.603] [info] ...completed in 169.6 secs.
[2020-11-03 11:08:53.121] [info] Model saved into trained_4.model
[2020-11-03 11:08:53.394] [info] Start
[2020-11-03 11:08:53.394] [info] Inference
[2020-11-03 11:08:53.395] [info] JSON: read encodings from encoding-20.json
[2020-11-03 11:08:53.395] [info] CSV: reading input.csv ...
[2020-11-03 11:08:56.552] [info] ...completed in 3.2 secs
[2020-11-03 11:08:56.552] [info] CSV: read 454404 rows with categorical features and 454404 rows with numerical ones.
[2020-11-03 11:08:56.602] [info] Encoding features...
[2020-11-03 11:09:05.474] [info] ...completed in 8.9 secs
[2020-11-03 11:09:06.859] [info] Classification inference
[2020-11-03 11:09:08.256] [info] Predicting...
[2020-11-03 11:09:32.961] [info] ...completed in 24.7 secs
[2020-11-03 11:09:32.977] [info] scores 454404
[2020-11-03 11:09:32.977] [info] [35] 15711,-15440,0.01327
[2020-11-03 11:09:32.977] [info] [36] 6601,-7826,0.27458
[2020-11-03 11:09:32.977] [info] [37] 15123,-13858,0.04717
[2020-11-03 11:09:32.978] [info] [73] 13659,-14703,0.05684
[2020-11-03 11:09:32.978] [info] [74] 5753,-4069,0.34653
[2020-11-03 11:09:32.978] [info] [75] 11242,-9130,0.18169
[2020-11-03 11:09:32.978] [info] [208] 8252,-10585,0.20567
[2020-11-03 11:09:32.978] [info] [265] 10558,-14996,0.10072
Num. customers: 454404
Average churn: 2.05
result:  37.23656
5
/repo/tco-customerchurn/data /repo/tco-customerchurn/submission/code/experiments/clasA
/repo/tco-customerchurn/submission/code/experiments/clasA
[2020-11-03 11:09:38.894] [info] Start
[2020-11-03 11:09:38.894] [info] Training
[2020-11-03 11:09:38.894] [info] JSON: read encodings from encoding-20.json
[2020-11-03 11:09:38.894] [info] CSV: reading history_mix_1to3.csv ...
[2020-11-03 11:09:39.658] [info] ...completed in 0.8 secs
[2020-11-03 11:09:39.658] [info] CSV: read 108808 rows with categorical features and 108808 rows with numerical ones.
[2020-11-03 11:09:39.666] [info] Encoding features...
[2020-11-03 11:09:41.636] [info] ...completed in 2.0 secs
[2020-11-03 11:09:42.919] [info] Classification requested
[2020-11-03 11:09:44.232] [info] Model restored from trained_4.model
[2020-11-03 11:09:44.236] [info] C 4000 T 16000 s 20.0 w -1 boost-tpf 1  nepochs 1
[2020-11-03 11:09:44.236] [info] Partial fit initiated for 1 epoch(s)...
[2020-11-03 11:12:33.288] [info] ...completed in 169.1 secs.
[2020-11-03 11:12:34.705] [info] Model saved into trained_5.model
[2020-11-03 11:12:35.000] [info] Start
[2020-11-03 11:12:35.000] [info] Inference
[2020-11-03 11:12:35.001] [info] JSON: read encodings from encoding-20.json
[2020-11-03 11:12:35.001] [info] CSV: reading input.csv ...
[2020-11-03 11:12:38.390] [info] ...completed in 3.4 secs
[2020-11-03 11:12:38.390] [info] CSV: read 454404 rows with categorical features and 454404 rows with numerical ones.
[2020-11-03 11:12:38.443] [info] Encoding features...
[2020-11-03 11:12:47.143] [info] ...completed in 8.7 secs
[2020-11-03 11:12:48.477] [info] Classification inference
[2020-11-03 11:12:49.841] [info] Predicting...
[2020-11-03 11:13:14.241] [info] ...completed in 24.4 secs
[2020-11-03 11:13:14.257] [info] scores 454404
[2020-11-03 11:13:14.257] [info] [35] 16000,-16000,0.00000
[2020-11-03 11:13:14.257] [info] [36] 6676,-7162,0.28378
[2020-11-03 11:13:14.257] [info] [37] 12764,-14528,0.07356
[2020-11-03 11:13:14.257] [info] [73] 12241,-14322,0.08495
[2020-11-03 11:13:14.257] [info] [74] 5455,-3934,0.35330
[2020-11-03 11:13:14.257] [info] [75] 11450,-13540,0.10953
[2020-11-03 11:13:14.257] [info] [208] 7015,-7778,0.26886
[2020-11-03 11:13:14.257] [info] [265] 11267,-13337,0.11556
Num. customers: 454404
Average churn: 2.05
result:  37.38710
6
/repo/tco-customerchurn/data /repo/tco-customerchurn/submission/code/experiments/clasA
/repo/tco-customerchurn/submission/code/experiments/clasA
[2020-11-03 11:13:20.394] [info] Start
[2020-11-03 11:13:20.394] [info] Training
[2020-11-03 11:13:20.395] [info] JSON: read encodings from encoding-20.json
[2020-11-03 11:13:20.395] [info] CSV: reading history_mix_1to3.csv ...
[2020-11-03 11:13:21.197] [info] ...completed in 0.8 secs
[2020-11-03 11:13:21.197] [info] CSV: read 108808 rows with categorical features and 108808 rows with numerical ones.
[2020-11-03 11:13:21.205] [info] Encoding features...
[2020-11-03 11:13:23.199] [info] ...completed in 2.0 secs
[2020-11-03 11:13:24.488] [info] Classification requested
[2020-11-03 11:13:25.823] [info] Model restored from trained_5.model
[2020-11-03 11:13:25.827] [info] C 4000 T 16000 s 20.0 w -1 boost-tpf 1  nepochs 1
[2020-11-03 11:13:25.827] [info] Partial fit initiated for 1 epoch(s)...
[2020-11-03 11:16:13.389] [info] ...completed in 167.6 secs.
[2020-11-03 11:16:14.928] [info] Model saved into trained_6.model
[2020-11-03 11:16:15.241] [info] Start
[2020-11-03 11:16:15.242] [info] Inference
[2020-11-03 11:16:15.242] [info] JSON: read encodings from encoding-20.json
[2020-11-03 11:16:15.243] [info] CSV: reading input.csv ...
[2020-11-03 11:16:18.521] [info] ...completed in 3.3 secs
[2020-11-03 11:16:18.521] [info] CSV: read 454404 rows with categorical features and 454404 rows with numerical ones.
[2020-11-03 11:16:18.568] [info] Encoding features...
[2020-11-03 11:16:27.059] [info] ...completed in 8.5 secs
[2020-11-03 11:16:28.358] [info] Classification inference
[2020-11-03 11:16:29.687] [info] Predicting...
[2020-11-03 11:16:54.076] [info] ...completed in 24.4 secs
[2020-11-03 11:16:54.089] [info] scores 454404
[2020-11-03 11:16:54.090] [info] [35] 15995,-14005,0.03125
[2020-11-03 11:16:54.090] [info] [36] 9582,-10384,0.18803
[2020-11-03 11:16:54.090] [info] [37] 12465,-15974,0.05564
[2020-11-03 11:16:54.090] [info] [73] 10837,-12897,0.12916
[2020-11-03 11:16:54.090] [info] [74] 4364,-4356,0.36375
[2020-11-03 11:16:54.090] [info] [75] 13458,-13028,0.08616
[2020-11-03 11:16:54.090] [info] [208] 9365,-10410,0.19102
[2020-11-03 11:16:54.090] [info] [265] 11171,-13913,0.10806
Num. customers: 454404
Average churn: 2.05
result:  37.70968
7
/repo/tco-customerchurn/data /repo/tco-customerchurn/submission/code/experiments/clasA
/repo/tco-customerchurn/submission/code/experiments/clasA
[2020-11-03 11:17:00.136] [info] Start
[2020-11-03 11:17:00.136] [info] Training
[2020-11-03 11:17:00.137] [info] JSON: read encodings from encoding-20.json
[2020-11-03 11:17:00.137] [info] CSV: reading history_mix_1to3.csv ...
[2020-11-03 11:17:00.885] [info] ...completed in 0.7 secs
[2020-11-03 11:17:00.885] [info] CSV: read 108808 rows with categorical features and 108808 rows with numerical ones.
[2020-11-03 11:17:00.892] [info] Encoding features...
[2020-11-03 11:17:02.986] [info] ...completed in 2.1 secs
[2020-11-03 11:17:04.273] [info] Classification requested
[2020-11-03 11:17:05.584] [info] Model restored from trained_6.model
[2020-11-03 11:17:05.588] [info] C 4000 T 16000 s 20.0 w -1 boost-tpf 1  nepochs 1
[2020-11-03 11:17:05.588] [info] Partial fit initiated for 1 epoch(s)...
[2020-11-03 11:19:52.481] [info] ...completed in 166.9 secs.
[2020-11-03 11:19:54.008] [info] Model saved into trained_7.model
[2020-11-03 11:19:54.288] [info] Start
[2020-11-03 11:19:54.288] [info] Inference
[2020-11-03 11:19:54.289] [info] JSON: read encodings from encoding-20.json
[2020-11-03 11:19:54.289] [info] CSV: reading input.csv ...
[2020-11-03 11:19:57.355] [info] ...completed in 3.1 secs
[2020-11-03 11:19:57.355] [info] CSV: read 454404 rows with categorical features and 454404 rows with numerical ones.
[2020-11-03 11:19:57.405] [info] Encoding features...
[2020-11-03 11:20:05.997] [info] ...completed in 8.6 secs
[2020-11-03 11:20:07.331] [info] Classification inference
[2020-11-03 11:20:08.688] [info] Predicting...
[2020-11-03 11:20:32.993] [info] ...completed in 24.3 secs
[2020-11-03 11:20:33.007] [info] scores 454404
[2020-11-03 11:20:33.007] [info] [35] 16000,-15438,0.00878
[2020-11-03 11:20:33.008] [info] [36] 6853,-7223,0.28006
[2020-11-03 11:20:33.008] [info] [37] 15348,-14296,0.03681
[2020-11-03 11:20:33.008] [info] [73] 14373,-14361,0.05103
[2020-11-03 11:20:33.008] [info] [74] 5752,-4335,0.34239
[2020-11-03 11:20:33.008] [info] [75] 9918,-11470,0.16581
[2020-11-03 11:20:33.008] [info] [208] 8111,-7773,0.25181
[2020-11-03 11:20:33.008] [info] [265] 13551,-14875,0.05584
Num. customers: 454404
Average churn: 2.05
result:  37.94624
8
/repo/tco-customerchurn/data /repo/tco-customerchurn/submission/code/experiments/clasA
/repo/tco-customerchurn/submission/code/experiments/clasA
[2020-11-03 11:20:38.922] [info] Start
[2020-11-03 11:20:38.922] [info] Training
[2020-11-03 11:20:38.922] [info] JSON: read encodings from encoding-20.json
[2020-11-03 11:20:38.923] [info] CSV: reading history_mix_1to3.csv ...
[2020-11-03 11:20:39.694] [info] ...completed in 0.8 secs
[2020-11-03 11:20:39.694] [info] CSV: read 108808 rows with categorical features and 108808 rows with numerical ones.
[2020-11-03 11:20:39.702] [info] Encoding features...
[2020-11-03 11:20:41.672] [info] ...completed in 2.0 secs
[2020-11-03 11:20:42.959] [info] Classification requested
[2020-11-03 11:20:44.269] [info] Model restored from trained_7.model
[2020-11-03 11:20:44.272] [info] C 4000 T 16000 s 20.0 w -1 boost-tpf 1  nepochs 1
[2020-11-03 11:20:44.272] [info] Partial fit initiated for 1 epoch(s)...
[2020-11-03 11:23:32.019] [info] ...completed in 167.7 secs.
[2020-11-03 11:23:33.500] [info] Model saved into trained_8.model
[2020-11-03 11:23:33.801] [info] Start
[2020-11-03 11:23:33.801] [info] Inference
[2020-11-03 11:23:33.802] [info] JSON: read encodings from encoding-20.json
[2020-11-03 11:23:33.802] [info] CSV: reading input.csv ...
[2020-11-03 11:23:36.956] [info] ...completed in 3.2 secs
[2020-11-03 11:23:36.956] [info] CSV: read 454404 rows with categorical features and 454404 rows with numerical ones.
[2020-11-03 11:23:37.016] [info] Encoding features...
[2020-11-03 11:23:45.431] [info] ...completed in 8.4 secs
[2020-11-03 11:23:46.699] [info] Classification inference
[2020-11-03 11:23:48.045] [info] Predicting...
[2020-11-03 11:24:12.177] [info] ...completed in 24.1 secs
[2020-11-03 11:24:12.193] [info] scores 454404
[2020-11-03 11:24:12.193] [info] [35] 13319,-14910,0.05892
[2020-11-03 11:24:12.193] [info] [36] 7656,-8271,0.25114
[2020-11-03 11:24:12.193] [info] [37] 13089,-13100,0.09080
[2020-11-03 11:24:12.193] [info] [73] 11886,-12846,0.11356
[2020-11-03 11:24:12.193] [info] [74] 4994,-3708,0.36403
[2020-11-03 11:24:12.193] [info] [75] 11903,-10982,0.14242
[2020-11-03 11:24:12.193] [info] [208] 8300,-7994,0.24541
[2020-11-03 11:24:12.193] [info] [265] 11309,-13860,0.10673
Num. customers: 454404
Average churn: 2.05
result:  38.41935
9
/repo/tco-customerchurn/data /repo/tco-customerchurn/submission/code/experiments/clasA
/repo/tco-customerchurn/submission/code/experiments/clasA
[2020-11-03 11:24:18.243] [info] Start
[2020-11-03 11:24:18.243] [info] Training
[2020-11-03 11:24:18.243] [info] JSON: read encodings from encoding-20.json
[2020-11-03 11:24:18.244] [info] CSV: reading history_mix_1to3.csv ...
[2020-11-03 11:24:19.026] [info] ...completed in 0.8 secs
[2020-11-03 11:24:19.026] [info] CSV: read 108808 rows with categorical features and 108808 rows with numerical ones.
[2020-11-03 11:24:19.033] [info] Encoding features...
[2020-11-03 11:24:21.046] [info] ...completed in 2.0 secs
[2020-11-03 11:24:22.324] [info] Classification requested
[2020-11-03 11:24:23.633] [info] Model restored from trained_8.model
[2020-11-03 11:24:23.636] [info] C 4000 T 16000 s 20.0 w -1 boost-tpf 1  nepochs 1
[2020-11-03 11:24:23.637] [info] Partial fit initiated for 1 epoch(s)...
[2020-11-03 11:27:10.751] [info] ...completed in 167.1 secs.
[2020-11-03 11:27:12.226] [info] Model saved into trained_9.model
[2020-11-03 11:27:12.497] [info] Start
[2020-11-03 11:27:12.497] [info] Inference
[2020-11-03 11:27:12.498] [info] JSON: read encodings from encoding-20.json
[2020-11-03 11:27:12.498] [info] CSV: reading input.csv ...
[2020-11-03 11:27:15.841] [info] ...completed in 3.3 secs
[2020-11-03 11:27:15.841] [info] CSV: read 454404 rows with categorical features and 454404 rows with numerical ones.
[2020-11-03 11:27:15.886] [info] Encoding features...
[2020-11-03 11:27:24.576] [info] ...completed in 8.7 secs
[2020-11-03 11:27:25.940] [info] Classification inference
[2020-11-03 11:27:27.355] [info] Predicting...
[2020-11-03 11:27:51.417] [info] ...completed in 24.1 secs
[2020-11-03 11:27:51.431] [info] scores 454404
[2020-11-03 11:27:51.431] [info] [35] 15859,-16000,0.00220
[2020-11-03 11:27:51.431] [info] [36] 5451,-6777,0.30894
[2020-11-03 11:27:51.431] [info] [37] 8359,-15541,0.12656
[2020-11-03 11:27:51.431] [info] [73] 11119,-14514,0.09948
[2020-11-03 11:27:51.431] [info] [74] 2973,-5898,0.36139
[2020-11-03 11:27:51.431] [info] [75] 10744,-14770,0.10134
[2020-11-03 11:27:51.431] [info] [208] 5683,-8532,0.27789
[2020-11-03 11:27:51.431] [info] [265] 13925,-12031,0.09444
Num. customers: 454404
Average churn: 2.05
result:  38.62366
10
/repo/tco-customerchurn/data /repo/tco-customerchurn/submission/code/experiments/clasA
/repo/tco-customerchurn/submission/code/experiments/clasA
[2020-11-03 11:27:57.384] [info] Start
[2020-11-03 11:27:57.385] [info] Training
[2020-11-03 11:27:57.385] [info] JSON: read encodings from encoding-20.json
[2020-11-03 11:27:57.386] [info] CSV: reading history_mix_1to3.csv ...
[2020-11-03 11:27:58.146] [info] ...completed in 0.8 secs
[2020-11-03 11:27:58.146] [info] CSV: read 108808 rows with categorical features and 108808 rows with numerical ones.
[2020-11-03 11:27:58.155] [info] Encoding features...
[2020-11-03 11:28:00.169] [info] ...completed in 2.0 secs
[2020-11-03 11:28:01.437] [info] Classification requested
[2020-11-03 11:28:02.737] [info] Model restored from trained_9.model
[2020-11-03 11:28:02.740] [info] C 4000 T 16000 s 20.0 w -1 boost-tpf 1  nepochs 1
[2020-11-03 11:28:02.740] [info] Partial fit initiated for 1 epoch(s)...
[2020-11-03 11:30:50.939] [info] ...completed in 168.2 secs.
[2020-11-03 11:30:52.419] [info] Model saved into trained_10.model
[2020-11-03 11:30:52.706] [info] Start
[2020-11-03 11:30:52.706] [info] Inference
[2020-11-03 11:30:52.707] [info] JSON: read encodings from encoding-20.json
[2020-11-03 11:30:52.707] [info] CSV: reading input.csv ...
[2020-11-03 11:30:55.880] [info] ...completed in 3.2 secs
[2020-11-03 11:30:55.880] [info] CSV: read 454404 rows with categorical features and 454404 rows with numerical ones.
[2020-11-03 11:30:55.934] [info] Encoding features...
[2020-11-03 11:31:04.827] [info] ...completed in 8.9 secs
[2020-11-03 11:31:06.143] [info] Classification inference
[2020-11-03 11:31:07.507] [info] Predicting...
[2020-11-03 11:31:31.921] [info] ...completed in 24.4 secs
[2020-11-03 11:31:31.935] [info] scores 454404
[2020-11-03 11:31:31.935] [info] [35] 12485,-15718,0.05933
[2020-11-03 11:31:31.935] [info] [36] 3948,-6160,0.34206
[2020-11-03 11:31:31.935] [info] [37] 9216,-15223,0.11814
[2020-11-03 11:31:31.935] [info] [73] 12964,-11061,0.12461
[2020-11-03 11:31:31.935] [info] [74] 2120,-4891,0.39045
[2020-11-03 11:31:31.935] [info] [75] 9895,-11389,0.16744
[2020-11-03 11:31:31.935] [info] [208] 7229,-8370,0.25627
[2020-11-03 11:31:31.935] [info] [265] 13756,-10998,0.11322
Num. customers: 454404
Average churn: 2.05
result:  38.79570
11
/repo/tco-customerchurn/data /repo/tco-customerchurn/submission/code/experiments/clasA
/repo/tco-customerchurn/submission/code/experiments/clasA
[2020-11-03 11:31:37.843] [info] Start
[2020-11-03 11:31:37.843] [info] Training
[2020-11-03 11:31:37.843] [info] JSON: read encodings from encoding-20.json
[2020-11-03 11:31:37.843] [info] CSV: reading history_mix_1to3.csv ...
[2020-11-03 11:31:38.572] [info] ...completed in 0.7 secs
[2020-11-03 11:31:38.572] [info] CSV: read 108808 rows with categorical features and 108808 rows with numerical ones.
[2020-11-03 11:31:38.580] [info] Encoding features...
[2020-11-03 11:31:40.556] [info] ...completed in 2.0 secs
[2020-11-03 11:31:41.855] [info] Classification requested
[2020-11-03 11:31:43.195] [info] Model restored from trained_10.model
[2020-11-03 11:31:43.198] [info] C 4000 T 16000 s 20.0 w -1 boost-tpf 1  nepochs 1
[2020-11-03 11:31:43.198] [info] Partial fit initiated for 1 epoch(s)...
[2020-11-03 11:34:31.078] [info] ...completed in 167.9 secs.
[2020-11-03 11:34:32.590] [info] Model saved into trained_11.model
[2020-11-03 11:34:32.864] [info] Start
[2020-11-03 11:34:32.865] [info] Inference
[2020-11-03 11:34:32.865] [info] JSON: read encodings from encoding-20.json
[2020-11-03 11:34:32.865] [info] CSV: reading input.csv ...
[2020-11-03 11:34:36.033] [info] ...completed in 3.2 secs
[2020-11-03 11:34:36.033] [info] CSV: read 454404 rows with categorical features and 454404 rows with numerical ones.
[2020-11-03 11:34:36.085] [info] Encoding features...
[2020-11-03 11:34:44.849] [info] ...completed in 8.8 secs
[2020-11-03 11:34:46.171] [info] Classification inference
[2020-11-03 11:34:47.593] [info] Predicting...
[2020-11-03 11:35:11.680] [info] ...completed in 24.1 secs
[2020-11-03 11:35:11.694] [info] scores 454404
[2020-11-03 11:35:11.694] [info] [35] 12298,-14674,0.07856
[2020-11-03 11:35:11.694] [info] [36] 6908,-7620,0.27300
[2020-11-03 11:35:11.694] [info] [37] 12915,-16000,0.04820
[2020-11-03 11:35:11.694] [info] [73] 9328,-10550,0.18941
[2020-11-03 11:35:11.694] [info] [74] 6462,-8587,0.26486
[2020-11-03 11:35:11.694] [info] [75] 10676,-14297,0.10980
[2020-11-03 11:35:11.694] [info] [208] 10760,-6856,0.22475
[2020-11-03 11:35:11.694] [info] [265] 11726,-13960,0.09866
Num. customers: 454404
Average churn: 2.05
result:  39.53763
12
/repo/tco-customerchurn/data /repo/tco-customerchurn/submission/code/experiments/clasA
/repo/tco-customerchurn/submission/code/experiments/clasA
[2020-11-03 11:35:17.719] [info] Start
[2020-11-03 11:35:17.719] [info] Training
[2020-11-03 11:35:17.719] [info] JSON: read encodings from encoding-20.json
[2020-11-03 11:35:17.719] [info] CSV: reading history_mix_1to3.csv ...
[2020-11-03 11:35:18.485] [info] ...completed in 0.8 secs
[2020-11-03 11:35:18.485] [info] CSV: read 108808 rows with categorical features and 108808 rows with numerical ones.
[2020-11-03 11:35:18.495] [info] Encoding features...
[2020-11-03 11:35:20.458] [info] ...completed in 2.0 secs
[2020-11-03 11:35:21.726] [info] Classification requested
[2020-11-03 11:35:23.045] [info] Model restored from trained_11.model
[2020-11-03 11:35:23.048] [info] C 4000 T 16000 s 20.0 w -1 boost-tpf 1  nepochs 1
[2020-11-03 11:35:23.049] [info] Partial fit initiated for 1 epoch(s)...
[2020-11-03 11:38:15.591] [info] ...completed in 172.5 secs.
[2020-11-03 11:38:17.020] [info] Model saved into trained_12.model
[2020-11-03 11:38:17.279] [info] Start
[2020-11-03 11:38:17.279] [info] Inference
[2020-11-03 11:38:17.279] [info] JSON: read encodings from encoding-20.json
[2020-11-03 11:38:17.279] [info] CSV: reading input.csv ...
[2020-11-03 11:38:20.287] [info] ...completed in 3.0 secs
[2020-11-03 11:38:20.287] [info] CSV: read 454404 rows with categorical features and 454404 rows with numerical ones.
[2020-11-03 11:38:20.341] [info] Encoding features...
[2020-11-03 11:38:28.742] [info] ...completed in 8.4 secs
[2020-11-03 11:38:30.032] [info] Classification inference
[2020-11-03 11:38:31.360] [info] Predicting...
[2020-11-03 11:38:56.329] [info] ...completed in 25.0 secs
[2020-11-03 11:38:56.344] [info] scores 454404
[2020-11-03 11:38:56.344] [info] [35] 11917,-14020,0.09473
[2020-11-03 11:38:56.344] [info] [36] 3780,-5531,0.35452
[2020-11-03 11:38:56.344] [info] [37] 10624,-13275,0.12658
[2020-11-03 11:38:56.344] [info] [73] 11676,-11807,0.13308
[2020-11-03 11:38:56.344] [info] [74] 5946,-4892,0.33066
[2020-11-03 11:38:56.344] [info] [75] 8826,-14583,0.13423
[2020-11-03 11:38:56.344] [info] [208] 7096,-4938,0.31197
[2020-11-03 11:38:56.344] [info] [265] 13505,-14230,0.06664
Num. customers: 454404
Average churn: 2.05
result:  39.08602
13
/repo/tco-customerchurn/data /repo/tco-customerchurn/submission/code/experiments/clasA
/repo/tco-customerchurn/submission/code/experiments/clasA
[2020-11-03 11:39:02.829] [info] Start
[2020-11-03 11:39:02.829] [info] Training
[2020-11-03 11:39:02.829] [info] JSON: read encodings from encoding-20.json
[2020-11-03 11:39:02.830] [info] CSV: reading history_mix_1to3.csv ...
[2020-11-03 11:39:03.592] [info] ...completed in 0.8 secs
[2020-11-03 11:39:03.592] [info] CSV: read 108808 rows with categorical features and 108808 rows with numerical ones.
[2020-11-03 11:39:03.600] [info] Encoding features...
[2020-11-03 11:39:05.574] [info] ...completed in 2.0 secs
[2020-11-03 11:39:06.862] [info] Classification requested
[2020-11-03 11:39:08.168] [info] Model restored from trained_12.model
[2020-11-03 11:39:08.173] [info] C 4000 T 16000 s 20.0 w -1 boost-tpf 1  nepochs 1
[2020-11-03 11:39:08.173] [info] Partial fit initiated for 1 epoch(s)...
[2020-11-03 11:41:55.123] [info] ...completed in 167.0 secs.
[2020-11-03 11:41:56.665] [info] Model saved into trained_13.model
[2020-11-03 11:41:56.952] [info] Start
[2020-11-03 11:41:56.953] [info] Inference
[2020-11-03 11:41:56.953] [info] JSON: read encodings from encoding-20.json
[2020-11-03 11:41:56.953] [info] CSV: reading input.csv ...
[2020-11-03 11:42:00.364] [info] ...completed in 3.4 secs
[2020-11-03 11:42:00.364] [info] CSV: read 454404 rows with categorical features and 454404 rows with numerical ones.
[2020-11-03 11:42:00.411] [info] Encoding features...
[2020-11-03 11:42:09.332] [info] ...completed in 8.9 secs
[2020-11-03 11:42:10.623] [info] Classification inference
[2020-11-03 11:42:11.986] [info] Predicting...
[2020-11-03 11:42:36.599] [info] ...completed in 24.6 secs
[2020-11-03 11:42:36.618] [info] scores 454404
[2020-11-03 11:42:36.618] [info] [35] 11506,-10534,0.15563
[2020-11-03 11:42:36.619] [info] [36] 3664,-8658,0.30747
[2020-11-03 11:42:36.619] [info] [37] 12908,-10553,0.13342
[2020-11-03 11:42:36.619] [info] [73] 9345,-12078,0.16527
[2020-11-03 11:42:36.619] [info] [74] 2235,-6613,0.36175
[2020-11-03 11:42:36.619] [info] [75] 8899,-14287,0.13772
[2020-11-03 11:42:36.619] [info] [208] 5937,-5266,0.32495
[2020-11-03 11:42:36.619] [info] [265] 13182,-11196,0.11909
Num. customers: 454404
Average churn: 2.05
result:  39.38710
14
/repo/tco-customerchurn/data /repo/tco-customerchurn/submission/code/experiments/clasA
/repo/tco-customerchurn/submission/code/experiments/clasA
[2020-11-03 11:42:42.777] [info] Start
[2020-11-03 11:42:42.777] [info] Training
[2020-11-03 11:42:42.778] [info] JSON: read encodings from encoding-20.json
[2020-11-03 11:42:42.778] [info] CSV: reading history_mix_1to3.csv ...
[2020-11-03 11:42:43.573] [info] ...completed in 0.8 secs
[2020-11-03 11:42:43.573] [info] CSV: read 108808 rows with categorical features and 108808 rows with numerical ones.
[2020-11-03 11:42:43.582] [info] Encoding features...
[2020-11-03 11:42:45.570] [info] ...completed in 2.0 secs
[2020-11-03 11:42:46.849] [info] Classification requested
[2020-11-03 11:42:48.156] [info] Model restored from trained_13.model
[2020-11-03 11:42:48.159] [info] C 4000 T 16000 s 20.0 w -1 boost-tpf 1  nepochs 1
[2020-11-03 11:42:48.159] [info] Partial fit initiated for 1 epoch(s)...
[2020-11-03 11:45:35.654] [info] ...completed in 167.5 secs.
[2020-11-03 11:45:37.188] [info] Model saved into trained_14.model
[2020-11-03 11:45:37.449] [info] Start
[2020-11-03 11:45:37.450] [info] Inference
[2020-11-03 11:45:37.450] [info] JSON: read encodings from encoding-20.json
[2020-11-03 11:45:37.450] [info] CSV: reading input.csv ...
[2020-11-03 11:45:40.673] [info] ...completed in 3.2 secs
[2020-11-03 11:45:40.673] [info] CSV: read 454404 rows with categorical features and 454404 rows with numerical ones.
[2020-11-03 11:45:40.723] [info] Encoding features...
[2020-11-03 11:45:49.356] [info] ...completed in 8.6 secs
[2020-11-03 11:45:50.664] [info] Classification inference
[2020-11-03 11:45:52.044] [info] Predicting...
[2020-11-03 11:46:16.241] [info] ...completed in 24.2 secs
[2020-11-03 11:46:16.256] [info] scores 454404
[2020-11-03 11:46:16.256] [info] [35] 16000,-16000,0.00000
[2020-11-03 11:46:16.256] [info] [36] 5239,-9021,0.27719
[2020-11-03 11:46:16.256] [info] [37] 12138,-10553,0.14545
[2020-11-03 11:46:16.256] [info] [73] 14207,-14290,0.05473
[2020-11-03 11:46:16.256] [info] [74] 3245,-3884,0.38861
[2020-11-03 11:46:16.256] [info] [75] 15348,-12577,0.06367
[2020-11-03 11:46:16.256] [info] [208] 6350,-7412,0.28497
[2020-11-03 11:46:16.256] [info] [265] 12572,-11825,0.11880
Num. customers: 454404
Average churn: 2.05
result:  39.58065
15
/repo/tco-customerchurn/data /repo/tco-customerchurn/submission/code/experiments/clasA
/repo/tco-customerchurn/submission/code/experiments/clasA
[2020-11-03 11:46:22.396] [info] Start
[2020-11-03 11:46:22.396] [info] Training
[2020-11-03 11:46:22.396] [info] JSON: read encodings from encoding-20.json
[2020-11-03 11:46:22.396] [info] CSV: reading history_mix_1to3.csv ...
[2020-11-03 11:46:23.210] [info] ...completed in 0.8 secs
[2020-11-03 11:46:23.210] [info] CSV: read 108808 rows with categorical features and 108808 rows with numerical ones.
[2020-11-03 11:46:23.218] [info] Encoding features...
[2020-11-03 11:46:25.194] [info] ...completed in 2.0 secs
[2020-11-03 11:46:26.477] [info] Classification requested
[2020-11-03 11:46:27.788] [info] Model restored from trained_14.model
[2020-11-03 11:46:27.792] [info] C 4000 T 16000 s 20.0 w -1 boost-tpf 1  nepochs 1
[2020-11-03 11:46:27.792] [info] Partial fit initiated for 1 epoch(s)...
[2020-11-03 11:49:14.283] [info] ...completed in 166.5 secs.
[2020-11-03 11:49:15.795] [info] Model saved into trained_15.model
[2020-11-03 11:49:16.076] [info] Start
[2020-11-03 11:49:16.076] [info] Inference
[2020-11-03 11:49:16.077] [info] JSON: read encodings from encoding-20.json
[2020-11-03 11:49:16.077] [info] CSV: reading input.csv ...
[2020-11-03 11:49:19.387] [info] ...completed in 3.3 secs
[2020-11-03 11:49:19.387] [info] CSV: read 454404 rows with categorical features and 454404 rows with numerical ones.
[2020-11-03 11:49:19.455] [info] Encoding features...
[2020-11-03 11:49:28.170] [info] ...completed in 8.7 secs
[2020-11-03 11:49:29.484] [info] Classification inference
[2020-11-03 11:49:30.811] [info] Predicting...
[2020-11-03 11:49:55.111] [info] ...completed in 24.3 secs
[2020-11-03 11:49:55.124] [info] scores 454404
[2020-11-03 11:49:55.124] [info] [35] 10603,-15990,0.08448
[2020-11-03 11:49:55.124] [info] [36] 8117,-5209,0.29178
[2020-11-03 11:49:55.124] [info] [37] 9226,-12764,0.15641
[2020-11-03 11:49:55.124] [info] [73] 14975,-8472,0.13364
[2020-11-03 11:49:55.124] [info] [74] 4451,557,0.43916
[2020-11-03 11:49:55.124] [info] [75] 10698,-14293,0.10952
[2020-11-03 11:49:55.124] [info] [208] 5823,-5341,0.32556
[2020-11-03 11:49:55.124] [info] [265] 11053,-11282,0.15102
Num. customers: 454404
Average churn: 2.05
result:  39.46237
16
/repo/tco-customerchurn/data /repo/tco-customerchurn/submission/code/experiments/clasA
/repo/tco-customerchurn/submission/code/experiments/clasA
[2020-11-03 11:50:01.158] [info] Start
[2020-11-03 11:50:01.158] [info] Training
[2020-11-03 11:50:01.159] [info] JSON: read encodings from encoding-20.json
[2020-11-03 11:50:01.159] [info] CSV: reading history_mix_1to3.csv ...
[2020-11-03 11:50:01.904] [info] ...completed in 0.7 secs
[2020-11-03 11:50:01.904] [info] CSV: read 108808 rows with categorical features and 108808 rows with numerical ones.
[2020-11-03 11:50:01.912] [info] Encoding features...
[2020-11-03 11:50:03.926] [info] ...completed in 2.0 secs
[2020-11-03 11:50:05.203] [info] Classification requested
[2020-11-03 11:50:06.504] [info] Model restored from trained_15.model
[2020-11-03 11:50:06.506] [info] C 4000 T 16000 s 20.0 w -1 boost-tpf 1  nepochs 1
[2020-11-03 11:50:06.507] [info] Partial fit initiated for 1 epoch(s)...
[2020-11-03 11:52:54.152] [info] ...completed in 167.6 secs.
[2020-11-03 11:52:55.607] [info] Model saved into trained_16.model
[2020-11-03 11:52:55.863] [info] Start
[2020-11-03 11:52:55.863] [info] Inference
[2020-11-03 11:52:55.864] [info] JSON: read encodings from encoding-20.json
[2020-11-03 11:52:55.864] [info] CSV: reading input.csv ...
[2020-11-03 11:52:58.965] [info] ...completed in 3.1 secs
[2020-11-03 11:52:58.965] [info] CSV: read 454404 rows with categorical features and 454404 rows with numerical ones.
[2020-11-03 11:52:59.011] [info] Encoding features...
[2020-11-03 11:53:07.403] [info] ...completed in 8.4 secs
[2020-11-03 11:53:08.699] [info] Classification inference
[2020-11-03 11:53:10.067] [info] Predicting...
[2020-11-03 11:53:34.100] [info] ...completed in 24.0 secs
[2020-11-03 11:53:34.113] [info] scores 454404
[2020-11-03 11:53:34.113] [info] [35] 16000,-16000,0.00000
[2020-11-03 11:53:34.113] [info] [36] 12026,-5793,0.22158
[2020-11-03 11:53:34.113] [info] [37] 14038,-15343,0.04092
[2020-11-03 11:53:34.113] [info] [73] 15606,-14537,0.02902
[2020-11-03 11:53:34.113] [info] [74] 8984,-9830,0.20603
[2020-11-03 11:53:34.113] [info] [75] 13364,-14371,0.06664
[2020-11-03 11:53:34.113] [info] [208] 9246,-6040,0.26116
[2020-11-03 11:53:34.113] [info] [265] 11762,-11994,0.12881
Num. customers: 454404
Average churn: 2.05
result:  39.40860
17
/repo/tco-customerchurn/data /repo/tco-customerchurn/submission/code/experiments/clasA
/repo/tco-customerchurn/submission/code/experiments/clasA
[2020-11-03 11:53:39.946] [info] Start
[2020-11-03 11:53:39.946] [info] Training
[2020-11-03 11:53:39.947] [info] JSON: read encodings from encoding-20.json
[2020-11-03 11:53:39.947] [info] CSV: reading history_mix_1to3.csv ...
[2020-11-03 11:53:40.732] [info] ...completed in 0.8 secs
[2020-11-03 11:53:40.732] [info] CSV: read 108808 rows with categorical features and 108808 rows with numerical ones.
[2020-11-03 11:53:40.741] [info] Encoding features...
[2020-11-03 11:53:42.741] [info] ...completed in 2.0 secs
[2020-11-03 11:53:44.031] [info] Classification requested
[2020-11-03 11:53:45.363] [info] Model restored from trained_16.model
[2020-11-03 11:53:45.367] [info] C 4000 T 16000 s 20.0 w -1 boost-tpf 1  nepochs 1
[2020-11-03 11:53:45.367] [info] Partial fit initiated for 1 epoch(s)...
[2020-11-03 11:56:32.007] [info] ...completed in 166.6 secs.
[2020-11-03 11:56:33.562] [info] Model saved into trained_17.model
[2020-11-03 11:56:33.842] [info] Start
[2020-11-03 11:56:33.843] [info] Inference
[2020-11-03 11:56:33.843] [info] JSON: read encodings from encoding-20.json
[2020-11-03 11:56:33.843] [info] CSV: reading input.csv ...
[2020-11-03 11:56:37.084] [info] ...completed in 3.2 secs
[2020-11-03 11:56:37.084] [info] CSV: read 454404 rows with categorical features and 454404 rows with numerical ones.
[2020-11-03 11:56:37.130] [info] Encoding features...
[2020-11-03 11:56:46.192] [info] ...completed in 9.1 secs
[2020-11-03 11:56:47.613] [info] Classification inference
[2020-11-03 11:56:49.086] [info] Predicting...
[2020-11-03 11:57:13.225] [info] ...completed in 24.1 secs
[2020-11-03 11:57:13.239] [info] scores 454404
[2020-11-03 11:57:13.240] [info] [35] 15452,-12154,0.06866
[2020-11-03 11:57:13.240] [info] [36] 7816,-6411,0.27770
[2020-11-03 11:57:13.240] [info] [37] 14237,-15436,0.03636
[2020-11-03 11:57:13.240] [info] [73] 14812,-8141,0.14136
[2020-11-03 11:57:13.240] [info] [74] 1932,-2140,0.43638
[2020-11-03 11:57:13.240] [info] [75] 10283,-14605,0.11112
[2020-11-03 11:57:13.240] [info] [208] 2882,-8820,0.31716
[2020-11-03 11:57:13.240] [info] [265] 11751,-11254,0.14055
Num. customers: 454404
Average churn: 2.05
result:  39.51613
18
/repo/tco-customerchurn/data /repo/tco-customerchurn/submission/code/experiments/clasA
/repo/tco-customerchurn/submission/code/experiments/clasA
[2020-11-03 11:57:19.320] [info] Start
[2020-11-03 11:57:19.320] [info] Training
[2020-11-03 11:57:19.320] [info] JSON: read encodings from encoding-20.json
[2020-11-03 11:57:19.320] [info] CSV: reading history_mix_1to3.csv ...
[2020-11-03 11:57:20.117] [info] ...completed in 0.8 secs
[2020-11-03 11:57:20.117] [info] CSV: read 108808 rows with categorical features and 108808 rows with numerical ones.
[2020-11-03 11:57:20.125] [info] Encoding features...
[2020-11-03 11:57:22.110] [info] ...completed in 2.0 secs
[2020-11-03 11:57:23.391] [info] Classification requested
[2020-11-03 11:57:24.712] [info] Model restored from trained_17.model
[2020-11-03 11:57:24.715] [info] C 4000 T 16000 s 20.0 w -1 boost-tpf 1  nepochs 1
[2020-11-03 11:57:24.715] [info] Partial fit initiated for 1 epoch(s)...
[2020-11-03 12:00:11.860] [info] ...completed in 167.1 secs.
[2020-11-03 12:00:13.338] [info] Model saved into trained_18.model
[2020-11-03 12:00:13.637] [info] Start
[2020-11-03 12:00:13.637] [info] Inference
[2020-11-03 12:00:13.638] [info] JSON: read encodings from encoding-20.json
[2020-11-03 12:00:13.638] [info] CSV: reading input.csv ...
[2020-11-03 12:00:16.894] [info] ...completed in 3.3 secs
[2020-11-03 12:00:16.894] [info] CSV: read 454404 rows with categorical features and 454404 rows with numerical ones.
[2020-11-03 12:00:16.942] [info] Encoding features...
[2020-11-03 12:00:25.484] [info] ...completed in 8.5 secs
[2020-11-03 12:00:26.763] [info] Classification inference
[2020-11-03 12:00:28.151] [info] Predicting...
[2020-11-03 12:00:54.479] [info] ...completed in 26.3 secs
[2020-11-03 12:00:54.492] [info] scores 454404
[2020-11-03 12:00:54.492] [info] [35] 14598,-16000,0.02191
[2020-11-03 12:00:54.492] [info] [36] 8552,-5230,0.28466
[2020-11-03 12:00:54.492] [info] [37] 10018,-12394,0.14981
[2020-11-03 12:00:54.492] [info] [73] 9561,-4255,0.28412
[2020-11-03 12:00:54.492] [info] [74] 3112,-5468,0.36594
[2020-11-03 12:00:54.492] [info] [75] 12353,-12622,0.10977
[2020-11-03 12:00:54.492] [info] [208] 5899,-4279,0.34097
[2020-11-03 12:00:54.492] [info] [265] 12333,-10667,0.14062
Num. customers: 454404
Average churn: 2.05
result:  39.16129
19
/repo/tco-customerchurn/data /repo/tco-customerchurn/submission/code/experiments/clasA
/repo/tco-customerchurn/submission/code/experiments/clasA
[2020-11-03 12:01:00.779] [info] Start
[2020-11-03 12:01:00.780] [info] Training
[2020-11-03 12:01:00.781] [info] JSON: read encodings from encoding-20.json
[2020-11-03 12:01:00.781] [info] CSV: reading history_mix_1to3.csv ...
[2020-11-03 12:01:01.605] [info] ...completed in 0.8 secs
[2020-11-03 12:01:01.605] [info] CSV: read 108808 rows with categorical features and 108808 rows with numerical ones.
[2020-11-03 12:01:01.614] [info] Encoding features...
[2020-11-03 12:01:03.830] [info] ...completed in 2.2 secs
[2020-11-03 12:01:05.135] [info] Classification requested
[2020-11-03 12:01:06.470] [info] Model restored from trained_18.model
[2020-11-03 12:01:06.474] [info] C 4000 T 16000 s 20.0 w -1 boost-tpf 1  nepochs 1
[2020-11-03 12:01:06.474] [info] Partial fit initiated for 1 epoch(s)...
[2020-11-03 12:04:06.136] [info] ...completed in 179.7 secs.
[2020-11-03 12:04:07.628] [info] Model saved into trained_19.model
[2020-11-03 12:04:07.893] [info] Start
[2020-11-03 12:04:07.893] [info] Inference
[2020-11-03 12:04:07.894] [info] JSON: read encodings from encoding-20.json
[2020-11-03 12:04:07.894] [info] CSV: reading input.csv ...
[2020-11-03 12:04:10.959] [info] ...completed in 3.1 secs
[2020-11-03 12:04:10.959] [info] CSV: read 454404 rows with categorical features and 454404 rows with numerical ones.
[2020-11-03 12:04:11.007] [info] Encoding features...
[2020-11-03 12:04:19.473] [info] ...completed in 8.5 secs
[2020-11-03 12:04:20.763] [info] Classification inference
[2020-11-03 12:04:22.128] [info] Predicting...
[2020-11-03 12:04:48.129] [info] ...completed in 26.0 secs
[2020-11-03 12:04:48.145] [info] scores 454404
[2020-11-03 12:04:48.145] [info] [35] 15906,-15580,0.00803
[2020-11-03 12:04:48.145] [info] [36] 4991,-7316,0.30770
[2020-11-03 12:04:48.145] [info] [37] 10553,-16000,0.08511
[2020-11-03 12:04:48.146] [info] [73] 13635,-12143,0.09722
[2020-11-03 12:04:48.146] [info] [74] 5282,-3666,0.36019
[2020-11-03 12:04:48.146] [info] [75] 12942,-15455,0.05630
[2020-11-03 12:04:48.147] [info] [208] 7889,-10940,0.20580
[2020-11-03 12:04:48.147] [info] [265] 14959,-14512,0.03952
Num. customers: 454404
Average churn: 2.05
result:  39.55914
20
/repo/tco-customerchurn/data /repo/tco-customerchurn/submission/code/experiments/clasA
/repo/tco-customerchurn/submission/code/experiments/clasA
[2020-11-03 12:04:54.211] [info] Start
[2020-11-03 12:04:54.211] [info] Training
[2020-11-03 12:04:54.212] [info] JSON: read encodings from encoding-20.json
[2020-11-03 12:04:54.212] [info] CSV: reading history_mix_1to3.csv ...
[2020-11-03 12:04:55.001] [info] ...completed in 0.8 secs
[2020-11-03 12:04:55.001] [info] CSV: read 108808 rows with categorical features and 108808 rows with numerical ones.
[2020-11-03 12:04:55.019] [info] Encoding features...
[2020-11-03 12:04:57.638] [info] ...completed in 2.6 secs
[2020-11-03 12:04:59.314] [info] Classification requested
[2020-11-03 12:05:00.739] [info] Model restored from trained_19.model
[2020-11-03 12:05:00.743] [info] C 4000 T 16000 s 20.0 w -1 boost-tpf 1  nepochs 1
[2020-11-03 12:05:00.743] [info] Partial fit initiated for 1 epoch(s)...
[2020-11-03 12:07:52.057] [info] ...completed in 171.3 secs.
[2020-11-03 12:07:53.525] [info] Model saved into trained_20.model
[2020-11-03 12:07:53.835] [info] Start
[2020-11-03 12:07:53.835] [info] Inference
[2020-11-03 12:07:53.836] [info] JSON: read encodings from encoding-20.json
[2020-11-03 12:07:53.836] [info] CSV: reading input.csv ...
[2020-11-03 12:07:57.150] [info] ...completed in 3.3 secs
[2020-11-03 12:07:57.150] [info] CSV: read 454404 rows with categorical features and 454404 rows with numerical ones.
[2020-11-03 12:07:57.197] [info] Encoding features...
[2020-11-03 12:08:05.860] [info] ...completed in 8.7 secs
[2020-11-03 12:08:07.269] [info] Classification inference
[2020-11-03 12:08:08.742] [info] Predicting...
[2020-11-03 12:08:32.945] [info] ...completed in 24.2 secs
[2020-11-03 12:08:32.960] [info] scores 454404
[2020-11-03 12:08:32.960] [info] [35] 14476,-12482,0.07878
[2020-11-03 12:08:32.960] [info] [36] 6655,-7573,0.27769
[2020-11-03 12:08:32.960] [info] [37] 12800,-11002,0.12809
[2020-11-03 12:08:32.960] [info] [73] 14317,-16000,0.02630
[2020-11-03 12:08:32.960] [info] [74] 7894,-2340,0.34009
[2020-11-03 12:08:32.960] [info] [75] 10021,-13504,0.13242
[2020-11-03 12:08:32.960] [info] [208] 7944,-11782,0.19178
[2020-11-03 12:08:32.960] [info] [265] 14783,-11893,0.08319
Num. customers: 454404
Average churn: 2.05
result:  39.60215
