1
/repo/tco-customerchurn/data /repo/tco-customerchurn/submission/code/experiments/clas5
/repo/tco-customerchurn/submission/code/experiments/clas5
[2020-10-31 14:21:37.732] [[32minfo[m] Start
[2020-10-31 14:21:37.736] [[32minfo[m] Training
[2020-10-31 14:21:37.737] [[32minfo[m] JSON: read encodings from encoding-20.json
[2020-10-31 14:21:37.737] [[32minfo[m] CSV: reading history_mix_1to3.csv ...
[2020-10-31 14:21:41.324] [[32minfo[m] ...completed in 3.6 secs
[2020-10-31 14:21:41.324] [[32minfo[m] CSV: read 480592 rows with categorical features and 480592 rows with numerical ones.
[2020-10-31 14:21:41.365] [[32minfo[m] Encoding features...
[2020-10-31 14:21:50.939] [[32minfo[m] ...completed in 9.6 secs
[2020-10-31 14:21:50.939] [[32minfo[m] Classification requested
[2020-10-31 14:21:50.939] [[32minfo[m] C 4000 T 16000 s 20.0 w -1 boost-tpf 1 nepochs 1
[2020-10-31 14:21:50.939] [[32minfo[m] Partial fit initiated for 1 epoch(s)...
[2020-10-31 14:32:39.829] [[32minfo[m] ...completed in 648.9 secs.
[2020-10-31 14:32:41.383] [[32minfo[m] Model saved into trained_1.model
[2020-10-31 14:32:41.524] [[32minfo[m] Start
[2020-10-31 14:32:41.524] [[32minfo[m] Inference
[2020-10-31 14:32:41.525] [[32minfo[m] JSON: read encodings from encoding-20.json
[2020-10-31 14:32:41.525] [[32minfo[m] CSV: reading input.csv ...
[2020-10-31 14:32:44.973] [[32minfo[m] ...completed in 3.4 secs
[2020-10-31 14:32:44.973] [[32minfo[m] CSV: read 454404 rows with categorical features and 454404 rows with numerical ones.
[2020-10-31 14:32:45.018] [[32minfo[m] Encoding features...
[2020-10-31 14:32:53.859] [[32minfo[m] ...completed in 8.8 secs
[2020-10-31 14:32:55.208] [[32minfo[m] Classification inference
[2020-10-31 14:32:56.598] [[32minfo[m] Predicting...
[2020-10-31 14:33:20.829] [[32minfo[m] ...completed in 24.2 secs
[2020-10-31 14:33:20.843] [[32minfo[m] scores 454404
[2020-10-31 14:33:20.843] [[32minfo[m] [35] 14175,-13964,0.06033
[2020-10-31 14:33:20.843] [[32minfo[m] [36] 7940,-9481,0.22780
[2020-10-31 14:33:20.843] [[32minfo[m] [37] 11724,-11638,0.13497
[2020-10-31 14:33:20.843] [[32minfo[m] [73] 12276,-12461,0.11348
[2020-10-31 14:33:20.844] [[32minfo[m] [74] 6609,-6535,0.29463
[2020-10-31 14:33:20.844] [[32minfo[m] [75] 14901,-12288,0.07517
[2020-10-31 14:33:20.844] [[32minfo[m] [208] 7488,-9596,0.23306
[2020-10-31 14:33:20.844] [[32minfo[m] [265] 14539,-13516,0.06164
gzip: trained_0.model: No such file or directory
Num. customers: 454404
Average churn: 2.05
result:  34.98925
2
/repo/tco-customerchurn/data /repo/tco-customerchurn/submission/code/experiments/clas5
/repo/tco-customerchurn/submission/code/experiments/clas5
[2020-10-31 14:33:40.136] [[32minfo[m] Start
[2020-10-31 14:33:40.136] [[32minfo[m] Training
[2020-10-31 14:33:40.137] [[32minfo[m] JSON: read encodings from encoding-20.json
[2020-10-31 14:33:40.137] [[32minfo[m] CSV: reading history_mix_1to3.csv ...
[2020-10-31 14:33:43.671] [[32minfo[m] ...completed in 3.5 secs
[2020-10-31 14:33:43.671] [[32minfo[m] CSV: read 480592 rows with categorical features and 480592 rows with numerical ones.
[2020-10-31 14:33:43.713] [[32minfo[m] Encoding features...
[2020-10-31 14:33:53.077] [[32minfo[m] ...completed in 9.4 secs
[2020-10-31 14:33:54.497] [[32minfo[m] Classification requested
[2020-10-31 14:33:55.888] [[32minfo[m] Model restored from trained_1.model
[2020-10-31 14:33:55.892] [[32minfo[m] C 4000 T 16000 s 20.0 w -1 boost-tpf 1 nepochs 1
[2020-10-31 14:33:55.892] [[32minfo[m] Partial fit initiated for 1 epoch(s)...
[2020-10-31 14:44:15.641] [[32minfo[m] ...completed in 619.7 secs.
[2020-10-31 14:44:17.136] [[32minfo[m] Model saved into trained_2.model
[2020-10-31 14:44:17.493] [[32minfo[m] Start
[2020-10-31 14:44:17.493] [[32minfo[m] Inference
[2020-10-31 14:44:17.493] [[32minfo[m] JSON: read encodings from encoding-20.json
[2020-10-31 14:44:17.494] [[32minfo[m] CSV: reading input.csv ...
[2020-10-31 14:44:20.713] [[32minfo[m] ...completed in 3.2 secs
[2020-10-31 14:44:20.713] [[32minfo[m] CSV: read 454404 rows with categorical features and 454404 rows with numerical ones.
[2020-10-31 14:44:20.764] [[32minfo[m] Encoding features...
[2020-10-31 14:44:30.063] [[32minfo[m] ...completed in 9.3 secs
[2020-10-31 14:44:31.414] [[32minfo[m] Classification inference
[2020-10-31 14:44:32.820] [[32minfo[m] Predicting...
[2020-10-31 14:44:57.212] [[32minfo[m] ...completed in 24.4 secs
[2020-10-31 14:44:57.225] [[32minfo[m] scores 454404
[2020-10-31 14:44:57.226] [[32minfo[m] [35] 12814,-13029,0.09620
[2020-10-31 14:44:57.226] [[32minfo[m] [36] 8186,-9581,0.22239
[2020-10-31 14:44:57.226] [[32minfo[m] [37] 11129,-9754,0.17370
[2020-10-31 14:44:57.226] [[32minfo[m] [73] 10221,-9814,0.18695
[2020-10-31 14:44:57.226] [[32minfo[m] [74] 7854,-4402,0.30850
[2020-10-31 14:44:57.226] [[32minfo[m] [75] 14305,-14835,0.04469
[2020-10-31 14:44:57.226] [[32minfo[m] [208] 7015,-5742,0.30067
[2020-10-31 14:44:57.226] [[32minfo[m] [265] 14846,-14656,0.03903
Num. customers: 454404
Average churn: 2.05
result:  34.95699
3
/repo/tco-customerchurn/data /repo/tco-customerchurn/submission/code/experiments/clas5
/repo/tco-customerchurn/submission/code/experiments/clas5
[2020-10-31 14:45:16.399] [[32minfo[m] Start
[2020-10-31 14:45:16.399] [[32minfo[m] Training
[2020-10-31 14:45:16.399] [[32minfo[m] JSON: read encodings from encoding-20.json
[2020-10-31 14:45:16.399] [[32minfo[m] CSV: reading history_mix_1to3.csv ...
[2020-10-31 14:45:19.682] [[32minfo[m] ...completed in 3.3 secs
[2020-10-31 14:45:19.682] [[32minfo[m] CSV: read 480592 rows with categorical features and 480592 rows with numerical ones.
[2020-10-31 14:45:19.718] [[32minfo[m] Encoding features...
[2020-10-31 14:45:28.551] [[32minfo[m] ...completed in 8.8 secs
[2020-10-31 14:45:29.902] [[32minfo[m] Classification requested
[2020-10-31 14:45:31.225] [[32minfo[m] Model restored from trained_2.model
[2020-10-31 14:45:31.229] [[32minfo[m] C 4000 T 16000 s 20.0 w -1 boost-tpf 1 nepochs 1
[2020-10-31 14:45:31.229] [[32minfo[m] Partial fit initiated for 1 epoch(s)...
[2020-10-31 14:55:55.861] [[32minfo[m] ...completed in 624.6 secs.
[2020-10-31 14:55:57.485] [[32minfo[m] Model saved into trained_3.model
[2020-10-31 14:55:57.840] [[32minfo[m] Start
[2020-10-31 14:55:57.841] [[32minfo[m] Inference
[2020-10-31 14:55:57.842] [[32minfo[m] JSON: read encodings from encoding-20.json
[2020-10-31 14:55:57.842] [[32minfo[m] CSV: reading input.csv ...
[2020-10-31 14:56:01.375] [[32minfo[m] ...completed in 3.5 secs
[2020-10-31 14:56:01.375] [[32minfo[m] CSV: read 454404 rows with categorical features and 454404 rows with numerical ones.
[2020-10-31 14:56:01.422] [[32minfo[m] Encoding features...
[2020-10-31 14:56:10.099] [[32minfo[m] ...completed in 8.7 secs
[2020-10-31 14:56:11.379] [[32minfo[m] Classification inference
[2020-10-31 14:56:12.764] [[32minfo[m] Predicting...
[2020-10-31 14:56:36.792] [[32minfo[m] ...completed in 24.0 secs
[2020-10-31 14:56:36.805] [[32minfo[m] scores 454404
[2020-10-31 14:56:36.806] [[32minfo[m] [35] 13000,-12738,0.09784
[2020-10-31 14:56:36.806] [[32minfo[m] [36] 8273,-7158,0.25889
[2020-10-31 14:56:36.806] [[32minfo[m] [37] 12123,-9560,0.16120
[2020-10-31 14:56:36.806] [[32minfo[m] [73] 8569,-9827,0.21256
[2020-10-31 14:56:36.806] [[32minfo[m] [74] 6341,-6597,0.29784
[2020-10-31 14:56:36.806] [[32minfo[m] [75] 13125,-16000,0.04492
[2020-10-31 14:56:36.806] [[32minfo[m] [208] 7352,-6800,0.27887
[2020-10-31 14:56:36.806] [[32minfo[m] [265] 11727,-13331,0.10847
Num. customers: 454404
Average churn: 2.05
result:  35.44086
4
/repo/tco-customerchurn/data /repo/tco-customerchurn/submission/code/experiments/clas5
/repo/tco-customerchurn/submission/code/experiments/clas5
[2020-10-31 14:56:56.133] [[32minfo[m] Start
[2020-10-31 14:56:56.134] [[32minfo[m] Training
[2020-10-31 14:56:56.134] [[32minfo[m] JSON: read encodings from encoding-20.json
[2020-10-31 14:56:56.134] [[32minfo[m] CSV: reading history_mix_1to3.csv ...
[2020-10-31 14:56:59.628] [[32minfo[m] ...completed in 3.5 secs
[2020-10-31 14:56:59.629] [[32minfo[m] CSV: read 480592 rows with categorical features and 480592 rows with numerical ones.
[2020-10-31 14:56:59.667] [[32minfo[m] Encoding features...
[2020-10-31 14:57:08.369] [[32minfo[m] ...completed in 8.7 secs
[2020-10-31 14:57:09.705] [[32minfo[m] Classification requested
[2020-10-31 14:57:11.032] [[32minfo[m] Model restored from trained_3.model
[2020-10-31 14:57:11.035] [[32minfo[m] C 4000 T 16000 s 20.0 w -1 boost-tpf 1 nepochs 1
[2020-10-31 14:57:11.035] [[32minfo[m] Partial fit initiated for 1 epoch(s)...
[2020-10-31 15:07:35.934] [[32minfo[m] ...completed in 624.9 secs.
[2020-10-31 15:07:37.447] [[32minfo[m] Model saved into trained_4.model
[2020-10-31 15:07:37.807] [[32minfo[m] Start
[2020-10-31 15:07:37.807] [[32minfo[m] Inference
[2020-10-31 15:07:37.808] [[32minfo[m] JSON: read encodings from encoding-20.json
[2020-10-31 15:07:37.808] [[32minfo[m] CSV: reading input.csv ...
[2020-10-31 15:07:41.130] [[32minfo[m] ...completed in 3.3 secs
[2020-10-31 15:07:41.130] [[32minfo[m] CSV: read 454404 rows with categorical features and 454404 rows with numerical ones.
[2020-10-31 15:07:41.188] [[32minfo[m] Encoding features...
[2020-10-31 15:07:49.727] [[32minfo[m] ...completed in 8.5 secs
[2020-10-31 15:07:51.044] [[32minfo[m] Classification inference
[2020-10-31 15:07:52.540] [[32minfo[m] Predicting...
[2020-10-31 15:08:16.753] [[32minfo[m] ...completed in 24.2 secs
[2020-10-31 15:08:16.767] [[32minfo[m] scores 454404
[2020-10-31 15:08:16.767] [[32minfo[m] [35] 16000,-15521,0.00748
[2020-10-31 15:08:16.767] [[32minfo[m] [36] 6695,-8860,0.25695
[2020-10-31 15:08:16.767] [[32minfo[m] [37] 11949,-9608,0.16317
[2020-10-31 15:08:16.767] [[32minfo[m] [73] 12352,-8993,0.16648
[2020-10-31 15:08:16.767] [[32minfo[m] [74] 3804,-9507,0.29202
[2020-10-31 15:08:16.767] [[32minfo[m] [75] 13320,-13035,0.08820
[2020-10-31 15:08:16.767] [[32minfo[m] [208] 5993,-6715,0.30144
[2020-10-31 15:08:16.767] [[32minfo[m] [265] 11374,-15184,0.08503
Num. customers: 454404
Average churn: 2.05
result:  34.62366
5
/repo/tco-customerchurn/data /repo/tco-customerchurn/submission/code/experiments/clas5
/repo/tco-customerchurn/submission/code/experiments/clas5
[2020-10-31 15:08:36.345] [[32minfo[m] Start
[2020-10-31 15:08:36.345] [[32minfo[m] Training
[2020-10-31 15:08:36.346] [[32minfo[m] JSON: read encodings from encoding-20.json
[2020-10-31 15:08:36.346] [[32minfo[m] CSV: reading history_mix_1to3.csv ...
[2020-10-31 15:08:39.559] [[32minfo[m] ...completed in 3.2 secs
[2020-10-31 15:08:39.559] [[32minfo[m] CSV: read 480592 rows with categorical features and 480592 rows with numerical ones.
[2020-10-31 15:08:39.594] [[32minfo[m] Encoding features...
[2020-10-31 15:08:48.429] [[32minfo[m] ...completed in 8.8 secs
[2020-10-31 15:08:49.758] [[32minfo[m] Classification requested
[2020-10-31 15:08:51.077] [[32minfo[m] Model restored from trained_4.model
[2020-10-31 15:08:51.080] [[32minfo[m] C 4000 T 16000 s 20.0 w -1 boost-tpf 1 nepochs 1
[2020-10-31 15:08:51.080] [[32minfo[m] Partial fit initiated for 1 epoch(s)...
[2020-10-31 15:19:13.716] [[32minfo[m] ...completed in 622.6 secs.
[2020-10-31 15:19:15.184] [[32minfo[m] Model saved into trained_5.model
[2020-10-31 15:19:15.555] [[32minfo[m] Start
[2020-10-31 15:19:15.555] [[32minfo[m] Inference
[2020-10-31 15:19:15.556] [[32minfo[m] JSON: read encodings from encoding-20.json
[2020-10-31 15:19:15.556] [[32minfo[m] CSV: reading input.csv ...
[2020-10-31 15:19:18.733] [[32minfo[m] ...completed in 3.2 secs
[2020-10-31 15:19:18.733] [[32minfo[m] CSV: read 454404 rows with categorical features and 454404 rows with numerical ones.
[2020-10-31 15:19:18.783] [[32minfo[m] Encoding features...
[2020-10-31 15:19:27.662] [[32minfo[m] ...completed in 8.9 secs
[2020-10-31 15:19:29.037] [[32minfo[m] Classification inference
[2020-10-31 15:19:30.532] [[32minfo[m] Predicting...
[2020-10-31 15:19:54.938] [[32minfo[m] ...completed in 24.4 secs
[2020-10-31 15:19:54.957] [[32minfo[m] scores 454404
[2020-10-31 15:19:54.958] [[32minfo[m] [35] 15123,-13528,0.05233
[2020-10-31 15:19:54.958] [[32minfo[m] [36] 8630,-7027,0.25536
[2020-10-31 15:19:54.958] [[32minfo[m] [37] 10379,-9118,0.19536
[2020-10-31 15:19:54.958] [[32minfo[m] [73] 11665,-9180,0.17430
[2020-10-31 15:19:54.958] [[32minfo[m] [74] 5082,-6376,0.32097
[2020-10-31 15:19:54.958] [[32minfo[m] [75] 8254,-13633,0.15802
[2020-10-31 15:19:54.958] [[32minfo[m] [208] 8194,-7150,0.26025
[2020-10-31 15:19:54.958] [[32minfo[m] [265] 12403,-12728,0.10733
Num. customers: 454404
Average churn: 2.05
result:  35.07527
6
/repo/tco-customerchurn/data /repo/tco-customerchurn/submission/code/experiments/clas5
/repo/tco-customerchurn/submission/code/experiments/clas5
[2020-10-31 15:20:13.510] [[32minfo[m] Start
[2020-10-31 15:20:13.511] [[32minfo[m] Training
[2020-10-31 15:20:13.511] [[32minfo[m] JSON: read encodings from encoding-20.json
[2020-10-31 15:20:13.511] [[32minfo[m] CSV: reading history_mix_1to3.csv ...
[2020-10-31 15:20:16.898] [[32minfo[m] ...completed in 3.4 secs
[2020-10-31 15:20:16.898] [[32minfo[m] CSV: read 480592 rows with categorical features and 480592 rows with numerical ones.
[2020-10-31 15:20:16.936] [[32minfo[m] Encoding features...
[2020-10-31 15:20:25.772] [[32minfo[m] ...completed in 8.8 secs
[2020-10-31 15:20:27.097] [[32minfo[m] Classification requested
[2020-10-31 15:20:28.427] [[32minfo[m] Model restored from trained_5.model
[2020-10-31 15:20:28.429] [[32minfo[m] C 4000 T 16000 s 20.0 w -1 boost-tpf 1 nepochs 1
[2020-10-31 15:20:28.429] [[32minfo[m] Partial fit initiated for 1 epoch(s)...
[2020-10-31 15:30:46.828] [[32minfo[m] ...completed in 618.4 secs.
[2020-10-31 15:30:48.369] [[32minfo[m] Model saved into trained_6.model
[2020-10-31 15:30:48.718] [[32minfo[m] Start
[2020-10-31 15:30:48.718] [[32minfo[m] Inference
[2020-10-31 15:30:48.719] [[32minfo[m] JSON: read encodings from encoding-20.json
[2020-10-31 15:30:48.719] [[32minfo[m] CSV: reading input.csv ...
[2020-10-31 15:30:52.194] [[32minfo[m] ...completed in 3.5 secs
[2020-10-31 15:30:52.194] [[32minfo[m] CSV: read 454404 rows with categorical features and 454404 rows with numerical ones.
[2020-10-31 15:30:52.242] [[32minfo[m] Encoding features...
[2020-10-31 15:31:00.850] [[32minfo[m] ...completed in 8.6 secs
[2020-10-31 15:31:02.259] [[32minfo[m] Classification inference
[2020-10-31 15:31:03.679] [[32minfo[m] Predicting...
[2020-10-31 15:31:28.225] [[32minfo[m] ...completed in 24.5 secs
[2020-10-31 15:31:28.245] [[32minfo[m] scores 454404
[2020-10-31 15:31:28.245] [[32minfo[m] [35] 8418,-12929,0.16645
[2020-10-31 15:31:28.245] [[32minfo[m] [36] 10019,-11177,0.16881
[2020-10-31 15:31:28.245] [[32minfo[m] [37] 8204,-11027,0.19952
[2020-10-31 15:31:28.245] [[32minfo[m] [73] 10804,-10991,0.15945
[2020-10-31 15:31:28.245] [[32minfo[m] [74] 4387,-9897,0.27681
[2020-10-31 15:31:28.245] [[32minfo[m] [75] 14651,-12491,0.07591
[2020-10-31 15:31:28.245] [[32minfo[m] [208] 7987,-10679,0.20834
[2020-10-31 15:31:28.245] [[32minfo[m] [265] 12865,-13311,0.09100
Num. customers: 454404
Average churn: 2.05
result:  34.63441
7
/repo/tco-customerchurn/data /repo/tco-customerchurn/submission/code/experiments/clas5
/repo/tco-customerchurn/submission/code/experiments/clas5
[2020-10-31 15:31:47.450] [[32minfo[m] Start
[2020-10-31 15:31:47.450] [[32minfo[m] Training
[2020-10-31 15:31:47.450] [[32minfo[m] JSON: read encodings from encoding-20.json
[2020-10-31 15:31:47.451] [[32minfo[m] CSV: reading history_mix_1to3.csv ...
[2020-10-31 15:31:50.679] [[32minfo[m] ...completed in 3.2 secs
[2020-10-31 15:31:50.679] [[32minfo[m] CSV: read 480592 rows with categorical features and 480592 rows with numerical ones.
[2020-10-31 15:31:50.716] [[32minfo[m] Encoding features...
[2020-10-31 15:31:59.464] [[32minfo[m] ...completed in 8.7 secs
[2020-10-31 15:32:00.792] [[32minfo[m] Classification requested
[2020-10-31 15:32:02.120] [[32minfo[m] Model restored from trained_6.model
[2020-10-31 15:32:02.124] [[32minfo[m] C 4000 T 16000 s 20.0 w -1 boost-tpf 1 nepochs 1
[2020-10-31 15:32:02.124] [[32minfo[m] Partial fit initiated for 1 epoch(s)...
[2020-10-31 15:42:23.830] [[32minfo[m] ...completed in 621.7 secs.
[2020-10-31 15:42:25.333] [[32minfo[m] Model saved into trained_7.model
[2020-10-31 15:42:25.688] [[32minfo[m] Start
[2020-10-31 15:42:25.689] [[32minfo[m] Inference
[2020-10-31 15:42:25.693] [[32minfo[m] JSON: read encodings from encoding-20.json
[2020-10-31 15:42:25.694] [[32minfo[m] CSV: reading input.csv ...
[2020-10-31 15:42:29.163] [[32minfo[m] ...completed in 3.5 secs
[2020-10-31 15:42:29.163] [[32minfo[m] CSV: read 454404 rows with categorical features and 454404 rows with numerical ones.
[2020-10-31 15:42:29.210] [[32minfo[m] Encoding features...
[2020-10-31 15:42:37.892] [[32minfo[m] ...completed in 8.7 secs
[2020-10-31 15:42:39.261] [[32minfo[m] Classification inference
[2020-10-31 15:42:40.670] [[32minfo[m] Predicting...
[2020-10-31 15:43:05.248] [[32minfo[m] ...completed in 24.6 secs
[2020-10-31 15:43:05.262] [[32minfo[m] scores 454404
[2020-10-31 15:43:05.262] [[32minfo[m] [35] 14302,-14610,0.04825
[2020-10-31 15:43:05.262] [[32minfo[m] [36] 9932,-6192,0.24806
[2020-10-31 15:43:05.262] [[32minfo[m] [37] 7533,-10087,0.22469
[2020-10-31 15:43:05.262] [[32minfo[m] [73] 12711,-10228,0.14158
[2020-10-31 15:43:05.262] [[32minfo[m] [74] 4596,-4985,0.35030
[2020-10-31 15:43:05.262] [[32minfo[m] [75] 10975,-16000,0.07852
[2020-10-31 15:43:05.262] [[32minfo[m] [208] 6051,-7300,0.29139
[2020-10-31 15:43:05.262] [[32minfo[m] [265] 13182,-11055,0.12130
Num. customers: 454404
Average churn: 2.05
result:  34.35484
8
/repo/tco-customerchurn/data /repo/tco-customerchurn/submission/code/experiments/clas5
/repo/tco-customerchurn/submission/code/experiments/clas5
[2020-10-31 15:43:24.293] [[32minfo[m] Start
[2020-10-31 15:43:24.293] [[32minfo[m] Training
[2020-10-31 15:43:24.294] [[32minfo[m] JSON: read encodings from encoding-20.json
[2020-10-31 15:43:24.294] [[32minfo[m] CSV: reading history_mix_1to3.csv ...
[2020-10-31 15:43:27.451] [[32minfo[m] ...completed in 3.2 secs
[2020-10-31 15:43:27.451] [[32minfo[m] CSV: read 480592 rows with categorical features and 480592 rows with numerical ones.
[2020-10-31 15:43:27.489] [[32minfo[m] Encoding features...
[2020-10-31 15:43:36.210] [[32minfo[m] ...completed in 8.7 secs
[2020-10-31 15:43:37.548] [[32minfo[m] Classification requested
[2020-10-31 15:43:38.872] [[32minfo[m] Model restored from trained_7.model
[2020-10-31 15:43:38.875] [[32minfo[m] C 4000 T 16000 s 20.0 w -1 boost-tpf 1 nepochs 1
[2020-10-31 15:43:38.875] [[32minfo[m] Partial fit initiated for 1 epoch(s)...
[2020-10-31 15:53:59.027] [[32minfo[m] ...completed in 620.2 secs.
[2020-10-31 15:54:00.521] [[32minfo[m] Model saved into trained_8.model
[2020-10-31 15:54:00.883] [[32minfo[m] Start
[2020-10-31 15:54:00.883] [[32minfo[m] Inference
[2020-10-31 15:54:00.884] [[32minfo[m] JSON: read encodings from encoding-20.json
[2020-10-31 15:54:00.884] [[32minfo[m] CSV: reading input.csv ...
[2020-10-31 15:54:04.184] [[32minfo[m] ...completed in 3.3 secs
[2020-10-31 15:54:04.184] [[32minfo[m] CSV: read 454404 rows with categorical features and 454404 rows with numerical ones.
[2020-10-31 15:54:04.230] [[32minfo[m] Encoding features...
[2020-10-31 15:54:12.870] [[32minfo[m] ...completed in 8.6 secs
[2020-10-31 15:54:14.225] [[32minfo[m] Classification inference
[2020-10-31 15:54:15.567] [[32minfo[m] Predicting...
[2020-10-31 15:54:39.665] [[32minfo[m] ...completed in 24.1 secs
[2020-10-31 15:54:39.679] [[32minfo[m] scores 454404
[2020-10-31 15:54:39.680] [[32minfo[m] [35] 16000,-15506,0.00772
[2020-10-31 15:54:39.680] [[32minfo[m] [36] 5821,-4780,0.33436
[2020-10-31 15:54:39.680] [[32minfo[m] [37] 9351,-11061,0.18106
[2020-10-31 15:54:39.680] [[32minfo[m] [73] 11578,-10004,0.16278
[2020-10-31 15:54:39.680] [[32minfo[m] [74] 5660,-5781,0.32123
[2020-10-31 15:54:39.680] [[32minfo[m] [75] 11341,-14231,0.10044
[2020-10-31 15:54:39.680] [[32minfo[m] [208] 9327,-8914,0.21498
[2020-10-31 15:54:39.680] [[32minfo[m] [265] 10583,-11617,0.15313
Num. customers: 454404
Average churn: 2.05
result:  34.78495
9
/repo/tco-customerchurn/data /repo/tco-customerchurn/submission/code/experiments/clas5
/repo/tco-customerchurn/submission/code/experiments/clas5
[2020-10-31 15:54:58.422] [[32minfo[m] Start
[2020-10-31 15:54:58.423] [[32minfo[m] Training
[2020-10-31 15:54:58.423] [[32minfo[m] JSON: read encodings from encoding-20.json
[2020-10-31 15:54:58.423] [[32minfo[m] CSV: reading history_mix_1to3.csv ...
[2020-10-31 15:55:01.746] [[32minfo[m] ...completed in 3.3 secs
[2020-10-31 15:55:01.746] [[32minfo[m] CSV: read 480592 rows with categorical features and 480592 rows with numerical ones.
[2020-10-31 15:55:01.783] [[32minfo[m] Encoding features...
[2020-10-31 15:55:10.956] [[32minfo[m] ...completed in 9.2 secs
[2020-10-31 15:55:12.291] [[32minfo[m] Classification requested
[2020-10-31 15:55:13.629] [[32minfo[m] Model restored from trained_8.model
[2020-10-31 15:55:13.632] [[32minfo[m] C 4000 T 16000 s 20.0 w -1 boost-tpf 1 nepochs 1
[2020-10-31 15:55:13.632] [[32minfo[m] Partial fit initiated for 1 epoch(s)...
[2020-10-31 16:05:37.738] [[32minfo[m] ...completed in 624.1 secs.
[2020-10-31 16:05:39.270] [[32minfo[m] Model saved into trained_9.model
[2020-10-31 16:05:39.605] [[32minfo[m] Start
[2020-10-31 16:05:39.605] [[32minfo[m] Inference
[2020-10-31 16:05:39.606] [[32minfo[m] JSON: read encodings from encoding-20.json
[2020-10-31 16:05:39.606] [[32minfo[m] CSV: reading input.csv ...
[2020-10-31 16:05:42.885] [[32minfo[m] ...completed in 3.3 secs
[2020-10-31 16:05:42.885] [[32minfo[m] CSV: read 454404 rows with categorical features and 454404 rows with numerical ones.
[2020-10-31 16:05:42.930] [[32minfo[m] Encoding features...
[2020-10-31 16:05:51.458] [[32minfo[m] ...completed in 8.5 secs
[2020-10-31 16:05:52.851] [[32minfo[m] Classification inference
[2020-10-31 16:05:54.214] [[32minfo[m] Predicting...
[2020-10-31 16:06:18.726] [[32minfo[m] ...completed in 24.5 secs
[2020-10-31 16:06:18.739] [[32minfo[m] scores 454404
[2020-10-31 16:06:18.739] [[32minfo[m] [35] 16000,-15112,0.01388
[2020-10-31 16:06:18.739] [[32minfo[m] [36] 11396,-8357,0.19136
[2020-10-31 16:06:18.739] [[32minfo[m] [37] 12899,-9029,0.15737
[2020-10-31 16:06:18.739] [[32minfo[m] [73] 13915,-11809,0.09806
[2020-10-31 16:06:18.739] [[32minfo[m] [74] 5067,-8922,0.28142
[2020-10-31 16:06:18.739] [[32minfo[m] [75] 14654,-14443,0.04536
[2020-10-31 16:06:18.739] [[32minfo[m] [208] 7965,-10155,0.21687
[2020-10-31 16:06:18.739] [[32minfo[m] [265] 14435,-15197,0.03700
Num. customers: 454404
Average churn: 2.05
result:  34.16129
10
/repo/tco-customerchurn/data /repo/tco-customerchurn/submission/code/experiments/clas5
/repo/tco-customerchurn/submission/code/experiments/clas5
[2020-10-31 16:06:37.184] [[32minfo[m] Start
[2020-10-31 16:06:37.184] [[32minfo[m] Training
[2020-10-31 16:06:37.184] [[32minfo[m] JSON: read encodings from encoding-20.json
[2020-10-31 16:06:37.184] [[32minfo[m] CSV: reading history_mix_1to3.csv ...
[2020-10-31 16:06:40.477] [[32minfo[m] ...completed in 3.3 secs
[2020-10-31 16:06:40.477] [[32minfo[m] CSV: read 480592 rows with categorical features and 480592 rows with numerical ones.
[2020-10-31 16:06:40.514] [[32minfo[m] Encoding features...
[2020-10-31 16:06:49.325] [[32minfo[m] ...completed in 8.8 secs
[2020-10-31 16:06:50.670] [[32minfo[m] Classification requested
[2020-10-31 16:06:51.991] [[32minfo[m] Model restored from trained_9.model
[2020-10-31 16:06:51.995] [[32minfo[m] C 4000 T 16000 s 20.0 w -1 boost-tpf 1 nepochs 1
[2020-10-31 16:06:51.995] [[32minfo[m] Partial fit initiated for 1 epoch(s)...
[2020-10-31 16:17:37.056] [[32minfo[m] ...completed in 645.1 secs.
[2020-10-31 16:17:38.581] [[32minfo[m] Model saved into trained_10.model
[2020-10-31 16:17:38.961] [[32minfo[m] Start
[2020-10-31 16:17:38.961] [[32minfo[m] Inference
[2020-10-31 16:17:38.963] [[32minfo[m] JSON: read encodings from encoding-20.json
[2020-10-31 16:17:38.963] [[32minfo[m] CSV: reading input.csv ...
[2020-10-31 16:17:42.025] [[32minfo[m] ...completed in 3.1 secs
[2020-10-31 16:17:42.025] [[32minfo[m] CSV: read 454404 rows with categorical features and 454404 rows with numerical ones.
[2020-10-31 16:17:42.070] [[32minfo[m] Encoding features...
[2020-10-31 16:17:51.102] [[32minfo[m] ...completed in 9.0 secs
[2020-10-31 16:17:52.474] [[32minfo[m] Classification inference
[2020-10-31 16:17:53.856] [[32minfo[m] Predicting...
[2020-10-31 16:18:19.471] [[32minfo[m] ...completed in 25.6 secs
[2020-10-31 16:18:19.485] [[32minfo[m] scores 454404
[2020-10-31 16:18:19.485] [[32minfo[m] [35] 13539,-14657,0.05944
[2020-10-31 16:18:19.485] [[32minfo[m] [36] 12364,-9473,0.15880
[2020-10-31 16:18:19.485] [[32minfo[m] [37] 12281,-6978,0.19908
[2020-10-31 16:18:19.485] [[32minfo[m] [73] 9031,-7465,0.24225
[2020-10-31 16:18:19.485] [[32minfo[m] [74] 6645,-5522,0.30989
[2020-10-31 16:18:19.485] [[32minfo[m] [75] 13237,-14992,0.05892
[2020-10-31 16:18:19.485] [[32minfo[m] [208] 9043,-10084,0.20114
[2020-10-31 16:18:19.485] [[32minfo[m] [265] 15301,-13967,0.04269
Num. customers: 454404
Average churn: 2.05
result:  35.11828
11
/repo/tco-customerchurn/data /repo/tco-customerchurn/submission/code/experiments/clas5
/repo/tco-customerchurn/submission/code/experiments/clas5
[2020-10-31 16:18:40.724] [[32minfo[m] Start
[2020-10-31 16:18:40.724] [[32minfo[m] Training
[2020-10-31 16:18:40.725] [[32minfo[m] JSON: read encodings from encoding-20.json
[2020-10-31 16:18:40.725] [[32minfo[m] CSV: reading history_mix_1to3.csv ...
[2020-10-31 16:18:44.225] [[32minfo[m] ...completed in 3.5 secs
[2020-10-31 16:18:44.225] [[32minfo[m] CSV: read 480592 rows with categorical features and 480592 rows with numerical ones.
[2020-10-31 16:18:44.262] [[32minfo[m] Encoding features...
[2020-10-31 16:18:53.063] [[32minfo[m] ...completed in 8.8 secs
[2020-10-31 16:18:54.392] [[32minfo[m] Classification requested
[2020-10-31 16:18:55.726] [[32minfo[m] Model restored from trained_10.model
[2020-10-31 16:18:55.728] [[32minfo[m] C 4000 T 16000 s 20.0 w -1 boost-tpf 1 nepochs 1
[2020-10-31 16:18:55.728] [[32minfo[m] Partial fit initiated for 1 epoch(s)...
[2020-10-31 16:29:46.402] [[32minfo[m] ...completed in 650.7 secs.
[2020-10-31 16:29:47.853] [[32minfo[m] Model saved into trained_11.model
[2020-10-31 16:29:48.219] [[32minfo[m] Start
[2020-10-31 16:29:48.219] [[32minfo[m] Inference
[2020-10-31 16:29:48.219] [[32minfo[m] JSON: read encodings from encoding-20.json
[2020-10-31 16:29:48.220] [[32minfo[m] CSV: reading input.csv ...
[2020-10-31 16:29:51.417] [[32minfo[m] ...completed in 3.2 secs
[2020-10-31 16:29:51.417] [[32minfo[m] CSV: read 454404 rows with categorical features and 454404 rows with numerical ones.
[2020-10-31 16:29:51.471] [[32minfo[m] Encoding features...
[2020-10-31 16:29:59.990] [[32minfo[m] ...completed in 8.5 secs
[2020-10-31 16:30:01.321] [[32minfo[m] Classification inference
[2020-10-31 16:30:02.721] [[32minfo[m] Predicting...
[2020-10-31 16:30:28.303] [[32minfo[m] ...completed in 25.6 secs
[2020-10-31 16:30:28.316] [[32minfo[m] scores 454404
[2020-10-31 16:30:28.316] [[32minfo[m] [35] 11434,-13139,0.11605
[2020-10-31 16:30:28.316] [[32minfo[m] [36] 7935,-9748,0.22370
[2020-10-31 16:30:28.316] [[32minfo[m] [37] 10285,-10276,0.17873
[2020-10-31 16:30:28.316] [[32minfo[m] [73] 10947,-11082,0.15580
[2020-10-31 16:30:28.316] [[32minfo[m] [74] 4553,-6895,0.32112
[2020-10-31 16:30:28.316] [[32minfo[m] [75] 14464,-10582,0.10866
[2020-10-31 16:30:28.316] [[32minfo[m] [208] 9215,-9823,0.20253
[2020-10-31 16:30:28.316] [[32minfo[m] [265] 13290,-15098,0.05644
Num. customers: 454404
Average churn: 2.05
result:  34.91398
12
/repo/tco-customerchurn/data /repo/tco-customerchurn/submission/code/experiments/clas5
/repo/tco-customerchurn/submission/code/experiments/clas5
[2020-10-31 16:30:49.744] [[32minfo[m] Start
[2020-10-31 16:30:49.745] [[32minfo[m] Training
[2020-10-31 16:30:49.746] [[32minfo[m] JSON: read encodings from encoding-20.json
[2020-10-31 16:30:49.746] [[32minfo[m] CSV: reading history_mix_1to3.csv ...
[2020-10-31 16:30:53.172] [[32minfo[m] ...completed in 3.4 secs
[2020-10-31 16:30:53.172] [[32minfo[m] CSV: read 480592 rows with categorical features and 480592 rows with numerical ones.
[2020-10-31 16:30:53.208] [[32minfo[m] Encoding features...
[2020-10-31 16:31:01.946] [[32minfo[m] ...completed in 8.7 secs
[2020-10-31 16:31:03.277] [[32minfo[m] Classification requested
[2020-10-31 16:31:04.603] [[32minfo[m] Model restored from trained_11.model
[2020-10-31 16:31:04.607] [[32minfo[m] C 4000 T 16000 s 20.0 w -1 boost-tpf 1 nepochs 1
[2020-10-31 16:31:04.607] [[32minfo[m] Partial fit initiated for 1 epoch(s)...
[2020-10-31 16:41:55.698] [[32minfo[m] ...completed in 651.1 secs.
[2020-10-31 16:41:57.247] [[32minfo[m] Model saved into trained_12.model
[2020-10-31 16:41:57.632] [[32minfo[m] Start
[2020-10-31 16:41:57.632] [[32minfo[m] Inference
[2020-10-31 16:41:57.633] [[32minfo[m] JSON: read encodings from encoding-20.json
[2020-10-31 16:41:57.633] [[32minfo[m] CSV: reading input.csv ...
[2020-10-31 16:42:00.836] [[32minfo[m] ...completed in 3.2 secs
[2020-10-31 16:42:00.836] [[32minfo[m] CSV: read 454404 rows with categorical features and 454404 rows with numerical ones.
[2020-10-31 16:42:00.882] [[32minfo[m] Encoding features...
[2020-10-31 16:42:09.522] [[32minfo[m] ...completed in 8.6 secs
[2020-10-31 16:42:10.840] [[32minfo[m] Classification inference
[2020-10-31 16:42:12.193] [[32minfo[m] Predicting...
[2020-10-31 16:42:36.633] [[32minfo[m] ...completed in 24.4 secs
[2020-10-31 16:42:36.646] [[32minfo[m] scores 454404
[2020-10-31 16:42:36.647] [[32minfo[m] [35] 13325,-12377,0.09841
[2020-10-31 16:42:36.647] [[32minfo[m] [36] 6756,-9595,0.24452
[2020-10-31 16:42:36.647] [[32minfo[m] [37] 12945,-13821,0.08178
[2020-10-31 16:42:36.647] [[32minfo[m] [73] 9995,-6670,0.23961
[2020-10-31 16:42:36.647] [[32minfo[m] [74] 3297,-6347,0.34931
[2020-10-31 16:42:36.647] [[32minfo[m] [75] 12005,-14290,0.08914
[2020-10-31 16:42:36.647] [[32minfo[m] [208] 9441,-10688,0.18548
[2020-10-31 16:42:36.647] [[32minfo[m] [265] 14843,-14226,0.04580
Num. customers: 454404
Average churn: 2.05
result:  34.79570
13
/repo/tco-customerchurn/data /repo/tco-customerchurn/submission/code/experiments/clas5
/repo/tco-customerchurn/submission/code/experiments/clas5
[2020-10-31 16:42:55.612] [[32minfo[m] Start
[2020-10-31 16:42:55.612] [[32minfo[m] Training
[2020-10-31 16:42:55.612] [[32minfo[m] JSON: read encodings from encoding-20.json
[2020-10-31 16:42:55.612] [[32minfo[m] CSV: reading history_mix_1to3.csv ...
[2020-10-31 16:42:59.012] [[32minfo[m] ...completed in 3.4 secs
[2020-10-31 16:42:59.012] [[32minfo[m] CSV: read 480592 rows with categorical features and 480592 rows with numerical ones.
[2020-10-31 16:42:59.051] [[32minfo[m] Encoding features...
[2020-10-31 16:43:07.820] [[32minfo[m] ...completed in 8.8 secs
[2020-10-31 16:43:09.146] [[32minfo[m] Classification requested
[2020-10-31 16:43:10.465] [[32minfo[m] Model restored from trained_12.model
[2020-10-31 16:43:10.468] [[32minfo[m] C 4000 T 16000 s 20.0 w -1 boost-tpf 1 nepochs 1
[2020-10-31 16:43:10.468] [[32minfo[m] Partial fit initiated for 1 epoch(s)...
[2020-10-31 16:53:31.374] [[32minfo[m] ...completed in 620.9 secs.
[2020-10-31 16:53:32.923] [[32minfo[m] Model saved into trained_13.model
[2020-10-31 16:53:33.286] [[32minfo[m] Start
[2020-10-31 16:53:33.286] [[32minfo[m] Inference
[2020-10-31 16:53:33.287] [[32minfo[m] JSON: read encodings from encoding-20.json
[2020-10-31 16:53:33.287] [[32minfo[m] CSV: reading input.csv ...
[2020-10-31 16:53:36.828] [[32minfo[m] ...completed in 3.5 secs
[2020-10-31 16:53:36.829] [[32minfo[m] CSV: read 454404 rows with categorical features and 454404 rows with numerical ones.
[2020-10-31 16:53:36.874] [[32minfo[m] Encoding features...
[2020-10-31 16:53:46.291] [[32minfo[m] ...completed in 9.4 secs
[2020-10-31 16:53:47.716] [[32minfo[m] Classification inference
[2020-10-31 16:53:49.201] [[32minfo[m] Predicting...
[2020-10-31 16:54:13.625] [[32minfo[m] ...completed in 24.4 secs
[2020-10-31 16:54:13.642] [[32minfo[m] scores 454404
[2020-10-31 16:54:13.642] [[32minfo[m] [35] 14178,-16000,0.02847
[2020-10-31 16:54:13.643] [[32minfo[m] [36] 6979,-4633,0.31856
[2020-10-31 16:54:13.643] [[32minfo[m] [37] 7994,-10605,0.20939
[2020-10-31 16:54:13.643] [[32minfo[m] [73] 8805,-9666,0.21139
[2020-10-31 16:54:13.643] [[32minfo[m] [74] 4879,-5922,0.33123
[2020-10-31 16:54:13.643] [[32minfo[m] [75] 14444,-9103,0.13208
[2020-10-31 16:54:13.643] [[32minfo[m] [208] 5226,-8571,0.28442
[2020-10-31 16:54:13.643] [[32minfo[m] [265] 16000,-13241,0.04311
Num. customers: 454404
Average churn: 2.05
result:  35.04301
14
/repo/tco-customerchurn/data /repo/tco-customerchurn/submission/code/experiments/clas5
/repo/tco-customerchurn/submission/code/experiments/clas5
[2020-10-31 16:54:35.739] [[32minfo[m] Start
[2020-10-31 16:54:35.739] [[32minfo[m] Training
[2020-10-31 16:54:35.740] [[32minfo[m] JSON: read encodings from encoding-20.json
[2020-10-31 16:54:35.740] [[32minfo[m] CSV: reading history_mix_1to3.csv ...
[2020-10-31 16:54:38.969] [[32minfo[m] ...completed in 3.2 secs
[2020-10-31 16:54:38.969] [[32minfo[m] CSV: read 480592 rows with categorical features and 480592 rows with numerical ones.
[2020-10-31 16:54:39.006] [[32minfo[m] Encoding features...
[2020-10-31 16:54:47.905] [[32minfo[m] ...completed in 8.9 secs
[2020-10-31 16:54:49.229] [[32minfo[m] Classification requested
[2020-10-31 16:54:50.536] [[32minfo[m] Model restored from trained_13.model
[2020-10-31 16:54:50.539] [[32minfo[m] C 4000 T 16000 s 20.0 w -1 boost-tpf 1 nepochs 1
[2020-10-31 16:54:50.539] [[32minfo[m] Partial fit initiated for 1 epoch(s)...
[2020-10-31 17:05:14.435] [[32minfo[m] ...completed in 623.9 secs.
[2020-10-31 17:05:15.998] [[32minfo[m] Model saved into trained_14.model
[2020-10-31 17:05:16.416] [[32minfo[m] Start
[2020-10-31 17:05:16.416] [[32minfo[m] Inference
[2020-10-31 17:05:16.416] [[32minfo[m] JSON: read encodings from encoding-20.json
[2020-10-31 17:05:16.416] [[32minfo[m] CSV: reading input.csv ...
[2020-10-31 17:05:19.637] [[32minfo[m] ...completed in 3.2 secs
[2020-10-31 17:05:19.637] [[32minfo[m] CSV: read 454404 rows with categorical features and 454404 rows with numerical ones.
[2020-10-31 17:05:19.683] [[32minfo[m] Encoding features...
[2020-10-31 17:05:28.635] [[32minfo[m] ...completed in 9.0 secs
[2020-10-31 17:05:30.009] [[32minfo[m] Classification inference
[2020-10-31 17:05:31.446] [[32minfo[m] Predicting...
[2020-10-31 17:05:55.728] [[32minfo[m] ...completed in 24.3 secs
[2020-10-31 17:05:55.744] [[32minfo[m] scores 454404
[2020-10-31 17:05:55.744] [[32minfo[m] [35] 14469,-13960,0.05580
[2020-10-31 17:05:55.744] [[32minfo[m] [36] 8554,-13871,0.14961
[2020-10-31 17:05:55.744] [[32minfo[m] [37] 10912,-14093,0.10930
[2020-10-31 17:05:55.744] [[32minfo[m] [73] 6955,-8144,0.26408
[2020-10-31 17:05:55.744] [[32minfo[m] [74] 2986,-4846,0.37762
[2020-10-31 17:05:55.744] [[32minfo[m] [75] 12866,-12194,0.10844
[2020-10-31 17:05:55.744] [[32minfo[m] [208] 9111,-10231,0.19778
[2020-10-31 17:05:55.744] [[32minfo[m] [265] 8778,-14972,0.12891
Num. customers: 454404
Average churn: 2.05
result:  34.46237
15
/repo/tco-customerchurn/data /repo/tco-customerchurn/submission/code/experiments/clas5
/repo/tco-customerchurn/submission/code/experiments/clas5
[2020-10-31 17:06:14.725] [[32minfo[m] Start
[2020-10-31 17:06:14.725] [[32minfo[m] Training
[2020-10-31 17:06:14.726] [[32minfo[m] JSON: read encodings from encoding-20.json
[2020-10-31 17:06:14.726] [[32minfo[m] CSV: reading history_mix_1to3.csv ...
[2020-10-31 17:06:18.079] [[32minfo[m] ...completed in 3.4 secs
[2020-10-31 17:06:18.079] [[32minfo[m] CSV: read 480592 rows with categorical features and 480592 rows with numerical ones.
[2020-10-31 17:06:18.116] [[32minfo[m] Encoding features...
[2020-10-31 17:06:26.924] [[32minfo[m] ...completed in 8.8 secs
[2020-10-31 17:06:28.260] [[32minfo[m] Classification requested
[2020-10-31 17:06:29.583] [[32minfo[m] Model restored from trained_14.model
[2020-10-31 17:06:29.586] [[32minfo[m] C 4000 T 16000 s 20.0 w -1 boost-tpf 1 nepochs 1
[2020-10-31 17:06:29.586] [[32minfo[m] Partial fit initiated for 1 epoch(s)...
[2020-10-31 17:16:50.374] [[32minfo[m] ...completed in 620.8 secs.
[2020-10-31 17:16:51.835] [[32minfo[m] Model saved into trained_15.model
[2020-10-31 17:16:52.183] [[32minfo[m] Start
[2020-10-31 17:16:52.183] [[32minfo[m] Inference
[2020-10-31 17:16:52.184] [[32minfo[m] JSON: read encodings from encoding-20.json
[2020-10-31 17:16:52.184] [[32minfo[m] CSV: reading input.csv ...
[2020-10-31 17:16:55.330] [[32minfo[m] ...completed in 3.1 secs
[2020-10-31 17:16:55.330] [[32minfo[m] CSV: read 454404 rows with categorical features and 454404 rows with numerical ones.
[2020-10-31 17:16:55.374] [[32minfo[m] Encoding features...
[2020-10-31 17:17:04.045] [[32minfo[m] ...completed in 8.7 secs
[2020-10-31 17:17:05.417] [[32minfo[m] Classification inference
[2020-10-31 17:17:06.774] [[32minfo[m] Predicting...
[2020-10-31 17:17:31.029] [[32minfo[m] ...completed in 24.3 secs
[2020-10-31 17:17:31.043] [[32minfo[m] scores 454404
[2020-10-31 17:17:31.043] [[32minfo[m] [35] 13041,-13702,0.08214
[2020-10-31 17:17:31.043] [[32minfo[m] [36] 6092,-7925,0.28098
[2020-10-31 17:17:31.043] [[32minfo[m] [37] 8397,-10484,0.20498
[2020-10-31 17:17:31.043] [[32minfo[m] [73] 11939,-10375,0.15134
[2020-10-31 17:17:31.043] [[32minfo[m] [74] 8462,-7243,0.25461
[2020-10-31 17:17:31.043] [[32minfo[m] [75] 15839,-10718,0.08505
[2020-10-31 17:17:31.043] [[32minfo[m] [208] 7004,-9274,0.24566
[2020-10-31 17:17:31.043] [[32minfo[m] [265] 11108,-9716,0.17462
Num. customers: 454404
Average churn: 2.05
result:  35.22581
16
/repo/tco-customerchurn/data /repo/tco-customerchurn/submission/code/experiments/clas5
/repo/tco-customerchurn/submission/code/experiments/clas5
[2020-10-31 17:17:49.960] [[32minfo[m] Start
[2020-10-31 17:17:49.960] [[32minfo[m] Training
[2020-10-31 17:17:49.960] [[32minfo[m] JSON: read encodings from encoding-20.json
[2020-10-31 17:17:49.960] [[32minfo[m] CSV: reading history_mix_1to3.csv ...
[2020-10-31 17:17:53.263] [[32minfo[m] ...completed in 3.3 secs
[2020-10-31 17:17:53.263] [[32minfo[m] CSV: read 480592 rows with categorical features and 480592 rows with numerical ones.
[2020-10-31 17:17:53.299] [[32minfo[m] Encoding features...
[2020-10-31 17:18:02.442] [[32minfo[m] ...completed in 9.1 secs
[2020-10-31 17:18:03.785] [[32minfo[m] Classification requested
[2020-10-31 17:18:05.116] [[32minfo[m] Model restored from trained_15.model
[2020-10-31 17:18:05.119] [[32minfo[m] C 4000 T 16000 s 20.0 w -1 boost-tpf 1 nepochs 1
[2020-10-31 17:18:05.119] [[32minfo[m] Partial fit initiated for 1 epoch(s)...
[2020-10-31 17:28:30.058] [[32minfo[m] ...completed in 624.9 secs.
[2020-10-31 17:28:31.546] [[32minfo[m] Model saved into trained_16.model
[2020-10-31 17:28:31.900] [[32minfo[m] Start
[2020-10-31 17:28:31.900] [[32minfo[m] Inference
[2020-10-31 17:28:31.900] [[32minfo[m] JSON: read encodings from encoding-20.json
[2020-10-31 17:28:31.900] [[32minfo[m] CSV: reading input.csv ...
[2020-10-31 17:28:35.179] [[32minfo[m] ...completed in 3.3 secs
[2020-10-31 17:28:35.179] [[32minfo[m] CSV: read 454404 rows with categorical features and 454404 rows with numerical ones.
[2020-10-31 17:28:35.225] [[32minfo[m] Encoding features...
[2020-10-31 17:28:44.121] [[32minfo[m] ...completed in 8.9 secs
[2020-10-31 17:28:45.502] [[32minfo[m] Classification inference
[2020-10-31 17:28:46.888] [[32minfo[m] Predicting...
[2020-10-31 17:29:11.722] [[32minfo[m] ...completed in 24.8 secs
[2020-10-31 17:29:11.735] [[32minfo[m] scores 454404
[2020-10-31 17:29:11.735] [[32minfo[m] [35] 15832,-15980,0.00294
[2020-10-31 17:29:11.735] [[32minfo[m] [36] 10033,-8381,0.21228
[2020-10-31 17:29:11.735] [[32minfo[m] [37] 10004,-12770,0.14416
[2020-10-31 17:29:11.736] [[32minfo[m] [73] 12072,-16000,0.06138
[2020-10-31 17:29:11.736] [[32minfo[m] [74] 6333,-5950,0.30808
[2020-10-31 17:29:11.736] [[32minfo[m] [75] 14113,-14005,0.06066
[2020-10-31 17:29:11.736] [[32minfo[m] [208] 7904,-7952,0.25225
[2020-10-31 17:29:11.736] [[32minfo[m] [265] 14958,-13129,0.06114
Num. customers: 454404
Average churn: 2.05
result:  34.96774
17
/repo/tco-customerchurn/data /repo/tco-customerchurn/submission/code/experiments/clas5
/repo/tco-customerchurn/submission/code/experiments/clas5
[2020-10-31 17:29:30.287] [[32minfo[m] Start
[2020-10-31 17:29:30.288] [[32minfo[m] Training
[2020-10-31 17:29:30.288] [[32minfo[m] JSON: read encodings from encoding-20.json
[2020-10-31 17:29:30.288] [[32minfo[m] CSV: reading history_mix_1to3.csv ...
[2020-10-31 17:29:33.490] [[32minfo[m] ...completed in 3.2 secs
[2020-10-31 17:29:33.490] [[32minfo[m] CSV: read 480592 rows with categorical features and 480592 rows with numerical ones.
[2020-10-31 17:29:33.527] [[32minfo[m] Encoding features...
[2020-10-31 17:29:42.351] [[32minfo[m] ...completed in 8.8 secs
[2020-10-31 17:29:43.679] [[32minfo[m] Classification requested
[2020-10-31 17:29:45.022] [[32minfo[m] Model restored from trained_16.model
[2020-10-31 17:29:45.026] [[32minfo[m] C 4000 T 16000 s 20.0 w -1 boost-tpf 1 nepochs 1
[2020-10-31 17:29:45.026] [[32minfo[m] Partial fit initiated for 1 epoch(s)...
[2020-10-31 17:40:09.120] [[32minfo[m] ...completed in 624.1 secs.
[2020-10-31 17:40:10.629] [[32minfo[m] Model saved into trained_17.model
[2020-10-31 17:40:11.036] [[32minfo[m] Start
[2020-10-31 17:40:11.037] [[32minfo[m] Inference
[2020-10-31 17:40:11.037] [[32minfo[m] JSON: read encodings from encoding-20.json
[2020-10-31 17:40:11.038] [[32minfo[m] CSV: reading input.csv ...
[2020-10-31 17:40:14.174] [[32minfo[m] ...completed in 3.1 secs
[2020-10-31 17:40:14.175] [[32minfo[m] CSV: read 454404 rows with categorical features and 454404 rows with numerical ones.
[2020-10-31 17:40:14.221] [[32minfo[m] Encoding features...
[2020-10-31 17:40:23.241] [[32minfo[m] ...completed in 9.0 secs
[2020-10-31 17:40:24.571] [[32minfo[m] Classification inference
[2020-10-31 17:40:25.951] [[32minfo[m] Predicting...
[2020-10-31 17:40:50.311] [[32minfo[m] ...completed in 24.4 secs
[2020-10-31 17:40:50.325] [[32minfo[m] scores 454404
[2020-10-31 17:40:50.325] [[32minfo[m] [35] 16000,-13642,0.03684
[2020-10-31 17:40:50.325] [[32minfo[m] [36] 9265,-8432,0.22348
[2020-10-31 17:40:50.325] [[32minfo[m] [37] 14367,-11817,0.09087
[2020-10-31 17:40:50.325] [[32minfo[m] [73] 7936,-11277,0.19980
[2020-10-31 17:40:50.325] [[32minfo[m] [74] 2364,-4397,0.39436
[2020-10-31 17:40:50.325] [[32minfo[m] [75] 16000,-11552,0.06950
[2020-10-31 17:40:50.325] [[32minfo[m] [208] 9112,-7072,0.24712
[2020-10-31 17:40:50.325] [[32minfo[m] [265] 12691,-12269,0.11000
Num. customers: 454404
Average churn: 2.05
result:  35.10753
18
/repo/tco-customerchurn/data /repo/tco-customerchurn/submission/code/experiments/clas5
/repo/tco-customerchurn/submission/code/experiments/clas5
[2020-10-31 17:41:09.092] [[32minfo[m] Start
[2020-10-31 17:41:09.092] [[32minfo[m] Training
[2020-10-31 17:41:09.093] [[32minfo[m] JSON: read encodings from encoding-20.json
[2020-10-31 17:41:09.093] [[32minfo[m] CSV: reading history_mix_1to3.csv ...
[2020-10-31 17:41:12.388] [[32minfo[m] ...completed in 3.3 secs
[2020-10-31 17:41:12.388] [[32minfo[m] CSV: read 480592 rows with categorical features and 480592 rows with numerical ones.
[2020-10-31 17:41:12.427] [[32minfo[m] Encoding features...
[2020-10-31 17:41:21.249] [[32minfo[m] ...completed in 8.8 secs
[2020-10-31 17:41:22.580] [[32minfo[m] Classification requested
[2020-10-31 17:41:23.913] [[32minfo[m] Model restored from trained_17.model
[2020-10-31 17:41:23.917] [[32minfo[m] C 4000 T 16000 s 20.0 w -1 boost-tpf 1 nepochs 1
[2020-10-31 17:41:23.917] [[32minfo[m] Partial fit initiated for 1 epoch(s)...
[2020-10-31 17:51:49.404] [[32minfo[m] ...completed in 625.5 secs.
[2020-10-31 17:51:50.959] [[32minfo[m] Model saved into trained_18.model
[2020-10-31 17:51:51.317] [[32minfo[m] Start
[2020-10-31 17:51:51.318] [[32minfo[m] Inference
[2020-10-31 17:51:51.318] [[32minfo[m] JSON: read encodings from encoding-20.json
[2020-10-31 17:51:51.318] [[32minfo[m] CSV: reading input.csv ...
[2020-10-31 17:51:54.534] [[32minfo[m] ...completed in 3.2 secs
[2020-10-31 17:51:54.534] [[32minfo[m] CSV: read 454404 rows with categorical features and 454404 rows with numerical ones.
[2020-10-31 17:51:54.585] [[32minfo[m] Encoding features...
[2020-10-31 17:52:03.875] [[32minfo[m] ...completed in 9.3 secs
[2020-10-31 17:52:05.211] [[32minfo[m] Classification inference
[2020-10-31 17:52:06.644] [[32minfo[m] Predicting...
[2020-10-31 17:52:31.065] [[32minfo[m] ...completed in 24.4 secs
[2020-10-31 17:52:31.078] [[32minfo[m] scores 454404
[2020-10-31 17:52:31.078] [[32minfo[m] [35] 12871,-16000,0.04889
[2020-10-31 17:52:31.078] [[32minfo[m] [36] 10861,-11681,0.14778
[2020-10-31 17:52:31.078] [[32minfo[m] [37] 10292,-11671,0.15683
[2020-10-31 17:52:31.078] [[32minfo[m] [73] 9018,-10762,0.19094
[2020-10-31 17:52:31.078] [[32minfo[m] [74] 4751,-7368,0.31064
[2020-10-31 17:52:31.078] [[32minfo[m] [75] 14488,-15395,0.03308
[2020-10-31 17:52:31.078] [[32minfo[m] [208] 11389,-7242,0.20889
[2020-10-31 17:52:31.078] [[32minfo[m] [265] 11570,-13967,0.10098
Num. customers: 454404
Average churn: 2.05
result:  34.88172
19
/repo/tco-customerchurn/data /repo/tco-customerchurn/submission/code/experiments/clas5
/repo/tco-customerchurn/submission/code/experiments/clas5
[2020-10-31 17:52:50.007] [[32minfo[m] Start
[2020-10-31 17:52:50.007] [[32minfo[m] Training
[2020-10-31 17:52:50.008] [[32minfo[m] JSON: read encodings from encoding-20.json
[2020-10-31 17:52:50.008] [[32minfo[m] CSV: reading history_mix_1to3.csv ...
[2020-10-31 17:52:53.384] [[32minfo[m] ...completed in 3.4 secs
[2020-10-31 17:52:53.384] [[32minfo[m] CSV: read 480592 rows with categorical features and 480592 rows with numerical ones.
[2020-10-31 17:52:53.421] [[32minfo[m] Encoding features...
[2020-10-31 17:53:02.223] [[32minfo[m] ...completed in 8.8 secs
[2020-10-31 17:53:03.546] [[32minfo[m] Classification requested
[2020-10-31 17:53:04.900] [[32minfo[m] Model restored from trained_18.model
[2020-10-31 17:53:04.903] [[32minfo[m] C 4000 T 16000 s 20.0 w -1 boost-tpf 1 nepochs 1
[2020-10-31 17:53:04.903] [[32minfo[m] Partial fit initiated for 1 epoch(s)...
[2020-10-31 18:03:28.452] [[32minfo[m] ...completed in 623.5 secs.
[2020-10-31 18:03:29.936] [[32minfo[m] Model saved into trained_19.model
[2020-10-31 18:03:30.285] [[32minfo[m] Start
[2020-10-31 18:03:30.285] [[32minfo[m] Inference
[2020-10-31 18:03:30.286] [[32minfo[m] JSON: read encodings from encoding-20.json
[2020-10-31 18:03:30.286] [[32minfo[m] CSV: reading input.csv ...
[2020-10-31 18:03:33.353] [[32minfo[m] ...completed in 3.1 secs
[2020-10-31 18:03:33.353] [[32minfo[m] CSV: read 454404 rows with categorical features and 454404 rows with numerical ones.
[2020-10-31 18:03:33.401] [[32minfo[m] Encoding features...
[2020-10-31 18:03:41.764] [[32minfo[m] ...completed in 8.4 secs
[2020-10-31 18:03:43.095] [[32minfo[m] Classification inference
[2020-10-31 18:03:44.463] [[32minfo[m] Predicting...
[2020-10-31 18:04:08.059] [[32minfo[m] ...completed in 23.6 secs
[2020-10-31 18:04:08.073] [[32minfo[m] scores 454404
[2020-10-31 18:04:08.073] [[32minfo[m] [35] 13706,-12645,0.08827
[2020-10-31 18:04:08.073] [[32minfo[m] [36] 11151,-12181,0.13544
[2020-10-31 18:04:08.073] [[32minfo[m] [37] 9365,-9121,0.21116
[2020-10-31 18:04:08.073] [[32minfo[m] [73] 11201,-11008,0.15298
[2020-10-31 18:04:08.073] [[32minfo[m] [74] 5882,-2008,0.37672
[2020-10-31 18:04:08.073] [[32minfo[m] [75] 11200,-13042,0.12122
[2020-10-31 18:04:08.073] [[32minfo[m] [208] 8714,-6879,0.25636
[2020-10-31 18:04:08.073] [[32minfo[m] [265] 13762,-13643,0.07180
Num. customers: 454404
Average churn: 2.05
result:  34.92473
20
/repo/tco-customerchurn/data /repo/tco-customerchurn/submission/code/experiments/clas5
/repo/tco-customerchurn/submission/code/experiments/clas5
[2020-10-31 18:04:27.944] [[32minfo[m] Start
[2020-10-31 18:04:27.944] [[32minfo[m] Training
[2020-10-31 18:04:27.944] [[32minfo[m] JSON: read encodings from encoding-20.json
[2020-10-31 18:04:27.944] [[32minfo[m] CSV: reading history_mix_1to3.csv ...
[2020-10-31 18:04:31.285] [[32minfo[m] ...completed in 3.3 secs
[2020-10-31 18:04:31.285] [[32minfo[m] CSV: read 480592 rows with categorical features and 480592 rows with numerical ones.
[2020-10-31 18:04:31.321] [[32minfo[m] Encoding features...
[2020-10-31 18:04:40.032] [[32minfo[m] ...completed in 8.7 secs
[2020-10-31 18:04:41.357] [[32minfo[m] Classification requested
[2020-10-31 18:04:42.674] [[32minfo[m] Model restored from trained_19.model
[2020-10-31 18:04:42.676] [[32minfo[m] C 4000 T 16000 s 20.0 w -1 boost-tpf 1 nepochs 1
[2020-10-31 18:04:42.676] [[32minfo[m] Partial fit initiated for 1 epoch(s)...
[2020-10-31 18:15:06.845] [[32minfo[m] ...completed in 624.2 secs.
[2020-10-31 18:15:08.398] [[32minfo[m] Model saved into trained_20.model
[2020-10-31 18:15:08.738] [[32minfo[m] Start
[2020-10-31 18:15:08.739] [[32minfo[m] Inference
[2020-10-31 18:15:08.740] [[32minfo[m] JSON: read encodings from encoding-20.json
[2020-10-31 18:15:08.740] [[32minfo[m] CSV: reading input.csv ...
[2020-10-31 18:15:11.933] [[32minfo[m] ...completed in 3.2 secs
[2020-10-31 18:15:11.933] [[32minfo[m] CSV: read 454404 rows with categorical features and 454404 rows with numerical ones.
[2020-10-31 18:15:11.979] [[32minfo[m] Encoding features...
[2020-10-31 18:15:20.391] [[32minfo[m] ...completed in 8.4 secs
[2020-10-31 18:15:21.735] [[32minfo[m] Classification inference
[2020-10-31 18:15:23.120] [[32minfo[m] Predicting...
[2020-10-31 18:15:46.738] [[32minfo[m] ...completed in 23.6 secs
[2020-10-31 18:15:46.752] [[32minfo[m] scores 454404
[2020-10-31 18:15:46.752] [[32minfo[m] [35] 16000,-15133,0.01355
[2020-10-31 18:15:46.752] [[32minfo[m] [36] 7427,-6225,0.28669
[2020-10-31 18:15:46.752] [[32minfo[m] [37] 9785,-11676,0.16467
[2020-10-31 18:15:46.752] [[32minfo[m] [73] 7611,-10034,0.22430
[2020-10-31 18:15:46.752] [[32minfo[m] [74] 5194,-8459,0.28667
[2020-10-31 18:15:46.752] [[32minfo[m] [75] 9489,-15721,0.10609
[2020-10-31 18:15:46.752] [[32minfo[m] [208] 8540,-5364,0.28275
[2020-10-31 18:15:46.752] [[32minfo[m] [265] 16000,-11211,0.07483
Num. customers: 454404
Average churn: 2.05
result:  34.46237
