1
/repo/tco-customerchurn/data /repo/tco-customerchurn/submission/code/experiments/clasJ
/repo/tco-customerchurn/submission/code/experiments/clasJ
[2020-11-07 04:46:37.616] [[32minfo[m] Start
[2020-11-07 04:46:37.616] [[32minfo[m] Training
[2020-11-07 04:46:38.021] [[32minfo[m] JSON: read encodings from encoding-20.json
[2020-11-07 04:46:38.022] [[32minfo[m] CSV: reading history_mix_1to3.csv ...
[2020-11-07 04:46:41.388] [[32minfo[m] ...completed in 3.4 secs
[2020-11-07 04:46:41.388] [[32minfo[m] CSV: read 480592 rows with categorical features and 480592 rows with numerical ones.
[2020-11-07 04:46:41.429] [[32minfo[m] Encoding features...
[2020-11-07 04:46:50.411] [[32minfo[m] ...completed in 9.0 secs
[2020-11-07 04:46:50.411] [[32minfo[m] Classification requested
[2020-11-07 04:46:50.412] [[32minfo[m] C 3900 T 16000 s 20.0 w -1 boost-tpf 1 nepochs 1 f201906 seasonal
[2020-11-07 04:46:50.412] [[32minfo[m] Partial fit initiated for 1 epoch(s)...
[2020-11-07 04:57:19.175] [[32minfo[m] ...completed in 628.8 secs.
[2020-11-07 04:57:20.718] [[32minfo[m] Model saved into trained_1.model
[2020-11-07 04:57:20.866] [[32minfo[m] Start
[2020-11-07 04:57:20.866] [[32minfo[m] Inference
[2020-11-07 04:57:20.867] [[32minfo[m] JSON: read encodings from encoding-20.json
[2020-11-07 04:57:20.867] [[32minfo[m] CSV: reading input.csv ...
[2020-11-07 04:57:24.294] [[32minfo[m] ...completed in 3.4 secs
[2020-11-07 04:57:24.295] [[32minfo[m] CSV: read 454404 rows with categorical features and 454404 rows with numerical ones.
[2020-11-07 04:57:24.345] [[32minfo[m] Encoding features...
[2020-11-07 04:57:32.783] [[32minfo[m] ...completed in 8.4 secs
[2020-11-07 04:57:34.019] [[32minfo[m] Classification inference
[2020-11-07 04:57:35.374] [[32minfo[m] Predicting...
[2020-11-07 04:57:59.261] [[32minfo[m] ...completed in 23.9 secs
[2020-11-07 04:57:59.277] [[32minfo[m] scores 454404
[2020-11-07 04:57:59.277] [[32minfo[m] [35] 12471,-15602,0.06136
[2020-11-07 04:57:59.277] [[32minfo[m] [36] 8825,-6256,0.26436
[2020-11-07 04:57:59.277] [[32minfo[m] [37] 9987,-10177,0.18494
[2020-11-07 04:57:59.277] [[32minfo[m] [73] 10321,-8934,0.19914
[2020-11-07 04:57:59.277] [[32minfo[m] [74] 4147,-4731,0.36128
[2020-11-07 04:57:59.277] [[32minfo[m] [75] 9812,-10243,0.18664
[2020-11-07 04:57:59.277] [[32minfo[m] [208] 7664,-4395,0.31158
[2020-11-07 04:57:59.277] [[32minfo[m] [265] 11249,-12682,0.12608
gzip: trained_0.model: No such file or directory
Num. customers: 454404
Average churn: 2.05
result:  35.04301
2
/repo/tco-customerchurn/data /repo/tco-customerchurn/submission/code/experiments/clasJ
/repo/tco-customerchurn/submission/code/experiments/clasJ
[2020-11-07 04:58:18.598] [[32minfo[m] Start
[2020-11-07 04:58:18.606] [[32minfo[m] Training
[2020-11-07 04:58:18.607] [[32minfo[m] JSON: read encodings from encoding-20.json
[2020-11-07 04:58:18.607] [[32minfo[m] CSV: reading history_mix_1to3.csv ...
[2020-11-07 04:58:22.050] [[32minfo[m] ...completed in 3.4 secs
[2020-11-07 04:58:22.050] [[32minfo[m] CSV: read 480592 rows with categorical features and 480592 rows with numerical ones.
[2020-11-07 04:58:22.089] [[32minfo[m] Encoding features...
[2020-11-07 04:58:31.157] [[32minfo[m] ...completed in 9.1 secs
[2020-11-07 04:58:32.480] [[32minfo[m] Classification requested
[2020-11-07 04:58:33.776] [[32minfo[m] Model restored from trained_1.model
[2020-11-07 04:58:33.778] [[32minfo[m] C 3900 T 16000 s 20.0 w -1 boost-tpf 1 nepochs 1 f201906 seasonal
[2020-11-07 04:58:33.778] [[32minfo[m] Partial fit initiated for 1 epoch(s)...
[2020-11-07 05:08:47.036] [[32minfo[m] ...completed in 613.3 secs.
[2020-11-07 05:08:48.521] [[32minfo[m] Model saved into trained_2.model
[2020-11-07 05:08:48.904] [[32minfo[m] Start
[2020-11-07 05:08:48.904] [[32minfo[m] Inference
[2020-11-07 05:08:48.905] [[32minfo[m] JSON: read encodings from encoding-20.json
[2020-11-07 05:08:48.905] [[32minfo[m] CSV: reading input.csv ...
[2020-11-07 05:08:52.156] [[32minfo[m] ...completed in 3.3 secs
[2020-11-07 05:08:52.156] [[32minfo[m] CSV: read 454404 rows with categorical features and 454404 rows with numerical ones.
[2020-11-07 05:08:52.211] [[32minfo[m] Encoding features...
[2020-11-07 05:09:00.841] [[32minfo[m] ...completed in 8.6 secs
[2020-11-07 05:09:02.094] [[32minfo[m] Classification inference
[2020-11-07 05:09:03.459] [[32minfo[m] Predicting...
[2020-11-07 05:09:27.429] [[32minfo[m] ...completed in 24.0 secs
[2020-11-07 05:09:27.445] [[32minfo[m] scores 454404
[2020-11-07 05:09:27.445] [[32minfo[m] [35] 13455,-15068,0.05433
[2020-11-07 05:09:27.445] [[32minfo[m] [36] 5727,-8054,0.28467
[2020-11-07 05:09:27.445] [[32minfo[m] [37] 11799,-8457,0.18350
[2020-11-07 05:09:27.445] [[32minfo[m] [73] 8144,-12691,0.17445
[2020-11-07 05:09:27.445] [[32minfo[m] [74] 4591,-4295,0.36116
[2020-11-07 05:09:27.445] [[32minfo[m] [75] 12937,-13409,0.08834
[2020-11-07 05:09:27.445] [[32minfo[m] [208] 8177,-7083,0.26156
[2020-11-07 05:09:27.445] [[32minfo[m] [265] 12061,-11425,0.13303
Num. customers: 454404
Average churn: 2.05
result:  35.16129
3
/repo/tco-customerchurn/data /repo/tco-customerchurn/submission/code/experiments/clasJ
/repo/tco-customerchurn/submission/code/experiments/clasJ
[2020-11-07 05:09:47.364] [[32minfo[m] Start
[2020-11-07 05:09:47.364] [[32minfo[m] Training
[2020-11-07 05:09:47.364] [[32minfo[m] JSON: read encodings from encoding-20.json
[2020-11-07 05:09:47.364] [[32minfo[m] CSV: reading history_mix_1to3.csv ...
[2020-11-07 05:09:50.728] [[32minfo[m] ...completed in 3.4 secs
[2020-11-07 05:09:50.728] [[32minfo[m] CSV: read 480592 rows with categorical features and 480592 rows with numerical ones.
[2020-11-07 05:09:50.768] [[32minfo[m] Encoding features...
[2020-11-07 05:09:59.353] [[32minfo[m] ...completed in 8.6 secs
[2020-11-07 05:10:00.641] [[32minfo[m] Classification requested
[2020-11-07 05:10:01.943] [[32minfo[m] Model restored from trained_2.model
[2020-11-07 05:10:01.946] [[32minfo[m] C 3900 T 16000 s 20.0 w -1 boost-tpf 1 nepochs 1 f201906 seasonal
[2020-11-07 05:10:01.946] [[32minfo[m] Partial fit initiated for 1 epoch(s)...
[2020-11-07 05:20:11.631] [[32minfo[m] ...completed in 609.7 secs.
[2020-11-07 05:20:13.099] [[32minfo[m] Model saved into trained_3.model
[2020-11-07 05:20:13.464] [[32minfo[m] Start
[2020-11-07 05:20:13.464] [[32minfo[m] Inference
[2020-11-07 05:20:13.465] [[32minfo[m] JSON: read encodings from encoding-20.json
[2020-11-07 05:20:13.465] [[32minfo[m] CSV: reading input.csv ...
[2020-11-07 05:20:16.729] [[32minfo[m] ...completed in 3.3 secs
[2020-11-07 05:20:16.729] [[32minfo[m] CSV: read 454404 rows with categorical features and 454404 rows with numerical ones.
[2020-11-07 05:20:16.777] [[32minfo[m] Encoding features...
[2020-11-07 05:20:25.493] [[32minfo[m] ...completed in 8.7 secs
[2020-11-07 05:20:26.734] [[32minfo[m] Classification inference
[2020-11-07 05:20:28.104] [[32minfo[m] Predicting...
[2020-11-07 05:20:52.000] [[32minfo[m] ...completed in 23.9 secs
[2020-11-07 05:20:52.014] [[32minfo[m] scores 454404
[2020-11-07 05:20:52.014] [[32minfo[m] [35] 12170,-13867,0.09317
[2020-11-07 05:20:52.014] [[32minfo[m] [36] 6028,-4964,0.32825
[2020-11-07 05:20:52.014] [[32minfo[m] [37] 9838,-8031,0.22080
[2020-11-07 05:20:52.014] [[32minfo[m] [73] 13962,-9801,0.12870
[2020-11-07 05:20:52.014] [[32minfo[m] [74] 4763,-6976,0.31658
[2020-11-07 05:20:52.014] [[32minfo[m] [75] 13226,-12159,0.10336
[2020-11-07 05:20:52.014] [[32minfo[m] [208] 10324,-11135,0.16470
[2020-11-07 05:20:52.014] [[32minfo[m] [265] 9717,-12520,0.15255
Num. customers: 454404
Average churn: 2.05
result:  34.72043
4
/repo/tco-customerchurn/data /repo/tco-customerchurn/submission/code/experiments/clasJ
/repo/tco-customerchurn/submission/code/experiments/clasJ
[2020-11-07 05:21:11.458] [[32minfo[m] Start
[2020-11-07 05:21:11.458] [[32minfo[m] Training
[2020-11-07 05:21:11.458] [[32minfo[m] JSON: read encodings from encoding-20.json
[2020-11-07 05:21:11.459] [[32minfo[m] CSV: reading history_mix_1to3.csv ...
[2020-11-07 05:21:14.712] [[32minfo[m] ...completed in 3.3 secs
[2020-11-07 05:21:14.712] [[32minfo[m] CSV: read 480592 rows with categorical features and 480592 rows with numerical ones.
[2020-11-07 05:21:14.751] [[32minfo[m] Encoding features...
[2020-11-07 05:21:23.505] [[32minfo[m] ...completed in 8.8 secs
[2020-11-07 05:21:24.796] [[32minfo[m] Classification requested
[2020-11-07 05:21:26.097] [[32minfo[m] Model restored from trained_3.model
[2020-11-07 05:21:26.100] [[32minfo[m] C 3900 T 16000 s 20.0 w -1 boost-tpf 1 nepochs 1 f201906 seasonal
[2020-11-07 05:21:26.101] [[32minfo[m] Partial fit initiated for 1 epoch(s)...
[2020-11-07 05:31:34.860] [[32minfo[m] ...completed in 608.8 secs.
[2020-11-07 05:31:36.371] [[32minfo[m] Model saved into trained_4.model
[2020-11-07 05:31:36.766] [[32minfo[m] Start
[2020-11-07 05:31:36.766] [[32minfo[m] Inference
[2020-11-07 05:31:36.767] [[32minfo[m] JSON: read encodings from encoding-20.json
[2020-11-07 05:31:36.767] [[32minfo[m] CSV: reading input.csv ...
[2020-11-07 05:31:39.993] [[32minfo[m] ...completed in 3.2 secs
[2020-11-07 05:31:39.993] [[32minfo[m] CSV: read 454404 rows with categorical features and 454404 rows with numerical ones.
[2020-11-07 05:31:40.042] [[32minfo[m] Encoding features...
[2020-11-07 05:31:48.909] [[32minfo[m] ...completed in 8.9 secs
[2020-11-07 05:31:50.216] [[32minfo[m] Classification inference
[2020-11-07 05:31:51.644] [[32minfo[m] Predicting...
[2020-11-07 05:32:15.215] [[32minfo[m] ...completed in 23.6 secs
[2020-11-07 05:32:15.229] [[32minfo[m] scores 454404
[2020-11-07 05:32:15.229] [[32minfo[m] [35] 11253,-11759,0.14044
[2020-11-07 05:32:15.229] [[32minfo[m] [36] 4652,-4143,0.36258
[2020-11-07 05:32:15.229] [[32minfo[m] [37] 8010,-9113,0.23245
[2020-11-07 05:32:15.229] [[32minfo[m] [73] 10115,-9952,0.18645
[2020-11-07 05:32:15.229] [[32minfo[m] [74] 4983,-3111,0.37353
[2020-11-07 05:32:15.229] [[32minfo[m] [75] 8879,-11262,0.18530
[2020-11-07 05:32:15.229] [[32minfo[m] [208] 5809,-6509,0.30753
[2020-11-07 05:32:15.229] [[32minfo[m] [265] 12839,-14126,0.07867
Num. customers: 454404
Average churn: 2.05
result:  34.86022
5
/repo/tco-customerchurn/data /repo/tco-customerchurn/submission/code/experiments/clasJ
/repo/tco-customerchurn/submission/code/experiments/clasJ
[2020-11-07 05:32:35.808] [[32minfo[m] Start
[2020-11-07 05:32:35.808] [[32minfo[m] Training
[2020-11-07 05:32:36.241] [[32minfo[m] JSON: read encodings from encoding-20.json
[2020-11-07 05:32:36.241] [[32minfo[m] CSV: reading history_mix_1to3.csv ...
[2020-11-07 05:32:39.448] [[32minfo[m] ...completed in 3.2 secs
[2020-11-07 05:32:39.448] [[32minfo[m] CSV: read 480592 rows with categorical features and 480592 rows with numerical ones.
[2020-11-07 05:32:39.486] [[32minfo[m] Encoding features...
[2020-11-07 05:32:48.239] [[32minfo[m] ...completed in 8.8 secs
[2020-11-07 05:32:49.526] [[32minfo[m] Classification requested
[2020-11-07 05:32:50.817] [[32minfo[m] Model restored from trained_4.model
[2020-11-07 05:32:50.820] [[32minfo[m] C 3900 T 16000 s 20.0 w -1 boost-tpf 1 nepochs 1 f201906 seasonal
[2020-11-07 05:32:50.820] [[32minfo[m] Partial fit initiated for 1 epoch(s)...
[2020-11-07 05:43:05.035] [[32minfo[m] ...completed in 614.2 secs.
[2020-11-07 05:43:06.524] [[32minfo[m] Model saved into trained_5.model
[2020-11-07 05:43:06.919] [[32minfo[m] Start
[2020-11-07 05:43:06.919] [[32minfo[m] Inference
[2020-11-07 05:43:06.920] [[32minfo[m] JSON: read encodings from encoding-20.json
[2020-11-07 05:43:06.920] [[32minfo[m] CSV: reading input.csv ...
[2020-11-07 05:43:09.960] [[32minfo[m] ...completed in 3.0 secs
[2020-11-07 05:43:09.960] [[32minfo[m] CSV: read 454404 rows with categorical features and 454404 rows with numerical ones.
[2020-11-07 05:43:10.009] [[32minfo[m] Encoding features...
[2020-11-07 05:43:18.555] [[32minfo[m] ...completed in 8.5 secs
[2020-11-07 05:43:19.856] [[32minfo[m] Classification inference
[2020-11-07 05:43:21.230] [[32minfo[m] Predicting...
[2020-11-07 05:43:45.153] [[32minfo[m] ...completed in 23.9 secs
[2020-11-07 05:43:45.169] [[32minfo[m] scores 454404
[2020-11-07 05:43:45.169] [[32minfo[m] [35] 15182,-16000,0.01278
[2020-11-07 05:43:45.169] [[32minfo[m] [36] 4291,-11120,0.25920
[2020-11-07 05:43:45.169] [[32minfo[m] [37] 8500,-11310,0.19047
[2020-11-07 05:43:45.169] [[32minfo[m] [73] 9533,-9605,0.20097
[2020-11-07 05:43:45.169] [[32minfo[m] [74] 8222,-3965,0.30958
[2020-11-07 05:43:45.169] [[32minfo[m] [75] 9831,-13790,0.13092
[2020-11-07 05:43:45.169] [[32minfo[m] [208] 10703,-9271,0.18791
[2020-11-07 05:43:45.169] [[32minfo[m] [265] 12935,-14023,0.07878
Num. customers: 454404
Average churn: 2.05
result:  34.95699
6
/repo/tco-customerchurn/data /repo/tco-customerchurn/submission/code/experiments/clasJ
/repo/tco-customerchurn/submission/code/experiments/clasJ
[2020-11-07 05:44:04.064] [[32minfo[m] Start
[2020-11-07 05:44:04.064] [[32minfo[m] Training
[2020-11-07 05:44:04.065] [[32minfo[m] JSON: read encodings from encoding-20.json
[2020-11-07 05:44:04.065] [[32minfo[m] CSV: reading history_mix_1to3.csv ...
[2020-11-07 05:44:07.334] [[32minfo[m] ...completed in 3.3 secs
[2020-11-07 05:44:07.334] [[32minfo[m] CSV: read 480592 rows with categorical features and 480592 rows with numerical ones.
[2020-11-07 05:44:07.373] [[32minfo[m] Encoding features...
[2020-11-07 05:44:16.064] [[32minfo[m] ...completed in 8.7 secs
[2020-11-07 05:44:17.360] [[32minfo[m] Classification requested
[2020-11-07 05:44:18.676] [[32minfo[m] Model restored from trained_5.model
[2020-11-07 05:44:18.680] [[32minfo[m] C 3900 T 16000 s 20.0 w -1 boost-tpf 1 nepochs 1 f201906 seasonal
[2020-11-07 05:44:18.680] [[32minfo[m] Partial fit initiated for 1 epoch(s)...
[2020-11-07 05:54:27.226] [[32minfo[m] ...completed in 608.5 secs.
[2020-11-07 05:54:28.800] [[32minfo[m] Model saved into trained_6.model
[2020-11-07 05:54:29.187] [[32minfo[m] Start
[2020-11-07 05:54:29.187] [[32minfo[m] Inference
[2020-11-07 05:54:29.187] [[32minfo[m] JSON: read encodings from encoding-20.json
[2020-11-07 05:54:29.187] [[32minfo[m] CSV: reading input.csv ...
[2020-11-07 05:54:32.412] [[32minfo[m] ...completed in 3.2 secs
[2020-11-07 05:54:32.412] [[32minfo[m] CSV: read 454404 rows with categorical features and 454404 rows with numerical ones.
[2020-11-07 05:54:32.461] [[32minfo[m] Encoding features...
[2020-11-07 05:54:41.209] [[32minfo[m] ...completed in 8.7 secs
[2020-11-07 05:54:42.499] [[32minfo[m] Classification inference
[2020-11-07 05:54:43.869] [[32minfo[m] Predicting...
[2020-11-07 05:55:08.899] [[32minfo[m] ...completed in 25.0 secs
[2020-11-07 05:55:08.914] [[32minfo[m] scores 454404
[2020-11-07 05:55:08.914] [[32minfo[m] [35] 11485,-14692,0.09098
[2020-11-07 05:55:08.914] [[32minfo[m] [36] 3959,-7134,0.32667
[2020-11-07 05:55:08.914] [[32minfo[m] [37] 11951,-10698,0.14611
[2020-11-07 05:55:08.914] [[32minfo[m] [73] 10485,-10909,0.16572
[2020-11-07 05:55:08.914] [[32minfo[m] [74] 9066,-1401,0.33645
[2020-11-07 05:55:08.914] [[32minfo[m] [75] 13169,-10933,0.12341
[2020-11-07 05:55:08.914] [[32minfo[m] [208] 5804,-7333,0.29473
[2020-11-07 05:55:08.914] [[32minfo[m] [265] 15667,-12290,0.06317
Num. customers: 454404
Average churn: 2.05
result:  34.77419
7
/repo/tco-customerchurn/data /repo/tco-customerchurn/submission/code/experiments/clasJ
/repo/tco-customerchurn/submission/code/experiments/clasJ
[2020-11-07 05:55:28.633] [[32minfo[m] Start
[2020-11-07 05:55:28.633] [[32minfo[m] Training
[2020-11-07 05:55:28.634] [[32minfo[m] JSON: read encodings from encoding-20.json
[2020-11-07 05:55:28.634] [[32minfo[m] CSV: reading history_mix_1to3.csv ...
[2020-11-07 05:55:32.006] [[32minfo[m] ...completed in 3.4 secs
[2020-11-07 05:55:32.006] [[32minfo[m] CSV: read 480592 rows with categorical features and 480592 rows with numerical ones.
[2020-11-07 05:55:32.043] [[32minfo[m] Encoding features...
[2020-11-07 05:55:40.989] [[32minfo[m] ...completed in 8.9 secs
[2020-11-07 05:55:42.291] [[32minfo[m] Classification requested
[2020-11-07 05:55:43.610] [[32minfo[m] Model restored from trained_6.model
[2020-11-07 05:55:43.613] [[32minfo[m] C 3900 T 16000 s 20.0 w -1 boost-tpf 1 nepochs 1 f201906 seasonal
[2020-11-07 05:55:43.613] [[32minfo[m] Partial fit initiated for 1 epoch(s)...
[2020-11-07 06:06:40.065] [[32minfo[m] ...completed in 656.5 secs.
[2020-11-07 06:06:41.622] [[32minfo[m] Model saved into trained_7.model
[2020-11-07 06:06:42.009] [[32minfo[m] Start
[2020-11-07 06:06:42.011] [[32minfo[m] Inference
[2020-11-07 06:06:42.012] [[32minfo[m] JSON: read encodings from encoding-20.json
[2020-11-07 06:06:42.012] [[32minfo[m] CSV: reading input.csv ...
[2020-11-07 06:06:45.203] [[32minfo[m] ...completed in 3.2 secs
[2020-11-07 06:06:45.203] [[32minfo[m] CSV: read 454404 rows with categorical features and 454404 rows with numerical ones.
[2020-11-07 06:06:45.252] [[32minfo[m] Encoding features...
[2020-11-07 06:06:53.977] [[32minfo[m] ...completed in 8.7 secs
[2020-11-07 06:06:55.285] [[32minfo[m] Classification inference
[2020-11-07 06:06:56.707] [[32minfo[m] Predicting...
[2020-11-07 06:07:20.323] [[32minfo[m] ...completed in 23.6 secs
[2020-11-07 06:07:20.338] [[32minfo[m] scores 454404
[2020-11-07 06:07:20.338] [[32minfo[m] [35] 11016,-12713,0.12923
[2020-11-07 06:07:20.338] [[32minfo[m] [36] 5818,-6619,0.30567
[2020-11-07 06:07:20.338] [[32minfo[m] [37] 7466,-4865,0.30733
[2020-11-07 06:07:20.338] [[32minfo[m] [73] 10552,-7724,0.21444
[2020-11-07 06:07:20.338] [[32minfo[m] [74] 4356,-7293,0.31798
[2020-11-07 06:07:20.338] [[32minfo[m] [75] 11294,-10649,0.15714
[2020-11-07 06:07:20.338] [[32minfo[m] [208] 6127,-3165,0.35481
[2020-11-07 06:07:20.338] [[32minfo[m] [265] 13772,-15174,0.04772
Num. customers: 454404
Average churn: 2.05
result:  35.03226
8
/repo/tco-customerchurn/data /repo/tco-customerchurn/submission/code/experiments/clasJ
/repo/tco-customerchurn/submission/code/experiments/clasJ
[2020-11-07 06:07:39.839] [[32minfo[m] Start
[2020-11-07 06:07:39.839] [[32minfo[m] Training
[2020-11-07 06:07:39.840] [[32minfo[m] JSON: read encodings from encoding-20.json
[2020-11-07 06:07:39.840] [[32minfo[m] CSV: reading history_mix_1to3.csv ...
[2020-11-07 06:07:43.069] [[32minfo[m] ...completed in 3.2 secs
[2020-11-07 06:07:43.069] [[32minfo[m] CSV: read 480592 rows with categorical features and 480592 rows with numerical ones.
[2020-11-07 06:07:43.107] [[32minfo[m] Encoding features...
[2020-11-07 06:07:51.804] [[32minfo[m] ...completed in 8.7 secs
[2020-11-07 06:07:53.100] [[32minfo[m] Classification requested
[2020-11-07 06:07:54.403] [[32minfo[m] Model restored from trained_7.model
[2020-11-07 06:07:54.405] [[32minfo[m] C 3900 T 16000 s 20.0 w -1 boost-tpf 1 nepochs 1 f201906 seasonal
[2020-11-07 06:07:54.405] [[32minfo[m] Partial fit initiated for 1 epoch(s)...
[2020-11-07 06:18:04.739] [[32minfo[m] ...completed in 610.3 secs.
[2020-11-07 06:18:06.253] [[32minfo[m] Model saved into trained_8.model
[2020-11-07 06:18:06.632] [[32minfo[m] Start
[2020-11-07 06:18:06.633] [[32minfo[m] Inference
[2020-11-07 06:18:06.633] [[32minfo[m] JSON: read encodings from encoding-20.json
[2020-11-07 06:18:06.633] [[32minfo[m] CSV: reading input.csv ...
[2020-11-07 06:18:09.681] [[32minfo[m] ...completed in 3.0 secs
[2020-11-07 06:18:09.681] [[32minfo[m] CSV: read 454404 rows with categorical features and 454404 rows with numerical ones.
[2020-11-07 06:18:09.730] [[32minfo[m] Encoding features...
[2020-11-07 06:18:17.949] [[32minfo[m] ...completed in 8.2 secs
[2020-11-07 06:18:19.220] [[32minfo[m] Classification inference
[2020-11-07 06:18:20.527] [[32minfo[m] Predicting...
[2020-11-07 06:18:44.513] [[32minfo[m] ...completed in 24.0 secs
[2020-11-07 06:18:44.531] [[32minfo[m] scores 454404
[2020-11-07 06:18:44.531] [[32minfo[m] [35] 10229,-10517,0.17584
[2020-11-07 06:18:44.531] [[32minfo[m] [36] 4232,-7676,0.31394
[2020-11-07 06:18:44.531] [[32minfo[m] [37] 10883,-8981,0.18962
[2020-11-07 06:18:44.531] [[32minfo[m] [73] 8205,-8649,0.23666
[2020-11-07 06:18:44.531] [[32minfo[m] [74] 4337,-2392,0.39486
[2020-11-07 06:18:44.531] [[32minfo[m] [75] 11467,-11328,0.14383
[2020-11-07 06:18:44.531] [[32minfo[m] [208] 6423,-8599,0.26528
[2020-11-07 06:18:44.531] [[32minfo[m] [265] 14299,-8955,0.13666
Num. customers: 454404
Average churn: 2.05
result:  34.56989
9
/repo/tco-customerchurn/data /repo/tco-customerchurn/submission/code/experiments/clasJ
/repo/tco-customerchurn/submission/code/experiments/clasJ
[2020-11-07 06:19:03.421] [[32minfo[m] Start
[2020-11-07 06:19:03.421] [[32minfo[m] Training
[2020-11-07 06:19:03.422] [[32minfo[m] JSON: read encodings from encoding-20.json
[2020-11-07 06:19:03.423] [[32minfo[m] CSV: reading history_mix_1to3.csv ...
[2020-11-07 06:19:06.783] [[32minfo[m] ...completed in 3.4 secs
[2020-11-07 06:19:06.783] [[32minfo[m] CSV: read 480592 rows with categorical features and 480592 rows with numerical ones.
[2020-11-07 06:19:06.823] [[32minfo[m] Encoding features...
[2020-11-07 06:19:15.501] [[32minfo[m] ...completed in 8.7 secs
[2020-11-07 06:19:16.793] [[32minfo[m] Classification requested
[2020-11-07 06:19:18.094] [[32minfo[m] Model restored from trained_8.model
[2020-11-07 06:19:18.098] [[32minfo[m] C 3900 T 16000 s 20.0 w -1 boost-tpf 1 nepochs 1 f201906 seasonal
[2020-11-07 06:19:18.098] [[32minfo[m] Partial fit initiated for 1 epoch(s)...
[2020-11-07 06:29:29.060] [[32minfo[m] ...completed in 611.0 secs.
[2020-11-07 06:29:30.562] [[32minfo[m] Model saved into trained_9.model
[2020-11-07 06:29:30.950] [[32minfo[m] Start
[2020-11-07 06:29:30.950] [[32minfo[m] Inference
[2020-11-07 06:29:30.950] [[32minfo[m] JSON: read encodings from encoding-20.json
[2020-11-07 06:29:30.950] [[32minfo[m] CSV: reading input.csv ...
[2020-11-07 06:29:34.345] [[32minfo[m] ...completed in 3.4 secs
[2020-11-07 06:29:34.346] [[32minfo[m] CSV: read 454404 rows with categorical features and 454404 rows with numerical ones.
[2020-11-07 06:29:34.393] [[32minfo[m] Encoding features...
[2020-11-07 06:29:43.029] [[32minfo[m] ...completed in 8.6 secs
[2020-11-07 06:29:44.343] [[32minfo[m] Classification inference
[2020-11-07 06:29:45.717] [[32minfo[m] Predicting...
[2020-11-07 06:30:09.501] [[32minfo[m] ...completed in 23.8 secs
[2020-11-07 06:30:09.517] [[32minfo[m] scores 454404
[2020-11-07 06:30:09.517] [[32minfo[m] [35] 11290,-8612,0.18903
[2020-11-07 06:30:09.517] [[32minfo[m] [36] 8225,-10210,0.21195
[2020-11-07 06:30:09.517] [[32minfo[m] [37] 9341,-10093,0.19634
[2020-11-07 06:30:09.517] [[32minfo[m] [73] 11134,-8859,0.18761
[2020-11-07 06:30:09.517] [[32minfo[m] [74] 6080,-5062,0.32591
[2020-11-07 06:30:09.517] [[32minfo[m] [75] 13961,-13064,0.07773
[2020-11-07 06:30:09.517] [[32minfo[m] [208] 8204,-9770,0.21916
[2020-11-07 06:30:09.517] [[32minfo[m] [265] 14232,-11947,0.09095
Num. customers: 454404
Average churn: 2.05
result:  34.77419
10
/repo/tco-customerchurn/data /repo/tco-customerchurn/submission/code/experiments/clasJ
/repo/tco-customerchurn/submission/code/experiments/clasJ
[2020-11-07 06:30:28.960] [[32minfo[m] Start
[2020-11-07 06:30:28.960] [[32minfo[m] Training
[2020-11-07 06:30:28.960] [[32minfo[m] JSON: read encodings from encoding-20.json
[2020-11-07 06:30:28.960] [[32minfo[m] CSV: reading history_mix_1to3.csv ...
[2020-11-07 06:30:32.210] [[32minfo[m] ...completed in 3.2 secs
[2020-11-07 06:30:32.210] [[32minfo[m] CSV: read 480592 rows with categorical features and 480592 rows with numerical ones.
[2020-11-07 06:30:32.250] [[32minfo[m] Encoding features...
[2020-11-07 06:30:41.078] [[32minfo[m] ...completed in 8.8 secs
[2020-11-07 06:30:42.389] [[32minfo[m] Classification requested
[2020-11-07 06:30:43.695] [[32minfo[m] Model restored from trained_9.model
[2020-11-07 06:30:43.698] [[32minfo[m] C 3900 T 16000 s 20.0 w -1 boost-tpf 1 nepochs 1 f201906 seasonal
[2020-11-07 06:30:43.698] [[32minfo[m] Partial fit initiated for 1 epoch(s)...
[2020-11-07 06:40:51.128] [[32minfo[m] ...completed in 607.4 secs.
[2020-11-07 06:40:52.656] [[32minfo[m] Model saved into trained_10.model
[2020-11-07 06:40:53.027] [[32minfo[m] Start
[2020-11-07 06:40:53.027] [[32minfo[m] Inference
[2020-11-07 06:40:53.027] [[32minfo[m] JSON: read encodings from encoding-20.json
[2020-11-07 06:40:53.027] [[32minfo[m] CSV: reading input.csv ...
[2020-11-07 06:40:56.135] [[32minfo[m] ...completed in 3.1 secs
[2020-11-07 06:40:56.135] [[32minfo[m] CSV: read 454404 rows with categorical features and 454404 rows with numerical ones.
[2020-11-07 06:40:56.185] [[32minfo[m] Encoding features...
[2020-11-07 06:41:04.763] [[32minfo[m] ...completed in 8.6 secs
[2020-11-07 06:41:06.091] [[32minfo[m] Classification inference
[2020-11-07 06:41:07.450] [[32minfo[m] Predicting...
[2020-11-07 06:41:31.317] [[32minfo[m] ...completed in 23.9 secs
[2020-11-07 06:41:31.332] [[32minfo[m] scores 454404
[2020-11-07 06:41:31.332] [[32minfo[m] [35] 14631,-13644,0.05820
[2020-11-07 06:41:31.332] [[32minfo[m] [36] 9129,-8065,0.23134
[2020-11-07 06:41:31.332] [[32minfo[m] [37] 11570,-8283,0.18980
[2020-11-07 06:41:31.332] [[32minfo[m] [73] 10452,-14606,0.10847
[2020-11-07 06:41:31.332] [[32minfo[m] [74] 7022,-6082,0.29525
[2020-11-07 06:41:31.332] [[32minfo[m] [75] 14229,-11764,0.09386
[2020-11-07 06:41:31.332] [[32minfo[m] [208] 11645,-5222,0.23645
[2020-11-07 06:41:31.332] [[32minfo[m] [265] 12221,-12293,0.11697
Num. customers: 454404
Average churn: 2.05
result:  34.82796
11
/repo/tco-customerchurn/data /repo/tco-customerchurn/submission/code/experiments/clasJ
/repo/tco-customerchurn/submission/code/experiments/clasJ
[2020-11-07 06:41:50.328] [[32minfo[m] Start
[2020-11-07 06:41:50.328] [[32minfo[m] Training
[2020-11-07 06:41:50.329] [[32minfo[m] JSON: read encodings from encoding-20.json
[2020-11-07 06:41:50.329] [[32minfo[m] CSV: reading history_mix_1to3.csv ...
[2020-11-07 06:41:53.587] [[32minfo[m] ...completed in 3.3 secs
[2020-11-07 06:41:53.587] [[32minfo[m] CSV: read 480592 rows with categorical features and 480592 rows with numerical ones.
[2020-11-07 06:41:53.628] [[32minfo[m] Encoding features...
[2020-11-07 06:42:02.330] [[32minfo[m] ...completed in 8.7 secs
[2020-11-07 06:42:03.627] [[32minfo[m] Classification requested
[2020-11-07 06:42:04.925] [[32minfo[m] Model restored from trained_10.model
[2020-11-07 06:42:04.928] [[32minfo[m] C 3900 T 16000 s 20.0 w -1 boost-tpf 1 nepochs 1 f201906 seasonal
[2020-11-07 06:42:04.928] [[32minfo[m] Partial fit initiated for 1 epoch(s)...
[2020-11-07 06:52:20.538] [[32minfo[m] ...completed in 615.6 secs.
[2020-11-07 06:52:22.061] [[32minfo[m] Model saved into trained_11.model
[2020-11-07 06:52:22.436] [[32minfo[m] Start
[2020-11-07 06:52:22.436] [[32minfo[m] Inference
[2020-11-07 06:52:22.436] [[32minfo[m] JSON: read encodings from encoding-20.json
[2020-11-07 06:52:22.436] [[32minfo[m] CSV: reading input.csv ...
[2020-11-07 06:52:25.738] [[32minfo[m] ...completed in 3.3 secs
[2020-11-07 06:52:25.739] [[32minfo[m] CSV: read 454404 rows with categorical features and 454404 rows with numerical ones.
[2020-11-07 06:52:25.786] [[32minfo[m] Encoding features...
[2020-11-07 06:52:34.538] [[32minfo[m] ...completed in 8.8 secs
[2020-11-07 06:52:35.909] [[32minfo[m] Classification inference
[2020-11-07 06:52:37.332] [[32minfo[m] Predicting...
[2020-11-07 06:53:00.909] [[32minfo[m] ...completed in 23.6 secs
[2020-11-07 06:53:00.925] [[32minfo[m] scores 454404
[2020-11-07 06:53:00.925] [[32minfo[m] [35] 11133,-14598,0.09795
[2020-11-07 06:53:00.925] [[32minfo[m] [36] 4765,-6965,0.31672
[2020-11-07 06:53:00.925] [[32minfo[m] [37] 7939,-10691,0.20891
[2020-11-07 06:53:00.925] [[32minfo[m] [73] 11495,-9430,0.17305
[2020-11-07 06:53:00.925] [[32minfo[m] [74] 5588,-4384,0.34419
[2020-11-07 06:53:00.925] [[32minfo[m] [75] 14044,-16000,0.03056
[2020-11-07 06:53:00.925] [[32minfo[m] [208] 6563,-7126,0.28611
[2020-11-07 06:53:00.925] [[32minfo[m] [265] 12430,-13164,0.10009
Num. customers: 454404
Average churn: 2.05
result:  34.50538
12
/repo/tco-customerchurn/data /repo/tco-customerchurn/submission/code/experiments/clasJ
/repo/tco-customerchurn/submission/code/experiments/clasJ
[2020-11-07 06:53:20.459] [[32minfo[m] Start
[2020-11-07 06:53:20.460] [[32minfo[m] Training
[2020-11-07 06:53:20.460] [[32minfo[m] JSON: read encodings from encoding-20.json
[2020-11-07 06:53:20.460] [[32minfo[m] CSV: reading history_mix_1to3.csv ...
[2020-11-07 06:53:23.939] [[32minfo[m] ...completed in 3.5 secs
[2020-11-07 06:53:23.939] [[32minfo[m] CSV: read 480592 rows with categorical features and 480592 rows with numerical ones.
[2020-11-07 06:53:23.977] [[32minfo[m] Encoding features...
[2020-11-07 06:53:32.802] [[32minfo[m] ...completed in 8.8 secs
[2020-11-07 06:53:34.104] [[32minfo[m] Classification requested
[2020-11-07 06:53:35.399] [[32minfo[m] Model restored from trained_11.model
[2020-11-07 06:53:35.402] [[32minfo[m] C 3900 T 16000 s 20.0 w -1 boost-tpf 1 nepochs 1 f201906 seasonal
[2020-11-07 06:53:35.403] [[32minfo[m] Partial fit initiated for 1 epoch(s)...
[2020-11-07 07:03:47.510] [[32minfo[m] ...completed in 612.1 secs.
[2020-11-07 07:03:49.069] [[32minfo[m] Model saved into trained_12.model
[2020-11-07 07:03:49.501] [[32minfo[m] Start
[2020-11-07 07:03:49.501] [[32minfo[m] Inference
[2020-11-07 07:03:49.502] [[32minfo[m] JSON: read encodings from encoding-20.json
[2020-11-07 07:03:49.502] [[32minfo[m] CSV: reading input.csv ...
[2020-11-07 07:03:52.895] [[32minfo[m] ...completed in 3.4 secs
[2020-11-07 07:03:52.895] [[32minfo[m] CSV: read 454404 rows with categorical features and 454404 rows with numerical ones.
[2020-11-07 07:03:52.944] [[32minfo[m] Encoding features...
[2020-11-07 07:04:01.675] [[32minfo[m] ...completed in 8.7 secs
[2020-11-07 07:04:02.939] [[32minfo[m] Classification inference
[2020-11-07 07:04:04.293] [[32minfo[m] Predicting...
[2020-11-07 07:04:27.852] [[32minfo[m] ...completed in 23.6 secs
[2020-11-07 07:04:27.867] [[32minfo[m] scores 454404
[2020-11-07 07:04:27.867] [[32minfo[m] [35] 9257,-10303,0.19438
[2020-11-07 07:04:27.867] [[32minfo[m] [36] 3686,-6227,0.34511
[2020-11-07 07:04:27.867] [[32minfo[m] [37] 6916,-6590,0.28897
[2020-11-07 07:04:27.867] [[32minfo[m] [73] 8864,-8453,0.22942
[2020-11-07 07:04:27.867] [[32minfo[m] [74] 3537,-4143,0.38000
[2020-11-07 07:04:27.867] [[32minfo[m] [75] 12367,-12088,0.11789
[2020-11-07 07:04:27.867] [[32minfo[m] [208] 4512,-7176,0.31737
[2020-11-07 07:04:27.867] [[32minfo[m] [265] 11539,-12414,0.12573
Num. customers: 454404
Average churn: 2.05
result:  34.76344
13
/repo/tco-customerchurn/data /repo/tco-customerchurn/submission/code/experiments/clasJ
/repo/tco-customerchurn/submission/code/experiments/clasJ
[2020-11-07 07:04:48.217] [[32minfo[m] Start
[2020-11-07 07:04:48.218] [[32minfo[m] Training
[2020-11-07 07:04:48.218] [[32minfo[m] JSON: read encodings from encoding-20.json
[2020-11-07 07:04:48.218] [[32minfo[m] CSV: reading history_mix_1to3.csv ...
[2020-11-07 07:04:51.528] [[32minfo[m] ...completed in 3.3 secs
[2020-11-07 07:04:51.528] [[32minfo[m] CSV: read 480592 rows with categorical features and 480592 rows with numerical ones.
[2020-11-07 07:04:51.566] [[32minfo[m] Encoding features...
[2020-11-07 07:05:00.468] [[32minfo[m] ...completed in 8.9 secs
[2020-11-07 07:05:02.271] [[32minfo[m] Classification requested
[2020-11-07 07:05:04.093] [[32minfo[m] Model restored from trained_12.model
[2020-11-07 07:05:04.096] [[32minfo[m] C 3900 T 16000 s 20.0 w -1 boost-tpf 1 nepochs 1 f201906 seasonal
[2020-11-07 07:05:04.096] [[32minfo[m] Partial fit initiated for 1 epoch(s)...
[2020-11-07 07:15:13.576] [[32minfo[m] ...completed in 609.5 secs.
[2020-11-07 07:15:15.097] [[32minfo[m] Model saved into trained_13.model
[2020-11-07 07:15:15.481] [[32minfo[m] Start
[2020-11-07 07:15:15.481] [[32minfo[m] Inference
[2020-11-07 07:15:15.482] [[32minfo[m] JSON: read encodings from encoding-20.json
[2020-11-07 07:15:15.482] [[32minfo[m] CSV: reading input.csv ...
[2020-11-07 07:15:18.860] [[32minfo[m] ...completed in 3.4 secs
[2020-11-07 07:15:18.860] [[32minfo[m] CSV: read 454404 rows with categorical features and 454404 rows with numerical ones.
[2020-11-07 07:15:18.908] [[32minfo[m] Encoding features...
[2020-11-07 07:15:27.552] [[32minfo[m] ...completed in 8.6 secs
[2020-11-07 07:15:28.844] [[32minfo[m] Classification inference
[2020-11-07 07:15:30.206] [[32minfo[m] Predicting...
[2020-11-07 07:15:54.147] [[32minfo[m] ...completed in 23.9 secs
[2020-11-07 07:15:54.167] [[32minfo[m] scores 454404
[2020-11-07 07:15:54.168] [[32minfo[m] [35] 15571,-13645,0.04350
[2020-11-07 07:15:54.168] [[32minfo[m] [36] 12059,-7453,0.19512
[2020-11-07 07:15:54.168] [[32minfo[m] [37] 8075,-9446,0.22623
[2020-11-07 07:15:54.168] [[32minfo[m] [73] 8335,-12140,0.18008
[2020-11-07 07:15:54.168] [[32minfo[m] [74] 4731,-1132,0.40839
[2020-11-07 07:15:54.168] [[32minfo[m] [75] 9996,-12967,0.14120
[2020-11-07 07:15:54.168] [[32minfo[m] [208] 6900,-6513,0.29042
[2020-11-07 07:15:54.168] [[32minfo[m] [265] 13489,-11114,0.11558
Num. customers: 454404
Average churn: 2.05
result:  34.74194
14
/repo/tco-customerchurn/data /repo/tco-customerchurn/submission/code/experiments/clasJ
/repo/tco-customerchurn/submission/code/experiments/clasJ
[2020-11-07 07:16:12.906] [[32minfo[m] Start
[2020-11-07 07:16:12.906] [[32minfo[m] Training
[2020-11-07 07:16:12.907] [[32minfo[m] JSON: read encodings from encoding-20.json
[2020-11-07 07:16:12.907] [[32minfo[m] CSV: reading history_mix_1to3.csv ...
[2020-11-07 07:16:16.221] [[32minfo[m] ...completed in 3.3 secs
[2020-11-07 07:16:16.221] [[32minfo[m] CSV: read 480592 rows with categorical features and 480592 rows with numerical ones.
[2020-11-07 07:16:16.261] [[32minfo[m] Encoding features...
[2020-11-07 07:16:24.980] [[32minfo[m] ...completed in 8.7 secs
[2020-11-07 07:16:26.311] [[32minfo[m] Classification requested
[2020-11-07 07:16:27.610] [[32minfo[m] Model restored from trained_13.model
[2020-11-07 07:16:27.611] [[32minfo[m] C 3900 T 16000 s 20.0 w -1 boost-tpf 1 nepochs 1 f201906 seasonal
[2020-11-07 07:16:27.611] [[32minfo[m] Partial fit initiated for 1 epoch(s)...
[2020-11-07 07:26:38.425] [[32minfo[m] ...completed in 610.8 secs.
[2020-11-07 07:26:39.908] [[32minfo[m] Model saved into trained_14.model
[2020-11-07 07:26:40.297] [[32minfo[m] Start
[2020-11-07 07:26:40.298] [[32minfo[m] Inference
[2020-11-07 07:26:40.306] [[32minfo[m] JSON: read encodings from encoding-20.json
[2020-11-07 07:26:40.306] [[32minfo[m] CSV: reading input.csv ...
[2020-11-07 07:26:43.519] [[32minfo[m] ...completed in 3.2 secs
[2020-11-07 07:26:43.519] [[32minfo[m] CSV: read 454404 rows with categorical features and 454404 rows with numerical ones.
[2020-11-07 07:26:43.569] [[32minfo[m] Encoding features...
[2020-11-07 07:26:52.267] [[32minfo[m] ...completed in 8.7 secs
[2020-11-07 07:26:53.569] [[32minfo[m] Classification inference
[2020-11-07 07:26:54.964] [[32minfo[m] Predicting...
[2020-11-07 07:27:18.229] [[32minfo[m] ...completed in 23.3 secs
[2020-11-07 07:27:18.243] [[32minfo[m] scores 454404
[2020-11-07 07:27:18.243] [[32minfo[m] [35] 10482,-13857,0.11970
[2020-11-07 07:27:18.243] [[32minfo[m] [36] 4693,-6500,0.32511
[2020-11-07 07:27:18.243] [[32minfo[m] [37] 12180,-11115,0.13602
[2020-11-07 07:27:18.243] [[32minfo[m] [73] 8040,-10206,0.21491
[2020-11-07 07:27:18.243] [[32minfo[m] [74] 4357,-3096,0.38355
[2020-11-07 07:27:18.243] [[32minfo[m] [75] 11620,-10718,0.15097
[2020-11-07 07:27:18.243] [[32minfo[m] [208] 5259,-6900,0.31002
[2020-11-07 07:27:18.243] [[32minfo[m] [265] 9672,-10976,0.17738
Num. customers: 454404
Average churn: 2.05
result:  34.80645
15
/repo/tco-customerchurn/data /repo/tco-customerchurn/submission/code/experiments/clasJ
/repo/tco-customerchurn/submission/code/experiments/clasJ
[2020-11-07 07:27:36.909] [[32minfo[m] Start
[2020-11-07 07:27:36.909] [[32minfo[m] Training
[2020-11-07 07:27:36.909] [[32minfo[m] JSON: read encodings from encoding-20.json
[2020-11-07 07:27:36.909] [[32minfo[m] CSV: reading history_mix_1to3.csv ...
[2020-11-07 07:27:40.209] [[32minfo[m] ...completed in 3.3 secs
[2020-11-07 07:27:40.209] [[32minfo[m] CSV: read 480592 rows with categorical features and 480592 rows with numerical ones.
[2020-11-07 07:27:40.247] [[32minfo[m] Encoding features...
[2020-11-07 07:27:48.929] [[32minfo[m] ...completed in 8.7 secs
[2020-11-07 07:27:50.263] [[32minfo[m] Classification requested
[2020-11-07 07:27:51.580] [[32minfo[m] Model restored from trained_14.model
[2020-11-07 07:27:51.583] [[32minfo[m] C 3900 T 16000 s 20.0 w -1 boost-tpf 1 nepochs 1 f201906 seasonal
[2020-11-07 07:27:51.583] [[32minfo[m] Partial fit initiated for 1 epoch(s)...
[2020-11-07 07:38:06.458] [[32minfo[m] ...completed in 614.9 secs.
[2020-11-07 07:38:07.961] [[32minfo[m] Model saved into trained_15.model
[2020-11-07 07:38:08.313] [[32minfo[m] Start
[2020-11-07 07:38:08.313] [[32minfo[m] Inference
[2020-11-07 07:38:08.314] [[32minfo[m] JSON: read encodings from encoding-20.json
[2020-11-07 07:38:08.314] [[32minfo[m] CSV: reading input.csv ...
[2020-11-07 07:38:11.455] [[32minfo[m] ...completed in 3.1 secs
[2020-11-07 07:38:11.455] [[32minfo[m] CSV: read 454404 rows with categorical features and 454404 rows with numerical ones.
[2020-11-07 07:38:11.507] [[32minfo[m] Encoding features...
[2020-11-07 07:38:19.940] [[32minfo[m] ...completed in 8.4 secs
[2020-11-07 07:38:21.223] [[32minfo[m] Classification inference
[2020-11-07 07:38:22.554] [[32minfo[m] Predicting...
[2020-11-07 07:38:47.332] [[32minfo[m] ...completed in 24.8 secs
[2020-11-07 07:38:47.346] [[32minfo[m] scores 454404
[2020-11-07 07:38:47.346] [[32minfo[m] [35] 10301,-14942,0.10558
[2020-11-07 07:38:47.346] [[32minfo[m] [36] 6343,-5812,0.31008
[2020-11-07 07:38:47.346] [[32minfo[m] [37] 10106,-7914,0.21844
[2020-11-07 07:38:47.346] [[32minfo[m] [73] 8019,-6056,0.28008
[2020-11-07 07:38:47.346] [[32minfo[m] [74] 5014,-2003,0.39036
[2020-11-07 07:38:47.346] [[32minfo[m] [75] 9903,-11821,0.16056
[2020-11-07 07:38:47.346] [[32minfo[m] [208] 10060,-8697,0.20692
[2020-11-07 07:38:47.346] [[32minfo[m] [265] 7337,-15110,0.14927
Num. customers: 454404
Average churn: 2.05
result:  34.48387
16
/repo/tco-customerchurn/data /repo/tco-customerchurn/submission/code/experiments/clasJ
/repo/tco-customerchurn/submission/code/experiments/clasJ
[2020-11-07 07:39:06.858] [[32minfo[m] Start
[2020-11-07 07:39:06.858] [[32minfo[m] Training
[2020-11-07 07:39:06.860] [[32minfo[m] JSON: read encodings from encoding-20.json
[2020-11-07 07:39:06.860] [[32minfo[m] CSV: reading history_mix_1to3.csv ...
[2020-11-07 07:39:10.104] [[32minfo[m] ...completed in 3.2 secs
[2020-11-07 07:39:10.104] [[32minfo[m] CSV: read 480592 rows with categorical features and 480592 rows with numerical ones.
[2020-11-07 07:39:10.143] [[32minfo[m] Encoding features...
[2020-11-07 07:39:18.997] [[32minfo[m] ...completed in 8.9 secs
[2020-11-07 07:39:20.296] [[32minfo[m] Classification requested
[2020-11-07 07:39:21.591] [[32minfo[m] Model restored from trained_15.model
[2020-11-07 07:39:21.595] [[32minfo[m] C 3900 T 16000 s 20.0 w -1 boost-tpf 1 nepochs 1 f201906 seasonal
[2020-11-07 07:39:21.595] [[32minfo[m] Partial fit initiated for 1 epoch(s)...
[2020-11-07 07:49:59.219] [[32minfo[m] ...completed in 637.6 secs.
[2020-11-07 07:50:00.688] [[32minfo[m] Model saved into trained_16.model
[2020-11-07 07:50:01.087] [[32minfo[m] Start
[2020-11-07 07:50:01.087] [[32minfo[m] Inference
[2020-11-07 07:50:01.088] [[32minfo[m] JSON: read encodings from encoding-20.json
[2020-11-07 07:50:01.089] [[32minfo[m] CSV: reading input.csv ...
[2020-11-07 07:50:04.313] [[32minfo[m] ...completed in 3.2 secs
[2020-11-07 07:50:04.314] [[32minfo[m] CSV: read 454404 rows with categorical features and 454404 rows with numerical ones.
[2020-11-07 07:50:04.370] [[32minfo[m] Encoding features...
[2020-11-07 07:50:13.127] [[32minfo[m] ...completed in 8.8 secs
[2020-11-07 07:50:14.431] [[32minfo[m] Classification inference
[2020-11-07 07:50:15.809] [[32minfo[m] Predicting...
[2020-11-07 07:50:39.246] [[32minfo[m] ...completed in 23.4 secs
[2020-11-07 07:50:39.261] [[32minfo[m] scores 454404
[2020-11-07 07:50:39.261] [[32minfo[m] [35] 9515,-15596,0.10764
[2020-11-07 07:50:39.261] [[32minfo[m] [36] 9028,-4798,0.28397
[2020-11-07 07:50:39.261] [[32minfo[m] [37] 8578,-8170,0.23831
[2020-11-07 07:50:39.261] [[32minfo[m] [73] 8890,-8282,0.23169
[2020-11-07 07:50:39.261] [[32minfo[m] [74] 6865,-7350,0.27789
[2020-11-07 07:50:39.261] [[32minfo[m] [75] 8649,-13506,0.15383
[2020-11-07 07:50:39.261] [[32minfo[m] [208] 8790,-7068,0.25222
[2020-11-07 07:50:39.261] [[32minfo[m] [265] 12643,-12930,0.10042
Num. customers: 454404
Average churn: 2.05
result:  34.82796
17
/repo/tco-customerchurn/data /repo/tco-customerchurn/submission/code/experiments/clasJ
/repo/tco-customerchurn/submission/code/experiments/clasJ
[2020-11-07 07:50:58.072] [[32minfo[m] Start
[2020-11-07 07:50:58.072] [[32minfo[m] Training
[2020-11-07 07:50:58.073] [[32minfo[m] JSON: read encodings from encoding-20.json
[2020-11-07 07:50:58.073] [[32minfo[m] CSV: reading history_mix_1to3.csv ...
[2020-11-07 07:51:01.287] [[32minfo[m] ...completed in 3.2 secs
[2020-11-07 07:51:01.287] [[32minfo[m] CSV: read 480592 rows with categorical features and 480592 rows with numerical ones.
[2020-11-07 07:51:01.326] [[32minfo[m] Encoding features...
[2020-11-07 07:51:10.066] [[32minfo[m] ...completed in 8.7 secs
[2020-11-07 07:51:11.410] [[32minfo[m] Classification requested
[2020-11-07 07:51:12.724] [[32minfo[m] Model restored from trained_16.model
[2020-11-07 07:51:12.726] [[32minfo[m] C 3900 T 16000 s 20.0 w -1 boost-tpf 1 nepochs 1 f201906 seasonal
[2020-11-07 07:51:12.726] [[32minfo[m] Partial fit initiated for 1 epoch(s)...
[2020-11-07 08:01:20.350] [[32minfo[m] ...completed in 607.6 secs.
[2020-11-07 08:01:21.834] [[32minfo[m] Model saved into trained_17.model
[2020-11-07 08:01:22.219] [[32minfo[m] Start
[2020-11-07 08:01:22.219] [[32minfo[m] Inference
[2020-11-07 08:01:22.220] [[32minfo[m] JSON: read encodings from encoding-20.json
[2020-11-07 08:01:22.220] [[32minfo[m] CSV: reading input.csv ...
[2020-11-07 08:01:25.450] [[32minfo[m] ...completed in 3.2 secs
[2020-11-07 08:01:25.450] [[32minfo[m] CSV: read 454404 rows with categorical features and 454404 rows with numerical ones.
[2020-11-07 08:01:25.499] [[32minfo[m] Encoding features...
[2020-11-07 08:01:34.361] [[32minfo[m] ...completed in 8.9 secs
[2020-11-07 08:01:35.670] [[32minfo[m] Classification inference
[2020-11-07 08:01:37.067] [[32minfo[m] Predicting...
[2020-11-07 08:02:00.944] [[32minfo[m] ...completed in 23.9 secs
[2020-11-07 08:02:00.959] [[32minfo[m] scores 454404
[2020-11-07 08:02:00.959] [[32minfo[m] [35] 11032,-16000,0.07762
[2020-11-07 08:02:00.959] [[32minfo[m] [36] 5957,-5978,0.31352
[2020-11-07 08:02:00.959] [[32minfo[m] [37] 9187,-9459,0.20866
[2020-11-07 08:02:00.959] [[32minfo[m] [73] 9014,-12093,0.17020
[2020-11-07 08:02:00.959] [[32minfo[m] [74] 5141,-4509,0.34922
[2020-11-07 08:02:00.959] [[32minfo[m] [75] 10824,-13665,0.11736
[2020-11-07 08:02:00.959] [[32minfo[m] [208] 12116,-8381,0.17973
[2020-11-07 08:02:00.959] [[32minfo[m] [265] 11190,-15867,0.07723
Num. customers: 454404
Average churn: 2.05
result:  34.91398
18
/repo/tco-customerchurn/data /repo/tco-customerchurn/submission/code/experiments/clasJ
/repo/tco-customerchurn/submission/code/experiments/clasJ
[2020-11-07 08:02:19.492] [[32minfo[m] Start
[2020-11-07 08:02:19.492] [[32minfo[m] Training
[2020-11-07 08:02:19.492] [[32minfo[m] JSON: read encodings from encoding-20.json
[2020-11-07 08:02:19.492] [[32minfo[m] CSV: reading history_mix_1to3.csv ...
[2020-11-07 08:02:22.950] [[32minfo[m] ...completed in 3.5 secs
[2020-11-07 08:02:22.950] [[32minfo[m] CSV: read 480592 rows with categorical features and 480592 rows with numerical ones.
[2020-11-07 08:02:22.988] [[32minfo[m] Encoding features...
[2020-11-07 08:02:31.722] [[32minfo[m] ...completed in 8.7 secs
[2020-11-07 08:02:33.027] [[32minfo[m] Classification requested
[2020-11-07 08:02:34.346] [[32minfo[m] Model restored from trained_17.model
[2020-11-07 08:02:34.349] [[32minfo[m] C 3900 T 16000 s 20.0 w -1 boost-tpf 1 nepochs 1 f201906 seasonal
[2020-11-07 08:02:34.349] [[32minfo[m] Partial fit initiated for 1 epoch(s)...
[2020-11-07 08:12:45.829] [[32minfo[m] ...completed in 611.5 secs.
[2020-11-07 08:12:47.311] [[32minfo[m] Model saved into trained_18.model
[2020-11-07 08:12:47.707] [[32minfo[m] Start
[2020-11-07 08:12:47.707] [[32minfo[m] Inference
[2020-11-07 08:12:47.708] [[32minfo[m] JSON: read encodings from encoding-20.json
[2020-11-07 08:12:47.708] [[32minfo[m] CSV: reading input.csv ...
[2020-11-07 08:12:51.175] [[32minfo[m] ...completed in 3.5 secs
[2020-11-07 08:12:51.175] [[32minfo[m] CSV: read 454404 rows with categorical features and 454404 rows with numerical ones.
[2020-11-07 08:12:51.223] [[32minfo[m] Encoding features...
[2020-11-07 08:13:00.141] [[32minfo[m] ...completed in 8.9 secs
[2020-11-07 08:13:01.458] [[32minfo[m] Classification inference
[2020-11-07 08:13:02.844] [[32minfo[m] Predicting...
[2020-11-07 08:13:26.505] [[32minfo[m] ...completed in 23.7 secs
[2020-11-07 08:13:26.519] [[32minfo[m] scores 454404
[2020-11-07 08:13:26.519] [[32minfo[m] [35] 13530,-13639,0.07548
[2020-11-07 08:13:26.519] [[32minfo[m] [36] 8599,-9072,0.22389
[2020-11-07 08:13:26.519] [[32minfo[m] [37] 13425,-10245,0.13016
[2020-11-07 08:13:26.519] [[32minfo[m] [73] 11275,-10261,0.16350
[2020-11-07 08:13:26.519] [[32minfo[m] [74] 3037,-2520,0.41317
[2020-11-07 08:13:26.519] [[32minfo[m] [75] 16000,-9364,0.10369
[2020-11-07 08:13:26.519] [[32minfo[m] [208] 6477,-5626,0.31089
[2020-11-07 08:13:26.519] [[32minfo[m] [265] 13201,-16000,0.04373
Num. customers: 454404
Average churn: 2.05
result:  34.95699
19
/repo/tco-customerchurn/data /repo/tco-customerchurn/submission/code/experiments/clasJ
/repo/tco-customerchurn/submission/code/experiments/clasJ
[2020-11-07 08:13:45.485] [[32minfo[m] Start
[2020-11-07 08:13:45.485] [[32minfo[m] Training
[2020-11-07 08:13:45.486] [[32minfo[m] JSON: read encodings from encoding-20.json
[2020-11-07 08:13:45.486] [[32minfo[m] CSV: reading history_mix_1to3.csv ...
[2020-11-07 08:13:48.880] [[32minfo[m] ...completed in 3.4 secs
[2020-11-07 08:13:48.880] [[32minfo[m] CSV: read 480592 rows with categorical features and 480592 rows with numerical ones.
[2020-11-07 08:13:48.920] [[32minfo[m] Encoding features...
[2020-11-07 08:13:57.624] [[32minfo[m] ...completed in 8.7 secs
[2020-11-07 08:13:58.939] [[32minfo[m] Classification requested
[2020-11-07 08:14:00.242] [[32minfo[m] Model restored from trained_18.model
[2020-11-07 08:14:00.246] [[32minfo[m] C 3900 T 16000 s 20.0 w -1 boost-tpf 1 nepochs 1 f201906 seasonal
[2020-11-07 08:14:00.246] [[32minfo[m] Partial fit initiated for 1 epoch(s)...
[2020-11-07 08:24:12.617] [[32minfo[m] ...completed in 612.4 secs.
[2020-11-07 08:24:14.077] [[32minfo[m] Model saved into trained_19.model
[2020-11-07 08:24:14.472] [[32minfo[m] Start
[2020-11-07 08:24:14.472] [[32minfo[m] Inference
[2020-11-07 08:24:14.472] [[32minfo[m] JSON: read encodings from encoding-20.json
[2020-11-07 08:24:14.472] [[32minfo[m] CSV: reading input.csv ...
[2020-11-07 08:24:17.755] [[32minfo[m] ...completed in 3.3 secs
[2020-11-07 08:24:17.755] [[32minfo[m] CSV: read 454404 rows with categorical features and 454404 rows with numerical ones.
[2020-11-07 08:24:17.802] [[32minfo[m] Encoding features...
[2020-11-07 08:24:26.512] [[32minfo[m] ...completed in 8.7 secs
[2020-11-07 08:24:27.775] [[32minfo[m] Classification inference
[2020-11-07 08:24:29.110] [[32minfo[m] Predicting...
[2020-11-07 08:24:52.935] [[32minfo[m] ...completed in 23.8 secs
[2020-11-07 08:24:52.949] [[32minfo[m] scores 454404
[2020-11-07 08:24:52.949] [[32minfo[m] [35] 15218,-14912,0.02922
[2020-11-07 08:24:52.949] [[32minfo[m] [36] 5895,-6027,0.31372
[2020-11-07 08:24:52.949] [[32minfo[m] [37] 10722,-12843,0.13180
[2020-11-07 08:24:52.949] [[32minfo[m] [73] 9001,-8856,0.22098
[2020-11-07 08:24:52.949] [[32minfo[m] [74] 6510,-6916,0.29022
[2020-11-07 08:24:52.949] [[32minfo[m] [75] 15388,-12202,0.06891
[2020-11-07 08:24:52.949] [[32minfo[m] [208] 7029,-5221,0.30859
[2020-11-07 08:24:52.949] [[32minfo[m] [265] 12582,-11542,0.12306
Num. customers: 454404
Average churn: 2.05
result:  34.76344
20
/repo/tco-customerchurn/data /repo/tco-customerchurn/submission/code/experiments/clasJ
/repo/tco-customerchurn/submission/code/experiments/clasJ
[2020-11-07 08:25:12.298] [[32minfo[m] Start
[2020-11-07 08:25:12.298] [[32minfo[m] Training
[2020-11-07 08:25:12.299] [[32minfo[m] JSON: read encodings from encoding-20.json
[2020-11-07 08:25:12.299] [[32minfo[m] CSV: reading history_mix_1to3.csv ...
[2020-11-07 08:25:15.557] [[32minfo[m] ...completed in 3.3 secs
[2020-11-07 08:25:15.557] [[32minfo[m] CSV: read 480592 rows with categorical features and 480592 rows with numerical ones.
[2020-11-07 08:25:15.596] [[32minfo[m] Encoding features...
[2020-11-07 08:25:24.442] [[32minfo[m] ...completed in 8.8 secs
[2020-11-07 08:25:25.752] [[32minfo[m] Classification requested
[2020-11-07 08:25:27.048] [[32minfo[m] Model restored from trained_19.model
[2020-11-07 08:25:27.052] [[32minfo[m] C 3900 T 16000 s 20.0 w -1 boost-tpf 1 nepochs 1 f201906 seasonal
[2020-11-07 08:25:27.052] [[32minfo[m] Partial fit initiated for 1 epoch(s)...
[2020-11-07 08:35:28.594] [[32minfo[m] ...completed in 601.5 secs.
[2020-11-07 08:35:30.130] [[32minfo[m] Model saved into trained_20.model
[2020-11-07 08:35:30.503] [[32minfo[m] Start
[2020-11-07 08:35:30.503] [[32minfo[m] Inference
[2020-11-07 08:35:30.503] [[32minfo[m] JSON: read encodings from encoding-20.json
[2020-11-07 08:35:30.503] [[32minfo[m] CSV: reading input.csv ...
[2020-11-07 08:35:33.856] [[32minfo[m] ...completed in 3.4 secs
[2020-11-07 08:35:33.856] [[32minfo[m] CSV: read 454404 rows with categorical features and 454404 rows with numerical ones.
[2020-11-07 08:35:33.904] [[32minfo[m] Encoding features...
[2020-11-07 08:35:42.764] [[32minfo[m] ...completed in 8.9 secs
[2020-11-07 08:35:44.060] [[32minfo[m] Classification inference
[2020-11-07 08:35:45.380] [[32minfo[m] Predicting...
[2020-11-07 08:36:09.468] [[32minfo[m] ...completed in 24.1 secs
[2020-11-07 08:36:09.483] [[32minfo[m] scores 454404
[2020-11-07 08:36:09.483] [[32minfo[m] [35] 13631,-15171,0.04997
[2020-11-07 08:36:09.483] [[32minfo[m] [36] 4556,-9704,0.27719
[2020-11-07 08:36:09.483] [[32minfo[m] [37] 9601,-9602,0.19995
[2020-11-07 08:36:09.483] [[32minfo[m] [73] 8820,-8961,0.22217
[2020-11-07 08:36:09.483] [[32minfo[m] [74] 4080,-6996,0.32694
[2020-11-07 08:36:09.483] [[32minfo[m] [75] 12057,-12516,0.11605
[2020-11-07 08:36:09.483] [[32minfo[m] [208] 7045,-4613,0.31784
[2020-11-07 08:36:09.483] [[32minfo[m] [265] 14899,-13006,0.06398
Num. customers: 454404
Average churn: 2.05
result:  35.23656
