1
/repo/tco-customerchurn/data /repo/tco-customerchurn/submission/code/experiments/regr22
/repo/tco-customerchurn/submission/code/experiments/regr22
[2020-10-31 11:20:03.395] [[32minfo[m] Start
[2020-10-31 11:20:03.395] [[32minfo[m] Training
[2020-10-31 11:20:03.396] [[32minfo[m] JSON: read encodings from encoding-20.json
[2020-10-31 11:20:03.397] [[32minfo[m] CSV: reading history_mix_1to3.csv ...
[2020-10-31 11:20:06.832] [[32minfo[m] ...completed in 3.4 secs
[2020-10-31 11:20:06.832] [[32minfo[m] CSV: read 480592 rows with categorical features and 480592 rows with numerical ones.
[2020-10-31 11:20:06.875] [[32minfo[m] Encoding features...
[2020-10-31 11:20:15.885] [[32minfo[m] ...completed in 9.0 secs
[2020-10-31 11:20:15.885] [[32minfo[m] Regression requested
[2020-10-31 11:20:15.988] [[32minfo[m] C 4000 T 16000 s 20.0 w -1 boost-tpf 1 nepochs 1 L MAE, C1 0.000000
[2020-10-31 11:20:15.988] [[32minfo[m] Partial fit initiated for 1 epoch(s)...
[2020-10-31 11:22:36.280] [[32minfo[m] ...completed in 140.3 secs.
[2020-10-31 11:22:36.641] [[32minfo[m] Model saved into trained_1.model
[2020-10-31 11:22:36.777] [[32minfo[m] Start
[2020-10-31 11:22:36.777] [[32minfo[m] Inference
[2020-10-31 11:22:36.777] [[32minfo[m] JSON: read encodings from encoding-20.json
[2020-10-31 11:22:36.777] [[32minfo[m] CSV: reading input.csv ...
[2020-10-31 11:22:39.907] [[32minfo[m] ...completed in 3.1 secs
[2020-10-31 11:22:39.907] [[32minfo[m] CSV: read 454404 rows with categorical features and 454404 rows with numerical ones.
[2020-10-31 11:22:39.959] [[32minfo[m] Encoding features...
[2020-10-31 11:22:48.763] [[32minfo[m] ...completed in 8.8 secs
[2020-10-31 11:22:49.138] [[32minfo[m] Regression inference
[2020-10-31 11:22:49.466] [[32minfo[m] Predicting...
[2020-10-31 11:22:55.868] [[32minfo[m] ...completed in 6.4 secs
[2020-10-31 11:22:55.872] [[32minfo[m] scores 454404
[2020-10-31 11:22:55.872] [[32minfo[m] [35] 2799,0.17494
[2020-10-31 11:22:55.872] [[32minfo[m] [36] 4576,0.28600
[2020-10-31 11:22:55.872] [[32minfo[m] [37] 2489,0.15556
[2020-10-31 11:22:55.872] [[32minfo[m] [73] 2768,0.17300
[2020-10-31 11:22:55.872] [[32minfo[m] [74] 4102,0.25638
[2020-10-31 11:22:55.872] [[32minfo[m] [75] 3444,0.21525
[2020-10-31 11:22:55.872] [[32minfo[m] [208] 3620,0.22625
[2020-10-31 11:22:55.872] [[32minfo[m] [265] 1909,0.11931
gzip: trained_0.model: No such file or directory
Num. customers: 454404
Average churn: 2.05
result:  34.24731
2
/repo/tco-customerchurn/data /repo/tco-customerchurn/submission/code/experiments/regr22
/repo/tco-customerchurn/submission/code/experiments/regr22
[2020-10-31 11:23:18.617] [[32minfo[m] Start
[2020-10-31 11:23:18.617] [[32minfo[m] Training
[2020-10-31 11:23:18.617] [[32minfo[m] JSON: read encodings from encoding-20.json
[2020-10-31 11:23:18.617] [[32minfo[m] CSV: reading history_mix_1to3.csv ...
[2020-10-31 11:23:22.117] [[32minfo[m] ...completed in 3.5 secs
[2020-10-31 11:23:22.117] [[32minfo[m] CSV: read 480592 rows with categorical features and 480592 rows with numerical ones.
[2020-10-31 11:23:22.157] [[32minfo[m] Encoding features...
[2020-10-31 11:23:31.191] [[32minfo[m] ...completed in 9.0 secs
[2020-10-31 11:23:31.616] [[32minfo[m] Regression requested
[2020-10-31 11:23:31.963] [[32minfo[m] Model restored from trained_1.model
[2020-10-31 11:23:31.964] [[32minfo[m] C 4000 T 16000 s 20.0 w -1 boost-tpf 1 nepochs 1 L MAE, C1 0.000000
[2020-10-31 11:23:31.966] [[32minfo[m] Partial fit initiated for 1 epoch(s)...
[2020-10-31 11:25:44.648] [[32minfo[m] ...completed in 132.7 secs.
[2020-10-31 11:25:45.052] [[32minfo[m] Model saved into trained_2.model
[2020-10-31 11:25:45.262] [[32minfo[m] Start
[2020-10-31 11:25:45.262] [[32minfo[m] Inference
[2020-10-31 11:25:45.262] [[32minfo[m] JSON: read encodings from encoding-20.json
[2020-10-31 11:25:45.262] [[32minfo[m] CSV: reading input.csv ...
[2020-10-31 11:25:48.673] [[32minfo[m] ...completed in 3.4 secs
[2020-10-31 11:25:48.673] [[32minfo[m] CSV: read 454404 rows with categorical features and 454404 rows with numerical ones.
[2020-10-31 11:25:48.724] [[32minfo[m] Encoding features...
[2020-10-31 11:25:57.663] [[32minfo[m] ...completed in 8.9 secs
[2020-10-31 11:25:58.035] [[32minfo[m] Regression inference
[2020-10-31 11:25:58.377] [[32minfo[m] Predicting...
[2020-10-31 11:26:04.636] [[32minfo[m] ...completed in 6.3 secs
[2020-10-31 11:26:04.638] [[32minfo[m] scores 454404
[2020-10-31 11:26:04.638] [[32minfo[m] [35] 3091,0.19319
[2020-10-31 11:26:04.638] [[32minfo[m] [36] 4444,0.27775
[2020-10-31 11:26:04.638] [[32minfo[m] [37] 2489,0.15556
[2020-10-31 11:26:04.638] [[32minfo[m] [73] 2621,0.16381
[2020-10-31 11:26:04.638] [[32minfo[m] [74] 5305,0.33156
[2020-10-31 11:26:04.638] [[32minfo[m] [75] 4167,0.26044
[2020-10-31 11:26:04.638] [[32minfo[m] [208] 3980,0.24875
[2020-10-31 11:26:04.638] [[32minfo[m] [265] 1221,0.07631
Num. customers: 454404
Average churn: 2.05
result:  34.18280
3
/repo/tco-customerchurn/data /repo/tco-customerchurn/submission/code/experiments/regr22
/repo/tco-customerchurn/submission/code/experiments/regr22
[2020-10-31 11:26:23.398] [[32minfo[m] Start
[2020-10-31 11:26:23.398] [[32minfo[m] Training
[2020-10-31 11:26:23.399] [[32minfo[m] JSON: read encodings from encoding-20.json
[2020-10-31 11:26:23.399] [[32minfo[m] CSV: reading history_mix_1to3.csv ...
[2020-10-31 11:26:26.964] [[32minfo[m] ...completed in 3.6 secs
[2020-10-31 11:26:26.964] [[32minfo[m] CSV: read 480592 rows with categorical features and 480592 rows with numerical ones.
[2020-10-31 11:26:27.003] [[32minfo[m] Encoding features...
[2020-10-31 11:26:36.179] [[32minfo[m] ...completed in 9.2 secs
[2020-10-31 11:26:36.575] [[32minfo[m] Regression requested
[2020-10-31 11:26:36.910] [[32minfo[m] Model restored from trained_2.model
[2020-10-31 11:26:36.911] [[32minfo[m] C 4000 T 16000 s 20.0 w -1 boost-tpf 1 nepochs 1 L MAE, C1 0.000000
[2020-10-31 11:26:36.914] [[32minfo[m] Partial fit initiated for 1 epoch(s)...
[2020-10-31 11:28:50.457] [[32minfo[m] ...completed in 133.5 secs.
[2020-10-31 11:28:50.800] [[32minfo[m] Model saved into trained_3.model
[2020-10-31 11:28:50.989] [[32minfo[m] Start
[2020-10-31 11:28:50.989] [[32minfo[m] Inference
[2020-10-31 11:28:50.990] [[32minfo[m] JSON: read encodings from encoding-20.json
[2020-10-31 11:28:50.990] [[32minfo[m] CSV: reading input.csv ...
[2020-10-31 11:28:54.301] [[32minfo[m] ...completed in 3.3 secs
[2020-10-31 11:28:54.301] [[32minfo[m] CSV: read 454404 rows with categorical features and 454404 rows with numerical ones.
[2020-10-31 11:28:54.346] [[32minfo[m] Encoding features...
[2020-10-31 11:29:03.061] [[32minfo[m] ...completed in 8.7 secs
[2020-10-31 11:29:03.415] [[32minfo[m] Regression inference
[2020-10-31 11:29:03.792] [[32minfo[m] Predicting...
[2020-10-31 11:29:10.050] [[32minfo[m] ...completed in 6.3 secs
[2020-10-31 11:29:10.053] [[32minfo[m] scores 454404
[2020-10-31 11:29:10.053] [[32minfo[m] [35] 2758,0.17238
[2020-10-31 11:29:10.053] [[32minfo[m] [36] 3805,0.23781
[2020-10-31 11:29:10.053] [[32minfo[m] [37] 2374,0.14838
[2020-10-31 11:29:10.053] [[32minfo[m] [73] 3580,0.22375
[2020-10-31 11:29:10.053] [[32minfo[m] [74] 4237,0.26481
[2020-10-31 11:29:10.053] [[32minfo[m] [75] 2837,0.17731
[2020-10-31 11:29:10.053] [[32minfo[m] [208] 4681,0.29256
[2020-10-31 11:29:10.053] [[32minfo[m] [265] 1685,0.10531
Num. customers: 454404
Average churn: 2.05
result:  34.10753
4
/repo/tco-customerchurn/data /repo/tco-customerchurn/submission/code/experiments/regr22
/repo/tco-customerchurn/submission/code/experiments/regr22
[2020-10-31 11:29:28.807] [[32minfo[m] Start
[2020-10-31 11:29:28.807] [[32minfo[m] Training
[2020-10-31 11:29:28.808] [[32minfo[m] JSON: read encodings from encoding-20.json
[2020-10-31 11:29:28.808] [[32minfo[m] CSV: reading history_mix_1to3.csv ...
[2020-10-31 11:29:32.320] [[32minfo[m] ...completed in 3.5 secs
[2020-10-31 11:29:32.320] [[32minfo[m] CSV: read 480592 rows with categorical features and 480592 rows with numerical ones.
[2020-10-31 11:29:32.361] [[32minfo[m] Encoding features...
[2020-10-31 11:29:41.525] [[32minfo[m] ...completed in 9.2 secs
[2020-10-31 11:29:41.946] [[32minfo[m] Regression requested
[2020-10-31 11:29:42.271] [[32minfo[m] Model restored from trained_3.model
[2020-10-31 11:29:42.272] [[32minfo[m] C 4000 T 16000 s 20.0 w -1 boost-tpf 1 nepochs 1 L MAE, C1 0.000000
[2020-10-31 11:29:42.274] [[32minfo[m] Partial fit initiated for 1 epoch(s)...
[2020-10-31 11:31:58.078] [[32minfo[m] ...completed in 135.8 secs.
[2020-10-31 11:31:58.423] [[32minfo[m] Model saved into trained_4.model
[2020-10-31 11:31:58.614] [[32minfo[m] Start
[2020-10-31 11:31:58.614] [[32minfo[m] Inference
[2020-10-31 11:31:58.615] [[32minfo[m] JSON: read encodings from encoding-20.json
[2020-10-31 11:31:58.615] [[32minfo[m] CSV: reading input.csv ...
[2020-10-31 11:32:01.751] [[32minfo[m] ...completed in 3.1 secs
[2020-10-31 11:32:01.752] [[32minfo[m] CSV: read 454404 rows with categorical features and 454404 rows with numerical ones.
[2020-10-31 11:32:01.804] [[32minfo[m] Encoding features...
[2020-10-31 11:32:10.469] [[32minfo[m] ...completed in 8.7 secs
[2020-10-31 11:32:10.849] [[32minfo[m] Regression inference
[2020-10-31 11:32:11.174] [[32minfo[m] Predicting...
[2020-10-31 11:32:17.360] [[32minfo[m] ...completed in 6.2 secs
[2020-10-31 11:32:17.363] [[32minfo[m] scores 454404
[2020-10-31 11:32:17.363] [[32minfo[m] [35] 1562,0.09763
[2020-10-31 11:32:17.363] [[32minfo[m] [36] 4276,0.26725
[2020-10-31 11:32:17.364] [[32minfo[m] [37] 2420,0.15125
[2020-10-31 11:32:17.364] [[32minfo[m] [73] 2108,0.13175
[2020-10-31 11:32:17.364] [[32minfo[m] [74] 4606,0.28787
[2020-10-31 11:32:17.364] [[32minfo[m] [75] 2216,0.13850
[2020-10-31 11:32:17.364] [[32minfo[m] [208] 4483,0.28019
[2020-10-31 11:32:17.365] [[32minfo[m] [265] 1159,0.07244
Num. customers: 454404
Average churn: 2.05
result:  34.79570
5
/repo/tco-customerchurn/data /repo/tco-customerchurn/submission/code/experiments/regr22
/repo/tco-customerchurn/submission/code/experiments/regr22
[2020-10-31 11:32:36.940] [[32minfo[m] Start
[2020-10-31 11:32:36.940] [[32minfo[m] Training
[2020-10-31 11:32:36.941] [[32minfo[m] JSON: read encodings from encoding-20.json
[2020-10-31 11:32:36.941] [[32minfo[m] CSV: reading history_mix_1to3.csv ...
[2020-10-31 11:32:40.554] [[32minfo[m] ...completed in 3.6 secs
[2020-10-31 11:32:40.554] [[32minfo[m] CSV: read 480592 rows with categorical features and 480592 rows with numerical ones.
[2020-10-31 11:32:40.600] [[32minfo[m] Encoding features...
[2020-10-31 11:32:50.004] [[32minfo[m] ...completed in 9.4 secs
[2020-10-31 11:32:50.472] [[32minfo[m] Regression requested
[2020-10-31 11:32:50.804] [[32minfo[m] Model restored from trained_4.model
[2020-10-31 11:32:50.805] [[32minfo[m] C 4000 T 16000 s 20.0 w -1 boost-tpf 1 nepochs 1 L MAE, C1 0.000000
[2020-10-31 11:32:50.806] [[32minfo[m] Partial fit initiated for 1 epoch(s)...
[2020-10-31 11:35:05.007] [[32minfo[m] ...completed in 134.2 secs.
[2020-10-31 11:35:05.357] [[32minfo[m] Model saved into trained_5.model
[2020-10-31 11:35:05.570] [[32minfo[m] Start
[2020-10-31 11:35:05.570] [[32minfo[m] Inference
[2020-10-31 11:35:05.571] [[32minfo[m] JSON: read encodings from encoding-20.json
[2020-10-31 11:35:05.571] [[32minfo[m] CSV: reading input.csv ...
[2020-10-31 11:35:08.856] [[32minfo[m] ...completed in 3.3 secs
[2020-10-31 11:35:08.856] [[32minfo[m] CSV: read 454404 rows with categorical features and 454404 rows with numerical ones.
[2020-10-31 11:35:08.904] [[32minfo[m] Encoding features...
[2020-10-31 11:35:17.405] [[32minfo[m] ...completed in 8.5 secs
[2020-10-31 11:35:17.779] [[32minfo[m] Regression inference
[2020-10-31 11:35:18.143] [[32minfo[m] Predicting...
[2020-10-31 11:35:24.366] [[32minfo[m] ...completed in 6.2 secs
[2020-10-31 11:35:24.369] [[32minfo[m] scores 454404
[2020-10-31 11:35:24.369] [[32minfo[m] [35] 2290,0.14313
[2020-10-31 11:35:24.369] [[32minfo[m] [36] 2998,0.18738
[2020-10-31 11:35:24.369] [[32minfo[m] [37] 1973,0.12331
[2020-10-31 11:35:24.369] [[32minfo[m] [73] 2703,0.16894
[2020-10-31 11:35:24.369] [[32minfo[m] [74] 4163,0.26019
[2020-10-31 11:35:24.369] [[32minfo[m] [75] 2160,0.13500
[2020-10-31 11:35:24.369] [[32minfo[m] [208] 3773,0.23581
[2020-10-31 11:35:24.369] [[32minfo[m] [265] 1317,0.08231
Num. customers: 454404
Average churn: 2.05
result:  33.92473
6
/repo/tco-customerchurn/data /repo/tco-customerchurn/submission/code/experiments/regr22
/repo/tco-customerchurn/submission/code/experiments/regr22
[2020-10-31 11:35:43.573] [[32minfo[m] Start
[2020-10-31 11:35:43.573] [[32minfo[m] Training
[2020-10-31 11:35:43.573] [[32minfo[m] JSON: read encodings from encoding-20.json
[2020-10-31 11:35:43.573] [[32minfo[m] CSV: reading history_mix_1to3.csv ...
[2020-10-31 11:35:47.198] [[32minfo[m] ...completed in 3.6 secs
[2020-10-31 11:35:47.199] [[32minfo[m] CSV: read 480592 rows with categorical features and 480592 rows with numerical ones.
[2020-10-31 11:35:47.238] [[32minfo[m] Encoding features...
[2020-10-31 11:35:56.232] [[32minfo[m] ...completed in 9.0 secs
[2020-10-31 11:35:56.648] [[32minfo[m] Regression requested
[2020-10-31 11:35:56.975] [[32minfo[m] Model restored from trained_5.model
[2020-10-31 11:35:56.975] [[32minfo[m] C 4000 T 16000 s 20.0 w -1 boost-tpf 1 nepochs 1 L MAE, C1 0.000000
[2020-10-31 11:35:56.979] [[32minfo[m] Partial fit initiated for 1 epoch(s)...
[2020-10-31 11:38:08.491] [[32minfo[m] ...completed in 131.5 secs.
[2020-10-31 11:38:08.834] [[32minfo[m] Model saved into trained_6.model
[2020-10-31 11:38:09.052] [[32minfo[m] Start
[2020-10-31 11:38:09.052] [[32minfo[m] Inference
[2020-10-31 11:38:09.053] [[32minfo[m] JSON: read encodings from encoding-20.json
[2020-10-31 11:38:09.053] [[32minfo[m] CSV: reading input.csv ...
[2020-10-31 11:38:12.172] [[32minfo[m] ...completed in 3.1 secs
[2020-10-31 11:38:12.172] [[32minfo[m] CSV: read 454404 rows with categorical features and 454404 rows with numerical ones.
[2020-10-31 11:38:12.224] [[32minfo[m] Encoding features...
[2020-10-31 11:38:20.914] [[32minfo[m] ...completed in 8.7 secs
[2020-10-31 11:38:21.312] [[32minfo[m] Regression inference
[2020-10-31 11:38:21.637] [[32minfo[m] Predicting...
[2020-10-31 11:38:27.791] [[32minfo[m] ...completed in 6.2 secs
[2020-10-31 11:38:27.793] [[32minfo[m] scores 454404
[2020-10-31 11:38:27.793] [[32minfo[m] [35] 1552,0.09700
[2020-10-31 11:38:27.793] [[32minfo[m] [36] 3271,0.20444
[2020-10-31 11:38:27.793] [[32minfo[m] [37] 1877,0.11731
[2020-10-31 11:38:27.793] [[32minfo[m] [73] 2656,0.16600
[2020-10-31 11:38:27.793] [[32minfo[m] [74] 4036,0.25225
[2020-10-31 11:38:27.793] [[32minfo[m] [75] 2740,0.17125
[2020-10-31 11:38:27.793] [[32minfo[m] [208] 3064,0.19150
[2020-10-31 11:38:27.793] [[32minfo[m] [265] 1291,0.08069
Num. customers: 454404
Average churn: 2.05
result:  34.66667
7
/repo/tco-customerchurn/data /repo/tco-customerchurn/submission/code/experiments/regr22
/repo/tco-customerchurn/submission/code/experiments/regr22
[2020-10-31 11:38:47.746] [[32minfo[m] Start
[2020-10-31 11:38:47.747] [[32minfo[m] Training
[2020-10-31 11:38:47.748] [[32minfo[m] JSON: read encodings from encoding-20.json
[2020-10-31 11:38:47.748] [[32minfo[m] CSV: reading history_mix_1to3.csv ...
[2020-10-31 11:38:51.587] [[32minfo[m] ...completed in 3.8 secs
[2020-10-31 11:38:51.587] [[32minfo[m] CSV: read 480592 rows with categorical features and 480592 rows with numerical ones.
[2020-10-31 11:38:51.627] [[32minfo[m] Encoding features...
[2020-10-31 11:39:01.151] [[32minfo[m] ...completed in 9.5 secs
[2020-10-31 11:39:01.584] [[32minfo[m] Regression requested
[2020-10-31 11:39:01.931] [[32minfo[m] Model restored from trained_6.model
[2020-10-31 11:39:01.932] [[32minfo[m] C 4000 T 16000 s 20.0 w -1 boost-tpf 1 nepochs 1 L MAE, C1 0.000000
[2020-10-31 11:39:01.934] [[32minfo[m] Partial fit initiated for 1 epoch(s)...
[2020-10-31 11:41:15.614] [[32minfo[m] ...completed in 133.7 secs.
[2020-10-31 11:41:15.979] [[32minfo[m] Model saved into trained_7.model
[2020-10-31 11:41:16.176] [[32minfo[m] Start
[2020-10-31 11:41:16.177] [[32minfo[m] Inference
[2020-10-31 11:41:16.178] [[32minfo[m] JSON: read encodings from encoding-20.json
[2020-10-31 11:41:16.178] [[32minfo[m] CSV: reading input.csv ...
[2020-10-31 11:41:19.545] [[32minfo[m] ...completed in 3.4 secs
[2020-10-31 11:41:19.545] [[32minfo[m] CSV: read 454404 rows with categorical features and 454404 rows with numerical ones.
[2020-10-31 11:41:19.592] [[32minfo[m] Encoding features...
[2020-10-31 11:41:28.446] [[32minfo[m] ...completed in 8.9 secs
[2020-10-31 11:41:28.826] [[32minfo[m] Regression inference
[2020-10-31 11:41:29.160] [[32minfo[m] Predicting...
[2020-10-31 11:41:35.494] [[32minfo[m] ...completed in 6.3 secs
[2020-10-31 11:41:35.498] [[32minfo[m] scores 454404
[2020-10-31 11:41:35.498] [[32minfo[m] [35] 1951,0.12194
[2020-10-31 11:41:35.498] [[32minfo[m] [36] 3740,0.23375
[2020-10-31 11:41:35.498] [[32minfo[m] [37] 2636,0.16475
[2020-10-31 11:41:35.498] [[32minfo[m] [73] 3193,0.19956
[2020-10-31 11:41:35.498] [[32minfo[m] [74] 3171,0.19819
[2020-10-31 11:41:35.498] [[32minfo[m] [75] 3578,0.22362
[2020-10-31 11:41:35.498] [[32minfo[m] [208] 4036,0.25225
[2020-10-31 11:41:35.498] [[32minfo[m] [265] 1592,0.09950
Num. customers: 454404
Average churn: 2.05
result:  34.55914
8
/repo/tco-customerchurn/data /repo/tco-customerchurn/submission/code/experiments/regr22
/repo/tco-customerchurn/submission/code/experiments/regr22
[2020-10-31 11:41:55.812] [[32minfo[m] Start
[2020-10-31 11:41:55.812] [[32minfo[m] Training
[2020-10-31 11:41:55.813] [[32minfo[m] JSON: read encodings from encoding-20.json
[2020-10-31 11:41:55.813] [[32minfo[m] CSV: reading history_mix_1to3.csv ...
[2020-10-31 11:41:59.336] [[32minfo[m] ...completed in 3.5 secs
[2020-10-31 11:41:59.336] [[32minfo[m] CSV: read 480592 rows with categorical features and 480592 rows with numerical ones.
[2020-10-31 11:41:59.374] [[32minfo[m] Encoding features...
[2020-10-31 11:42:08.591] [[32minfo[m] ...completed in 9.2 secs
[2020-10-31 11:42:08.993] [[32minfo[m] Regression requested
[2020-10-31 11:42:09.328] [[32minfo[m] Model restored from trained_7.model
[2020-10-31 11:42:09.329] [[32minfo[m] C 4000 T 16000 s 20.0 w -1 boost-tpf 1 nepochs 1 L MAE, C1 0.000000
[2020-10-31 11:42:09.331] [[32minfo[m] Partial fit initiated for 1 epoch(s)...
[2020-10-31 11:44:23.990] [[32minfo[m] ...completed in 134.7 secs.
[2020-10-31 11:44:24.334] [[32minfo[m] Model saved into trained_8.model
[2020-10-31 11:44:24.539] [[32minfo[m] Start
[2020-10-31 11:44:24.539] [[32minfo[m] Inference
[2020-10-31 11:44:24.540] [[32minfo[m] JSON: read encodings from encoding-20.json
[2020-10-31 11:44:24.540] [[32minfo[m] CSV: reading input.csv ...
[2020-10-31 11:44:27.988] [[32minfo[m] ...completed in 3.4 secs
[2020-10-31 11:44:27.988] [[32minfo[m] CSV: read 454404 rows with categorical features and 454404 rows with numerical ones.
[2020-10-31 11:44:28.042] [[32minfo[m] Encoding features...
[2020-10-31 11:44:36.855] [[32minfo[m] ...completed in 8.8 secs
[2020-10-31 11:44:37.253] [[32minfo[m] Regression inference
[2020-10-31 11:44:37.608] [[32minfo[m] Predicting...
[2020-10-31 11:44:43.813] [[32minfo[m] ...completed in 6.2 secs
[2020-10-31 11:44:43.816] [[32minfo[m] scores 454404
[2020-10-31 11:44:43.816] [[32minfo[m] [35] 2095,0.13094
[2020-10-31 11:44:43.816] [[32minfo[m] [36] 5670,0.35437
[2020-10-31 11:44:43.816] [[32minfo[m] [37] 2743,0.17144
[2020-10-31 11:44:43.816] [[32minfo[m] [73] 3115,0.19469
[2020-10-31 11:44:43.816] [[32minfo[m] [74] 5015,0.31344
[2020-10-31 11:44:43.816] [[32minfo[m] [75] 3522,0.22012
[2020-10-31 11:44:43.816] [[32minfo[m] [208] 4810,0.30062
[2020-10-31 11:44:43.816] [[32minfo[m] [265] 1655,0.10344
Num. customers: 454404
Average churn: 2.05
result:  34.58065
9
/repo/tco-customerchurn/data /repo/tco-customerchurn/submission/code/experiments/regr22
/repo/tco-customerchurn/submission/code/experiments/regr22
[2020-10-31 11:45:01.700] [[32minfo[m] Start
[2020-10-31 11:45:01.700] [[32minfo[m] Training
[2020-10-31 11:45:01.701] [[32minfo[m] JSON: read encodings from encoding-20.json
[2020-10-31 11:45:01.701] [[32minfo[m] CSV: reading history_mix_1to3.csv ...
[2020-10-31 11:45:05.146] [[32minfo[m] ...completed in 3.4 secs
[2020-10-31 11:45:05.146] [[32minfo[m] CSV: read 480592 rows with categorical features and 480592 rows with numerical ones.
[2020-10-31 11:45:05.198] [[32minfo[m] Encoding features...
[2020-10-31 11:45:14.493] [[32minfo[m] ...completed in 9.3 secs
[2020-10-31 11:45:14.907] [[32minfo[m] Regression requested
[2020-10-31 11:45:15.283] [[32minfo[m] Model restored from trained_8.model
[2020-10-31 11:45:15.285] [[32minfo[m] C 4000 T 16000 s 20.0 w -1 boost-tpf 1 nepochs 1 L MAE, C1 0.000000
[2020-10-31 11:45:15.287] [[32minfo[m] Partial fit initiated for 1 epoch(s)...
[2020-10-31 11:47:28.601] [[32minfo[m] ...completed in 133.3 secs.
[2020-10-31 11:47:28.955] [[32minfo[m] Model saved into trained_9.model
[2020-10-31 11:47:29.140] [[32minfo[m] Start
[2020-10-31 11:47:29.141] [[32minfo[m] Inference
[2020-10-31 11:47:29.141] [[32minfo[m] JSON: read encodings from encoding-20.json
[2020-10-31 11:47:29.141] [[32minfo[m] CSV: reading input.csv ...
[2020-10-31 11:47:32.422] [[32minfo[m] ...completed in 3.3 secs
[2020-10-31 11:47:32.422] [[32minfo[m] CSV: read 454404 rows with categorical features and 454404 rows with numerical ones.
[2020-10-31 11:47:32.474] [[32minfo[m] Encoding features...
[2020-10-31 11:47:41.408] [[32minfo[m] ...completed in 8.9 secs
[2020-10-31 11:47:41.784] [[32minfo[m] Regression inference
[2020-10-31 11:47:42.143] [[32minfo[m] Predicting...
[2020-10-31 11:47:48.425] [[32minfo[m] ...completed in 6.3 secs
[2020-10-31 11:47:48.428] [[32minfo[m] scores 454404
[2020-10-31 11:47:48.428] [[32minfo[m] [35] 1110,0.06938
[2020-10-31 11:47:48.428] [[32minfo[m] [36] 3660,0.22875
[2020-10-31 11:47:48.428] [[32minfo[m] [37] 1150,0.07187
[2020-10-31 11:47:48.428] [[32minfo[m] [73] 2515,0.15719
[2020-10-31 11:47:48.428] [[32minfo[m] [74] 6116,0.38225
[2020-10-31 11:47:48.428] [[32minfo[m] [75] 3094,0.19337
[2020-10-31 11:47:48.428] [[32minfo[m] [208] 4675,0.29219
[2020-10-31 11:47:48.428] [[32minfo[m] [265] 1034,0.06463
Num. customers: 454404
Average churn: 2.05
result:  33.88172
10
/repo/tco-customerchurn/data /repo/tco-customerchurn/submission/code/experiments/regr22
/repo/tco-customerchurn/submission/code/experiments/regr22
[2020-10-31 11:48:07.200] [[32minfo[m] Start
[2020-10-31 11:48:07.200] [[32minfo[m] Training
[2020-10-31 11:48:07.201] [[32minfo[m] JSON: read encodings from encoding-20.json
[2020-10-31 11:48:07.201] [[32minfo[m] CSV: reading history_mix_1to3.csv ...
[2020-10-31 11:48:10.769] [[32minfo[m] ...completed in 3.6 secs
[2020-10-31 11:48:10.769] [[32minfo[m] CSV: read 480592 rows with categorical features and 480592 rows with numerical ones.
[2020-10-31 11:48:10.811] [[32minfo[m] Encoding features...
[2020-10-31 11:48:19.965] [[32minfo[m] ...completed in 9.2 secs
[2020-10-31 11:48:20.402] [[32minfo[m] Regression requested
[2020-10-31 11:48:20.751] [[32minfo[m] Model restored from trained_9.model
[2020-10-31 11:48:20.752] [[32minfo[m] C 4000 T 16000 s 20.0 w -1 boost-tpf 1 nepochs 1 L MAE, C1 0.000000
[2020-10-31 11:48:20.754] [[32minfo[m] Partial fit initiated for 1 epoch(s)...
[2020-10-31 11:50:35.340] [[32minfo[m] ...completed in 134.6 secs.
[2020-10-31 11:50:35.683] [[32minfo[m] Model saved into trained_10.model
[2020-10-31 11:50:35.880] [[32minfo[m] Start
[2020-10-31 11:50:35.880] [[32minfo[m] Inference
[2020-10-31 11:50:35.880] [[32minfo[m] JSON: read encodings from encoding-20.json
[2020-10-31 11:50:35.880] [[32minfo[m] CSV: reading input.csv ...
[2020-10-31 11:50:39.031] [[32minfo[m] ...completed in 3.2 secs
[2020-10-31 11:50:39.031] [[32minfo[m] CSV: read 454404 rows with categorical features and 454404 rows with numerical ones.
[2020-10-31 11:50:39.087] [[32minfo[m] Encoding features...
[2020-10-31 11:50:47.942] [[32minfo[m] ...completed in 8.9 secs
[2020-10-31 11:50:48.312] [[32minfo[m] Regression inference
[2020-10-31 11:50:48.637] [[32minfo[m] Predicting...
[2020-10-31 11:50:54.842] [[32minfo[m] ...completed in 6.2 secs
[2020-10-31 11:50:54.845] [[32minfo[m] scores 454404
[2020-10-31 11:50:54.845] [[32minfo[m] [35] 2434,0.15213
[2020-10-31 11:50:54.845] [[32minfo[m] [36] 3636,0.22725
[2020-10-31 11:50:54.845] [[32minfo[m] [37] 2587,0.16169
[2020-10-31 11:50:54.845] [[32minfo[m] [73] 2440,0.15250
[2020-10-31 11:50:54.845] [[32minfo[m] [74] 4486,0.28037
[2020-10-31 11:50:54.845] [[32minfo[m] [75] 2993,0.18706
[2020-10-31 11:50:54.845] [[32minfo[m] [208] 3511,0.21944
[2020-10-31 11:50:54.845] [[32minfo[m] [265] 797,0.04981
Num. customers: 454404
Average churn: 2.05
result:  33.89247
11
/repo/tco-customerchurn/data /repo/tco-customerchurn/submission/code/experiments/regr22
/repo/tco-customerchurn/submission/code/experiments/regr22
[2020-10-31 11:51:13.678] [[32minfo[m] Start
[2020-10-31 11:51:13.679] [[32minfo[m] Training
[2020-10-31 11:51:13.680] [[32minfo[m] JSON: read encodings from encoding-20.json
[2020-10-31 11:51:13.680] [[32minfo[m] CSV: reading history_mix_1to3.csv ...
[2020-10-31 11:51:17.125] [[32minfo[m] ...completed in 3.4 secs
[2020-10-31 11:51:17.125] [[32minfo[m] CSV: read 480592 rows with categorical features and 480592 rows with numerical ones.
[2020-10-31 11:51:17.167] [[32minfo[m] Encoding features...
[2020-10-31 11:51:26.064] [[32minfo[m] ...completed in 8.9 secs
[2020-10-31 11:51:26.483] [[32minfo[m] Regression requested
[2020-10-31 11:51:26.818] [[32minfo[m] Model restored from trained_10.model
[2020-10-31 11:51:26.819] [[32minfo[m] C 4000 T 16000 s 20.0 w -1 boost-tpf 1 nepochs 1 L MAE, C1 0.000000
[2020-10-31 11:51:26.822] [[32minfo[m] Partial fit initiated for 1 epoch(s)...
[2020-10-31 11:53:41.189] [[32minfo[m] ...completed in 134.4 secs.
[2020-10-31 11:53:41.531] [[32minfo[m] Model saved into trained_11.model
[2020-10-31 11:53:41.715] [[32minfo[m] Start
[2020-10-31 11:53:41.716] [[32minfo[m] Inference
[2020-10-31 11:53:41.716] [[32minfo[m] JSON: read encodings from encoding-20.json
[2020-10-31 11:53:41.716] [[32minfo[m] CSV: reading input.csv ...
[2020-10-31 11:53:45.057] [[32minfo[m] ...completed in 3.3 secs
[2020-10-31 11:53:45.057] [[32minfo[m] CSV: read 454404 rows with categorical features and 454404 rows with numerical ones.
[2020-10-31 11:53:45.102] [[32minfo[m] Encoding features...
[2020-10-31 11:53:53.875] [[32minfo[m] ...completed in 8.8 secs
[2020-10-31 11:53:54.233] [[32minfo[m] Regression inference
[2020-10-31 11:53:54.566] [[32minfo[m] Predicting...
[2020-10-31 11:54:00.788] [[32minfo[m] ...completed in 6.2 secs
[2020-10-31 11:54:00.791] [[32minfo[m] scores 454404
[2020-10-31 11:54:00.791] [[32minfo[m] [35] 1490,0.09312
[2020-10-31 11:54:00.791] [[32minfo[m] [36] 4443,0.27769
[2020-10-31 11:54:00.791] [[32minfo[m] [37] 2571,0.16069
[2020-10-31 11:54:00.791] [[32minfo[m] [73] 1997,0.12481
[2020-10-31 11:54:00.791] [[32minfo[m] [74] 3486,0.21788
[2020-10-31 11:54:00.791] [[32minfo[m] [75] 3016,0.18850
[2020-10-31 11:54:00.791] [[32minfo[m] [208] 4327,0.27044
[2020-10-31 11:54:00.791] [[32minfo[m] [265] 1255,0.07844
Num. customers: 454404
Average churn: 2.05
result:  33.98925
12
/repo/tco-customerchurn/data /repo/tco-customerchurn/submission/code/experiments/regr22
/repo/tco-customerchurn/submission/code/experiments/regr22
[2020-10-31 11:54:18.880] [[32minfo[m] Start
[2020-10-31 11:54:18.880] [[32minfo[m] Training
[2020-10-31 11:54:18.881] [[32minfo[m] JSON: read encodings from encoding-20.json
[2020-10-31 11:54:18.881] [[32minfo[m] CSV: reading history_mix_1to3.csv ...
[2020-10-31 11:54:22.115] [[32minfo[m] ...completed in 3.2 secs
[2020-10-31 11:54:22.116] [[32minfo[m] CSV: read 480592 rows with categorical features and 480592 rows with numerical ones.
[2020-10-31 11:54:22.157] [[32minfo[m] Encoding features...
[2020-10-31 11:54:31.620] [[32minfo[m] ...completed in 9.5 secs
[2020-10-31 11:54:32.052] [[32minfo[m] Regression requested
[2020-10-31 11:54:32.392] [[32minfo[m] Model restored from trained_11.model
[2020-10-31 11:54:32.393] [[32minfo[m] C 4000 T 16000 s 20.0 w -1 boost-tpf 1 nepochs 1 L MAE, C1 0.000000
[2020-10-31 11:54:32.395] [[32minfo[m] Partial fit initiated for 1 epoch(s)...
[2020-10-31 11:56:45.052] [[32minfo[m] ...completed in 132.7 secs.
[2020-10-31 11:56:45.400] [[32minfo[m] Model saved into trained_12.model
[2020-10-31 11:56:45.597] [[32minfo[m] Start
[2020-10-31 11:56:45.597] [[32minfo[m] Inference
[2020-10-31 11:56:45.598] [[32minfo[m] JSON: read encodings from encoding-20.json
[2020-10-31 11:56:45.598] [[32minfo[m] CSV: reading input.csv ...
[2020-10-31 11:56:48.785] [[32minfo[m] ...completed in 3.2 secs
[2020-10-31 11:56:48.785] [[32minfo[m] CSV: read 454404 rows with categorical features and 454404 rows with numerical ones.
[2020-10-31 11:56:48.831] [[32minfo[m] Encoding features...
[2020-10-31 11:56:57.422] [[32minfo[m] ...completed in 8.6 secs
[2020-10-31 11:56:57.814] [[32minfo[m] Regression inference
[2020-10-31 11:56:58.174] [[32minfo[m] Predicting...
[2020-10-31 11:57:04.439] [[32minfo[m] ...completed in 6.3 secs
[2020-10-31 11:57:04.441] [[32minfo[m] scores 454404
[2020-10-31 11:57:04.441] [[32minfo[m] [35] 2207,0.13794
[2020-10-31 11:57:04.441] [[32minfo[m] [36] 5663,0.35394
[2020-10-31 11:57:04.441] [[32minfo[m] [37] 2203,0.13769
[2020-10-31 11:57:04.441] [[32minfo[m] [73] 2907,0.18169
[2020-10-31 11:57:04.441] [[32minfo[m] [74] 4732,0.29575
[2020-10-31 11:57:04.441] [[32minfo[m] [75] 2740,0.17125
[2020-10-31 11:57:04.441] [[32minfo[m] [208] 3042,0.19012
[2020-10-31 11:57:04.441] [[32minfo[m] [265] 1674,0.10462
Num. customers: 454404
Average churn: 2.05
result:  34.47312
13
/repo/tco-customerchurn/data /repo/tco-customerchurn/submission/code/experiments/regr22
/repo/tco-customerchurn/submission/code/experiments/regr22
[2020-10-31 11:57:22.431] [[32minfo[m] Start
[2020-10-31 11:57:22.431] [[32minfo[m] Training
[2020-10-31 11:57:22.431] [[32minfo[m] JSON: read encodings from encoding-20.json
[2020-10-31 11:57:22.431] [[32minfo[m] CSV: reading history_mix_1to3.csv ...
[2020-10-31 11:57:26.148] [[32minfo[m] ...completed in 3.7 secs
[2020-10-31 11:57:26.148] [[32minfo[m] CSV: read 480592 rows with categorical features and 480592 rows with numerical ones.
[2020-10-31 11:57:26.186] [[32minfo[m] Encoding features...
[2020-10-31 11:57:35.586] [[32minfo[m] ...completed in 9.4 secs
[2020-10-31 11:57:36.018] [[32minfo[m] Regression requested
[2020-10-31 11:57:36.382] [[32minfo[m] Model restored from trained_12.model
[2020-10-31 11:57:36.383] [[32minfo[m] C 4000 T 16000 s 20.0 w -1 boost-tpf 1 nepochs 1 L MAE, C1 0.000000
[2020-10-31 11:57:36.388] [[32minfo[m] Partial fit initiated for 1 epoch(s)...
[2020-10-31 11:59:50.677] [[32minfo[m] ...completed in 134.3 secs.
[2020-10-31 11:59:51.078] [[32minfo[m] Model saved into trained_13.model
[2020-10-31 11:59:51.280] [[32minfo[m] Start
[2020-10-31 11:59:51.280] [[32minfo[m] Inference
[2020-10-31 11:59:51.280] [[32minfo[m] JSON: read encodings from encoding-20.json
[2020-10-31 11:59:51.280] [[32minfo[m] CSV: reading input.csv ...
[2020-10-31 11:59:54.757] [[32minfo[m] ...completed in 3.5 secs
[2020-10-31 11:59:54.757] [[32minfo[m] CSV: read 454404 rows with categorical features and 454404 rows with numerical ones.
[2020-10-31 11:59:54.803] [[32minfo[m] Encoding features...
[2020-10-31 12:00:03.704] [[32minfo[m] ...completed in 8.9 secs
[2020-10-31 12:00:04.071] [[32minfo[m] Regression inference
[2020-10-31 12:00:04.389] [[32minfo[m] Predicting...
[2020-10-31 12:00:11.401] [[32minfo[m] ...completed in 7.0 secs
[2020-10-31 12:00:11.404] [[32minfo[m] scores 454404
[2020-10-31 12:00:11.404] [[32minfo[m] [35] 1843,0.11519
[2020-10-31 12:00:11.404] [[32minfo[m] [36] 3264,0.20400
[2020-10-31 12:00:11.404] [[32minfo[m] [37] 1971,0.12319
[2020-10-31 12:00:11.404] [[32minfo[m] [73] 2536,0.15850
[2020-10-31 12:00:11.404] [[32minfo[m] [74] 3917,0.24481
[2020-10-31 12:00:11.404] [[32minfo[m] [75] 3142,0.19637
[2020-10-31 12:00:11.404] [[32minfo[m] [208] 3998,0.24988
[2020-10-31 12:00:11.404] [[32minfo[m] [265] 1287,0.08044
Num. customers: 454404
Average churn: 2.05
result:  34.06452
14
/repo/tco-customerchurn/data /repo/tco-customerchurn/submission/code/experiments/regr22
/repo/tco-customerchurn/submission/code/experiments/regr22
[2020-10-31 12:00:31.608] [[32minfo[m] Start
[2020-10-31 12:00:31.608] [[32minfo[m] Training
[2020-10-31 12:00:31.610] [[32minfo[m] JSON: read encodings from encoding-20.json
[2020-10-31 12:00:31.610] [[32minfo[m] CSV: reading history_mix_1to3.csv ...
[2020-10-31 12:00:34.911] [[32minfo[m] ...completed in 3.3 secs
[2020-10-31 12:00:34.911] [[32minfo[m] CSV: read 480592 rows with categorical features and 480592 rows with numerical ones.
[2020-10-31 12:00:34.953] [[32minfo[m] Encoding features...
[2020-10-31 12:00:43.830] [[32minfo[m] ...completed in 8.9 secs
[2020-10-31 12:00:44.245] [[32minfo[m] Regression requested
[2020-10-31 12:00:44.565] [[32minfo[m] Model restored from trained_13.model
[2020-10-31 12:00:44.566] [[32minfo[m] C 4000 T 16000 s 20.0 w -1 boost-tpf 1 nepochs 1 L MAE, C1 0.000000
[2020-10-31 12:00:44.568] [[32minfo[m] Partial fit initiated for 1 epoch(s)...
[2020-10-31 12:03:07.141] [[32minfo[m] ...completed in 142.6 secs.
[2020-10-31 12:03:07.500] [[32minfo[m] Model saved into trained_14.model
[2020-10-31 12:03:07.679] [[32minfo[m] Start
[2020-10-31 12:03:07.679] [[32minfo[m] Inference
[2020-10-31 12:03:07.679] [[32minfo[m] JSON: read encodings from encoding-20.json
[2020-10-31 12:03:07.679] [[32minfo[m] CSV: reading input.csv ...
[2020-10-31 12:03:11.006] [[32minfo[m] ...completed in 3.3 secs
[2020-10-31 12:03:11.007] [[32minfo[m] CSV: read 454404 rows with categorical features and 454404 rows with numerical ones.
[2020-10-31 12:03:11.053] [[32minfo[m] Encoding features...
[2020-10-31 12:03:19.768] [[32minfo[m] ...completed in 8.7 secs
[2020-10-31 12:03:20.155] [[32minfo[m] Regression inference
[2020-10-31 12:03:20.521] [[32minfo[m] Predicting...
[2020-10-31 12:03:27.232] [[32minfo[m] ...completed in 6.7 secs
[2020-10-31 12:03:27.236] [[32minfo[m] scores 454404
[2020-10-31 12:03:27.236] [[32minfo[m] [35] 2777,0.17356
[2020-10-31 12:03:27.236] [[32minfo[m] [36] 4082,0.25512
[2020-10-31 12:03:27.236] [[32minfo[m] [37] 2573,0.16081
[2020-10-31 12:03:27.236] [[32minfo[m] [73] 2197,0.13731
[2020-10-31 12:03:27.236] [[32minfo[m] [74] 4831,0.30194
[2020-10-31 12:03:27.236] [[32minfo[m] [75] 2624,0.16400
[2020-10-31 12:03:27.236] [[32minfo[m] [208] 3608,0.22550
[2020-10-31 12:03:27.236] [[32minfo[m] [265] 1620,0.10125
Num. customers: 454404
Average churn: 2.05
result:  33.86022
15
/repo/tco-customerchurn/data /repo/tco-customerchurn/submission/code/experiments/regr22
/repo/tco-customerchurn/submission/code/experiments/regr22
[2020-10-31 12:03:46.839] [[32minfo[m] Start
[2020-10-31 12:03:46.839] [[32minfo[m] Training
[2020-10-31 12:03:46.840] [[32minfo[m] JSON: read encodings from encoding-20.json
[2020-10-31 12:03:46.840] [[32minfo[m] CSV: reading history_mix_1to3.csv ...
[2020-10-31 12:03:50.189] [[32minfo[m] ...completed in 3.3 secs
[2020-10-31 12:03:50.189] [[32minfo[m] CSV: read 480592 rows with categorical features and 480592 rows with numerical ones.
[2020-10-31 12:03:50.228] [[32minfo[m] Encoding features...
[2020-10-31 12:03:59.274] [[32minfo[m] ...completed in 9.0 secs
[2020-10-31 12:03:59.687] [[32minfo[m] Regression requested
[2020-10-31 12:04:00.016] [[32minfo[m] Model restored from trained_14.model
[2020-10-31 12:04:00.017] [[32minfo[m] C 4000 T 16000 s 20.0 w -1 boost-tpf 1 nepochs 1 L MAE, C1 0.000000
[2020-10-31 12:04:00.019] [[32minfo[m] Partial fit initiated for 1 epoch(s)...
[2020-10-31 12:06:23.109] [[32minfo[m] ...completed in 143.1 secs.
[2020-10-31 12:06:23.538] [[32minfo[m] Model saved into trained_15.model
[2020-10-31 12:06:23.757] [[32minfo[m] Start
[2020-10-31 12:06:23.757] [[32minfo[m] Inference
[2020-10-31 12:06:23.757] [[32minfo[m] JSON: read encodings from encoding-20.json
[2020-10-31 12:06:23.757] [[32minfo[m] CSV: reading input.csv ...
[2020-10-31 12:06:27.271] [[32minfo[m] ...completed in 3.5 secs
[2020-10-31 12:06:27.271] [[32minfo[m] CSV: read 454404 rows with categorical features and 454404 rows with numerical ones.
[2020-10-31 12:06:27.319] [[32minfo[m] Encoding features...
[2020-10-31 12:06:36.753] [[32minfo[m] ...completed in 9.4 secs
[2020-10-31 12:06:37.182] [[32minfo[m] Regression inference
[2020-10-31 12:06:37.509] [[32minfo[m] Predicting...
[2020-10-31 12:06:43.973] [[32minfo[m] ...completed in 6.5 secs
[2020-10-31 12:06:43.977] [[32minfo[m] scores 454404
[2020-10-31 12:06:43.977] [[32minfo[m] [35] 2642,0.16512
[2020-10-31 12:06:43.977] [[32minfo[m] [36] 4646,0.29037
[2020-10-31 12:06:43.977] [[32minfo[m] [37] 3056,0.19100
[2020-10-31 12:06:43.977] [[32minfo[m] [73] 2203,0.13769
[2020-10-31 12:06:43.977] [[32minfo[m] [74] 6593,0.41206
[2020-10-31 12:06:43.977] [[32minfo[m] [75] 3856,0.24100
[2020-10-31 12:06:43.977] [[32minfo[m] [208] 3337,0.20856
[2020-10-31 12:06:43.977] [[32minfo[m] [265] 1677,0.10481
Num. customers: 454404
Average churn: 2.05
result:  33.83871
16
/repo/tco-customerchurn/data /repo/tco-customerchurn/submission/code/experiments/regr22
/repo/tco-customerchurn/submission/code/experiments/regr22
[2020-10-31 12:07:03.767] [[32minfo[m] Start
[2020-10-31 12:07:03.767] [[32minfo[m] Training
[2020-10-31 12:07:03.768] [[32minfo[m] JSON: read encodings from encoding-20.json
[2020-10-31 12:07:03.768] [[32minfo[m] CSV: reading history_mix_1to3.csv ...
[2020-10-31 12:07:07.201] [[32minfo[m] ...completed in 3.4 secs
[2020-10-31 12:07:07.201] [[32minfo[m] CSV: read 480592 rows with categorical features and 480592 rows with numerical ones.
[2020-10-31 12:07:07.241] [[32minfo[m] Encoding features...
[2020-10-31 12:07:16.584] [[32minfo[m] ...completed in 9.3 secs
[2020-10-31 12:07:16.987] [[32minfo[m] Regression requested
[2020-10-31 12:07:17.320] [[32minfo[m] Model restored from trained_15.model
[2020-10-31 12:07:17.322] [[32minfo[m] C 4000 T 16000 s 20.0 w -1 boost-tpf 1 nepochs 1 L MAE, C1 0.000000
[2020-10-31 12:07:17.324] [[32minfo[m] Partial fit initiated for 1 epoch(s)...
[2020-10-31 12:09:31.091] [[32minfo[m] ...completed in 133.8 secs.
[2020-10-31 12:09:31.472] [[32minfo[m] Model saved into trained_16.model
[2020-10-31 12:09:31.666] [[32minfo[m] Start
[2020-10-31 12:09:31.666] [[32minfo[m] Inference
[2020-10-31 12:09:31.667] [[32minfo[m] JSON: read encodings from encoding-20.json
[2020-10-31 12:09:31.667] [[32minfo[m] CSV: reading input.csv ...
[2020-10-31 12:09:34.942] [[32minfo[m] ...completed in 3.3 secs
[2020-10-31 12:09:34.942] [[32minfo[m] CSV: read 454404 rows with categorical features and 454404 rows with numerical ones.
[2020-10-31 12:09:34.995] [[32minfo[m] Encoding features...
[2020-10-31 12:09:43.818] [[32minfo[m] ...completed in 8.8 secs
[2020-10-31 12:09:44.172] [[32minfo[m] Regression inference
[2020-10-31 12:09:44.486] [[32minfo[m] Predicting...
[2020-10-31 12:09:50.768] [[32minfo[m] ...completed in 6.3 secs
[2020-10-31 12:09:50.771] [[32minfo[m] scores 454404
[2020-10-31 12:09:50.771] [[32minfo[m] [35] 2760,0.17250
[2020-10-31 12:09:50.771] [[32minfo[m] [36] 4151,0.25944
[2020-10-31 12:09:50.771] [[32minfo[m] [37] 2543,0.15894
[2020-10-31 12:09:50.771] [[32minfo[m] [73] 2925,0.18281
[2020-10-31 12:09:50.771] [[32minfo[m] [74] 5516,0.34475
[2020-10-31 12:09:50.771] [[32minfo[m] [75] 2678,0.16737
[2020-10-31 12:09:50.772] [[32minfo[m] [208] 4016,0.25100
[2020-10-31 12:09:50.772] [[32minfo[m] [265] 1971,0.12319
Num. customers: 454404
Average churn: 2.05
result:  34.21505
17
/repo/tco-customerchurn/data /repo/tco-customerchurn/submission/code/experiments/regr22
/repo/tco-customerchurn/submission/code/experiments/regr22
[2020-10-31 12:10:08.913] [[32minfo[m] Start
[2020-10-31 12:10:08.913] [[32minfo[m] Training
[2020-10-31 12:10:08.914] [[32minfo[m] JSON: read encodings from encoding-20.json
[2020-10-31 12:10:08.914] [[32minfo[m] CSV: reading history_mix_1to3.csv ...
[2020-10-31 12:10:12.405] [[32minfo[m] ...completed in 3.5 secs
[2020-10-31 12:10:12.405] [[32minfo[m] CSV: read 480592 rows with categorical features and 480592 rows with numerical ones.
[2020-10-31 12:10:12.447] [[32minfo[m] Encoding features...
[2020-10-31 12:10:21.858] [[32minfo[m] ...completed in 9.4 secs
[2020-10-31 12:10:22.313] [[32minfo[m] Regression requested
[2020-10-31 12:10:22.673] [[32minfo[m] Model restored from trained_16.model
[2020-10-31 12:10:22.674] [[32minfo[m] C 4000 T 16000 s 20.0 w -1 boost-tpf 1 nepochs 1 L MAE, C1 0.000000
[2020-10-31 12:10:22.678] [[32minfo[m] Partial fit initiated for 1 epoch(s)...
[2020-10-31 12:12:37.265] [[32minfo[m] ...completed in 134.6 secs.
[2020-10-31 12:12:37.614] [[32minfo[m] Model saved into trained_17.model
[2020-10-31 12:12:37.803] [[32minfo[m] Start
[2020-10-31 12:12:37.804] [[32minfo[m] Inference
[2020-10-31 12:12:37.804] [[32minfo[m] JSON: read encodings from encoding-20.json
[2020-10-31 12:12:37.804] [[32minfo[m] CSV: reading input.csv ...
[2020-10-31 12:12:41.371] [[32minfo[m] ...completed in 3.6 secs
[2020-10-31 12:12:41.371] [[32minfo[m] CSV: read 454404 rows with categorical features and 454404 rows with numerical ones.
[2020-10-31 12:12:41.428] [[32minfo[m] Encoding features...
[2020-10-31 12:12:50.396] [[32minfo[m] ...completed in 9.0 secs
[2020-10-31 12:12:50.811] [[32minfo[m] Regression inference
[2020-10-31 12:12:51.172] [[32minfo[m] Predicting...
[2020-10-31 12:12:57.367] [[32minfo[m] ...completed in 6.2 secs
[2020-10-31 12:12:57.369] [[32minfo[m] scores 454404
[2020-10-31 12:12:57.369] [[32minfo[m] [35] 2591,0.16194
[2020-10-31 12:12:57.369] [[32minfo[m] [36] 3480,0.21750
[2020-10-31 12:12:57.369] [[32minfo[m] [37] 2235,0.13969
[2020-10-31 12:12:57.369] [[32minfo[m] [73] 2630,0.16437
[2020-10-31 12:12:57.369] [[32minfo[m] [74] 4687,0.29294
[2020-10-31 12:12:57.369] [[32minfo[m] [75] 3281,0.20506
[2020-10-31 12:12:57.369] [[32minfo[m] [208] 4055,0.25344
[2020-10-31 12:12:57.369] [[32minfo[m] [265] 1238,0.07737
Num. customers: 454404
Average churn: 2.05
result:  34.44086
18
/repo/tco-customerchurn/data /repo/tco-customerchurn/submission/code/experiments/regr22
/repo/tco-customerchurn/submission/code/experiments/regr22
[2020-10-31 12:13:15.774] [[32minfo[m] Start
[2020-10-31 12:13:15.774] [[32minfo[m] Training
[2020-10-31 12:13:15.775] [[32minfo[m] JSON: read encodings from encoding-20.json
[2020-10-31 12:13:15.775] [[32minfo[m] CSV: reading history_mix_1to3.csv ...
[2020-10-31 12:13:19.507] [[32minfo[m] ...completed in 3.7 secs
[2020-10-31 12:13:19.507] [[32minfo[m] CSV: read 480592 rows with categorical features and 480592 rows with numerical ones.
[2020-10-31 12:13:19.548] [[32minfo[m] Encoding features...
[2020-10-31 12:13:29.749] [[32minfo[m] ...completed in 10.2 secs
[2020-10-31 12:13:30.243] [[32minfo[m] Regression requested
[2020-10-31 12:13:30.627] [[32minfo[m] Model restored from trained_17.model
[2020-10-31 12:13:30.628] [[32minfo[m] C 4000 T 16000 s 20.0 w -1 boost-tpf 1 nepochs 1 L MAE, C1 0.000000
[2020-10-31 12:13:30.630] [[32minfo[m] Partial fit initiated for 1 epoch(s)...
[2020-10-31 12:15:44.907] [[32minfo[m] ...completed in 134.3 secs.
[2020-10-31 12:15:45.275] [[32minfo[m] Model saved into trained_18.model
[2020-10-31 12:15:45.476] [[32minfo[m] Start
[2020-10-31 12:15:45.476] [[32minfo[m] Inference
[2020-10-31 12:15:45.476] [[32minfo[m] JSON: read encodings from encoding-20.json
[2020-10-31 12:15:45.476] [[32minfo[m] CSV: reading input.csv ...
[2020-10-31 12:15:48.727] [[32minfo[m] ...completed in 3.3 secs
[2020-10-31 12:15:48.727] [[32minfo[m] CSV: read 454404 rows with categorical features and 454404 rows with numerical ones.
[2020-10-31 12:15:48.773] [[32minfo[m] Encoding features...
[2020-10-31 12:15:57.487] [[32minfo[m] ...completed in 8.7 secs
[2020-10-31 12:15:57.850] [[32minfo[m] Regression inference
[2020-10-31 12:15:58.229] [[32minfo[m] Predicting...
[2020-10-31 12:16:04.386] [[32minfo[m] ...completed in 6.2 secs
[2020-10-31 12:16:04.390] [[32minfo[m] scores 454404
[2020-10-31 12:16:04.390] [[32minfo[m] [35] 1872,0.11700
[2020-10-31 12:16:04.390] [[32minfo[m] [36] 3936,0.24600
[2020-10-31 12:16:04.390] [[32minfo[m] [37] 1769,0.11056
[2020-10-31 12:16:04.390] [[32minfo[m] [73] 2488,0.15550
[2020-10-31 12:16:04.390] [[32minfo[m] [74] 5133,0.32081
[2020-10-31 12:16:04.390] [[32minfo[m] [75] 4462,0.27887
[2020-10-31 12:16:04.390] [[32minfo[m] [208] 4595,0.28719
[2020-10-31 12:16:04.390] [[32minfo[m] [265] 815,0.05094
Num. customers: 454404
Average churn: 2.05
result:  34.51613
19
/repo/tco-customerchurn/data /repo/tco-customerchurn/submission/code/experiments/regr22
/repo/tco-customerchurn/submission/code/experiments/regr22
[2020-10-31 12:16:23.019] [[32minfo[m] Start
[2020-10-31 12:16:23.019] [[32minfo[m] Training
[2020-10-31 12:16:23.020] [[32minfo[m] JSON: read encodings from encoding-20.json
[2020-10-31 12:16:23.021] [[32minfo[m] CSV: reading history_mix_1to3.csv ...
[2020-10-31 12:16:26.573] [[32minfo[m] ...completed in 3.6 secs
[2020-10-31 12:16:26.574] [[32minfo[m] CSV: read 480592 rows with categorical features and 480592 rows with numerical ones.
[2020-10-31 12:16:26.610] [[32minfo[m] Encoding features...
[2020-10-31 12:16:35.507] [[32minfo[m] ...completed in 8.9 secs
[2020-10-31 12:16:35.908] [[32minfo[m] Regression requested
[2020-10-31 12:16:36.258] [[32minfo[m] Model restored from trained_18.model
[2020-10-31 12:16:36.258] [[32minfo[m] C 4000 T 16000 s 20.0 w -1 boost-tpf 1 nepochs 1 L MAE, C1 0.000000
[2020-10-31 12:16:36.261] [[32minfo[m] Partial fit initiated for 1 epoch(s)...
[2020-10-31 12:18:49.716] [[32minfo[m] ...completed in 133.5 secs.
[2020-10-31 12:18:50.075] [[32minfo[m] Model saved into trained_19.model
[2020-10-31 12:18:50.260] [[32minfo[m] Start
[2020-10-31 12:18:50.260] [[32minfo[m] Inference
[2020-10-31 12:18:50.261] [[32minfo[m] JSON: read encodings from encoding-20.json
[2020-10-31 12:18:50.261] [[32minfo[m] CSV: reading input.csv ...
[2020-10-31 12:18:53.543] [[32minfo[m] ...completed in 3.3 secs
[2020-10-31 12:18:53.544] [[32minfo[m] CSV: read 454404 rows with categorical features and 454404 rows with numerical ones.
[2020-10-31 12:18:53.590] [[32minfo[m] Encoding features...
[2020-10-31 12:19:02.799] [[32minfo[m] ...completed in 9.2 secs
[2020-10-31 12:19:03.183] [[32minfo[m] Regression inference
[2020-10-31 12:19:03.511] [[32minfo[m] Predicting...
[2020-10-31 12:19:09.695] [[32minfo[m] ...completed in 6.2 secs
[2020-10-31 12:19:09.696] [[32minfo[m] scores 454404
[2020-10-31 12:19:09.696] [[32minfo[m] [35] 2521,0.15756
[2020-10-31 12:19:09.696] [[32minfo[m] [36] 4083,0.25519
[2020-10-31 12:19:09.696] [[32minfo[m] [37] 2533,0.15831
[2020-10-31 12:19:09.696] [[32minfo[m] [73] 3154,0.19712
[2020-10-31 12:19:09.696] [[32minfo[m] [74] 4767,0.29794
[2020-10-31 12:19:09.696] [[32minfo[m] [75] 2919,0.18244
[2020-10-31 12:19:09.696] [[32minfo[m] [208] 3353,0.20956
[2020-10-31 12:19:09.696] [[32minfo[m] [265] 2095,0.13094
Num. customers: 454404
Average churn: 2.05
result:  34.65591
20
/repo/tco-customerchurn/data /repo/tco-customerchurn/submission/code/experiments/regr22
/repo/tco-customerchurn/submission/code/experiments/regr22
[2020-10-31 12:19:27.873] [[32minfo[m] Start
[2020-10-31 12:19:27.873] [[32minfo[m] Training
[2020-10-31 12:19:27.874] [[32minfo[m] JSON: read encodings from encoding-20.json
[2020-10-31 12:19:27.874] [[32minfo[m] CSV: reading history_mix_1to3.csv ...
[2020-10-31 12:19:31.507] [[32minfo[m] ...completed in 3.6 secs
[2020-10-31 12:19:31.507] [[32minfo[m] CSV: read 480592 rows with categorical features and 480592 rows with numerical ones.
[2020-10-31 12:19:31.545] [[32minfo[m] Encoding features...
[2020-10-31 12:19:40.456] [[32minfo[m] ...completed in 8.9 secs
[2020-10-31 12:19:40.879] [[32minfo[m] Regression requested
[2020-10-31 12:19:41.232] [[32minfo[m] Model restored from trained_19.model
[2020-10-31 12:19:41.233] [[32minfo[m] C 4000 T 16000 s 20.0 w -1 boost-tpf 1 nepochs 1 L MAE, C1 0.000000
[2020-10-31 12:19:41.236] [[32minfo[m] Partial fit initiated for 1 epoch(s)...
[2020-10-31 12:21:54.625] [[32minfo[m] ...completed in 133.4 secs.
[2020-10-31 12:21:54.967] [[32minfo[m] Model saved into trained_20.model
[2020-10-31 12:21:55.152] [[32minfo[m] Start
[2020-10-31 12:21:55.152] [[32minfo[m] Inference
[2020-10-31 12:21:55.153] [[32minfo[m] JSON: read encodings from encoding-20.json
[2020-10-31 12:21:55.153] [[32minfo[m] CSV: reading input.csv ...
[2020-10-31 12:21:58.310] [[32minfo[m] ...completed in 3.2 secs
[2020-10-31 12:21:58.310] [[32minfo[m] CSV: read 454404 rows with categorical features and 454404 rows with numerical ones.
[2020-10-31 12:21:58.357] [[32minfo[m] Encoding features...
[2020-10-31 12:22:07.065] [[32minfo[m] ...completed in 8.7 secs
[2020-10-31 12:22:07.427] [[32minfo[m] Regression inference
[2020-10-31 12:22:07.751] [[32minfo[m] Predicting...
[2020-10-31 12:22:13.936] [[32minfo[m] ...completed in 6.2 secs
[2020-10-31 12:22:13.940] [[32minfo[m] scores 454404
[2020-10-31 12:22:13.940] [[32minfo[m] [35] 2521,0.15756
[2020-10-31 12:22:13.940] [[32minfo[m] [36] 3401,0.21256
[2020-10-31 12:22:13.940] [[32minfo[m] [37] 2718,0.16987
[2020-10-31 12:22:13.940] [[32minfo[m] [73] 1886,0.11787
[2020-10-31 12:22:13.940] [[32minfo[m] [74] 5615,0.35094
[2020-10-31 12:22:13.940] [[32minfo[m] [75] 2437,0.15231
[2020-10-31 12:22:13.940] [[32minfo[m] [208] 3989,0.24931
[2020-10-31 12:22:13.940] [[32minfo[m] [265] 1081,0.06756
Num. customers: 454404
Average churn: 2.05
result:  34.10753
