1
/repo/tco-customerchurn/data /repo/tco-customerchurn/submission/code/experiments/regr33
/repo/tco-customerchurn/submission/code/experiments/regr33
[2020-11-03 19:24:29.260] [[32minfo[m] Start
[2020-11-03 19:24:29.261] [[32minfo[m] Training
[2020-11-03 19:24:29.261] [[32minfo[m] JSON: read encodings from encoding-20.json
[2020-11-03 19:24:29.261] [[32minfo[m] CSV: reading history_mix_1to3.csv ...
[2020-11-03 19:24:30.078] [[32minfo[m] ...completed in 0.8 secs
[2020-11-03 19:24:30.078] [[32minfo[m] CSV: read 108808 rows with categorical features and 108808 rows with numerical ones.
[2020-11-03 19:24:30.086] [[32minfo[m] Encoding features...
[2020-11-03 19:24:32.159] [[32minfo[m] ...completed in 2.1 secs
[2020-11-03 19:24:32.159] [[32minfo[m] Regression requested
[2020-11-03 19:24:32.178] [[32minfo[m] C 16000 T 16000 s 20.0 w -1 boost-tpf 1 nepochs 1 L MAE, C1 0.000000 no-seasonal
[2020-11-03 19:24:32.178] [[32minfo[m] Partial fit initiated for 1 epoch(s)...
[2020-11-03 19:26:27.149] [[32minfo[m] ...completed in 115.0 secs.
[2020-11-03 19:26:28.596] [[32minfo[m] Model saved into trained_1.model
[2020-11-03 19:26:28.654] [[32minfo[m] Start
[2020-11-03 19:26:28.654] [[32minfo[m] Inference
[2020-11-03 19:26:28.655] [[32minfo[m] JSON: read encodings from encoding-20.json
[2020-11-03 19:26:28.655] [[32minfo[m] CSV: reading input.csv ...
[2020-11-03 19:26:31.800] [[32minfo[m] ...completed in 3.1 secs
[2020-11-03 19:26:31.800] [[32minfo[m] CSV: read 454404 rows with categorical features and 454404 rows with numerical ones.
[2020-11-03 19:26:31.844] [[32minfo[m] Encoding features...
[2020-11-03 19:26:40.474] [[32minfo[m] ...completed in 8.6 secs
[2020-11-03 19:26:41.793] [[32minfo[m] Regression inference
[2020-11-03 19:26:43.087] [[32minfo[m] Predicting...
[2020-11-03 19:27:06.588] [[32minfo[m] ...completed in 23.5 secs
[2020-11-03 19:27:06.592] [[32minfo[m] scores 454404
[2020-11-03 19:27:06.592] [[32minfo[m] [35] 2677,0.16731
[2020-11-03 19:27:06.592] [[32minfo[m] [36] 4215,0.26344
[2020-11-03 19:27:06.592] [[32minfo[m] [37] 2358,0.14738
[2020-11-03 19:27:06.592] [[32minfo[m] [73] 2217,0.13856
[2020-11-03 19:27:06.592] [[32minfo[m] [74] 4357,0.27231
[2020-11-03 19:27:06.592] [[32minfo[m] [75] 2882,0.18013
[2020-11-03 19:27:06.592] [[32minfo[m] [208] 3491,0.21819
[2020-11-03 19:27:06.592] [[32minfo[m] [265] 2382,0.14888
gzip: trained_0.model: No such file or directory
Num. customers: 454404
Average churn: 2.05
result:  34.94624
2
/repo/tco-customerchurn/data /repo/tco-customerchurn/submission/code/experiments/regr33
/repo/tco-customerchurn/submission/code/experiments/regr33
[2020-11-03 19:27:12.102] [[32minfo[m] Start
[2020-11-03 19:27:12.103] [[32minfo[m] Training
[2020-11-03 19:27:12.103] [[32minfo[m] JSON: read encodings from encoding-20.json
[2020-11-03 19:27:12.103] [[32minfo[m] CSV: reading history_mix_1to3.csv ...
[2020-11-03 19:27:12.848] [[32minfo[m] ...completed in 0.7 secs
[2020-11-03 19:27:12.848] [[32minfo[m] CSV: read 108808 rows with categorical features and 108808 rows with numerical ones.
[2020-11-03 19:27:12.854] [[32minfo[m] Encoding features...
[2020-11-03 19:27:14.931] [[32minfo[m] ...completed in 2.1 secs
[2020-11-03 19:27:16.200] [[32minfo[m] Regression requested
[2020-11-03 19:27:17.489] [[32minfo[m] Model restored from trained_1.model
[2020-11-03 19:27:17.492] [[32minfo[m] C 16000 T 16000 s 20.0 w -1 boost-tpf 1 nepochs 1 L MAE, C1 0.000000 no-seasonal
[2020-11-03 19:27:17.492] [[32minfo[m] Partial fit initiated for 1 epoch(s)...
[2020-11-03 19:29:14.826] [[32minfo[m] ...completed in 117.3 secs.
[2020-11-03 19:29:16.296] [[32minfo[m] Model saved into trained_2.model
[2020-11-03 19:29:16.582] [[32minfo[m] Start
[2020-11-03 19:29:16.582] [[32minfo[m] Inference
[2020-11-03 19:29:16.583] [[32minfo[m] JSON: read encodings from encoding-20.json
[2020-11-03 19:29:16.583] [[32minfo[m] CSV: reading input.csv ...
[2020-11-03 19:29:19.756] [[32minfo[m] ...completed in 3.2 secs
[2020-11-03 19:29:19.756] [[32minfo[m] CSV: read 454404 rows with categorical features and 454404 rows with numerical ones.
[2020-11-03 19:29:19.801] [[32minfo[m] Encoding features...
[2020-11-03 19:29:28.542] [[32minfo[m] ...completed in 8.7 secs
[2020-11-03 19:29:29.876] [[32minfo[m] Regression inference
[2020-11-03 19:29:31.267] [[32minfo[m] Predicting...
[2020-11-03 19:29:54.024] [[32minfo[m] ...completed in 22.8 secs
[2020-11-03 19:29:54.027] [[32minfo[m] scores 454404
[2020-11-03 19:29:54.027] [[32minfo[m] [35] 2431,0.15194
[2020-11-03 19:29:54.027] [[32minfo[m] [36] 4490,0.28063
[2020-11-03 19:29:54.027] [[32minfo[m] [37] 2317,0.14481
[2020-11-03 19:29:54.027] [[32minfo[m] [73] 1951,0.12194
[2020-11-03 19:29:54.027] [[32minfo[m] [74] 4635,0.28969
[2020-11-03 19:29:54.028] [[32minfo[m] [75] 2835,0.17719
[2020-11-03 19:29:54.028] [[32minfo[m] [208] 3414,0.21338
[2020-11-03 19:29:54.028] [[32minfo[m] [265] 1642,0.10262
Num. customers: 454404
Average churn: 2.05
result:  35.23656
3
/repo/tco-customerchurn/data /repo/tco-customerchurn/submission/code/experiments/regr33
/repo/tco-customerchurn/submission/code/experiments/regr33
[2020-11-03 19:29:59.656] [[32minfo[m] Start
[2020-11-03 19:29:59.656] [[32minfo[m] Training
[2020-11-03 19:29:59.656] [[32minfo[m] JSON: read encodings from encoding-20.json
[2020-11-03 19:29:59.656] [[32minfo[m] CSV: reading history_mix_1to3.csv ...
[2020-11-03 19:30:00.361] [[32minfo[m] ...completed in 0.7 secs
[2020-11-03 19:30:00.361] [[32minfo[m] CSV: read 108808 rows with categorical features and 108808 rows with numerical ones.
[2020-11-03 19:30:00.368] [[32minfo[m] Encoding features...
[2020-11-03 19:30:02.334] [[32minfo[m] ...completed in 2.0 secs
[2020-11-03 19:30:03.601] [[32minfo[m] Regression requested
[2020-11-03 19:30:04.906] [[32minfo[m] Model restored from trained_2.model
[2020-11-03 19:30:04.910] [[32minfo[m] C 16000 T 16000 s 20.0 w -1 boost-tpf 1 nepochs 1 L MAE, C1 0.000000 no-seasonal
[2020-11-03 19:30:04.911] [[32minfo[m] Partial fit initiated for 1 epoch(s)...
[2020-11-03 19:32:39.211] [[32minfo[m] ...completed in 154.3 secs.
[2020-11-03 19:32:40.691] [[32minfo[m] Model saved into trained_3.model
[2020-11-03 19:32:40.974] [[32minfo[m] Start
[2020-11-03 19:32:40.975] [[32minfo[m] Inference
[2020-11-03 19:32:40.975] [[32minfo[m] JSON: read encodings from encoding-20.json
[2020-11-03 19:32:40.975] [[32minfo[m] CSV: reading input.csv ...
[2020-11-03 19:32:44.271] [[32minfo[m] ...completed in 3.3 secs
[2020-11-03 19:32:44.271] [[32minfo[m] CSV: read 454404 rows with categorical features and 454404 rows with numerical ones.
[2020-11-03 19:32:44.331] [[32minfo[m] Encoding features...
[2020-11-03 19:32:53.294] [[32minfo[m] ...completed in 9.0 secs
[2020-11-03 19:32:54.586] [[32minfo[m] Regression inference
[2020-11-03 19:32:55.967] [[32minfo[m] Predicting...
[2020-11-03 19:33:18.378] [[32minfo[m] ...completed in 22.4 secs
[2020-11-03 19:33:18.381] [[32minfo[m] scores 454404
[2020-11-03 19:33:18.381] [[32minfo[m] [35] 2518,0.15737
[2020-11-03 19:33:18.381] [[32minfo[m] [36] 4335,0.27094
[2020-11-03 19:33:18.381] [[32minfo[m] [37] 1833,0.11456
[2020-11-03 19:33:18.381] [[32minfo[m] [73] 1121,0.07006
[2020-11-03 19:33:18.381] [[32minfo[m] [74] 4519,0.28244
[2020-11-03 19:33:18.381] [[32minfo[m] [75] 3361,0.21006
[2020-11-03 19:33:18.381] [[32minfo[m] [208] 3116,0.19475
[2020-11-03 19:33:18.381] [[32minfo[m] [265] 1496,0.09350
Num. customers: 454404
Average churn: 2.05
result:  35.32258
4
/repo/tco-customerchurn/data /repo/tco-customerchurn/submission/code/experiments/regr33
/repo/tco-customerchurn/submission/code/experiments/regr33
[2020-11-03 19:33:23.824] [[32minfo[m] Start
[2020-11-03 19:33:23.825] [[32minfo[m] Training
[2020-11-03 19:33:23.825] [[32minfo[m] JSON: read encodings from encoding-20.json
[2020-11-03 19:33:23.825] [[32minfo[m] CSV: reading history_mix_1to3.csv ...
[2020-11-03 19:33:24.604] [[32minfo[m] ...completed in 0.8 secs
[2020-11-03 19:33:24.604] [[32minfo[m] CSV: read 108808 rows with categorical features and 108808 rows with numerical ones.
[2020-11-03 19:33:24.611] [[32minfo[m] Encoding features...
[2020-11-03 19:33:26.563] [[32minfo[m] ...completed in 2.0 secs
[2020-11-03 19:33:27.839] [[32minfo[m] Regression requested
[2020-11-03 19:33:29.134] [[32minfo[m] Model restored from trained_3.model
[2020-11-03 19:33:29.139] [[32minfo[m] C 16000 T 16000 s 20.0 w -1 boost-tpf 1 nepochs 1 L MAE, C1 0.000000 no-seasonal
[2020-11-03 19:33:29.139] [[32minfo[m] Partial fit initiated for 1 epoch(s)...
[2020-11-03 19:36:09.219] [[32minfo[m] ...completed in 160.1 secs.
[2020-11-03 19:36:10.790] [[32minfo[m] Model saved into trained_4.model
[2020-11-03 19:36:11.054] [[32minfo[m] Start
[2020-11-03 19:36:11.054] [[32minfo[m] Inference
[2020-11-03 19:36:11.055] [[32minfo[m] JSON: read encodings from encoding-20.json
[2020-11-03 19:36:11.055] [[32minfo[m] CSV: reading input.csv ...
[2020-11-03 19:36:14.319] [[32minfo[m] ...completed in 3.3 secs
[2020-11-03 19:36:14.319] [[32minfo[m] CSV: read 454404 rows with categorical features and 454404 rows with numerical ones.
[2020-11-03 19:36:14.365] [[32minfo[m] Encoding features...
[2020-11-03 19:36:23.030] [[32minfo[m] ...completed in 8.7 secs
[2020-11-03 19:36:24.404] [[32minfo[m] Regression inference
[2020-11-03 19:36:25.790] [[32minfo[m] Predicting...
[2020-11-03 19:36:48.954] [[32minfo[m] ...completed in 23.2 secs
[2020-11-03 19:36:48.957] [[32minfo[m] scores 454404
[2020-11-03 19:36:48.957] [[32minfo[m] [35] 1794,0.11213
[2020-11-03 19:36:48.957] [[32minfo[m] [36] 4213,0.26331
[2020-11-03 19:36:48.957] [[32minfo[m] [37] 1570,0.09813
[2020-11-03 19:36:48.957] [[32minfo[m] [73] 1776,0.11100
[2020-11-03 19:36:48.957] [[32minfo[m] [74] 4154,0.25962
[2020-11-03 19:36:48.957] [[32minfo[m] [75] 1949,0.12181
[2020-11-03 19:36:48.957] [[32minfo[m] [208] 2806,0.17538
[2020-11-03 19:36:48.957] [[32minfo[m] [265] 1357,0.08481
Num. customers: 454404
Average churn: 2.05
result:  35.44086
5
/repo/tco-customerchurn/data /repo/tco-customerchurn/submission/code/experiments/regr33
/repo/tco-customerchurn/submission/code/experiments/regr33
[2020-11-03 19:36:54.794] [[32minfo[m] Start
[2020-11-03 19:36:54.795] [[32minfo[m] Training
[2020-11-03 19:36:54.795] [[32minfo[m] JSON: read encodings from encoding-20.json
[2020-11-03 19:36:54.795] [[32minfo[m] CSV: reading history_mix_1to3.csv ...
[2020-11-03 19:36:55.533] [[32minfo[m] ...completed in 0.7 secs
[2020-11-03 19:36:55.533] [[32minfo[m] CSV: read 108808 rows with categorical features and 108808 rows with numerical ones.
[2020-11-03 19:36:55.540] [[32minfo[m] Encoding features...
[2020-11-03 19:36:57.545] [[32minfo[m] ...completed in 2.0 secs
[2020-11-03 19:36:58.819] [[32minfo[m] Regression requested
[2020-11-03 19:37:00.118] [[32minfo[m] Model restored from trained_4.model
[2020-11-03 19:37:00.120] [[32minfo[m] C 16000 T 16000 s 20.0 w -1 boost-tpf 1 nepochs 1 L MAE, C1 0.000000 no-seasonal
[2020-11-03 19:37:00.121] [[32minfo[m] Partial fit initiated for 1 epoch(s)...
[2020-11-03 19:39:37.691] [[32minfo[m] ...completed in 157.6 secs.
[2020-11-03 19:39:39.093] [[32minfo[m] Model saved into trained_5.model
[2020-11-03 19:39:39.351] [[32minfo[m] Start
[2020-11-03 19:39:39.351] [[32minfo[m] Inference
[2020-11-03 19:39:39.352] [[32minfo[m] JSON: read encodings from encoding-20.json
[2020-11-03 19:39:39.352] [[32minfo[m] CSV: reading input.csv ...
[2020-11-03 19:39:42.424] [[32minfo[m] ...completed in 3.1 secs
[2020-11-03 19:39:42.425] [[32minfo[m] CSV: read 454404 rows with categorical features and 454404 rows with numerical ones.
[2020-11-03 19:39:42.475] [[32minfo[m] Encoding features...
[2020-11-03 19:39:50.924] [[32minfo[m] ...completed in 8.4 secs
[2020-11-03 19:39:52.189] [[32minfo[m] Regression inference
[2020-11-03 19:39:53.513] [[32minfo[m] Predicting...
[2020-11-03 19:40:15.319] [[32minfo[m] ...completed in 21.8 secs
[2020-11-03 19:40:15.322] [[32minfo[m] scores 454404
[2020-11-03 19:40:15.322] [[32minfo[m] [35] 2590,0.16187
[2020-11-03 19:40:15.323] [[32minfo[m] [36] 4465,0.27906
[2020-11-03 19:40:15.323] [[32minfo[m] [37] 1090,0.06813
[2020-11-03 19:40:15.323] [[32minfo[m] [73] 1100,0.06875
[2020-11-03 19:40:15.324] [[32minfo[m] [74] 3987,0.24919
[2020-11-03 19:40:15.324] [[32minfo[m] [75] 2105,0.13156
[2020-11-03 19:40:15.324] [[32minfo[m] [208] 3214,0.20087
[2020-11-03 19:40:15.325] [[32minfo[m] [265] 1763,0.11019
Num. customers: 454404
Average churn: 2.05
result:  35.38710
6
/repo/tco-customerchurn/data /repo/tco-customerchurn/submission/code/experiments/regr33
/repo/tco-customerchurn/submission/code/experiments/regr33
[2020-11-03 19:40:21.097] [[32minfo[m] Start
[2020-11-03 19:40:21.097] [[32minfo[m] Training
[2020-11-03 19:40:21.097] [[32minfo[m] JSON: read encodings from encoding-20.json
[2020-11-03 19:40:21.098] [[32minfo[m] CSV: reading history_mix_1to3.csv ...
[2020-11-03 19:40:21.819] [[32minfo[m] ...completed in 0.7 secs
[2020-11-03 19:40:21.819] [[32minfo[m] CSV: read 108808 rows with categorical features and 108808 rows with numerical ones.
[2020-11-03 19:40:21.829] [[32minfo[m] Encoding features...
[2020-11-03 19:40:23.779] [[32minfo[m] ...completed in 1.9 secs
[2020-11-03 19:40:25.035] [[32minfo[m] Regression requested
[2020-11-03 19:40:26.355] [[32minfo[m] Model restored from trained_5.model
[2020-11-03 19:40:26.358] [[32minfo[m] C 16000 T 16000 s 20.0 w -1 boost-tpf 1 nepochs 1 L MAE, C1 0.000000 no-seasonal
[2020-11-03 19:40:26.359] [[32minfo[m] Partial fit initiated for 1 epoch(s)...
[2020-11-03 19:43:05.552] [[32minfo[m] ...completed in 159.2 secs.
[2020-11-03 19:43:07.050] [[32minfo[m] Model saved into trained_6.model
[2020-11-03 19:43:07.339] [[32minfo[m] Start
[2020-11-03 19:43:07.339] [[32minfo[m] Inference
[2020-11-03 19:43:07.339] [[32minfo[m] JSON: read encodings from encoding-20.json
[2020-11-03 19:43:07.339] [[32minfo[m] CSV: reading input.csv ...
[2020-11-03 19:43:10.560] [[32minfo[m] ...completed in 3.2 secs
[2020-11-03 19:43:10.560] [[32minfo[m] CSV: read 454404 rows with categorical features and 454404 rows with numerical ones.
[2020-11-03 19:43:10.609] [[32minfo[m] Encoding features...
[2020-11-03 19:43:19.567] [[32minfo[m] ...completed in 9.0 secs
[2020-11-03 19:43:20.979] [[32minfo[m] Regression inference
[2020-11-03 19:43:22.440] [[32minfo[m] Predicting...
[2020-11-03 19:43:45.163] [[32minfo[m] ...completed in 22.7 secs
[2020-11-03 19:43:45.166] [[32minfo[m] scores 454404
[2020-11-03 19:43:45.166] [[32minfo[m] [35] 2158,0.13487
[2020-11-03 19:43:45.166] [[32minfo[m] [36] 4058,0.25362
[2020-11-03 19:43:45.166] [[32minfo[m] [37] 1197,0.07481
[2020-11-03 19:43:45.167] [[32minfo[m] [73] 1302,0.08138
[2020-11-03 19:43:45.167] [[32minfo[m] [74] 3869,0.24181
[2020-11-03 19:43:45.167] [[32minfo[m] [75] 3074,0.19212
[2020-11-03 19:43:45.167] [[32minfo[m] [208] 2949,0.18431
[2020-11-03 19:43:45.167] [[32minfo[m] [265] 882,0.05513
Num. customers: 454404
Average churn: 2.05
result:  35.90323
7
/repo/tco-customerchurn/data /repo/tco-customerchurn/submission/code/experiments/regr33
/repo/tco-customerchurn/submission/code/experiments/regr33
[2020-11-03 19:43:50.805] [[32minfo[m] Start
[2020-11-03 19:43:50.805] [[32minfo[m] Training
[2020-11-03 19:43:50.806] [[32minfo[m] JSON: read encodings from encoding-20.json
[2020-11-03 19:43:50.806] [[32minfo[m] CSV: reading history_mix_1to3.csv ...
[2020-11-03 19:43:51.538] [[32minfo[m] ...completed in 0.7 secs
[2020-11-03 19:43:51.538] [[32minfo[m] CSV: read 108808 rows with categorical features and 108808 rows with numerical ones.
[2020-11-03 19:43:51.546] [[32minfo[m] Encoding features...
[2020-11-03 19:43:53.497] [[32minfo[m] ...completed in 2.0 secs
[2020-11-03 19:43:54.758] [[32minfo[m] Regression requested
[2020-11-03 19:43:56.046] [[32minfo[m] Model restored from trained_6.model
[2020-11-03 19:43:56.048] [[32minfo[m] C 16000 T 16000 s 20.0 w -1 boost-tpf 1 nepochs 1 L MAE, C1 0.000000 no-seasonal
[2020-11-03 19:43:56.049] [[32minfo[m] Partial fit initiated for 1 epoch(s)...
[2020-11-03 19:46:41.368] [[32minfo[m] ...completed in 165.3 secs.
[2020-11-03 19:46:42.617] [[32minfo[m] Model saved into trained_7.model
[2020-11-03 19:46:42.839] [[32minfo[m] Start
[2020-11-03 19:46:42.839] [[32minfo[m] Inference
[2020-11-03 19:46:42.840] [[32minfo[m] JSON: read encodings from encoding-20.json
[2020-11-03 19:46:42.840] [[32minfo[m] CSV: reading input.csv ...
[2020-11-03 19:46:45.744] [[32minfo[m] ...completed in 2.9 secs
[2020-11-03 19:46:45.744] [[32minfo[m] CSV: read 454404 rows with categorical features and 454404 rows with numerical ones.
[2020-11-03 19:46:45.790] [[32minfo[m] Encoding features...
[2020-11-03 19:46:54.001] [[32minfo[m] ...completed in 8.2 secs
[2020-11-03 19:46:55.304] [[32minfo[m] Regression inference
[2020-11-03 19:46:56.708] [[32minfo[m] Predicting...
[2020-11-03 19:47:19.581] [[32minfo[m] ...completed in 22.9 secs
[2020-11-03 19:47:19.584] [[32minfo[m] scores 454404
[2020-11-03 19:47:19.584] [[32minfo[m] [35] 2250,0.14062
[2020-11-03 19:47:19.584] [[32minfo[m] [36] 3843,0.24019
[2020-11-03 19:47:19.584] [[32minfo[m] [37] 1536,0.09600
[2020-11-03 19:47:19.584] [[32minfo[m] [73] 932,0.05825
[2020-11-03 19:47:19.584] [[32minfo[m] [74] 3995,0.24969
[2020-11-03 19:47:19.584] [[32minfo[m] [75] 2221,0.13881
[2020-11-03 19:47:19.585] [[32minfo[m] [208] 3417,0.21356
[2020-11-03 19:47:19.585] [[32minfo[m] [265] 1460,0.09125
Num. customers: 454404
Average churn: 2.05
result:  35.56989
8
/repo/tco-customerchurn/data /repo/tco-customerchurn/submission/code/experiments/regr33
/repo/tco-customerchurn/submission/code/experiments/regr33
[2020-11-03 19:47:24.932] [[32minfo[m] Start
[2020-11-03 19:47:24.932] [[32minfo[m] Training
[2020-11-03 19:47:24.933] [[32minfo[m] JSON: read encodings from encoding-20.json
[2020-11-03 19:47:24.933] [[32minfo[m] CSV: reading history_mix_1to3.csv ...
[2020-11-03 19:47:25.729] [[32minfo[m] ...completed in 0.8 secs
[2020-11-03 19:47:25.729] [[32minfo[m] CSV: read 108808 rows with categorical features and 108808 rows with numerical ones.
[2020-11-03 19:47:25.737] [[32minfo[m] Encoding features...
[2020-11-03 19:47:27.669] [[32minfo[m] ...completed in 1.9 secs
[2020-11-03 19:47:28.967] [[32minfo[m] Regression requested
[2020-11-03 19:47:30.274] [[32minfo[m] Model restored from trained_7.model
[2020-11-03 19:47:30.277] [[32minfo[m] C 16000 T 16000 s 20.0 w -1 boost-tpf 1 nepochs 1 L MAE, C1 0.000000 no-seasonal
[2020-11-03 19:47:30.278] [[32minfo[m] Partial fit initiated for 1 epoch(s)...
[2020-11-03 19:49:56.951] [[32minfo[m] ...completed in 146.7 secs.
[2020-11-03 19:49:58.347] [[32minfo[m] Model saved into trained_8.model
[2020-11-03 19:49:58.626] [[32minfo[m] Start
[2020-11-03 19:49:58.626] [[32minfo[m] Inference
[2020-11-03 19:49:58.627] [[32minfo[m] JSON: read encodings from encoding-20.json
[2020-11-03 19:49:58.627] [[32minfo[m] CSV: reading input.csv ...
[2020-11-03 19:50:01.839] [[32minfo[m] ...completed in 3.2 secs
[2020-11-03 19:50:01.839] [[32minfo[m] CSV: read 454404 rows with categorical features and 454404 rows with numerical ones.
[2020-11-03 19:50:01.895] [[32minfo[m] Encoding features...
[2020-11-03 19:50:10.582] [[32minfo[m] ...completed in 8.7 secs
[2020-11-03 19:50:11.943] [[32minfo[m] Regression inference
[2020-11-03 19:50:13.286] [[32minfo[m] Predicting...
[2020-11-03 19:50:34.619] [[32minfo[m] ...completed in 21.3 secs
[2020-11-03 19:50:34.622] [[32minfo[m] scores 454404
[2020-11-03 19:50:34.622] [[32minfo[m] [35] 1814,0.11338
[2020-11-03 19:50:34.622] [[32minfo[m] [36] 3859,0.24119
[2020-11-03 19:50:34.622] [[32minfo[m] [37] 1024,0.06400
[2020-11-03 19:50:34.622] [[32minfo[m] [73] 899,0.05619
[2020-11-03 19:50:34.622] [[32minfo[m] [74] 4177,0.26106
[2020-11-03 19:50:34.622] [[32minfo[m] [75] 2578,0.16112
[2020-11-03 19:50:34.622] [[32minfo[m] [208] 3210,0.20062
[2020-11-03 19:50:34.622] [[32minfo[m] [265] 1192,0.07450
Num. customers: 454404
Average churn: 2.05
result:  35.69892
9
/repo/tco-customerchurn/data /repo/tco-customerchurn/submission/code/experiments/regr33
/repo/tco-customerchurn/submission/code/experiments/regr33
[2020-11-03 19:50:40.186] [[32minfo[m] Start
[2020-11-03 19:50:40.186] [[32minfo[m] Training
[2020-11-03 19:50:40.186] [[32minfo[m] JSON: read encodings from encoding-20.json
[2020-11-03 19:50:40.186] [[32minfo[m] CSV: reading history_mix_1to3.csv ...
[2020-11-03 19:50:40.952] [[32minfo[m] ...completed in 0.8 secs
[2020-11-03 19:50:40.952] [[32minfo[m] CSV: read 108808 rows with categorical features and 108808 rows with numerical ones.
[2020-11-03 19:50:40.959] [[32minfo[m] Encoding features...
[2020-11-03 19:50:42.941] [[32minfo[m] ...completed in 2.0 secs
[2020-11-03 19:50:44.207] [[32minfo[m] Regression requested
[2020-11-03 19:50:45.532] [[32minfo[m] Model restored from trained_8.model
[2020-11-03 19:50:45.536] [[32minfo[m] C 16000 T 16000 s 20.0 w -1 boost-tpf 1 nepochs 1 L MAE, C1 0.000000 no-seasonal
[2020-11-03 19:50:45.537] [[32minfo[m] Partial fit initiated for 1 epoch(s)...
[2020-11-03 19:53:27.320] [[32minfo[m] ...completed in 161.8 secs.
[2020-11-03 19:53:28.899] [[32minfo[m] Model saved into trained_9.model
[2020-11-03 19:53:29.160] [[32minfo[m] Start
[2020-11-03 19:53:29.160] [[32minfo[m] Inference
[2020-11-03 19:53:29.161] [[32minfo[m] JSON: read encodings from encoding-20.json
[2020-11-03 19:53:29.161] [[32minfo[m] CSV: reading input.csv ...
[2020-11-03 19:53:32.737] [[32minfo[m] ...completed in 3.6 secs
[2020-11-03 19:53:32.737] [[32minfo[m] CSV: read 454404 rows with categorical features and 454404 rows with numerical ones.
[2020-11-03 19:53:32.780] [[32minfo[m] Encoding features...
[2020-11-03 19:53:41.408] [[32minfo[m] ...completed in 8.6 secs
[2020-11-03 19:53:42.651] [[32minfo[m] Regression inference
[2020-11-03 19:53:44.037] [[32minfo[m] Predicting...
[2020-11-03 19:54:05.860] [[32minfo[m] ...completed in 21.8 secs
[2020-11-03 19:54:05.863] [[32minfo[m] scores 454404
[2020-11-03 19:54:05.863] [[32minfo[m] [35] 1778,0.11113
[2020-11-03 19:54:05.863] [[32minfo[m] [36] 3828,0.23925
[2020-11-03 19:54:05.863] [[32minfo[m] [37] 1014,0.06338
[2020-11-03 19:54:05.863] [[32minfo[m] [73] 1285,0.08031
[2020-11-03 19:54:05.863] [[32minfo[m] [74] 3671,0.22944
[2020-11-03 19:54:05.863] [[32minfo[m] [75] 2597,0.16231
[2020-11-03 19:54:05.863] [[32minfo[m] [208] 4360,0.27250
[2020-11-03 19:54:05.863] [[32minfo[m] [265] 1188,0.07425
Num. customers: 454404
Average churn: 2.05
result:  35.82796
10
/repo/tco-customerchurn/data /repo/tco-customerchurn/submission/code/experiments/regr33
/repo/tco-customerchurn/submission/code/experiments/regr33
[2020-11-03 19:54:11.331] [[32minfo[m] Start
[2020-11-03 19:54:11.331] [[32minfo[m] Training
[2020-11-03 19:54:11.331] [[32minfo[m] JSON: read encodings from encoding-20.json
[2020-11-03 19:54:11.332] [[32minfo[m] CSV: reading history_mix_1to3.csv ...
[2020-11-03 19:54:12.056] [[32minfo[m] ...completed in 0.7 secs
[2020-11-03 19:54:12.056] [[32minfo[m] CSV: read 108808 rows with categorical features and 108808 rows with numerical ones.
[2020-11-03 19:54:12.065] [[32minfo[m] Encoding features...
[2020-11-03 19:54:14.024] [[32minfo[m] ...completed in 2.0 secs
[2020-11-03 19:54:15.300] [[32minfo[m] Regression requested
[2020-11-03 19:54:16.619] [[32minfo[m] Model restored from trained_9.model
[2020-11-03 19:54:16.623] [[32minfo[m] C 16000 T 16000 s 20.0 w -1 boost-tpf 1 nepochs 1 L MAE, C1 0.000000 no-seasonal
[2020-11-03 19:54:16.624] [[32minfo[m] Partial fit initiated for 1 epoch(s)...
[2020-11-03 19:56:58.766] [[32minfo[m] ...completed in 162.1 secs.
[2020-11-03 19:57:00.269] [[32minfo[m] Model saved into trained_10.model
[2020-11-03 19:57:00.513] [[32minfo[m] Start
[2020-11-03 19:57:00.513] [[32minfo[m] Inference
[2020-11-03 19:57:00.514] [[32minfo[m] JSON: read encodings from encoding-20.json
[2020-11-03 19:57:00.514] [[32minfo[m] CSV: reading input.csv ...
[2020-11-03 19:57:03.709] [[32minfo[m] ...completed in 3.2 secs
[2020-11-03 19:57:03.709] [[32minfo[m] CSV: read 454404 rows with categorical features and 454404 rows with numerical ones.
[2020-11-03 19:57:03.757] [[32minfo[m] Encoding features...
[2020-11-03 19:57:12.189] [[32minfo[m] ...completed in 8.4 secs
[2020-11-03 19:57:13.554] [[32minfo[m] Regression inference
[2020-11-03 19:57:14.938] [[32minfo[m] Predicting...
[2020-11-03 19:57:36.216] [[32minfo[m] ...completed in 21.3 secs
[2020-11-03 19:57:36.220] [[32minfo[m] scores 454404
[2020-11-03 19:57:36.220] [[32minfo[m] [35] 1566,0.09788
[2020-11-03 19:57:36.220] [[32minfo[m] [36] 3935,0.24594
[2020-11-03 19:57:36.220] [[32minfo[m] [37] 920,0.05750
[2020-11-03 19:57:36.220] [[32minfo[m] [73] 1282,0.08013
[2020-11-03 19:57:36.220] [[32minfo[m] [74] 3889,0.24306
[2020-11-03 19:57:36.220] [[32minfo[m] [75] 3016,0.18850
[2020-11-03 19:57:36.220] [[32minfo[m] [208] 2501,0.15631
[2020-11-03 19:57:36.220] [[32minfo[m] [265] 849,0.05306
Num. customers: 454404
Average churn: 2.05
result:  35.43011
11
/repo/tco-customerchurn/data /repo/tco-customerchurn/submission/code/experiments/regr33
/repo/tco-customerchurn/submission/code/experiments/regr33
[2020-11-03 19:57:41.805] [[32minfo[m] Start
[2020-11-03 19:57:41.805] [[32minfo[m] Training
[2020-11-03 19:57:41.805] [[32minfo[m] JSON: read encodings from encoding-20.json
[2020-11-03 19:57:41.806] [[32minfo[m] CSV: reading history_mix_1to3.csv ...
[2020-11-03 19:57:42.572] [[32minfo[m] ...completed in 0.8 secs
[2020-11-03 19:57:42.572] [[32minfo[m] CSV: read 108808 rows with categorical features and 108808 rows with numerical ones.
[2020-11-03 19:57:42.580] [[32minfo[m] Encoding features...
[2020-11-03 19:57:44.524] [[32minfo[m] ...completed in 1.9 secs
[2020-11-03 19:57:45.797] [[32minfo[m] Regression requested
[2020-11-03 19:57:47.116] [[32minfo[m] Model restored from trained_10.model
[2020-11-03 19:57:47.120] [[32minfo[m] C 16000 T 16000 s 20.0 w -1 boost-tpf 1 nepochs 1 L MAE, C1 0.000000 no-seasonal
[2020-11-03 19:57:47.120] [[32minfo[m] Partial fit initiated for 1 epoch(s)...
[2020-11-03 20:00:14.754] [[32minfo[m] ...completed in 147.6 secs.
[2020-11-03 20:00:16.110] [[32minfo[m] Model saved into trained_11.model
[2020-11-03 20:00:16.417] [[32minfo[m] Start
[2020-11-03 20:00:16.417] [[32minfo[m] Inference
[2020-11-03 20:00:16.417] [[32minfo[m] JSON: read encodings from encoding-20.json
[2020-11-03 20:00:16.417] [[32minfo[m] CSV: reading input.csv ...
[2020-11-03 20:00:19.575] [[32minfo[m] ...completed in 3.2 secs
[2020-11-03 20:00:19.575] [[32minfo[m] CSV: read 454404 rows with categorical features and 454404 rows with numerical ones.
[2020-11-03 20:00:19.630] [[32minfo[m] Encoding features...
[2020-11-03 20:00:28.377] [[32minfo[m] ...completed in 8.7 secs
[2020-11-03 20:00:29.786] [[32minfo[m] Regression inference
[2020-11-03 20:00:31.097] [[32minfo[m] Predicting...
[2020-11-03 20:00:53.022] [[32minfo[m] ...completed in 21.9 secs
[2020-11-03 20:00:53.025] [[32minfo[m] scores 454404
[2020-11-03 20:00:53.025] [[32minfo[m] [35] 2277,0.14231
[2020-11-03 20:00:53.025] [[32minfo[m] [36] 2981,0.18631
[2020-11-03 20:00:53.025] [[32minfo[m] [37] 1431,0.08944
[2020-11-03 20:00:53.025] [[32minfo[m] [73] 725,0.04531
[2020-11-03 20:00:53.025] [[32minfo[m] [74] 4793,0.29956
[2020-11-03 20:00:53.025] [[32minfo[m] [75] 2449,0.15306
[2020-11-03 20:00:53.025] [[32minfo[m] [208] 3842,0.24013
[2020-11-03 20:00:53.025] [[32minfo[m] [265] 1250,0.07812
Num. customers: 454404
Average churn: 2.05
result:  35.49462
12
/repo/tco-customerchurn/data /repo/tco-customerchurn/submission/code/experiments/regr33
/repo/tco-customerchurn/submission/code/experiments/regr33
[2020-11-03 20:00:58.636] [[32minfo[m] Start
[2020-11-03 20:00:58.636] [[32minfo[m] Training
[2020-11-03 20:00:58.637] [[32minfo[m] JSON: read encodings from encoding-20.json
[2020-11-03 20:00:58.637] [[32minfo[m] CSV: reading history_mix_1to3.csv ...
[2020-11-03 20:00:59.365] [[32minfo[m] ...completed in 0.7 secs
[2020-11-03 20:00:59.365] [[32minfo[m] CSV: read 108808 rows with categorical features and 108808 rows with numerical ones.
[2020-11-03 20:00:59.372] [[32minfo[m] Encoding features...
[2020-11-03 20:01:01.352] [[32minfo[m] ...completed in 2.0 secs
[2020-11-03 20:01:02.609] [[32minfo[m] Regression requested
[2020-11-03 20:01:03.915] [[32minfo[m] Model restored from trained_11.model
[2020-11-03 20:01:03.917] [[32minfo[m] C 16000 T 16000 s 20.0 w -1 boost-tpf 1 nepochs 1 L MAE, C1 0.000000 no-seasonal
[2020-11-03 20:01:03.918] [[32minfo[m] Partial fit initiated for 1 epoch(s)...
[2020-11-03 20:03:45.718] [[32minfo[m] ...completed in 161.8 secs.
[2020-11-03 20:03:47.275] [[32minfo[m] Model saved into trained_12.model
[2020-11-03 20:03:47.541] [[32minfo[m] Start
[2020-11-03 20:03:47.541] [[32minfo[m] Inference
[2020-11-03 20:03:47.542] [[32minfo[m] JSON: read encodings from encoding-20.json
[2020-11-03 20:03:47.542] [[32minfo[m] CSV: reading input.csv ...
[2020-11-03 20:03:50.703] [[32minfo[m] ...completed in 3.2 secs
[2020-11-03 20:03:50.703] [[32minfo[m] CSV: read 454404 rows with categorical features and 454404 rows with numerical ones.
[2020-11-03 20:03:50.752] [[32minfo[m] Encoding features...
[2020-11-03 20:03:59.430] [[32minfo[m] ...completed in 8.7 secs
[2020-11-03 20:04:00.706] [[32minfo[m] Regression inference
[2020-11-03 20:04:02.115] [[32minfo[m] Predicting...
[2020-11-03 20:04:22.975] [[32minfo[m] ...completed in 20.9 secs
[2020-11-03 20:04:22.977] [[32minfo[m] scores 454404
[2020-11-03 20:04:22.977] [[32minfo[m] [35] 1409,0.08806
[2020-11-03 20:04:22.977] [[32minfo[m] [36] 3791,0.23694
[2020-11-03 20:04:22.977] [[32minfo[m] [37] 1471,0.09194
[2020-11-03 20:04:22.977] [[32minfo[m] [73] 1137,0.07106
[2020-11-03 20:04:22.977] [[32minfo[m] [74] 3401,0.21256
[2020-11-03 20:04:22.977] [[32minfo[m] [75] 1940,0.12125
[2020-11-03 20:04:22.977] [[32minfo[m] [208] 2804,0.17525
[2020-11-03 20:04:22.977] [[32minfo[m] [265] 1842,0.11513
Num. customers: 454404
Average churn: 2.05
result:  35.48387
13
/repo/tco-customerchurn/data /repo/tco-customerchurn/submission/code/experiments/regr33
/repo/tco-customerchurn/submission/code/experiments/regr33
[2020-11-03 20:04:28.477] [[32minfo[m] Start
[2020-11-03 20:04:28.477] [[32minfo[m] Training
[2020-11-03 20:04:28.478] [[32minfo[m] JSON: read encodings from encoding-20.json
[2020-11-03 20:04:28.478] [[32minfo[m] CSV: reading history_mix_1to3.csv ...
[2020-11-03 20:04:29.241] [[32minfo[m] ...completed in 0.8 secs
[2020-11-03 20:04:29.241] [[32minfo[m] CSV: read 108808 rows with categorical features and 108808 rows with numerical ones.
[2020-11-03 20:04:29.249] [[32minfo[m] Encoding features...
[2020-11-03 20:04:31.232] [[32minfo[m] ...completed in 2.0 secs
[2020-11-03 20:04:32.496] [[32minfo[m] Regression requested
[2020-11-03 20:04:33.781] [[32minfo[m] Model restored from trained_12.model
[2020-11-03 20:04:33.785] [[32minfo[m] C 16000 T 16000 s 20.0 w -1 boost-tpf 1 nepochs 1 L MAE, C1 0.000000 no-seasonal
[2020-11-03 20:04:33.785] [[32minfo[m] Partial fit initiated for 1 epoch(s)...
[2020-11-03 20:07:01.216] [[32minfo[m] ...completed in 147.4 secs.
[2020-11-03 20:07:02.571] [[32minfo[m] Model saved into trained_13.model
[2020-11-03 20:07:02.821] [[32minfo[m] Start
[2020-11-03 20:07:02.821] [[32minfo[m] Inference
[2020-11-03 20:07:02.821] [[32minfo[m] JSON: read encodings from encoding-20.json
[2020-11-03 20:07:02.821] [[32minfo[m] CSV: reading input.csv ...
[2020-11-03 20:07:06.123] [[32minfo[m] ...completed in 3.3 secs
[2020-11-03 20:07:06.123] [[32minfo[m] CSV: read 454404 rows with categorical features and 454404 rows with numerical ones.
[2020-11-03 20:07:06.180] [[32minfo[m] Encoding features...
[2020-11-03 20:07:14.580] [[32minfo[m] ...completed in 8.4 secs
[2020-11-03 20:07:15.835] [[32minfo[m] Regression inference
[2020-11-03 20:07:17.171] [[32minfo[m] Predicting...
[2020-11-03 20:07:38.037] [[32minfo[m] ...completed in 20.9 secs
[2020-11-03 20:07:38.040] [[32minfo[m] scores 454404
[2020-11-03 20:07:38.040] [[32minfo[m] [35] 1834,0.11463
[2020-11-03 20:07:38.040] [[32minfo[m] [36] 3041,0.19006
[2020-11-03 20:07:38.040] [[32minfo[m] [37] 1250,0.07812
[2020-11-03 20:07:38.040] [[32minfo[m] [73] 1628,0.10175
[2020-11-03 20:07:38.040] [[32minfo[m] [74] 3079,0.19244
[2020-11-03 20:07:38.040] [[32minfo[m] [75] 1746,0.10912
[2020-11-03 20:07:38.040] [[32minfo[m] [208] 2980,0.18625
[2020-11-03 20:07:38.040] [[32minfo[m] [265] 1180,0.07375
Num. customers: 454404
Average churn: 2.05
result:  35.18280
14
/repo/tco-customerchurn/data /repo/tco-customerchurn/submission/code/experiments/regr33
/repo/tco-customerchurn/submission/code/experiments/regr33
[2020-11-03 20:07:43.460] [[32minfo[m] Start
[2020-11-03 20:07:43.460] [[32minfo[m] Training
[2020-11-03 20:07:43.461] [[32minfo[m] JSON: read encodings from encoding-20.json
[2020-11-03 20:07:43.461] [[32minfo[m] CSV: reading history_mix_1to3.csv ...
[2020-11-03 20:07:44.201] [[32minfo[m] ...completed in 0.7 secs
[2020-11-03 20:07:44.201] [[32minfo[m] CSV: read 108808 rows with categorical features and 108808 rows with numerical ones.
[2020-11-03 20:07:44.209] [[32minfo[m] Encoding features...
[2020-11-03 20:07:46.194] [[32minfo[m] ...completed in 2.0 secs
[2020-11-03 20:07:47.472] [[32minfo[m] Regression requested
[2020-11-03 20:07:48.792] [[32minfo[m] Model restored from trained_13.model
[2020-11-03 20:07:48.795] [[32minfo[m] C 16000 T 16000 s 20.0 w -1 boost-tpf 1 nepochs 1 L MAE, C1 0.000000 no-seasonal
[2020-11-03 20:07:48.796] [[32minfo[m] Partial fit initiated for 1 epoch(s)...
[2020-11-03 20:10:17.493] [[32minfo[m] ...completed in 148.7 secs.
[2020-11-03 20:10:18.970] [[32minfo[m] Model saved into trained_14.model
[2020-11-03 20:10:19.235] [[32minfo[m] Start
[2020-11-03 20:10:19.235] [[32minfo[m] Inference
[2020-11-03 20:10:19.236] [[32minfo[m] JSON: read encodings from encoding-20.json
[2020-11-03 20:10:19.236] [[32minfo[m] CSV: reading input.csv ...
[2020-11-03 20:10:22.475] [[32minfo[m] ...completed in 3.2 secs
[2020-11-03 20:10:22.475] [[32minfo[m] CSV: read 454404 rows with categorical features and 454404 rows with numerical ones.
[2020-11-03 20:10:22.520] [[32minfo[m] Encoding features...
[2020-11-03 20:10:31.532] [[32minfo[m] ...completed in 9.0 secs
[2020-11-03 20:10:32.841] [[32minfo[m] Regression inference
[2020-11-03 20:10:34.223] [[32minfo[m] Predicting...
[2020-11-03 20:10:56.008] [[32minfo[m] ...completed in 21.8 secs
[2020-11-03 20:10:56.011] [[32minfo[m] scores 454404
[2020-11-03 20:10:56.011] [[32minfo[m] [35] 2151,0.13444
[2020-11-03 20:10:56.011] [[32minfo[m] [36] 3248,0.20300
[2020-11-03 20:10:56.011] [[32minfo[m] [37] 1090,0.06813
[2020-11-03 20:10:56.011] [[32minfo[m] [73] 848,0.05300
[2020-11-03 20:10:56.011] [[32minfo[m] [74] 3234,0.20212
[2020-11-03 20:10:56.011] [[32minfo[m] [75] 3451,0.21569
[2020-11-03 20:10:56.011] [[32minfo[m] [208] 3217,0.20106
[2020-11-03 20:10:56.011] [[32minfo[m] [265] 996,0.06225
Num. customers: 454404
Average churn: 2.05
result:  35.61290
15
/repo/tco-customerchurn/data /repo/tco-customerchurn/submission/code/experiments/regr33
/repo/tco-customerchurn/submission/code/experiments/regr33
[2020-11-03 20:11:01.428] [[32minfo[m] Start
[2020-11-03 20:11:01.428] [[32minfo[m] Training
[2020-11-03 20:11:01.428] [[32minfo[m] JSON: read encodings from encoding-20.json
[2020-11-03 20:11:01.428] [[32minfo[m] CSV: reading history_mix_1to3.csv ...
[2020-11-03 20:11:02.226] [[32minfo[m] ...completed in 0.8 secs
[2020-11-03 20:11:02.226] [[32minfo[m] CSV: read 108808 rows with categorical features and 108808 rows with numerical ones.
[2020-11-03 20:11:02.234] [[32minfo[m] Encoding features...
[2020-11-03 20:11:04.228] [[32minfo[m] ...completed in 2.0 secs
[2020-11-03 20:11:05.522] [[32minfo[m] Regression requested
[2020-11-03 20:11:06.830] [[32minfo[m] Model restored from trained_14.model
[2020-11-03 20:11:06.833] [[32minfo[m] C 16000 T 16000 s 20.0 w -1 boost-tpf 1 nepochs 1 L MAE, C1 0.000000 no-seasonal
[2020-11-03 20:11:06.833] [[32minfo[m] Partial fit initiated for 1 epoch(s)...
[2020-11-03 20:13:49.119] [[32minfo[m] ...completed in 162.3 secs.
[2020-11-03 20:13:50.601] [[32minfo[m] Model saved into trained_15.model
[2020-11-03 20:13:50.866] [[32minfo[m] Start
[2020-11-03 20:13:50.866] [[32minfo[m] Inference
[2020-11-03 20:13:50.866] [[32minfo[m] JSON: read encodings from encoding-20.json
[2020-11-03 20:13:50.867] [[32minfo[m] CSV: reading input.csv ...
[2020-11-03 20:13:53.988] [[32minfo[m] ...completed in 3.1 secs
[2020-11-03 20:13:53.988] [[32minfo[m] CSV: read 454404 rows with categorical features and 454404 rows with numerical ones.
[2020-11-03 20:13:54.036] [[32minfo[m] Encoding features...
[2020-11-03 20:14:02.803] [[32minfo[m] ...completed in 8.8 secs
[2020-11-03 20:14:04.166] [[32minfo[m] Regression inference
[2020-11-03 20:14:05.527] [[32minfo[m] Predicting...
[2020-11-03 20:14:26.739] [[32minfo[m] ...completed in 21.2 secs
[2020-11-03 20:14:26.742] [[32minfo[m] scores 454404
[2020-11-03 20:14:26.743] [[32minfo[m] [35] 1807,0.11294
[2020-11-03 20:14:26.743] [[32minfo[m] [36] 3301,0.20631
[2020-11-03 20:14:26.743] [[32minfo[m] [37] 1077,0.06731
[2020-11-03 20:14:26.743] [[32minfo[m] [73] 937,0.05856
[2020-11-03 20:14:26.743] [[32minfo[m] [74] 2992,0.18700
[2020-11-03 20:14:26.743] [[32minfo[m] [75] 3217,0.20106
[2020-11-03 20:14:26.743] [[32minfo[m] [208] 3449,0.21556
[2020-11-03 20:14:26.743] [[32minfo[m] [265] 1596,0.09975
Num. customers: 454404
Average churn: 2.05
result:  35.53763
16
/repo/tco-customerchurn/data /repo/tco-customerchurn/submission/code/experiments/regr33
/repo/tco-customerchurn/submission/code/experiments/regr33
[2020-11-03 20:14:32.196] [[32minfo[m] Start
[2020-11-03 20:14:32.196] [[32minfo[m] Training
[2020-11-03 20:14:32.196] [[32minfo[m] JSON: read encodings from encoding-20.json
[2020-11-03 20:14:32.196] [[32minfo[m] CSV: reading history_mix_1to3.csv ...
[2020-11-03 20:14:32.922] [[32minfo[m] ...completed in 0.7 secs
[2020-11-03 20:14:32.922] [[32minfo[m] CSV: read 108808 rows with categorical features and 108808 rows with numerical ones.
[2020-11-03 20:14:32.929] [[32minfo[m] Encoding features...
[2020-11-03 20:14:34.891] [[32minfo[m] ...completed in 2.0 secs
[2020-11-03 20:14:36.169] [[32minfo[m] Regression requested
[2020-11-03 20:14:37.463] [[32minfo[m] Model restored from trained_15.model
[2020-11-03 20:14:37.466] [[32minfo[m] C 16000 T 16000 s 20.0 w -1 boost-tpf 1 nepochs 1 L MAE, C1 0.000000 no-seasonal
[2020-11-03 20:14:37.467] [[32minfo[m] Partial fit initiated for 1 epoch(s)...
[2020-11-03 20:17:19.673] [[32minfo[m] ...completed in 162.2 secs.
[2020-11-03 20:17:21.135] [[32minfo[m] Model saved into trained_16.model
[2020-11-03 20:17:21.416] [[32minfo[m] Start
[2020-11-03 20:17:21.417] [[32minfo[m] Inference
[2020-11-03 20:17:21.418] [[32minfo[m] JSON: read encodings from encoding-20.json
[2020-11-03 20:17:21.418] [[32minfo[m] CSV: reading input.csv ...
[2020-11-03 20:17:24.751] [[32minfo[m] ...completed in 3.3 secs
[2020-11-03 20:17:24.751] [[32minfo[m] CSV: read 454404 rows with categorical features and 454404 rows with numerical ones.
[2020-11-03 20:17:24.801] [[32minfo[m] Encoding features...
[2020-11-03 20:17:33.240] [[32minfo[m] ...completed in 8.4 secs
[2020-11-03 20:17:34.633] [[32minfo[m] Regression inference
[2020-11-03 20:17:35.952] [[32minfo[m] Predicting...
[2020-11-03 20:17:57.157] [[32minfo[m] ...completed in 21.2 secs
[2020-11-03 20:17:57.160] [[32minfo[m] scores 454404
[2020-11-03 20:17:57.160] [[32minfo[m] [35] 1551,0.09694
[2020-11-03 20:17:57.160] [[32minfo[m] [36] 3124,0.19525
[2020-11-03 20:17:57.160] [[32minfo[m] [37] 1997,0.12481
[2020-11-03 20:17:57.160] [[32minfo[m] [73] 1399,0.08744
[2020-11-03 20:17:57.160] [[32minfo[m] [74] 3365,0.21031
[2020-11-03 20:17:57.160] [[32minfo[m] [75] 1927,0.12044
[2020-11-03 20:17:57.160] [[32minfo[m] [208] 3286,0.20538
[2020-11-03 20:17:57.160] [[32minfo[m] [265] 1505,0.09406
Num. customers: 454404
Average churn: 2.05
result:  35.44086
17
/repo/tco-customerchurn/data /repo/tco-customerchurn/submission/code/experiments/regr33
/repo/tco-customerchurn/submission/code/experiments/regr33
[2020-11-03 20:18:02.640] [[32minfo[m] Start
[2020-11-03 20:18:02.640] [[32minfo[m] Training
[2020-11-03 20:18:02.641] [[32minfo[m] JSON: read encodings from encoding-20.json
[2020-11-03 20:18:02.641] [[32minfo[m] CSV: reading history_mix_1to3.csv ...
[2020-11-03 20:18:03.434] [[32minfo[m] ...completed in 0.8 secs
[2020-11-03 20:18:03.434] [[32minfo[m] CSV: read 108808 rows with categorical features and 108808 rows with numerical ones.
[2020-11-03 20:18:03.442] [[32minfo[m] Encoding features...
[2020-11-03 20:18:05.440] [[32minfo[m] ...completed in 2.0 secs
[2020-11-03 20:18:06.692] [[32minfo[m] Regression requested
[2020-11-03 20:18:07.991] [[32minfo[m] Model restored from trained_16.model
[2020-11-03 20:18:07.993] [[32minfo[m] C 16000 T 16000 s 20.0 w -1 boost-tpf 1 nepochs 1 L MAE, C1 0.000000 no-seasonal
[2020-11-03 20:18:07.993] [[32minfo[m] Partial fit initiated for 1 epoch(s)...
[2020-11-03 20:20:50.303] [[32minfo[m] ...completed in 162.3 secs.
[2020-11-03 20:20:51.725] [[32minfo[m] Model saved into trained_17.model
[2020-11-03 20:20:51.986] [[32minfo[m] Start
[2020-11-03 20:20:51.986] [[32minfo[m] Inference
[2020-11-03 20:20:51.987] [[32minfo[m] JSON: read encodings from encoding-20.json
[2020-11-03 20:20:51.987] [[32minfo[m] CSV: reading input.csv ...
[2020-11-03 20:20:55.262] [[32minfo[m] ...completed in 3.3 secs
[2020-11-03 20:20:55.262] [[32minfo[m] CSV: read 454404 rows with categorical features and 454404 rows with numerical ones.
[2020-11-03 20:20:55.320] [[32minfo[m] Encoding features...
[2020-11-03 20:21:03.931] [[32minfo[m] ...completed in 8.6 secs
[2020-11-03 20:21:05.297] [[32minfo[m] Regression inference
[2020-11-03 20:21:06.640] [[32minfo[m] Predicting...
[2020-11-03 20:21:27.984] [[32minfo[m] ...completed in 21.3 secs
[2020-11-03 20:21:27.988] [[32minfo[m] scores 454404
[2020-11-03 20:21:27.988] [[32minfo[m] [35] 1893,0.11831
[2020-11-03 20:21:27.988] [[32minfo[m] [36] 3508,0.21925
[2020-11-03 20:21:27.989] [[32minfo[m] [37] 1089,0.06806
[2020-11-03 20:21:27.989] [[32minfo[m] [73] 1441,0.09006
[2020-11-03 20:21:27.989] [[32minfo[m] [74] 3343,0.20894
[2020-11-03 20:21:27.989] [[32minfo[m] [75] 1763,0.11019
[2020-11-03 20:21:27.990] [[32minfo[m] [208] 3501,0.21881
[2020-11-03 20:21:27.990] [[32minfo[m] [265] 1029,0.06431
Num. customers: 454404
Average churn: 2.05
result:  35.47312
18
/repo/tco-customerchurn/data /repo/tco-customerchurn/submission/code/experiments/regr33
/repo/tco-customerchurn/submission/code/experiments/regr33
[2020-11-03 20:21:33.504] [[32minfo[m] Start
[2020-11-03 20:21:33.504] [[32minfo[m] Training
[2020-11-03 20:21:33.504] [[32minfo[m] JSON: read encodings from encoding-20.json
[2020-11-03 20:21:33.504] [[32minfo[m] CSV: reading history_mix_1to3.csv ...
[2020-11-03 20:21:34.258] [[32minfo[m] ...completed in 0.8 secs
[2020-11-03 20:21:34.258] [[32minfo[m] CSV: read 108808 rows with categorical features and 108808 rows with numerical ones.
[2020-11-03 20:21:34.265] [[32minfo[m] Encoding features...
[2020-11-03 20:21:36.246] [[32minfo[m] ...completed in 2.0 secs
[2020-11-03 20:21:37.532] [[32minfo[m] Regression requested
[2020-11-03 20:21:38.838] [[32minfo[m] Model restored from trained_17.model
[2020-11-03 20:21:38.841] [[32minfo[m] C 16000 T 16000 s 20.0 w -1 boost-tpf 1 nepochs 1 L MAE, C1 0.000000 no-seasonal
[2020-11-03 20:21:38.841] [[32minfo[m] Partial fit initiated for 1 epoch(s)...
[2020-11-03 20:24:21.191] [[32minfo[m] ...completed in 162.3 secs.
[2020-11-03 20:24:22.738] [[32minfo[m] Model saved into trained_18.model
[2020-11-03 20:24:22.996] [[32minfo[m] Start
[2020-11-03 20:24:22.996] [[32minfo[m] Inference
[2020-11-03 20:24:22.997] [[32minfo[m] JSON: read encodings from encoding-20.json
[2020-11-03 20:24:22.997] [[32minfo[m] CSV: reading input.csv ...
[2020-11-03 20:24:26.178] [[32minfo[m] ...completed in 3.2 secs
[2020-11-03 20:24:26.179] [[32minfo[m] CSV: read 454404 rows with categorical features and 454404 rows with numerical ones.
[2020-11-03 20:24:26.222] [[32minfo[m] Encoding features...
[2020-11-03 20:24:34.723] [[32minfo[m] ...completed in 8.5 secs
[2020-11-03 20:24:36.060] [[32minfo[m] Regression inference
[2020-11-03 20:24:37.352] [[32minfo[m] Predicting...
[2020-11-03 20:24:58.703] [[32minfo[m] ...completed in 21.4 secs
[2020-11-03 20:24:58.707] [[32minfo[m] scores 454404
[2020-11-03 20:24:58.707] [[32minfo[m] [35] 1431,0.08944
[2020-11-03 20:24:58.707] [[32minfo[m] [36] 2420,0.15125
[2020-11-03 20:24:58.707] [[32minfo[m] [37] 1484,0.09275
[2020-11-03 20:24:58.707] [[32minfo[m] [73] 1368,0.08550
[2020-11-03 20:24:58.707] [[32minfo[m] [74] 3398,0.21238
[2020-11-03 20:24:58.707] [[32minfo[m] [75] 1239,0.07744
[2020-11-03 20:24:58.707] [[32minfo[m] [208] 2969,0.18556
[2020-11-03 20:24:58.707] [[32minfo[m] [265] 1390,0.08687
Num. customers: 454404
Average churn: 2.05
result:  35.88172
19
/repo/tco-customerchurn/data /repo/tco-customerchurn/submission/code/experiments/regr33
/repo/tco-customerchurn/submission/code/experiments/regr33
[2020-11-03 20:25:04.509] [[32minfo[m] Start
[2020-11-03 20:25:04.509] [[32minfo[m] Training
[2020-11-03 20:25:04.510] [[32minfo[m] JSON: read encodings from encoding-20.json
[2020-11-03 20:25:04.510] [[32minfo[m] CSV: reading history_mix_1to3.csv ...
[2020-11-03 20:25:05.270] [[32minfo[m] ...completed in 0.8 secs
[2020-11-03 20:25:05.270] [[32minfo[m] CSV: read 108808 rows with categorical features and 108808 rows with numerical ones.
[2020-11-03 20:25:05.278] [[32minfo[m] Encoding features...
[2020-11-03 20:25:07.261] [[32minfo[m] ...completed in 2.0 secs
[2020-11-03 20:25:08.522] [[32minfo[m] Regression requested
[2020-11-03 20:25:09.811] [[32minfo[m] Model restored from trained_18.model
[2020-11-03 20:25:09.813] [[32minfo[m] C 16000 T 16000 s 20.0 w -1 boost-tpf 1 nepochs 1 L MAE, C1 0.000000 no-seasonal
[2020-11-03 20:25:09.814] [[32minfo[m] Partial fit initiated for 1 epoch(s)...
[2020-11-03 20:27:51.489] [[32minfo[m] ...completed in 161.7 secs.
[2020-11-03 20:27:52.916] [[32minfo[m] Model saved into trained_19.model
[2020-11-03 20:27:53.208] [[32minfo[m] Start
[2020-11-03 20:27:53.209] [[32minfo[m] Inference
[2020-11-03 20:27:53.209] [[32minfo[m] JSON: read encodings from encoding-20.json
[2020-11-03 20:27:53.209] [[32minfo[m] CSV: reading input.csv ...
[2020-11-03 20:27:56.483] [[32minfo[m] ...completed in 3.3 secs
[2020-11-03 20:27:56.483] [[32minfo[m] CSV: read 454404 rows with categorical features and 454404 rows with numerical ones.
[2020-11-03 20:27:56.545] [[32minfo[m] Encoding features...
[2020-11-03 20:28:05.059] [[32minfo[m] ...completed in 8.5 secs
[2020-11-03 20:28:06.379] [[32minfo[m] Regression inference
[2020-11-03 20:28:07.697] [[32minfo[m] Predicting...
[2020-11-03 20:28:29.516] [[32minfo[m] ...completed in 21.8 secs
[2020-11-03 20:28:29.519] [[32minfo[m] scores 454404
[2020-11-03 20:28:29.519] [[32minfo[m] [35] 2119,0.13244
[2020-11-03 20:28:29.519] [[32minfo[m] [36] 3220,0.20125
[2020-11-03 20:28:29.519] [[32minfo[m] [37] 1817,0.11356
[2020-11-03 20:28:29.519] [[32minfo[m] [73] 2207,0.13794
[2020-11-03 20:28:29.519] [[32minfo[m] [74] 2901,0.18131
[2020-11-03 20:28:29.519] [[32minfo[m] [75] 2946,0.18413
[2020-11-03 20:28:29.519] [[32minfo[m] [208] 2742,0.17137
[2020-11-03 20:28:29.519] [[32minfo[m] [265] 1764,0.11025
Num. customers: 454404
Average churn: 2.05
result:  35.96774
20
/repo/tco-customerchurn/data /repo/tco-customerchurn/submission/code/experiments/regr33
/repo/tco-customerchurn/submission/code/experiments/regr33
[2020-11-03 20:28:35.219] [[32minfo[m] Start
[2020-11-03 20:28:35.219] [[32minfo[m] Training
[2020-11-03 20:28:35.219] [[32minfo[m] JSON: read encodings from encoding-20.json
[2020-11-03 20:28:35.219] [[32minfo[m] CSV: reading history_mix_1to3.csv ...
[2020-11-03 20:28:35.948] [[32minfo[m] ...completed in 0.7 secs
[2020-11-03 20:28:35.948] [[32minfo[m] CSV: read 108808 rows with categorical features and 108808 rows with numerical ones.
[2020-11-03 20:28:35.955] [[32minfo[m] Encoding features...
[2020-11-03 20:28:37.912] [[32minfo[m] ...completed in 2.0 secs
[2020-11-03 20:28:39.182] [[32minfo[m] Regression requested
[2020-11-03 20:28:40.477] [[32minfo[m] Model restored from trained_19.model
[2020-11-03 20:28:40.480] [[32minfo[m] C 16000 T 16000 s 20.0 w -1 boost-tpf 1 nepochs 1 L MAE, C1 0.000000 no-seasonal
[2020-11-03 20:28:40.480] [[32minfo[m] Partial fit initiated for 1 epoch(s)...
[2020-11-03 20:31:08.739] [[32minfo[m] ...completed in 148.3 secs.
[2020-11-03 20:31:10.138] [[32minfo[m] Model saved into trained_20.model
[2020-11-03 20:31:10.393] [[32minfo[m] Start
[2020-11-03 20:31:10.393] [[32minfo[m] Inference
[2020-11-03 20:31:10.394] [[32minfo[m] JSON: read encodings from encoding-20.json
[2020-11-03 20:31:10.394] [[32minfo[m] CSV: reading input.csv ...
[2020-11-03 20:31:13.612] [[32minfo[m] ...completed in 3.2 secs
[2020-11-03 20:31:13.612] [[32minfo[m] CSV: read 454404 rows with categorical features and 454404 rows with numerical ones.
[2020-11-03 20:31:13.668] [[32minfo[m] Encoding features...
[2020-11-03 20:31:22.166] [[32minfo[m] ...completed in 8.5 secs
[2020-11-03 20:31:23.469] [[32minfo[m] Regression inference
[2020-11-03 20:31:24.809] [[32minfo[m] Predicting...
[2020-11-03 20:31:46.610] [[32minfo[m] ...completed in 21.8 secs
[2020-11-03 20:31:46.613] [[32minfo[m] scores 454404
[2020-11-03 20:31:46.613] [[32minfo[m] [35] 1761,0.11006
[2020-11-03 20:31:46.613] [[32minfo[m] [36] 3455,0.21594
[2020-11-03 20:31:46.613] [[32minfo[m] [37] 1341,0.08381
[2020-11-03 20:31:46.613] [[32minfo[m] [73] 2173,0.13581
[2020-11-03 20:31:46.613] [[32minfo[m] [74] 3686,0.23037
[2020-11-03 20:31:46.613] [[32minfo[m] [75] 1745,0.10906
[2020-11-03 20:31:46.613] [[32minfo[m] [208] 3171,0.19819
[2020-11-03 20:31:46.613] [[32minfo[m] [265] 964,0.06025
Num. customers: 454404
Average churn: 2.05
result:  35.54839
