1
/repo/tco-customerchurn/data /repo/tco-customerchurn/submission/code/experiments/regr25
/repo/tco-customerchurn/submission/code/experiments/regr25
[2020-10-31 18:36:06.835] [[32minfo[m] Start
[2020-10-31 18:36:06.836] [[32minfo[m] Training
[2020-10-31 18:36:06.836] [[32minfo[m] JSON: read encodings from encoding-20.json
[2020-10-31 18:36:06.836] [[32minfo[m] CSV: reading history_mix_1to3.csv ...
[2020-10-31 18:36:10.120] [[32minfo[m] ...completed in 3.3 secs
[2020-10-31 18:36:10.120] [[32minfo[m] CSV: read 480592 rows with categorical features and 480592 rows with numerical ones.
[2020-10-31 18:36:10.158] [[32minfo[m] Encoding features...
[2020-10-31 18:36:19.298] [[32minfo[m] ...completed in 9.1 secs
[2020-10-31 18:36:19.298] [[32minfo[m] Regression requested
[2020-10-31 18:36:19.407] [[32minfo[m] C 8000 T 16000 s 20.0 w -1 boost-tpf 1 nepochs 1 L MAE, C1 0.000000
[2020-10-31 18:36:19.407] [[32minfo[m] Partial fit initiated for 1 epoch(s)...
[2020-10-31 18:40:16.817] [[32minfo[m] ...completed in 237.4 secs.
[2020-10-31 18:40:17.519] [[32minfo[m] Model saved into trained_1.model
[2020-10-31 18:40:17.645] [[32minfo[m] Start
[2020-10-31 18:40:17.645] [[32minfo[m] Inference
[2020-10-31 18:40:17.646] [[32minfo[m] JSON: read encodings from encoding-20.json
[2020-10-31 18:40:17.646] [[32minfo[m] CSV: reading input.csv ...
[2020-10-31 18:40:21.131] [[32minfo[m] ...completed in 3.5 secs
[2020-10-31 18:40:21.132] [[32minfo[m] CSV: read 454404 rows with categorical features and 454404 rows with numerical ones.
[2020-10-31 18:40:21.178] [[32minfo[m] Encoding features...
[2020-10-31 18:40:29.873] [[32minfo[m] ...completed in 8.7 secs
[2020-10-31 18:40:30.635] [[32minfo[m] Regression inference
[2020-10-31 18:40:31.337] [[32minfo[m] Predicting...
[2020-10-31 18:40:42.997] [[32minfo[m] ...completed in 11.7 secs
[2020-10-31 18:40:42.999] [[32minfo[m] scores 454404
[2020-10-31 18:40:42.999] [[32minfo[m] [35] 2209,0.13806
[2020-10-31 18:40:42.999] [[32minfo[m] [36] 3930,0.24563
[2020-10-31 18:40:42.999] [[32minfo[m] [37] 2246,0.14037
[2020-10-31 18:40:42.999] [[32minfo[m] [73] 1914,0.11962
[2020-10-31 18:40:42.999] [[32minfo[m] [74] 4603,0.28769
[2020-10-31 18:40:42.999] [[32minfo[m] [75] 2713,0.16956
[2020-10-31 18:40:42.999] [[32minfo[m] [208] 4072,0.25450
[2020-10-31 18:40:42.999] [[32minfo[m] [265] 916,0.05725
gzip: trained_0.model: No such file or directory
Num. customers: 454404
Average churn: 2.05
result:  34.77419
2
/repo/tco-customerchurn/data /repo/tco-customerchurn/submission/code/experiments/regr25
/repo/tco-customerchurn/submission/code/experiments/regr25
[2020-10-31 18:41:01.101] [[32minfo[m] Start
[2020-10-31 18:41:01.101] [[32minfo[m] Training
[2020-10-31 18:41:01.103] [[32minfo[m] JSON: read encodings from encoding-20.json
[2020-10-31 18:41:01.103] [[32minfo[m] CSV: reading history_mix_1to3.csv ...
[2020-10-31 18:41:04.750] [[32minfo[m] ...completed in 3.6 secs
[2020-10-31 18:41:04.750] [[32minfo[m] CSV: read 480592 rows with categorical features and 480592 rows with numerical ones.
[2020-10-31 18:41:04.787] [[32minfo[m] Encoding features...
[2020-10-31 18:41:14.018] [[32minfo[m] ...completed in 9.2 secs
[2020-10-31 18:41:14.777] [[32minfo[m] Regression requested
[2020-10-31 18:41:15.463] [[32minfo[m] Model restored from trained_1.model
[2020-10-31 18:41:15.465] [[32minfo[m] C 8000 T 16000 s 20.0 w -1 boost-tpf 1 nepochs 1 L MAE, C1 0.000000
[2020-10-31 18:41:15.467] [[32minfo[m] Partial fit initiated for 1 epoch(s)...
[2020-10-31 18:45:48.326] [[32minfo[m] ...completed in 272.9 secs.
[2020-10-31 18:45:49.047] [[32minfo[m] Model saved into trained_2.model
[2020-10-31 18:45:49.305] [[32minfo[m] Start
[2020-10-31 18:45:49.305] [[32minfo[m] Inference
[2020-10-31 18:45:49.305] [[32minfo[m] JSON: read encodings from encoding-20.json
[2020-10-31 18:45:49.305] [[32minfo[m] CSV: reading input.csv ...
[2020-10-31 18:45:52.377] [[32minfo[m] ...completed in 3.1 secs
[2020-10-31 18:45:52.377] [[32minfo[m] CSV: read 454404 rows with categorical features and 454404 rows with numerical ones.
[2020-10-31 18:45:52.426] [[32minfo[m] Encoding features...
[2020-10-31 18:46:01.228] [[32minfo[m] ...completed in 8.8 secs
[2020-10-31 18:46:01.937] [[32minfo[m] Regression inference
[2020-10-31 18:46:02.585] [[32minfo[m] Predicting...
[2020-10-31 18:46:14.221] [[32minfo[m] ...completed in 11.6 secs
[2020-10-31 18:46:14.224] [[32minfo[m] scores 454404
[2020-10-31 18:46:14.224] [[32minfo[m] [35] 1868,0.11675
[2020-10-31 18:46:14.224] [[32minfo[m] [36] 4084,0.25525
[2020-10-31 18:46:14.224] [[32minfo[m] [37] 1982,0.12387
[2020-10-31 18:46:14.224] [[32minfo[m] [73] 2567,0.16044
[2020-10-31 18:46:14.224] [[32minfo[m] [74] 4337,0.27106
[2020-10-31 18:46:14.224] [[32minfo[m] [75] 2369,0.14806
[2020-10-31 18:46:14.224] [[32minfo[m] [208] 4066,0.25412
[2020-10-31 18:46:14.224] [[32minfo[m] [265] 1309,0.08181
Num. customers: 454404
Average churn: 2.05
result:  34.49462
3
/repo/tco-customerchurn/data /repo/tco-customerchurn/submission/code/experiments/regr25
/repo/tco-customerchurn/submission/code/experiments/regr25
[2020-10-31 18:46:31.935] [[32minfo[m] Start
[2020-10-31 18:46:31.935] [[32minfo[m] Training
[2020-10-31 18:46:31.935] [[32minfo[m] JSON: read encodings from encoding-20.json
[2020-10-31 18:46:31.935] [[32minfo[m] CSV: reading history_mix_1to3.csv ...
[2020-10-31 18:46:35.283] [[32minfo[m] ...completed in 3.3 secs
[2020-10-31 18:46:35.283] [[32minfo[m] CSV: read 480592 rows with categorical features and 480592 rows with numerical ones.
[2020-10-31 18:46:35.319] [[32minfo[m] Encoding features...
[2020-10-31 18:46:44.241] [[32minfo[m] ...completed in 8.9 secs
[2020-10-31 18:46:44.958] [[32minfo[m] Regression requested
[2020-10-31 18:46:45.600] [[32minfo[m] Model restored from trained_2.model
[2020-10-31 18:46:45.602] [[32minfo[m] C 8000 T 16000 s 20.0 w -1 boost-tpf 1 nepochs 1 L MAE, C1 0.000000
[2020-10-31 18:46:45.604] [[32minfo[m] Partial fit initiated for 1 epoch(s)...
[2020-10-31 18:51:19.580] [[32minfo[m] ...completed in 274.0 secs.
[2020-10-31 18:51:20.405] [[32minfo[m] Model saved into trained_3.model
[2020-10-31 18:51:20.661] [[32minfo[m] Start
[2020-10-31 18:51:20.662] [[32minfo[m] Inference
[2020-10-31 18:51:20.663] [[32minfo[m] JSON: read encodings from encoding-20.json
[2020-10-31 18:51:20.663] [[32minfo[m] CSV: reading input.csv ...
[2020-10-31 18:51:23.804] [[32minfo[m] ...completed in 3.1 secs
[2020-10-31 18:51:23.804] [[32minfo[m] CSV: read 454404 rows with categorical features and 454404 rows with numerical ones.
[2020-10-31 18:51:23.850] [[32minfo[m] Encoding features...
[2020-10-31 18:51:32.408] [[32minfo[m] ...completed in 8.6 secs
[2020-10-31 18:51:33.120] [[32minfo[m] Regression inference
[2020-10-31 18:51:33.792] [[32minfo[m] Predicting...
[2020-10-31 18:51:45.202] [[32minfo[m] ...completed in 11.4 secs
[2020-10-31 18:51:45.205] [[32minfo[m] scores 454404
[2020-10-31 18:51:45.205] [[32minfo[m] [35] 1994,0.12462
[2020-10-31 18:51:45.205] [[32minfo[m] [36] 5236,0.32725
[2020-10-31 18:51:45.205] [[32minfo[m] [37] 1761,0.11006
[2020-10-31 18:51:45.205] [[32minfo[m] [73] 1645,0.10281
[2020-10-31 18:51:45.205] [[32minfo[m] [74] 4221,0.26381
[2020-10-31 18:51:45.205] [[32minfo[m] [75] 2888,0.18050
[2020-10-31 18:51:45.205] [[32minfo[m] [208] 3538,0.22112
[2020-10-31 18:51:45.205] [[32minfo[m] [265] 1700,0.10625
Num. customers: 454404
Average churn: 2.05
result:  34.56989
4
/repo/tco-customerchurn/data /repo/tco-customerchurn/submission/code/experiments/regr25
/repo/tco-customerchurn/submission/code/experiments/regr25
[2020-10-31 18:52:03.793] [[32minfo[m] Start
[2020-10-31 18:52:03.793] [[32minfo[m] Training
[2020-10-31 18:52:03.793] [[32minfo[m] JSON: read encodings from encoding-20.json
[2020-10-31 18:52:03.793] [[32minfo[m] CSV: reading history_mix_1to3.csv ...
[2020-10-31 18:52:07.088] [[32minfo[m] ...completed in 3.3 secs
[2020-10-31 18:52:07.088] [[32minfo[m] CSV: read 480592 rows with categorical features and 480592 rows with numerical ones.
[2020-10-31 18:52:07.135] [[32minfo[m] Encoding features...
[2020-10-31 18:52:16.112] [[32minfo[m] ...completed in 9.0 secs
[2020-10-31 18:52:16.809] [[32minfo[m] Regression requested
[2020-10-31 18:52:17.434] [[32minfo[m] Model restored from trained_3.model
[2020-10-31 18:52:17.435] [[32minfo[m] C 8000 T 16000 s 20.0 w -1 boost-tpf 1 nepochs 1 L MAE, C1 0.000000
[2020-10-31 18:52:17.437] [[32minfo[m] Partial fit initiated for 1 epoch(s)...
[2020-10-31 18:56:51.711] [[32minfo[m] ...completed in 274.3 secs.
[2020-10-31 18:56:52.472] [[32minfo[m] Model saved into trained_4.model
[2020-10-31 18:56:52.719] [[32minfo[m] Start
[2020-10-31 18:56:52.719] [[32minfo[m] Inference
[2020-10-31 18:56:52.720] [[32minfo[m] JSON: read encodings from encoding-20.json
[2020-10-31 18:56:52.720] [[32minfo[m] CSV: reading input.csv ...
[2020-10-31 18:56:55.982] [[32minfo[m] ...completed in 3.3 secs
[2020-10-31 18:56:55.982] [[32minfo[m] CSV: read 454404 rows with categorical features and 454404 rows with numerical ones.
[2020-10-31 18:56:56.027] [[32minfo[m] Encoding features...
[2020-10-31 18:57:05.116] [[32minfo[m] ...completed in 9.1 secs
[2020-10-31 18:57:05.804] [[32minfo[m] Regression inference
[2020-10-31 18:57:06.493] [[32minfo[m] Predicting...
[2020-10-31 18:57:18.228] [[32minfo[m] ...completed in 11.7 secs
[2020-10-31 18:57:18.231] [[32minfo[m] scores 454404
[2020-10-31 18:57:18.231] [[32minfo[m] [35] 2790,0.17438
[2020-10-31 18:57:18.231] [[32minfo[m] [36] 3972,0.24825
[2020-10-31 18:57:18.231] [[32minfo[m] [37] 2346,0.14663
[2020-10-31 18:57:18.231] [[32minfo[m] [73] 1799,0.11244
[2020-10-31 18:57:18.231] [[32minfo[m] [74] 4017,0.25106
[2020-10-31 18:57:18.231] [[32minfo[m] [75] 1961,0.12256
[2020-10-31 18:57:18.231] [[32minfo[m] [208] 4227,0.26419
[2020-10-31 18:57:18.231] [[32minfo[m] [265] 1802,0.11263
Num. customers: 454404
Average churn: 2.05
result:  34.55914
5
/repo/tco-customerchurn/data /repo/tco-customerchurn/submission/code/experiments/regr25
/repo/tco-customerchurn/submission/code/experiments/regr25
[2020-10-31 18:57:37.215] [[32minfo[m] Start
[2020-10-31 18:57:37.215] [[32minfo[m] Training
[2020-10-31 18:57:37.224] [[32minfo[m] JSON: read encodings from encoding-20.json
[2020-10-31 18:57:37.224] [[32minfo[m] CSV: reading history_mix_1to3.csv ...
[2020-10-31 18:57:40.674] [[32minfo[m] ...completed in 3.4 secs
[2020-10-31 18:57:40.674] [[32minfo[m] CSV: read 480592 rows with categorical features and 480592 rows with numerical ones.
[2020-10-31 18:57:40.712] [[32minfo[m] Encoding features...
[2020-10-31 18:57:50.108] [[32minfo[m] ...completed in 9.4 secs
[2020-10-31 18:57:50.814] [[32minfo[m] Regression requested
[2020-10-31 18:57:51.495] [[32minfo[m] Model restored from trained_4.model
[2020-10-31 18:57:51.497] [[32minfo[m] C 8000 T 16000 s 20.0 w -1 boost-tpf 1 nepochs 1 L MAE, C1 0.000000
[2020-10-31 18:57:51.499] [[32minfo[m] Partial fit initiated for 1 epoch(s)...
[2020-10-31 19:02:25.596] [[32minfo[m] ...completed in 274.1 secs.
[2020-10-31 19:02:26.356] [[32minfo[m] Model saved into trained_5.model
[2020-10-31 19:02:26.597] [[32minfo[m] Start
[2020-10-31 19:02:26.597] [[32minfo[m] Inference
[2020-10-31 19:02:26.598] [[32minfo[m] JSON: read encodings from encoding-20.json
[2020-10-31 19:02:26.598] [[32minfo[m] CSV: reading input.csv ...
[2020-10-31 19:02:29.862] [[32minfo[m] ...completed in 3.3 secs
[2020-10-31 19:02:29.862] [[32minfo[m] CSV: read 454404 rows with categorical features and 454404 rows with numerical ones.
[2020-10-31 19:02:29.909] [[32minfo[m] Encoding features...
[2020-10-31 19:02:38.235] [[32minfo[m] ...completed in 8.3 secs
[2020-10-31 19:02:38.937] [[32minfo[m] Regression inference
[2020-10-31 19:02:39.593] [[32minfo[m] Predicting...
[2020-10-31 19:02:51.270] [[32minfo[m] ...completed in 11.7 secs
[2020-10-31 19:02:51.272] [[32minfo[m] scores 454404
[2020-10-31 19:02:51.273] [[32minfo[m] [35] 2451,0.15319
[2020-10-31 19:02:51.273] [[32minfo[m] [36] 3688,0.23050
[2020-10-31 19:02:51.273] [[32minfo[m] [37] 2717,0.16981
[2020-10-31 19:02:51.273] [[32minfo[m] [73] 2475,0.15469
[2020-10-31 19:02:51.273] [[32minfo[m] [74] 4110,0.25688
[2020-10-31 19:02:51.273] [[32minfo[m] [75] 2715,0.16969
[2020-10-31 19:02:51.273] [[32minfo[m] [208] 4151,0.25944
[2020-10-31 19:02:51.273] [[32minfo[m] [265] 2022,0.12637
Num. customers: 454404
Average churn: 2.05
result:  34.52688
6
/repo/tco-customerchurn/data /repo/tco-customerchurn/submission/code/experiments/regr25
/repo/tco-customerchurn/submission/code/experiments/regr25
[2020-10-31 19:03:08.795] [[32minfo[m] Start
[2020-10-31 19:03:08.795] [[32minfo[m] Training
[2020-10-31 19:03:08.796] [[32minfo[m] JSON: read encodings from encoding-20.json
[2020-10-31 19:03:08.796] [[32minfo[m] CSV: reading history_mix_1to3.csv ...
[2020-10-31 19:03:11.950] [[32minfo[m] ...completed in 3.2 secs
[2020-10-31 19:03:11.950] [[32minfo[m] CSV: read 480592 rows with categorical features and 480592 rows with numerical ones.
[2020-10-31 19:03:11.987] [[32minfo[m] Encoding features...
[2020-10-31 19:03:21.027] [[32minfo[m] ...completed in 9.0 secs
[2020-10-31 19:03:21.747] [[32minfo[m] Regression requested
[2020-10-31 19:03:22.396] [[32minfo[m] Model restored from trained_5.model
[2020-10-31 19:03:22.398] [[32minfo[m] C 8000 T 16000 s 20.0 w -1 boost-tpf 1 nepochs 1 L MAE, C1 0.000000
[2020-10-31 19:03:22.400] [[32minfo[m] Partial fit initiated for 1 epoch(s)...
[2020-10-31 19:07:57.576] [[32minfo[m] ...completed in 275.2 secs.
[2020-10-31 19:07:58.338] [[32minfo[m] Model saved into trained_6.model
[2020-10-31 19:07:58.593] [[32minfo[m] Start
[2020-10-31 19:07:58.593] [[32minfo[m] Inference
[2020-10-31 19:07:58.594] [[32minfo[m] JSON: read encodings from encoding-20.json
[2020-10-31 19:07:58.594] [[32minfo[m] CSV: reading input.csv ...
[2020-10-31 19:08:01.844] [[32minfo[m] ...completed in 3.3 secs
[2020-10-31 19:08:01.844] [[32minfo[m] CSV: read 454404 rows with categorical features and 454404 rows with numerical ones.
[2020-10-31 19:08:01.897] [[32minfo[m] Encoding features...
[2020-10-31 19:08:10.687] [[32minfo[m] ...completed in 8.8 secs
[2020-10-31 19:08:11.368] [[32minfo[m] Regression inference
[2020-10-31 19:08:12.067] [[32minfo[m] Predicting...
[2020-10-31 19:08:23.730] [[32minfo[m] ...completed in 11.7 secs
[2020-10-31 19:08:23.732] [[32minfo[m] scores 454404
[2020-10-31 19:08:23.732] [[32minfo[m] [35] 2212,0.13825
[2020-10-31 19:08:23.732] [[32minfo[m] [36] 4015,0.25094
[2020-10-31 19:08:23.732] [[32minfo[m] [37] 2344,0.14650
[2020-10-31 19:08:23.732] [[32minfo[m] [73] 1879,0.11744
[2020-10-31 19:08:23.732] [[32minfo[m] [74] 4675,0.29219
[2020-10-31 19:08:23.732] [[32minfo[m] [75] 3308,0.20675
[2020-10-31 19:08:23.732] [[32minfo[m] [208] 3118,0.19487
[2020-10-31 19:08:23.732] [[32minfo[m] [265] 1815,0.11344
Num. customers: 454404
Average churn: 2.05
result:  34.53763
7
/repo/tco-customerchurn/data /repo/tco-customerchurn/submission/code/experiments/regr25
/repo/tco-customerchurn/submission/code/experiments/regr25
[2020-10-31 19:08:41.448] [[32minfo[m] Start
[2020-10-31 19:08:41.449] [[32minfo[m] Training
[2020-10-31 19:08:41.450] [[32minfo[m] JSON: read encodings from encoding-20.json
[2020-10-31 19:08:41.451] [[32minfo[m] CSV: reading history_mix_1to3.csv ...
[2020-10-31 19:08:44.788] [[32minfo[m] ...completed in 3.3 secs
[2020-10-31 19:08:44.788] [[32minfo[m] CSV: read 480592 rows with categorical features and 480592 rows with numerical ones.
[2020-10-31 19:08:44.824] [[32minfo[m] Encoding features...
[2020-10-31 19:08:53.843] [[32minfo[m] ...completed in 9.0 secs
[2020-10-31 19:08:54.551] [[32minfo[m] Regression requested
[2020-10-31 19:08:55.221] [[32minfo[m] Model restored from trained_6.model
[2020-10-31 19:08:55.222] [[32minfo[m] C 8000 T 16000 s 20.0 w -1 boost-tpf 1 nepochs 1 L MAE, C1 0.000000
[2020-10-31 19:08:55.224] [[32minfo[m] Partial fit initiated for 1 epoch(s)...
[2020-10-31 19:13:30.280] [[32minfo[m] ...completed in 275.1 secs.
[2020-10-31 19:13:31.084] [[32minfo[m] Model saved into trained_7.model
[2020-10-31 19:13:31.335] [[32minfo[m] Start
[2020-10-31 19:13:31.336] [[32minfo[m] Inference
[2020-10-31 19:13:31.336] [[32minfo[m] JSON: read encodings from encoding-20.json
[2020-10-31 19:13:31.336] [[32minfo[m] CSV: reading input.csv ...
[2020-10-31 19:13:34.760] [[32minfo[m] ...completed in 3.4 secs
[2020-10-31 19:13:34.761] [[32minfo[m] CSV: read 454404 rows with categorical features and 454404 rows with numerical ones.
[2020-10-31 19:13:34.807] [[32minfo[m] Encoding features...
[2020-10-31 19:13:43.638] [[32minfo[m] ...completed in 8.8 secs
[2020-10-31 19:13:44.407] [[32minfo[m] Regression inference
[2020-10-31 19:13:45.136] [[32minfo[m] Predicting...
[2020-10-31 19:13:56.799] [[32minfo[m] ...completed in 11.7 secs
[2020-10-31 19:13:56.801] [[32minfo[m] scores 454404
[2020-10-31 19:13:56.801] [[32minfo[m] [35] 2901,0.18131
[2020-10-31 19:13:56.801] [[32minfo[m] [36] 4324,0.27025
[2020-10-31 19:13:56.801] [[32minfo[m] [37] 2741,0.17131
[2020-10-31 19:13:56.801] [[32minfo[m] [73] 2705,0.16906
[2020-10-31 19:13:56.801] [[32minfo[m] [74] 5905,0.36906
[2020-10-31 19:13:56.801] [[32minfo[m] [75] 3648,0.22800
[2020-10-31 19:13:56.801] [[32minfo[m] [208] 3982,0.24888
[2020-10-31 19:13:56.801] [[32minfo[m] [265] 1458,0.09112
Num. customers: 454404
Average churn: 2.05
result:  34.39785
8
/repo/tco-customerchurn/data /repo/tco-customerchurn/submission/code/experiments/regr25
/repo/tco-customerchurn/submission/code/experiments/regr25
[2020-10-31 19:14:15.330] [[32minfo[m] Start
[2020-10-31 19:14:15.331] [[32minfo[m] Training
[2020-10-31 19:14:15.331] [[32minfo[m] JSON: read encodings from encoding-20.json
[2020-10-31 19:14:15.331] [[32minfo[m] CSV: reading history_mix_1to3.csv ...
[2020-10-31 19:14:18.536] [[32minfo[m] ...completed in 3.2 secs
[2020-10-31 19:14:18.536] [[32minfo[m] CSV: read 480592 rows with categorical features and 480592 rows with numerical ones.
[2020-10-31 19:14:18.572] [[32minfo[m] Encoding features...
[2020-10-31 19:14:27.788] [[32minfo[m] ...completed in 9.2 secs
[2020-10-31 19:14:28.510] [[32minfo[m] Regression requested
[2020-10-31 19:14:29.145] [[32minfo[m] Model restored from trained_7.model
[2020-10-31 19:14:29.147] [[32minfo[m] C 8000 T 16000 s 20.0 w -1 boost-tpf 1 nepochs 1 L MAE, C1 0.000000
[2020-10-31 19:14:29.150] [[32minfo[m] Partial fit initiated for 1 epoch(s)...
[2020-10-31 19:19:01.264] [[32minfo[m] ...completed in 272.1 secs.
[2020-10-31 19:19:02.122] [[32minfo[m] Model saved into trained_8.model
[2020-10-31 19:19:02.404] [[32minfo[m] Start
[2020-10-31 19:19:02.404] [[32minfo[m] Inference
[2020-10-31 19:19:02.405] [[32minfo[m] JSON: read encodings from encoding-20.json
[2020-10-31 19:19:02.405] [[32minfo[m] CSV: reading input.csv ...
[2020-10-31 19:19:05.552] [[32minfo[m] ...completed in 3.1 secs
[2020-10-31 19:19:05.552] [[32minfo[m] CSV: read 454404 rows with categorical features and 454404 rows with numerical ones.
[2020-10-31 19:19:05.603] [[32minfo[m] Encoding features...
[2020-10-31 19:19:14.574] [[32minfo[m] ...completed in 9.0 secs
[2020-10-31 19:19:15.273] [[32minfo[m] Regression inference
[2020-10-31 19:19:15.963] [[32minfo[m] Predicting...
[2020-10-31 19:19:27.535] [[32minfo[m] ...completed in 11.6 secs
[2020-10-31 19:19:27.538] [[32minfo[m] scores 454404
[2020-10-31 19:19:27.538] [[32minfo[m] [35] 1812,0.11325
[2020-10-31 19:19:27.538] [[32minfo[m] [36] 3584,0.22400
[2020-10-31 19:19:27.538] [[32minfo[m] [37] 2985,0.18656
[2020-10-31 19:19:27.538] [[32minfo[m] [73] 1762,0.11013
[2020-10-31 19:19:27.538] [[32minfo[m] [74] 4442,0.27763
[2020-10-31 19:19:27.538] [[32minfo[m] [75] 2332,0.14575
[2020-10-31 19:19:27.538] [[32minfo[m] [208] 2806,0.17538
[2020-10-31 19:19:27.538] [[32minfo[m] [265] 1330,0.08313
Num. customers: 454404
Average churn: 2.05
result:  34.18280
9
/repo/tco-customerchurn/data /repo/tco-customerchurn/submission/code/experiments/regr25
/repo/tco-customerchurn/submission/code/experiments/regr25
[2020-10-31 19:19:45.765] [[32minfo[m] Start
[2020-10-31 19:19:45.765] [[32minfo[m] Training
[2020-10-31 19:19:45.765] [[32minfo[m] JSON: read encodings from encoding-20.json
[2020-10-31 19:19:45.765] [[32minfo[m] CSV: reading history_mix_1to3.csv ...
[2020-10-31 19:19:48.972] [[32minfo[m] ...completed in 3.2 secs
[2020-10-31 19:19:48.972] [[32minfo[m] CSV: read 480592 rows with categorical features and 480592 rows with numerical ones.
[2020-10-31 19:19:49.011] [[32minfo[m] Encoding features...
[2020-10-31 19:19:58.182] [[32minfo[m] ...completed in 9.2 secs
[2020-10-31 19:19:58.926] [[32minfo[m] Regression requested
[2020-10-31 19:19:59.581] [[32minfo[m] Model restored from trained_8.model
[2020-10-31 19:19:59.583] [[32minfo[m] C 8000 T 16000 s 20.0 w -1 boost-tpf 1 nepochs 1 L MAE, C1 0.000000
[2020-10-31 19:19:59.585] [[32minfo[m] Partial fit initiated for 1 epoch(s)...
[2020-10-31 19:24:32.812] [[32minfo[m] ...completed in 273.2 secs.
[2020-10-31 19:24:33.558] [[32minfo[m] Model saved into trained_9.model
[2020-10-31 19:24:33.808] [[32minfo[m] Start
[2020-10-31 19:24:33.808] [[32minfo[m] Inference
[2020-10-31 19:24:33.809] [[32minfo[m] JSON: read encodings from encoding-20.json
[2020-10-31 19:24:33.809] [[32minfo[m] CSV: reading input.csv ...
[2020-10-31 19:24:37.198] [[32minfo[m] ...completed in 3.4 secs
[2020-10-31 19:24:37.198] [[32minfo[m] CSV: read 454404 rows with categorical features and 454404 rows with numerical ones.
[2020-10-31 19:24:37.244] [[32minfo[m] Encoding features...
[2020-10-31 19:24:45.926] [[32minfo[m] ...completed in 8.7 secs
[2020-10-31 19:24:46.621] [[32minfo[m] Regression inference
[2020-10-31 19:24:47.302] [[32minfo[m] Predicting...
[2020-10-31 19:24:58.789] [[32minfo[m] ...completed in 11.5 secs
[2020-10-31 19:24:58.791] [[32minfo[m] scores 454404
[2020-10-31 19:24:58.792] [[32minfo[m] [35] 2220,0.13875
[2020-10-31 19:24:58.792] [[32minfo[m] [36] 4312,0.26950
[2020-10-31 19:24:58.792] [[32minfo[m] [37] 2268,0.14175
[2020-10-31 19:24:58.792] [[32minfo[m] [73] 2638,0.16487
[2020-10-31 19:24:58.792] [[32minfo[m] [74] 5275,0.32969
[2020-10-31 19:24:58.792] [[32minfo[m] [75] 2797,0.17481
[2020-10-31 19:24:58.792] [[32minfo[m] [208] 3330,0.20813
[2020-10-31 19:24:58.792] [[32minfo[m] [265] 2174,0.13587
Num. customers: 454404
Average churn: 2.05
result:  34.10753
10
/repo/tco-customerchurn/data /repo/tco-customerchurn/submission/code/experiments/regr25
/repo/tco-customerchurn/submission/code/experiments/regr25
[2020-10-31 19:25:17.682] [[32minfo[m] Start
[2020-10-31 19:25:17.682] [[32minfo[m] Training
[2020-10-31 19:25:17.683] [[32minfo[m] JSON: read encodings from encoding-20.json
[2020-10-31 19:25:17.683] [[32minfo[m] CSV: reading history_mix_1to3.csv ...
[2020-10-31 19:25:21.057] [[32minfo[m] ...completed in 3.4 secs
[2020-10-31 19:25:21.057] [[32minfo[m] CSV: read 480592 rows with categorical features and 480592 rows with numerical ones.
[2020-10-31 19:25:21.098] [[32minfo[m] Encoding features...
[2020-10-31 19:25:30.067] [[32minfo[m] ...completed in 9.0 secs
[2020-10-31 19:25:30.797] [[32minfo[m] Regression requested
[2020-10-31 19:25:31.500] [[32minfo[m] Model restored from trained_9.model
[2020-10-31 19:25:31.501] [[32minfo[m] C 8000 T 16000 s 20.0 w -1 boost-tpf 1 nepochs 1 L MAE, C1 0.000000
[2020-10-31 19:25:31.505] [[32minfo[m] Partial fit initiated for 1 epoch(s)...
[2020-10-31 19:30:06.351] [[32minfo[m] ...completed in 274.8 secs.
[2020-10-31 19:30:07.145] [[32minfo[m] Model saved into trained_10.model
[2020-10-31 19:30:07.397] [[32minfo[m] Start
[2020-10-31 19:30:07.397] [[32minfo[m] Inference
[2020-10-31 19:30:07.397] [[32minfo[m] JSON: read encodings from encoding-20.json
[2020-10-31 19:30:07.397] [[32minfo[m] CSV: reading input.csv ...
[2020-10-31 19:30:10.731] [[32minfo[m] ...completed in 3.3 secs
[2020-10-31 19:30:10.731] [[32minfo[m] CSV: read 454404 rows with categorical features and 454404 rows with numerical ones.
[2020-10-31 19:30:10.784] [[32minfo[m] Encoding features...
[2020-10-31 19:30:19.596] [[32minfo[m] ...completed in 8.8 secs
[2020-10-31 19:30:20.334] [[32minfo[m] Regression inference
[2020-10-31 19:30:21.010] [[32minfo[m] Predicting...
[2020-10-31 19:30:32.578] [[32minfo[m] ...completed in 11.6 secs
[2020-10-31 19:30:32.581] [[32minfo[m] scores 454404
[2020-10-31 19:30:32.581] [[32minfo[m] [35] 2667,0.16669
[2020-10-31 19:30:32.581] [[32minfo[m] [36] 3260,0.20375
[2020-10-31 19:30:32.581] [[32minfo[m] [37] 1935,0.12094
[2020-10-31 19:30:32.581] [[32minfo[m] [73] 2043,0.12769
[2020-10-31 19:30:32.581] [[32minfo[m] [74] 4410,0.27563
[2020-10-31 19:30:32.581] [[32minfo[m] [75] 3287,0.20544
[2020-10-31 19:30:32.581] [[32minfo[m] [208] 3403,0.21269
[2020-10-31 19:30:32.581] [[32minfo[m] [265] 1441,0.09006
Num. customers: 454404
Average churn: 2.05
result:  34.24731
11
/repo/tco-customerchurn/data /repo/tco-customerchurn/submission/code/experiments/regr25
/repo/tco-customerchurn/submission/code/experiments/regr25
[2020-10-31 19:30:51.683] [[32minfo[m] Start
[2020-10-31 19:30:51.683] [[32minfo[m] Training
[2020-10-31 19:30:51.684] [[32minfo[m] JSON: read encodings from encoding-20.json
[2020-10-31 19:30:51.684] [[32minfo[m] CSV: reading history_mix_1to3.csv ...
[2020-10-31 19:30:54.961] [[32minfo[m] ...completed in 3.3 secs
[2020-10-31 19:30:54.961] [[32minfo[m] CSV: read 480592 rows with categorical features and 480592 rows with numerical ones.
[2020-10-31 19:30:55.003] [[32minfo[m] Encoding features...
[2020-10-31 19:31:04.177] [[32minfo[m] ...completed in 9.2 secs
[2020-10-31 19:31:04.896] [[32minfo[m] Regression requested
[2020-10-31 19:31:05.536] [[32minfo[m] Model restored from trained_10.model
[2020-10-31 19:31:05.537] [[32minfo[m] C 8000 T 16000 s 20.0 w -1 boost-tpf 1 nepochs 1 L MAE, C1 0.000000
[2020-10-31 19:31:05.539] [[32minfo[m] Partial fit initiated for 1 epoch(s)...
[2020-10-31 19:35:44.291] [[32minfo[m] ...completed in 278.8 secs.
[2020-10-31 19:35:45.031] [[32minfo[m] Model saved into trained_11.model
[2020-10-31 19:35:45.266] [[32minfo[m] Start
[2020-10-31 19:35:45.266] [[32minfo[m] Inference
[2020-10-31 19:35:45.267] [[32minfo[m] JSON: read encodings from encoding-20.json
[2020-10-31 19:35:45.267] [[32minfo[m] CSV: reading input.csv ...
[2020-10-31 19:35:48.458] [[32minfo[m] ...completed in 3.2 secs
[2020-10-31 19:35:48.458] [[32minfo[m] CSV: read 454404 rows with categorical features and 454404 rows with numerical ones.
[2020-10-31 19:35:48.507] [[32minfo[m] Encoding features...
[2020-10-31 19:35:57.018] [[32minfo[m] ...completed in 8.5 secs
[2020-10-31 19:35:57.745] [[32minfo[m] Regression inference
[2020-10-31 19:35:58.416] [[32minfo[m] Predicting...
[2020-10-31 19:36:10.476] [[32minfo[m] ...completed in 12.1 secs
[2020-10-31 19:36:10.478] [[32minfo[m] scores 454404
[2020-10-31 19:36:10.478] [[32minfo[m] [35] 2479,0.15494
[2020-10-31 19:36:10.478] [[32minfo[m] [36] 4914,0.30712
[2020-10-31 19:36:10.478] [[32minfo[m] [37] 2741,0.17131
[2020-10-31 19:36:10.478] [[32minfo[m] [73] 2480,0.15500
[2020-10-31 19:36:10.478] [[32minfo[m] [74] 5761,0.36006
[2020-10-31 19:36:10.478] [[32minfo[m] [75] 3187,0.19919
[2020-10-31 19:36:10.478] [[32minfo[m] [208] 4153,0.25956
[2020-10-31 19:36:10.478] [[32minfo[m] [265] 1242,0.07762
Num. customers: 454404
Average churn: 2.05
result:  33.97849
12
/repo/tco-customerchurn/data /repo/tco-customerchurn/submission/code/experiments/regr25
/repo/tco-customerchurn/submission/code/experiments/regr25
[2020-10-31 19:36:35.929] [[32minfo[m] Start
[2020-10-31 19:36:35.929] [[32minfo[m] Training
[2020-10-31 19:36:35.930] [[32minfo[m] JSON: read encodings from encoding-20.json
[2020-10-31 19:36:35.930] [[32minfo[m] CSV: reading history_mix_1to3.csv ...
[2020-10-31 19:36:39.267] [[32minfo[m] ...completed in 3.3 secs
[2020-10-31 19:36:39.267] [[32minfo[m] CSV: read 480592 rows with categorical features and 480592 rows with numerical ones.
[2020-10-31 19:36:39.311] [[32minfo[m] Encoding features...
[2020-10-31 19:36:48.475] [[32minfo[m] ...completed in 9.2 secs
[2020-10-31 19:36:49.227] [[32minfo[m] Regression requested
[2020-10-31 19:36:49.881] [[32minfo[m] Model restored from trained_11.model
[2020-10-31 19:36:49.882] [[32minfo[m] C 8000 T 16000 s 20.0 w -1 boost-tpf 1 nepochs 1 L MAE, C1 0.000000
[2020-10-31 19:36:49.885] [[32minfo[m] Partial fit initiated for 1 epoch(s)...
[2020-10-31 19:41:29.500] [[32minfo[m] ...completed in 279.6 secs.
[2020-10-31 19:41:30.301] [[32minfo[m] Model saved into trained_12.model
[2020-10-31 19:41:30.556] [[32minfo[m] Start
[2020-10-31 19:41:30.556] [[32minfo[m] Inference
[2020-10-31 19:41:30.557] [[32minfo[m] JSON: read encodings from encoding-20.json
[2020-10-31 19:41:30.557] [[32minfo[m] CSV: reading input.csv ...
[2020-10-31 19:41:33.995] [[32minfo[m] ...completed in 3.4 secs
[2020-10-31 19:41:33.995] [[32minfo[m] CSV: read 454404 rows with categorical features and 454404 rows with numerical ones.
[2020-10-31 19:41:34.042] [[32minfo[m] Encoding features...
[2020-10-31 19:41:43.235] [[32minfo[m] ...completed in 9.2 secs
[2020-10-31 19:41:43.902] [[32minfo[m] Regression inference
[2020-10-31 19:41:44.625] [[32minfo[m] Predicting...
[2020-10-31 19:41:56.072] [[32minfo[m] ...completed in 11.4 secs
[2020-10-31 19:41:56.075] [[32minfo[m] scores 454404
[2020-10-31 19:41:56.075] [[32minfo[m] [35] 1394,0.08712
[2020-10-31 19:41:56.075] [[32minfo[m] [36] 3054,0.19087
[2020-10-31 19:41:56.075] [[32minfo[m] [37] 1968,0.12300
[2020-10-31 19:41:56.075] [[32minfo[m] [73] 1879,0.11744
[2020-10-31 19:41:56.075] [[32minfo[m] [74] 3153,0.19706
[2020-10-31 19:41:56.075] [[32minfo[m] [75] 2840,0.17750
[2020-10-31 19:41:56.075] [[32minfo[m] [208] 3159,0.19744
[2020-10-31 19:41:56.075] [[32minfo[m] [265] 847,0.05294
Num. customers: 454404
Average churn: 2.05
result:  33.58065
13
/repo/tco-customerchurn/data /repo/tco-customerchurn/submission/code/experiments/regr25
/repo/tco-customerchurn/submission/code/experiments/regr25
[2020-10-31 19:42:13.889] [[32minfo[m] Start
[2020-10-31 19:42:13.890] [[32minfo[m] Training
[2020-10-31 19:42:13.890] [[32minfo[m] JSON: read encodings from encoding-20.json
[2020-10-31 19:42:13.890] [[32minfo[m] CSV: reading history_mix_1to3.csv ...
[2020-10-31 19:42:17.134] [[32minfo[m] ...completed in 3.2 secs
[2020-10-31 19:42:17.134] [[32minfo[m] CSV: read 480592 rows with categorical features and 480592 rows with numerical ones.
[2020-10-31 19:42:17.171] [[32minfo[m] Encoding features...
[2020-10-31 19:42:26.258] [[32minfo[m] ...completed in 9.1 secs
[2020-10-31 19:42:27.004] [[32minfo[m] Regression requested
[2020-10-31 19:42:27.630] [[32minfo[m] Model restored from trained_12.model
[2020-10-31 19:42:27.632] [[32minfo[m] C 8000 T 16000 s 20.0 w -1 boost-tpf 1 nepochs 1 L MAE, C1 0.000000
[2020-10-31 19:42:27.635] [[32minfo[m] Partial fit initiated for 1 epoch(s)...
[2020-10-31 19:47:18.512] [[32minfo[m] ...completed in 290.9 secs.
[2020-10-31 19:47:19.284] [[32minfo[m] Model saved into trained_13.model
[2020-10-31 19:47:19.527] [[32minfo[m] Start
[2020-10-31 19:47:19.527] [[32minfo[m] Inference
[2020-10-31 19:47:19.527] [[32minfo[m] JSON: read encodings from encoding-20.json
[2020-10-31 19:47:19.527] [[32minfo[m] CSV: reading input.csv ...
[2020-10-31 19:47:22.803] [[32minfo[m] ...completed in 3.3 secs
[2020-10-31 19:47:22.804] [[32minfo[m] CSV: read 454404 rows with categorical features and 454404 rows with numerical ones.
[2020-10-31 19:47:22.855] [[32minfo[m] Encoding features...
[2020-10-31 19:47:31.506] [[32minfo[m] ...completed in 8.7 secs
[2020-10-31 19:47:32.195] [[32minfo[m] Regression inference
[2020-10-31 19:47:32.829] [[32minfo[m] Predicting...
[2020-10-31 19:47:44.007] [[32minfo[m] ...completed in 11.2 secs
[2020-10-31 19:47:44.010] [[32minfo[m] scores 454404
[2020-10-31 19:47:44.010] [[32minfo[m] [35] 2292,0.14325
[2020-10-31 19:47:44.010] [[32minfo[m] [36] 3461,0.21631
[2020-10-31 19:47:44.010] [[32minfo[m] [37] 1991,0.12444
[2020-10-31 19:47:44.010] [[32minfo[m] [73] 1543,0.09644
[2020-10-31 19:47:44.010] [[32minfo[m] [74] 4754,0.29712
[2020-10-31 19:47:44.010] [[32minfo[m] [75] 2819,0.17619
[2020-10-31 19:47:44.010] [[32minfo[m] [208] 3313,0.20706
[2020-10-31 19:47:44.010] [[32minfo[m] [265] 1305,0.08156
Num. customers: 454404
Average churn: 2.05
result:  34.22581
14
/repo/tco-customerchurn/data /repo/tco-customerchurn/submission/code/experiments/regr25
/repo/tco-customerchurn/submission/code/experiments/regr25
[2020-10-31 19:48:03.017] [[32minfo[m] Start
[2020-10-31 19:48:03.017] [[32minfo[m] Training
[2020-10-31 19:48:03.018] [[32minfo[m] JSON: read encodings from encoding-20.json
[2020-10-31 19:48:03.018] [[32minfo[m] CSV: reading history_mix_1to3.csv ...
[2020-10-31 19:48:06.224] [[32minfo[m] ...completed in 3.2 secs
[2020-10-31 19:48:06.224] [[32minfo[m] CSV: read 480592 rows with categorical features and 480592 rows with numerical ones.
[2020-10-31 19:48:06.262] [[32minfo[m] Encoding features...
[2020-10-31 19:48:15.264] [[32minfo[m] ...completed in 9.0 secs
[2020-10-31 19:48:16.011] [[32minfo[m] Regression requested
[2020-10-31 19:48:16.714] [[32minfo[m] Model restored from trained_13.model
[2020-10-31 19:48:16.715] [[32minfo[m] C 8000 T 16000 s 20.0 w -1 boost-tpf 1 nepochs 1 L MAE, C1 0.000000
[2020-10-31 19:48:16.717] [[32minfo[m] Partial fit initiated for 1 epoch(s)...
[2020-10-31 19:52:50.603] [[32minfo[m] ...completed in 273.9 secs.
[2020-10-31 19:52:51.343] [[32minfo[m] Model saved into trained_14.model
[2020-10-31 19:52:51.583] [[32minfo[m] Start
[2020-10-31 19:52:51.583] [[32minfo[m] Inference
[2020-10-31 19:52:51.583] [[32minfo[m] JSON: read encodings from encoding-20.json
[2020-10-31 19:52:51.584] [[32minfo[m] CSV: reading input.csv ...
[2020-10-31 19:52:54.662] [[32minfo[m] ...completed in 3.1 secs
[2020-10-31 19:52:54.662] [[32minfo[m] CSV: read 454404 rows with categorical features and 454404 rows with numerical ones.
[2020-10-31 19:52:54.707] [[32minfo[m] Encoding features...
[2020-10-31 19:53:03.272] [[32minfo[m] ...completed in 8.6 secs
[2020-10-31 19:53:03.936] [[32minfo[m] Regression inference
[2020-10-31 19:53:04.589] [[32minfo[m] Predicting...
[2020-10-31 19:53:15.823] [[32minfo[m] ...completed in 11.2 secs
[2020-10-31 19:53:15.825] [[32minfo[m] scores 454404
[2020-10-31 19:53:15.825] [[32minfo[m] [35] 2047,0.12794
[2020-10-31 19:53:15.825] [[32minfo[m] [36] 3501,0.21881
[2020-10-31 19:53:15.825] [[32minfo[m] [37] 2230,0.13937
[2020-10-31 19:53:15.826] [[32minfo[m] [73] 2179,0.13619
[2020-10-31 19:53:15.826] [[32minfo[m] [74] 3719,0.23244
[2020-10-31 19:53:15.826] [[32minfo[m] [75] 2130,0.13312
[2020-10-31 19:53:15.826] [[32minfo[m] [208] 3622,0.22637
[2020-10-31 19:53:15.826] [[32minfo[m] [265] 1581,0.09881
Num. customers: 454404
Average churn: 2.05
result:  34.41935
15
/repo/tco-customerchurn/data /repo/tco-customerchurn/submission/code/experiments/regr25
/repo/tco-customerchurn/submission/code/experiments/regr25
[2020-10-31 19:53:33.899] [[32minfo[m] Start
[2020-10-31 19:53:33.900] [[32minfo[m] Training
[2020-10-31 19:53:33.900] [[32minfo[m] JSON: read encodings from encoding-20.json
[2020-10-31 19:53:33.900] [[32minfo[m] CSV: reading history_mix_1to3.csv ...
[2020-10-31 19:53:37.046] [[32minfo[m] ...completed in 3.1 secs
[2020-10-31 19:53:37.046] [[32minfo[m] CSV: read 480592 rows with categorical features and 480592 rows with numerical ones.
[2020-10-31 19:53:37.083] [[32minfo[m] Encoding features...
[2020-10-31 19:53:46.424] [[32minfo[m] ...completed in 9.3 secs
[2020-10-31 19:53:47.214] [[32minfo[m] Regression requested
[2020-10-31 19:53:47.905] [[32minfo[m] Model restored from trained_14.model
[2020-10-31 19:53:47.906] [[32minfo[m] C 8000 T 16000 s 20.0 w -1 boost-tpf 1 nepochs 1 L MAE, C1 0.000000
[2020-10-31 19:53:47.909] [[32minfo[m] Partial fit initiated for 1 epoch(s)...
[2020-10-31 19:58:17.081] [[32minfo[m] ...completed in 269.2 secs.
[2020-10-31 19:58:17.826] [[32minfo[m] Model saved into trained_15.model
[2020-10-31 19:58:18.077] [[32minfo[m] Start
[2020-10-31 19:58:18.077] [[32minfo[m] Inference
[2020-10-31 19:58:18.078] [[32minfo[m] JSON: read encodings from encoding-20.json
[2020-10-31 19:58:18.078] [[32minfo[m] CSV: reading input.csv ...
[2020-10-31 19:58:21.248] [[32minfo[m] ...completed in 3.2 secs
[2020-10-31 19:58:21.248] [[32minfo[m] CSV: read 454404 rows with categorical features and 454404 rows with numerical ones.
[2020-10-31 19:58:21.296] [[32minfo[m] Encoding features...
[2020-10-31 19:58:29.940] [[32minfo[m] ...completed in 8.6 secs
[2020-10-31 19:58:30.609] [[32minfo[m] Regression inference
[2020-10-31 19:58:31.318] [[32minfo[m] Predicting...
[2020-10-31 19:58:42.557] [[32minfo[m] ...completed in 11.2 secs
[2020-10-31 19:58:42.560] [[32minfo[m] scores 454404
[2020-10-31 19:58:42.560] [[32minfo[m] [35] 2359,0.14744
[2020-10-31 19:58:42.560] [[32minfo[m] [36] 4540,0.28375
[2020-10-31 19:58:42.560] [[32minfo[m] [37] 2240,0.14000
[2020-10-31 19:58:42.560] [[32minfo[m] [73] 2274,0.14213
[2020-10-31 19:58:42.560] [[32minfo[m] [74] 4740,0.29625
[2020-10-31 19:58:42.560] [[32minfo[m] [75] 3507,0.21919
[2020-10-31 19:58:42.560] [[32minfo[m] [208] 4391,0.27444
[2020-10-31 19:58:42.560] [[32minfo[m] [265] 1932,0.12075
Num. customers: 454404
Average churn: 2.05
result:  34.26882
16
/repo/tco-customerchurn/data /repo/tco-customerchurn/submission/code/experiments/regr25
/repo/tco-customerchurn/submission/code/experiments/regr25
[2020-10-31 19:59:00.603] [[32minfo[m] Start
[2020-10-31 19:59:00.603] [[32minfo[m] Training
[2020-10-31 19:59:00.604] [[32minfo[m] JSON: read encodings from encoding-20.json
[2020-10-31 19:59:00.604] [[32minfo[m] CSV: reading history_mix_1to3.csv ...
[2020-10-31 19:59:03.768] [[32minfo[m] ...completed in 3.2 secs
[2020-10-31 19:59:03.768] [[32minfo[m] CSV: read 480592 rows with categorical features and 480592 rows with numerical ones.
[2020-10-31 19:59:03.809] [[32minfo[m] Encoding features...
[2020-10-31 19:59:12.704] [[32minfo[m] ...completed in 8.9 secs
[2020-10-31 19:59:13.427] [[32minfo[m] Regression requested
[2020-10-31 19:59:14.089] [[32minfo[m] Model restored from trained_15.model
[2020-10-31 19:59:14.091] [[32minfo[m] C 8000 T 16000 s 20.0 w -1 boost-tpf 1 nepochs 1 L MAE, C1 0.000000
[2020-10-31 19:59:14.093] [[32minfo[m] Partial fit initiated for 1 epoch(s)...
[2020-10-31 20:03:44.727] [[32minfo[m] ...completed in 270.6 secs.
[2020-10-31 20:03:45.457] [[32minfo[m] Model saved into trained_16.model
[2020-10-31 20:03:45.695] [[32minfo[m] Start
[2020-10-31 20:03:45.696] [[32minfo[m] Inference
[2020-10-31 20:03:45.697] [[32minfo[m] JSON: read encodings from encoding-20.json
[2020-10-31 20:03:45.697] [[32minfo[m] CSV: reading input.csv ...
[2020-10-31 20:03:48.967] [[32minfo[m] ...completed in 3.3 secs
[2020-10-31 20:03:48.967] [[32minfo[m] CSV: read 454404 rows with categorical features and 454404 rows with numerical ones.
[2020-10-31 20:03:49.021] [[32minfo[m] Encoding features...
[2020-10-31 20:03:57.294] [[32minfo[m] ...completed in 8.3 secs
[2020-10-31 20:03:57.984] [[32minfo[m] Regression inference
[2020-10-31 20:03:58.614] [[32minfo[m] Predicting...
[2020-10-31 20:04:09.733] [[32minfo[m] ...completed in 11.1 secs
[2020-10-31 20:04:09.737] [[32minfo[m] scores 454404
[2020-10-31 20:04:09.737] [[32minfo[m] [35] 2955,0.18469
[2020-10-31 20:04:09.737] [[32minfo[m] [36] 3832,0.23950
[2020-10-31 20:04:09.737] [[32minfo[m] [37] 2248,0.14050
[2020-10-31 20:04:09.737] [[32minfo[m] [73] 1789,0.11181
[2020-10-31 20:04:09.737] [[32minfo[m] [74] 5358,0.33487
[2020-10-31 20:04:09.737] [[32minfo[m] [75] 2468,0.15425
[2020-10-31 20:04:09.737] [[32minfo[m] [208] 3120,0.19500
[2020-10-31 20:04:09.737] [[32minfo[m] [265] 1297,0.08106
Num. customers: 454404
Average churn: 2.05
result:  34.68817
17
/repo/tco-customerchurn/data /repo/tco-customerchurn/submission/code/experiments/regr25
/repo/tco-customerchurn/submission/code/experiments/regr25
[2020-10-31 20:04:27.961] [[32minfo[m] Start
[2020-10-31 20:04:27.961] [[32minfo[m] Training
[2020-10-31 20:04:27.961] [[32minfo[m] JSON: read encodings from encoding-20.json
[2020-10-31 20:04:27.961] [[32minfo[m] CSV: reading history_mix_1to3.csv ...
[2020-10-31 20:04:31.160] [[32minfo[m] ...completed in 3.2 secs
[2020-10-31 20:04:31.160] [[32minfo[m] CSV: read 480592 rows with categorical features and 480592 rows with numerical ones.
[2020-10-31 20:04:31.205] [[32minfo[m] Encoding features...
[2020-10-31 20:04:40.055] [[32minfo[m] ...completed in 8.8 secs
[2020-10-31 20:04:40.793] [[32minfo[m] Regression requested
[2020-10-31 20:04:41.490] [[32minfo[m] Model restored from trained_16.model
[2020-10-31 20:04:41.493] [[32minfo[m] C 8000 T 16000 s 20.0 w -1 boost-tpf 1 nepochs 1 L MAE, C1 0.000000
[2020-10-31 20:04:41.497] [[32minfo[m] Partial fit initiated for 1 epoch(s)...
[2020-10-31 20:09:12.408] [[32minfo[m] ...completed in 270.9 secs.
[2020-10-31 20:09:13.143] [[32minfo[m] Model saved into trained_17.model
[2020-10-31 20:09:13.404] [[32minfo[m] Start
[2020-10-31 20:09:13.404] [[32minfo[m] Inference
[2020-10-31 20:09:13.404] [[32minfo[m] JSON: read encodings from encoding-20.json
[2020-10-31 20:09:13.404] [[32minfo[m] CSV: reading input.csv ...
[2020-10-31 20:09:16.478] [[32minfo[m] ...completed in 3.1 secs
[2020-10-31 20:09:16.478] [[32minfo[m] CSV: read 454404 rows with categorical features and 454404 rows with numerical ones.
[2020-10-31 20:09:16.524] [[32minfo[m] Encoding features...
[2020-10-31 20:09:25.299] [[32minfo[m] ...completed in 8.8 secs
[2020-10-31 20:09:26.004] [[32minfo[m] Regression inference
[2020-10-31 20:09:26.708] [[32minfo[m] Predicting...
[2020-10-31 20:09:37.928] [[32minfo[m] ...completed in 11.2 secs
[2020-10-31 20:09:37.931] [[32minfo[m] scores 454404
[2020-10-31 20:09:37.931] [[32minfo[m] [35] 1653,0.10331
[2020-10-31 20:09:37.931] [[32minfo[m] [36] 4838,0.30238
[2020-10-31 20:09:37.931] [[32minfo[m] [37] 2303,0.14394
[2020-10-31 20:09:37.931] [[32minfo[m] [73] 1907,0.11919
[2020-10-31 20:09:37.931] [[32minfo[m] [74] 3332,0.20825
[2020-10-31 20:09:37.931] [[32minfo[m] [75] 3385,0.21156
[2020-10-31 20:09:37.931] [[32minfo[m] [208] 3444,0.21525
[2020-10-31 20:09:37.931] [[32minfo[m] [265] 956,0.05975
Num. customers: 454404
Average churn: 2.05
result:  34.19355
18
/repo/tco-customerchurn/data /repo/tco-customerchurn/submission/code/experiments/regr25
/repo/tco-customerchurn/submission/code/experiments/regr25
[2020-10-31 20:09:56.312] [[32minfo[m] Start
[2020-10-31 20:09:56.312] [[32minfo[m] Training
[2020-10-31 20:09:56.313] [[32minfo[m] JSON: read encodings from encoding-20.json
[2020-10-31 20:09:56.313] [[32minfo[m] CSV: reading history_mix_1to3.csv ...
[2020-10-31 20:09:59.539] [[32minfo[m] ...completed in 3.2 secs
[2020-10-31 20:09:59.540] [[32minfo[m] CSV: read 480592 rows with categorical features and 480592 rows with numerical ones.
[2020-10-31 20:09:59.577] [[32minfo[m] Encoding features...
[2020-10-31 20:10:08.910] [[32minfo[m] ...completed in 9.3 secs
[2020-10-31 20:10:09.614] [[32minfo[m] Regression requested
[2020-10-31 20:10:10.239] [[32minfo[m] Model restored from trained_17.model
[2020-10-31 20:10:10.240] [[32minfo[m] C 8000 T 16000 s 20.0 w -1 boost-tpf 1 nepochs 1 L MAE, C1 0.000000
[2020-10-31 20:10:10.242] [[32minfo[m] Partial fit initiated for 1 epoch(s)...
[2020-10-31 20:14:51.631] [[32minfo[m] ...completed in 281.4 secs.
[2020-10-31 20:14:52.360] [[32minfo[m] Model saved into trained_18.model
[2020-10-31 20:14:52.607] [[32minfo[m] Start
[2020-10-31 20:14:52.607] [[32minfo[m] Inference
[2020-10-31 20:14:52.607] [[32minfo[m] JSON: read encodings from encoding-20.json
[2020-10-31 20:14:52.607] [[32minfo[m] CSV: reading input.csv ...
[2020-10-31 20:14:55.651] [[32minfo[m] ...completed in 3.0 secs
[2020-10-31 20:14:55.651] [[32minfo[m] CSV: read 454404 rows with categorical features and 454404 rows with numerical ones.
[2020-10-31 20:14:55.697] [[32minfo[m] Encoding features...
[2020-10-31 20:15:04.267] [[32minfo[m] ...completed in 8.6 secs
[2020-10-31 20:15:04.919] [[32minfo[m] Regression inference
[2020-10-31 20:15:05.617] [[32minfo[m] Predicting...
[2020-10-31 20:15:16.873] [[32minfo[m] ...completed in 11.3 secs
[2020-10-31 20:15:16.876] [[32minfo[m] scores 454404
[2020-10-31 20:15:16.876] [[32minfo[m] [35] 2793,0.17456
[2020-10-31 20:15:16.876] [[32minfo[m] [36] 4210,0.26312
[2020-10-31 20:15:16.876] [[32minfo[m] [37] 3093,0.19331
[2020-10-31 20:15:16.876] [[32minfo[m] [73] 2953,0.18456
[2020-10-31 20:15:16.876] [[32minfo[m] [74] 5280,0.33000
[2020-10-31 20:15:16.876] [[32minfo[m] [75] 2845,0.17781
[2020-10-31 20:15:16.876] [[32minfo[m] [208] 4235,0.26469
[2020-10-31 20:15:16.876] [[32minfo[m] [265] 2235,0.13969
Num. customers: 454404
Average churn: 2.05
result:  34.50538
19
/repo/tco-customerchurn/data /repo/tco-customerchurn/submission/code/experiments/regr25
/repo/tco-customerchurn/submission/code/experiments/regr25
[2020-10-31 20:15:35.384] [[32minfo[m] Start
[2020-10-31 20:15:35.384] [[32minfo[m] Training
[2020-10-31 20:15:35.385] [[32minfo[m] JSON: read encodings from encoding-20.json
[2020-10-31 20:15:35.385] [[32minfo[m] CSV: reading history_mix_1to3.csv ...
[2020-10-31 20:15:38.823] [[32minfo[m] ...completed in 3.4 secs
[2020-10-31 20:15:38.823] [[32minfo[m] CSV: read 480592 rows with categorical features and 480592 rows with numerical ones.
[2020-10-31 20:15:38.861] [[32minfo[m] Encoding features...
[2020-10-31 20:15:47.918] [[32minfo[m] ...completed in 9.1 secs
[2020-10-31 20:15:48.635] [[32minfo[m] Regression requested
[2020-10-31 20:15:49.281] [[32minfo[m] Model restored from trained_18.model
[2020-10-31 20:15:49.283] [[32minfo[m] C 8000 T 16000 s 20.0 w -1 boost-tpf 1 nepochs 1 L MAE, C1 0.000000
[2020-10-31 20:15:49.285] [[32minfo[m] Partial fit initiated for 1 epoch(s)...
[2020-10-31 20:20:16.161] [[32minfo[m] ...completed in 266.9 secs.
[2020-10-31 20:20:16.913] [[32minfo[m] Model saved into trained_19.model
[2020-10-31 20:20:17.157] [[32minfo[m] Start
[2020-10-31 20:20:17.157] [[32minfo[m] Inference
[2020-10-31 20:20:17.158] [[32minfo[m] JSON: read encodings from encoding-20.json
[2020-10-31 20:20:17.158] [[32minfo[m] CSV: reading input.csv ...
[2020-10-31 20:20:20.308] [[32minfo[m] ...completed in 3.2 secs
[2020-10-31 20:20:20.308] [[32minfo[m] CSV: read 454404 rows with categorical features and 454404 rows with numerical ones.
[2020-10-31 20:20:20.356] [[32minfo[m] Encoding features...
[2020-10-31 20:20:28.811] [[32minfo[m] ...completed in 8.5 secs
[2020-10-31 20:20:29.505] [[32minfo[m] Regression inference
[2020-10-31 20:20:30.195] [[32minfo[m] Predicting...
[2020-10-31 20:20:41.362] [[32minfo[m] ...completed in 11.2 secs
[2020-10-31 20:20:41.365] [[32minfo[m] scores 454404
[2020-10-31 20:20:41.365] [[32minfo[m] [35] 2190,0.13687
[2020-10-31 20:20:41.365] [[32minfo[m] [36] 3543,0.22144
[2020-10-31 20:20:41.365] [[32minfo[m] [37] 2310,0.14438
[2020-10-31 20:20:41.365] [[32minfo[m] [73] 1934,0.12087
[2020-10-31 20:20:41.365] [[32minfo[m] [74] 3913,0.24456
[2020-10-31 20:20:41.365] [[32minfo[m] [75] 2298,0.14363
[2020-10-31 20:20:41.365] [[32minfo[m] [208] 3938,0.24613
[2020-10-31 20:20:41.365] [[32minfo[m] [265] 1100,0.06875
Num. customers: 454404
Average churn: 2.05
result:  34.12903
20
/repo/tco-customerchurn/data /repo/tco-customerchurn/submission/code/experiments/regr25
/repo/tco-customerchurn/submission/code/experiments/regr25
[2020-10-31 20:21:00.263] [[32minfo[m] Start
[2020-10-31 20:21:00.263] [[32minfo[m] Training
[2020-10-31 20:21:00.264] [[32minfo[m] JSON: read encodings from encoding-20.json
[2020-10-31 20:21:00.264] [[32minfo[m] CSV: reading history_mix_1to3.csv ...
[2020-10-31 20:21:03.601] [[32minfo[m] ...completed in 3.3 secs
[2020-10-31 20:21:03.601] [[32minfo[m] CSV: read 480592 rows with categorical features and 480592 rows with numerical ones.
[2020-10-31 20:21:03.637] [[32minfo[m] Encoding features...
[2020-10-31 20:21:12.941] [[32minfo[m] ...completed in 9.3 secs
[2020-10-31 20:21:13.697] [[32minfo[m] Regression requested
[2020-10-31 20:21:14.356] [[32minfo[m] Model restored from trained_19.model
[2020-10-31 20:21:14.357] [[32minfo[m] C 8000 T 16000 s 20.0 w -1 boost-tpf 1 nepochs 1 L MAE, C1 0.000000
[2020-10-31 20:21:14.359] [[32minfo[m] Partial fit initiated for 1 epoch(s)...
[2020-10-31 20:25:47.556] [[32minfo[m] ...completed in 273.2 secs.
[2020-10-31 20:25:48.292] [[32minfo[m] Model saved into trained_20.model
[2020-10-31 20:25:48.554] [[32minfo[m] Start
[2020-10-31 20:25:48.554] [[32minfo[m] Inference
[2020-10-31 20:25:48.555] [[32minfo[m] JSON: read encodings from encoding-20.json
[2020-10-31 20:25:48.555] [[32minfo[m] CSV: reading input.csv ...
[2020-10-31 20:25:51.812] [[32minfo[m] ...completed in 3.3 secs
[2020-10-31 20:25:51.812] [[32minfo[m] CSV: read 454404 rows with categorical features and 454404 rows with numerical ones.
[2020-10-31 20:25:51.857] [[32minfo[m] Encoding features...
[2020-10-31 20:26:00.823] [[32minfo[m] ...completed in 9.0 secs
[2020-10-31 20:26:01.541] [[32minfo[m] Regression inference
[2020-10-31 20:26:02.185] [[32minfo[m] Predicting...
[2020-10-31 20:26:13.357] [[32minfo[m] ...completed in 11.2 secs
[2020-10-31 20:26:13.359] [[32minfo[m] scores 454404
[2020-10-31 20:26:13.360] [[32minfo[m] [35] 2474,0.15463
[2020-10-31 20:26:13.360] [[32minfo[m] [36] 4865,0.30406
[2020-10-31 20:26:13.360] [[32minfo[m] [37] 2165,0.13531
[2020-10-31 20:26:13.360] [[32minfo[m] [73] 1789,0.11181
[2020-10-31 20:26:13.360] [[32minfo[m] [74] 3786,0.23663
[2020-10-31 20:26:13.360] [[32minfo[m] [75] 3212,0.20075
[2020-10-31 20:26:13.360] [[32minfo[m] [208] 3574,0.22337
[2020-10-31 20:26:13.360] [[32minfo[m] [265] 1424,0.08900
Num. customers: 454404
Average churn: 2.05
result:  34.43011
