1
/repo/tco-customerchurn/data /repo/tco-customerchurn/submission/code/experiments/clas6
/repo/tco-customerchurn/submission/code/experiments/clas6
[2020-10-31 23:40:57.927] [[32minfo[m] Start
[2020-10-31 23:40:57.927] [[32minfo[m] Training
[2020-10-31 23:40:57.928] [[32minfo[m] JSON: read encodings from encoding-20.json
[2020-10-31 23:40:57.928] [[32minfo[m] CSV: reading history_mix_1to3.csv ...
[2020-10-31 23:41:01.450] [[32minfo[m] ...completed in 3.5 secs
[2020-10-31 23:41:01.450] [[32minfo[m] CSV: read 480592 rows with categorical features and 480592 rows with numerical ones.
[2020-10-31 23:41:01.486] [[32minfo[m] Encoding features...
[2020-10-31 23:41:10.796] [[32minfo[m] ...completed in 9.3 secs
[2020-10-31 23:41:10.796] [[32minfo[m] Classification requested
[2020-10-31 23:41:10.796] [[32minfo[m] C 4000 T 16000 s 20.0 w -1 boost-tpf 1 f201906 nepochs 1
[2020-10-31 23:41:10.796] [[32minfo[m] Partial fit initiated for 1 epoch(s)...
[2020-10-31 23:52:03.292] [[32minfo[m] ...completed in 652.5 secs.
[2020-10-31 23:52:04.754] [[32minfo[m] Model saved into trained_1.model
[2020-10-31 23:52:04.895] [[32minfo[m] Start
[2020-10-31 23:52:04.895] [[32minfo[m] Inference
[2020-10-31 23:52:04.895] [[32minfo[m] JSON: read encodings from encoding-20.json
[2020-10-31 23:52:04.895] [[32minfo[m] CSV: reading input.csv ...
[2020-10-31 23:52:08.089] [[32minfo[m] ...completed in 3.2 secs
[2020-10-31 23:52:08.089] [[32minfo[m] CSV: read 454404 rows with categorical features and 454404 rows with numerical ones.
[2020-10-31 23:52:08.134] [[32minfo[m] Encoding features...
[2020-10-31 23:52:17.206] [[32minfo[m] ...completed in 9.1 secs
[2020-10-31 23:52:18.538] [[32minfo[m] Classification inference
[2020-10-31 23:52:19.929] [[32minfo[m] Predicting...
[2020-10-31 23:52:44.074] [[32minfo[m] ...completed in 24.1 secs
[2020-10-31 23:52:44.087] [[32minfo[m] scores 454404
[2020-10-31 23:52:44.087] [[32minfo[m] [35] 13659,-13875,0.06978
[2020-10-31 23:52:44.087] [[32minfo[m] [36] 5633,-9847,0.25812
[2020-10-31 23:52:44.087] [[32minfo[m] [37] 10176,-9916,0.18606
[2020-10-31 23:52:44.087] [[32minfo[m] [73] 8860,-11214,0.18634
[2020-10-31 23:52:44.087] [[32minfo[m] [74] 4321,-5757,0.34253
[2020-10-31 23:52:44.087] [[32minfo[m] [75] 9625,-11016,0.17748
[2020-10-31 23:52:44.087] [[32minfo[m] [208] 8172,-7861,0.24948
[2020-10-31 23:52:44.087] [[32minfo[m] [265] 11963,-11616,0.13158
gzip: trained_0.model: No such file or directory
Num. customers: 454404
Average churn: 2.05
result:  34.94624
2
/repo/tco-customerchurn/data /repo/tco-customerchurn/submission/code/experiments/clas6
/repo/tco-customerchurn/submission/code/experiments/clas6
[2020-10-31 23:53:04.171] [[32minfo[m] Start
[2020-10-31 23:53:04.171] [[32minfo[m] Training
[2020-10-31 23:53:04.171] [[32minfo[m] JSON: read encodings from encoding-20.json
[2020-10-31 23:53:04.172] [[32minfo[m] CSV: reading history_mix_1to3.csv ...
[2020-10-31 23:53:07.848] [[32minfo[m] ...completed in 3.7 secs
[2020-10-31 23:53:07.848] [[32minfo[m] CSV: read 480592 rows with categorical features and 480592 rows with numerical ones.
[2020-10-31 23:53:07.885] [[32minfo[m] Encoding features...
[2020-10-31 23:53:17.139] [[32minfo[m] ...completed in 9.3 secs
[2020-10-31 23:53:18.515] [[32minfo[m] Classification requested
[2020-10-31 23:53:19.971] [[32minfo[m] Model restored from trained_1.model
[2020-10-31 23:53:19.974] [[32minfo[m] C 4000 T 16000 s 20.0 w -1 boost-tpf 1 f201906 nepochs 1
[2020-10-31 23:53:19.974] [[32minfo[m] Partial fit initiated for 1 epoch(s)...
[2020-11-01 00:03:53.677] [[32minfo[m] ...completed in 633.7 secs.
[2020-11-01 00:03:55.168] [[32minfo[m] Model saved into trained_2.model
[2020-11-01 00:03:55.538] [[32minfo[m] Start
[2020-11-01 00:03:55.539] [[32minfo[m] Inference
[2020-11-01 00:03:55.539] [[32minfo[m] JSON: read encodings from encoding-20.json
[2020-11-01 00:03:55.539] [[32minfo[m] CSV: reading input.csv ...
[2020-11-01 00:03:58.929] [[32minfo[m] ...completed in 3.4 secs
[2020-11-01 00:03:58.929] [[32minfo[m] CSV: read 454404 rows with categorical features and 454404 rows with numerical ones.
[2020-11-01 00:03:58.976] [[32minfo[m] Encoding features...
[2020-11-01 00:04:07.992] [[32minfo[m] ...completed in 9.0 secs
[2020-11-01 00:04:09.323] [[32minfo[m] Classification inference
[2020-11-01 00:04:10.742] [[32minfo[m] Predicting...
[2020-11-01 00:04:42.731] [[32minfo[m] ...completed in 32.0 secs
[2020-11-01 00:04:42.751] [[32minfo[m] scores 454404
[2020-11-01 00:04:42.751] [[32minfo[m] [35] 15043,-11759,0.08122
[2020-11-01 00:04:42.751] [[32minfo[m] [36] 6078,-8750,0.26831
[2020-11-01 00:04:42.751] [[32minfo[m] [37] 9550,-9361,0.20452
[2020-11-01 00:04:42.751] [[32minfo[m] [73] 7820,-8356,0.24725
[2020-11-01 00:04:42.751] [[32minfo[m] [74] 4188,-1723,0.40764
[2020-11-01 00:04:42.751] [[32minfo[m] [75] 9760,-10871,0.17764
[2020-11-01 00:04:42.751] [[32minfo[m] [208] 5854,-4796,0.33359
[2020-11-01 00:04:42.751] [[32minfo[m] [265] 10454,-10095,0.17892
Num. customers: 454404
Average churn: 2.05
result:  34.88172
3
/repo/tco-customerchurn/data /repo/tco-customerchurn/submission/code/experiments/clas6
/repo/tco-customerchurn/submission/code/experiments/clas6
[2020-11-01 00:05:01.711] [[32minfo[m] Start
[2020-11-01 00:05:01.712] [[32minfo[m] Training
[2020-11-01 00:05:01.716] [[32minfo[m] JSON: read encodings from encoding-20.json
[2020-11-01 00:05:01.716] [[32minfo[m] CSV: reading history_mix_1to3.csv ...
[2020-11-01 00:05:05.087] [[32minfo[m] ...completed in 3.4 secs
[2020-11-01 00:05:05.088] [[32minfo[m] CSV: read 480592 rows with categorical features and 480592 rows with numerical ones.
[2020-11-01 00:05:05.126] [[32minfo[m] Encoding features...
[2020-11-01 00:05:13.925] [[32minfo[m] ...completed in 8.8 secs
[2020-11-01 00:05:15.243] [[32minfo[m] Classification requested
[2020-11-01 00:05:16.585] [[32minfo[m] Model restored from trained_2.model
[2020-11-01 00:05:16.589] [[32minfo[m] C 4000 T 16000 s 20.0 w -1 boost-tpf 1 f201906 nepochs 1
[2020-11-01 00:05:16.589] [[32minfo[m] Partial fit initiated for 1 epoch(s)...
[2020-11-01 00:15:48.680] [[32minfo[m] ...completed in 632.1 secs.
[2020-11-01 00:15:50.220] [[32minfo[m] Model saved into trained_3.model
[2020-11-01 00:15:50.592] [[32minfo[m] Start
[2020-11-01 00:15:50.592] [[32minfo[m] Inference
[2020-11-01 00:15:50.593] [[32minfo[m] JSON: read encodings from encoding-20.json
[2020-11-01 00:15:50.593] [[32minfo[m] CSV: reading input.csv ...
[2020-11-01 00:15:53.553] [[32minfo[m] ...completed in 3.0 secs
[2020-11-01 00:15:53.553] [[32minfo[m] CSV: read 454404 rows with categorical features and 454404 rows with numerical ones.
[2020-11-01 00:15:53.599] [[32minfo[m] Encoding features...
[2020-11-01 00:16:01.942] [[32minfo[m] ...completed in 8.3 secs
[2020-11-01 00:16:03.206] [[32minfo[m] Classification inference
[2020-11-01 00:16:04.572] [[32minfo[m] Predicting...
[2020-11-01 00:16:28.623] [[32minfo[m] ...completed in 24.1 secs
[2020-11-01 00:16:28.639] [[32minfo[m] scores 454404
[2020-11-01 00:16:28.639] [[32minfo[m] [35] 11791,-14065,0.09600
[2020-11-01 00:16:28.639] [[32minfo[m] [36] 8509,-8469,0.23472
[2020-11-01 00:16:28.639] [[32minfo[m] [37] 8765,-11158,0.18870
[2020-11-01 00:16:28.639] [[32minfo[m] [73] 10242,-6531,0.23792
[2020-11-01 00:16:28.639] [[32minfo[m] [74] 4975,-3409,0.36900
[2020-11-01 00:16:28.639] [[32minfo[m] [75] 12534,-11692,0.12147
[2020-11-01 00:16:28.639] [[32minfo[m] [208] 6172,-8084,0.27725
[2020-11-01 00:16:28.639] [[32minfo[m] [265] 11349,-13409,0.11316
Num. customers: 454404
Average churn: 2.05
result:  35.29032
4
/repo/tco-customerchurn/data /repo/tco-customerchurn/submission/code/experiments/clas6
/repo/tco-customerchurn/submission/code/experiments/clas6
[2020-11-01 00:16:47.733] [[32minfo[m] Start
[2020-11-01 00:16:47.734] [[32minfo[m] Training
[2020-11-01 00:16:47.734] [[32minfo[m] JSON: read encodings from encoding-20.json
[2020-11-01 00:16:47.734] [[32minfo[m] CSV: reading history_mix_1to3.csv ...
[2020-11-01 00:16:50.985] [[32minfo[m] ...completed in 3.3 secs
[2020-11-01 00:16:50.985] [[32minfo[m] CSV: read 480592 rows with categorical features and 480592 rows with numerical ones.
[2020-11-01 00:16:51.022] [[32minfo[m] Encoding features...
[2020-11-01 00:16:59.738] [[32minfo[m] ...completed in 8.7 secs
[2020-11-01 00:17:01.033] [[32minfo[m] Classification requested
[2020-11-01 00:17:02.340] [[32minfo[m] Model restored from trained_3.model
[2020-11-01 00:17:02.344] [[32minfo[m] C 4000 T 16000 s 20.0 w -1 boost-tpf 1 f201906 nepochs 1
[2020-11-01 00:17:02.344] [[32minfo[m] Partial fit initiated for 1 epoch(s)...
[2020-11-01 00:27:32.827] [[32minfo[m] ...completed in 630.5 secs.
[2020-11-01 00:27:34.351] [[32minfo[m] Model saved into trained_4.model
[2020-11-01 00:27:34.724] [[32minfo[m] Start
[2020-11-01 00:27:34.724] [[32minfo[m] Inference
[2020-11-01 00:27:34.725] [[32minfo[m] JSON: read encodings from encoding-20.json
[2020-11-01 00:27:34.725] [[32minfo[m] CSV: reading input.csv ...
[2020-11-01 00:27:37.812] [[32minfo[m] ...completed in 3.1 secs
[2020-11-01 00:27:37.812] [[32minfo[m] CSV: read 454404 rows with categorical features and 454404 rows with numerical ones.
[2020-11-01 00:27:37.870] [[32minfo[m] Encoding features...
[2020-11-01 00:27:46.584] [[32minfo[m] ...completed in 8.7 secs
[2020-11-01 00:27:47.892] [[32minfo[m] Classification inference
[2020-11-01 00:27:49.267] [[32minfo[m] Predicting...
[2020-11-01 00:28:13.216] [[32minfo[m] ...completed in 23.9 secs
[2020-11-01 00:28:13.229] [[32minfo[m] scores 454404
[2020-11-01 00:28:13.229] [[32minfo[m] [35] 13380,-11118,0.11722
[2020-11-01 00:28:13.229] [[32minfo[m] [36] 5854,-3833,0.34864
[2020-11-01 00:28:13.229] [[32minfo[m] [37] 9048,-5989,0.26505
[2020-11-01 00:28:13.229] [[32minfo[m] [73] 10107,-11944,0.15545
[2020-11-01 00:28:13.229] [[32minfo[m] [74] 2845,-4817,0.38028
[2020-11-01 00:28:13.229] [[32minfo[m] [75] 9296,-8529,0.22148
[2020-11-01 00:28:13.229] [[32minfo[m] [208] 6434,-10921,0.22883
[2020-11-01 00:28:13.229] [[32minfo[m] [265] 12013,-11620,0.13073
Num. customers: 454404
Average churn: 2.05
result:  34.54839
5
/repo/tco-customerchurn/data /repo/tco-customerchurn/submission/code/experiments/clas6
/repo/tco-customerchurn/submission/code/experiments/clas6
[2020-11-01 00:28:32.025] [[32minfo[m] Start
[2020-11-01 00:28:32.025] [[32minfo[m] Training
[2020-11-01 00:28:32.026] [[32minfo[m] JSON: read encodings from encoding-20.json
[2020-11-01 00:28:32.026] [[32minfo[m] CSV: reading history_mix_1to3.csv ...
[2020-11-01 00:28:35.335] [[32minfo[m] ...completed in 3.3 secs
[2020-11-01 00:28:35.335] [[32minfo[m] CSV: read 480592 rows with categorical features and 480592 rows with numerical ones.
[2020-11-01 00:28:35.373] [[32minfo[m] Encoding features...
[2020-11-01 00:28:44.060] [[32minfo[m] ...completed in 8.7 secs
[2020-11-01 00:28:45.366] [[32minfo[m] Classification requested
[2020-11-01 00:28:46.662] [[32minfo[m] Model restored from trained_4.model
[2020-11-01 00:28:46.665] [[32minfo[m] C 4000 T 16000 s 20.0 w -1 boost-tpf 1 f201906 nepochs 1
[2020-11-01 00:28:46.665] [[32minfo[m] Partial fit initiated for 1 epoch(s)...
[2020-11-01 00:39:15.840] [[32minfo[m] ...completed in 629.2 secs.
[2020-11-01 00:39:17.312] [[32minfo[m] Model saved into trained_5.model
[2020-11-01 00:39:17.684] [[32minfo[m] Start
[2020-11-01 00:39:17.684] [[32minfo[m] Inference
[2020-11-01 00:39:17.684] [[32minfo[m] JSON: read encodings from encoding-20.json
[2020-11-01 00:39:17.684] [[32minfo[m] CSV: reading input.csv ...
[2020-11-01 00:39:20.782] [[32minfo[m] ...completed in 3.1 secs
[2020-11-01 00:39:20.782] [[32minfo[m] CSV: read 454404 rows with categorical features and 454404 rows with numerical ones.
[2020-11-01 00:39:20.827] [[32minfo[m] Encoding features...
[2020-11-01 00:39:29.719] [[32minfo[m] ...completed in 8.9 secs
[2020-11-01 00:39:31.106] [[32minfo[m] Classification inference
[2020-11-01 00:39:32.558] [[32minfo[m] Predicting...
[2020-11-01 00:39:56.637] [[32minfo[m] ...completed in 24.1 secs
[2020-11-01 00:39:56.653] [[32minfo[m] scores 454404
[2020-11-01 00:39:56.653] [[32minfo[m] [35] 9295,-12084,0.16595
[2020-11-01 00:39:56.653] [[32minfo[m] [36] 7014,-3761,0.33164
[2020-11-01 00:39:56.653] [[32minfo[m] [37] 9323,-13809,0.13856
[2020-11-01 00:39:56.653] [[32minfo[m] [73] 7325,-9682,0.23427
[2020-11-01 00:39:56.653] [[32minfo[m] [74] 5158,-3467,0.36523
[2020-11-01 00:39:56.653] [[32minfo[m] [75] 10127,-13090,0.13723
[2020-11-01 00:39:56.653] [[32minfo[m] [208] 4160,-9665,0.28398
[2020-11-01 00:39:56.653] [[32minfo[m] [265] 10142,-10952,0.17041
Num. customers: 454404
Average churn: 2.05
result:  34.89247
6
/repo/tco-customerchurn/data /repo/tco-customerchurn/submission/code/experiments/clas6
/repo/tco-customerchurn/submission/code/experiments/clas6
[2020-11-01 00:40:15.356] [[32minfo[m] Start
[2020-11-01 00:40:15.356] [[32minfo[m] Training
[2020-11-01 00:40:15.356] [[32minfo[m] JSON: read encodings from encoding-20.json
[2020-11-01 00:40:15.356] [[32minfo[m] CSV: reading history_mix_1to3.csv ...
[2020-11-01 00:40:18.878] [[32minfo[m] ...completed in 3.5 secs
[2020-11-01 00:40:18.878] [[32minfo[m] CSV: read 480592 rows with categorical features and 480592 rows with numerical ones.
[2020-11-01 00:40:18.916] [[32minfo[m] Encoding features...
[2020-11-01 00:40:27.869] [[32minfo[m] ...completed in 9.0 secs
[2020-11-01 00:40:29.175] [[32minfo[m] Classification requested
[2020-11-01 00:40:30.492] [[32minfo[m] Model restored from trained_5.model
[2020-11-01 00:40:30.494] [[32minfo[m] C 4000 T 16000 s 20.0 w -1 boost-tpf 1 f201906 nepochs 1
[2020-11-01 00:40:30.494] [[32minfo[m] Partial fit initiated for 1 epoch(s)...
[2020-11-01 00:51:30.514] [[32minfo[m] ...completed in 660.0 secs.
[2020-11-01 00:51:32.065] [[32minfo[m] Model saved into trained_6.model
[2020-11-01 00:51:32.431] [[32minfo[m] Start
[2020-11-01 00:51:32.431] [[32minfo[m] Inference
[2020-11-01 00:51:32.433] [[32minfo[m] JSON: read encodings from encoding-20.json
[2020-11-01 00:51:32.438] [[32minfo[m] CSV: reading input.csv ...
[2020-11-01 00:51:35.593] [[32minfo[m] ...completed in 3.2 secs
[2020-11-01 00:51:35.593] [[32minfo[m] CSV: read 454404 rows with categorical features and 454404 rows with numerical ones.
[2020-11-01 00:51:35.641] [[32minfo[m] Encoding features...
[2020-11-01 00:51:44.632] [[32minfo[m] ...completed in 9.0 secs
[2020-11-01 00:51:45.975] [[32minfo[m] Classification inference
[2020-11-01 00:51:47.386] [[32minfo[m] Predicting...
[2020-11-01 00:52:12.036] [[32minfo[m] ...completed in 24.7 secs
[2020-11-01 00:52:12.051] [[32minfo[m] scores 454404
[2020-11-01 00:52:12.051] [[32minfo[m] [35] 10787,-15163,0.09453
[2020-11-01 00:52:12.051] [[32minfo[m] [36] 7152,-7961,0.26386
[2020-11-01 00:52:12.051] [[32minfo[m] [37] 11445,-9313,0.17566
[2020-11-01 00:52:12.051] [[32minfo[m] [73] 11877,-11895,0.12856
[2020-11-01 00:52:12.051] [[32minfo[m] [74] 2924,-2973,0.40786
[2020-11-01 00:52:12.051] [[32minfo[m] [75] 11707,-10918,0.14648
[2020-11-01 00:52:12.051] [[32minfo[m] [208] 8534,-7739,0.24573
[2020-11-01 00:52:12.051] [[32minfo[m] [265] 14900,-16000,0.01719
Num. customers: 454404
Average churn: 2.05
result:  35.19355
7
/repo/tco-customerchurn/data /repo/tco-customerchurn/submission/code/experiments/clas6
/repo/tco-customerchurn/submission/code/experiments/clas6
[2020-11-01 00:52:31.026] [[32minfo[m] Start
[2020-11-01 00:52:31.026] [[32minfo[m] Training
[2020-11-01 00:52:31.027] [[32minfo[m] JSON: read encodings from encoding-20.json
[2020-11-01 00:52:31.027] [[32minfo[m] CSV: reading history_mix_1to3.csv ...
[2020-11-01 00:52:34.332] [[32minfo[m] ...completed in 3.3 secs
[2020-11-01 00:52:34.332] [[32minfo[m] CSV: read 480592 rows with categorical features and 480592 rows with numerical ones.
[2020-11-01 00:52:34.368] [[32minfo[m] Encoding features...
[2020-11-01 00:52:43.193] [[32minfo[m] ...completed in 8.8 secs
[2020-11-01 00:52:44.506] [[32minfo[m] Classification requested
[2020-11-01 00:52:45.807] [[32minfo[m] Model restored from trained_6.model
[2020-11-01 00:52:45.811] [[32minfo[m] C 4000 T 16000 s 20.0 w -1 boost-tpf 1 f201906 nepochs 1
[2020-11-01 00:52:45.811] [[32minfo[m] Partial fit initiated for 1 epoch(s)...
[2020-11-01 01:03:13.888] [[32minfo[m] ...completed in 628.1 secs.
[2020-11-01 01:03:15.429] [[32minfo[m] Model saved into trained_7.model
[2020-11-01 01:03:15.770] [[32minfo[m] Start
[2020-11-01 01:03:15.770] [[32minfo[m] Inference
[2020-11-01 01:03:15.770] [[32minfo[m] JSON: read encodings from encoding-20.json
[2020-11-01 01:03:15.770] [[32minfo[m] CSV: reading input.csv ...
[2020-11-01 01:03:18.860] [[32minfo[m] ...completed in 3.1 secs
[2020-11-01 01:03:18.860] [[32minfo[m] CSV: read 454404 rows with categorical features and 454404 rows with numerical ones.
[2020-11-01 01:03:18.908] [[32minfo[m] Encoding features...
[2020-11-01 01:03:27.607] [[32minfo[m] ...completed in 8.7 secs
[2020-11-01 01:03:28.879] [[32minfo[m] Classification inference
[2020-11-01 01:03:30.230] [[32minfo[m] Predicting...
[2020-11-01 01:03:54.373] [[32minfo[m] ...completed in 24.1 secs
[2020-11-01 01:03:54.387] [[32minfo[m] scores 454404
[2020-11-01 01:03:54.387] [[32minfo[m] [35] 10558,-11984,0.14778
[2020-11-01 01:03:54.387] [[32minfo[m] [36] 8611,-7207,0.25284
[2020-11-01 01:03:54.387] [[32minfo[m] [37] 9971,-8748,0.20752
[2020-11-01 01:03:54.387] [[32minfo[m] [73] 11140,-10560,0.16094
[2020-11-01 01:03:54.387] [[32minfo[m] [74] 4707,-6028,0.33227
[2020-11-01 01:03:54.387] [[32minfo[m] [75] 12865,-10028,0.14230
[2020-11-01 01:03:54.387] [[32minfo[m] [208] 7194,-6187,0.29092
[2020-11-01 01:03:54.387] [[32minfo[m] [265] 12646,-15210,0.06475
Num. customers: 454404
Average churn: 2.05
result:  35.52688
8
/repo/tco-customerchurn/data /repo/tco-customerchurn/submission/code/experiments/clas6
/repo/tco-customerchurn/submission/code/experiments/clas6
[2020-11-01 01:04:13.424] [[32minfo[m] Start
[2020-11-01 01:04:13.424] [[32minfo[m] Training
[2020-11-01 01:04:13.425] [[32minfo[m] JSON: read encodings from encoding-20.json
[2020-11-01 01:04:13.425] [[32minfo[m] CSV: reading history_mix_1to3.csv ...
[2020-11-01 01:04:16.897] [[32minfo[m] ...completed in 3.5 secs
[2020-11-01 01:04:16.898] [[32minfo[m] CSV: read 480592 rows with categorical features and 480592 rows with numerical ones.
[2020-11-01 01:04:16.935] [[32minfo[m] Encoding features...
[2020-11-01 01:04:25.692] [[32minfo[m] ...completed in 8.8 secs
[2020-11-01 01:04:26.992] [[32minfo[m] Classification requested
[2020-11-01 01:04:28.294] [[32minfo[m] Model restored from trained_7.model
[2020-11-01 01:04:28.298] [[32minfo[m] C 4000 T 16000 s 20.0 w -1 boost-tpf 1 f201906 nepochs 1
[2020-11-01 01:04:28.298] [[32minfo[m] Partial fit initiated for 1 epoch(s)...
[2020-11-01 01:14:55.790] [[32minfo[m] ...completed in 627.5 secs.
[2020-11-01 01:14:57.352] [[32minfo[m] Model saved into trained_8.model
[2020-11-01 01:14:57.731] [[32minfo[m] Start
[2020-11-01 01:14:57.731] [[32minfo[m] Inference
[2020-11-01 01:14:57.732] [[32minfo[m] JSON: read encodings from encoding-20.json
[2020-11-01 01:14:57.732] [[32minfo[m] CSV: reading input.csv ...
[2020-11-01 01:15:00.842] [[32minfo[m] ...completed in 3.1 secs
[2020-11-01 01:15:00.842] [[32minfo[m] CSV: read 454404 rows with categorical features and 454404 rows with numerical ones.
[2020-11-01 01:15:00.890] [[32minfo[m] Encoding features...
[2020-11-01 01:15:09.811] [[32minfo[m] ...completed in 8.9 secs
[2020-11-01 01:15:11.258] [[32minfo[m] Classification inference
[2020-11-01 01:15:12.632] [[32minfo[m] Predicting...
[2020-11-01 01:15:37.287] [[32minfo[m] ...completed in 24.7 secs
[2020-11-01 01:15:37.300] [[32minfo[m] scores 454404
[2020-11-01 01:15:37.301] [[32minfo[m] [35] 14226,-16000,0.02772
[2020-11-01 01:15:37.301] [[32minfo[m] [36] 2558,-5935,0.36730
[2020-11-01 01:15:37.301] [[32minfo[m] [37] 10494,-12587,0.13936
[2020-11-01 01:15:37.301] [[32minfo[m] [73] 12024,-10345,0.15048
[2020-11-01 01:15:37.302] [[32minfo[m] [74] 6448,-8457,0.26711
[2020-11-01 01:15:37.302] [[32minfo[m] [75] 12930,-10568,0.13284
[2020-11-01 01:15:37.302] [[32minfo[m] [208] 10245,-11391,0.16194
[2020-11-01 01:15:37.302] [[32minfo[m] [265] 13678,-12061,0.09783
Num. customers: 454404
Average churn: 2.05
result:  35.30108
9
/repo/tco-customerchurn/data /repo/tco-customerchurn/submission/code/experiments/clas6
/repo/tco-customerchurn/submission/code/experiments/clas6
[2020-11-01 01:16:00.461] [[32minfo[m] Start
[2020-11-01 01:16:00.461] [[32minfo[m] Training
[2020-11-01 01:16:00.461] [[32minfo[m] JSON: read encodings from encoding-20.json
[2020-11-01 01:16:00.461] [[32minfo[m] CSV: reading history_mix_1to3.csv ...
[2020-11-01 01:16:03.753] [[32minfo[m] ...completed in 3.3 secs
[2020-11-01 01:16:03.753] [[32minfo[m] CSV: read 480592 rows with categorical features and 480592 rows with numerical ones.
[2020-11-01 01:16:03.791] [[32minfo[m] Encoding features...
[2020-11-01 01:16:12.606] [[32minfo[m] ...completed in 8.8 secs
[2020-11-01 01:16:13.905] [[32minfo[m] Classification requested
[2020-11-01 01:16:15.212] [[32minfo[m] Model restored from trained_8.model
[2020-11-01 01:16:15.216] [[32minfo[m] C 4000 T 16000 s 20.0 w -1 boost-tpf 1 f201906 nepochs 1
[2020-11-01 01:16:15.216] [[32minfo[m] Partial fit initiated for 1 epoch(s)...
[2020-11-01 01:26:40.963] [[32minfo[m] ...completed in 625.7 secs.
[2020-11-01 01:26:42.425] [[32minfo[m] Model saved into trained_9.model
[2020-11-01 01:26:42.846] [[32minfo[m] Start
[2020-11-01 01:26:42.846] [[32minfo[m] Inference
[2020-11-01 01:26:42.847] [[32minfo[m] JSON: read encodings from encoding-20.json
[2020-11-01 01:26:42.847] [[32minfo[m] CSV: reading input.csv ...
[2020-11-01 01:26:46.080] [[32minfo[m] ...completed in 3.2 secs
[2020-11-01 01:26:46.080] [[32minfo[m] CSV: read 454404 rows with categorical features and 454404 rows with numerical ones.
[2020-11-01 01:26:46.133] [[32minfo[m] Encoding features...
[2020-11-01 01:26:54.993] [[32minfo[m] ...completed in 8.9 secs
[2020-11-01 01:26:56.255] [[32minfo[m] Classification inference
[2020-11-01 01:26:57.696] [[32minfo[m] Predicting...
[2020-11-01 01:27:21.933] [[32minfo[m] ...completed in 24.2 secs
[2020-11-01 01:27:21.950] [[32minfo[m] scores 454404
[2020-11-01 01:27:21.950] [[32minfo[m] [35] 16000,-10018,0.09347
[2020-11-01 01:27:21.950] [[32minfo[m] [36] 11188,-10905,0.15480
[2020-11-01 01:27:21.950] [[32minfo[m] [37] 12184,-5005,0.23142
[2020-11-01 01:27:21.950] [[32minfo[m] [73] 11407,-11263,0.14578
[2020-11-01 01:27:21.950] [[32minfo[m] [74] 9818,-3610,0.29019
[2020-11-01 01:27:21.950] [[32minfo[m] [75] 12975,-15959,0.04791
[2020-11-01 01:27:21.950] [[32minfo[m] [208] 10075,-6833,0.23581
[2020-11-01 01:27:21.950] [[32minfo[m] [265] 13318,-11090,0.11862
Num. customers: 454404
Average churn: 2.05
result:  35.26882
10
/repo/tco-customerchurn/data /repo/tco-customerchurn/submission/code/experiments/clas6
/repo/tco-customerchurn/submission/code/experiments/clas6
[2020-11-01 01:27:41.777] [[32minfo[m] Start
[2020-11-01 01:27:41.777] [[32minfo[m] Training
[2020-11-01 01:27:41.778] [[32minfo[m] JSON: read encodings from encoding-20.json
[2020-11-01 01:27:41.778] [[32minfo[m] CSV: reading history_mix_1to3.csv ...
[2020-11-01 01:27:45.283] [[32minfo[m] ...completed in 3.5 secs
[2020-11-01 01:27:45.283] [[32minfo[m] CSV: read 480592 rows with categorical features and 480592 rows with numerical ones.
[2020-11-01 01:27:45.320] [[32minfo[m] Encoding features...
[2020-11-01 01:27:54.308] [[32minfo[m] ...completed in 9.0 secs
[2020-11-01 01:27:55.642] [[32minfo[m] Classification requested
[2020-11-01 01:27:56.941] [[32minfo[m] Model restored from trained_9.model
[2020-11-01 01:27:56.945] [[32minfo[m] C 4000 T 16000 s 20.0 w -1 boost-tpf 1 f201906 nepochs 1
[2020-11-01 01:27:56.945] [[32minfo[m] Partial fit initiated for 1 epoch(s)...
[2020-11-01 01:38:34.240] [[32minfo[m] ...completed in 637.3 secs.
[2020-11-01 01:38:35.768] [[32minfo[m] Model saved into trained_10.model
[2020-11-01 01:38:36.117] [[32minfo[m] Start
[2020-11-01 01:38:36.117] [[32minfo[m] Inference
[2020-11-01 01:38:36.118] [[32minfo[m] JSON: read encodings from encoding-20.json
[2020-11-01 01:38:36.118] [[32minfo[m] CSV: reading input.csv ...
[2020-11-01 01:38:39.206] [[32minfo[m] ...completed in 3.1 secs
[2020-11-01 01:38:39.207] [[32minfo[m] CSV: read 454404 rows with categorical features and 454404 rows with numerical ones.
[2020-11-01 01:38:39.262] [[32minfo[m] Encoding features...
[2020-11-01 01:38:47.750] [[32minfo[m] ...completed in 8.5 secs
[2020-11-01 01:38:49.060] [[32minfo[m] Classification inference
[2020-11-01 01:38:50.448] [[32minfo[m] Predicting...
[2020-11-01 01:39:16.601] [[32minfo[m] ...completed in 26.2 secs
[2020-11-01 01:39:16.616] [[32minfo[m] scores 454404
[2020-11-01 01:39:16.616] [[32minfo[m] [35] 13323,-13843,0.07553
[2020-11-01 01:39:16.616] [[32minfo[m] [36] 6346,-5677,0.31214
[2020-11-01 01:39:16.616] [[32minfo[m] [37] 10400,-8970,0.19734
[2020-11-01 01:39:16.616] [[32minfo[m] [73] 8948,-9271,0.21533
[2020-11-01 01:39:16.616] [[32minfo[m] [74] 4891,-4744,0.34945
[2020-11-01 01:39:16.616] [[32minfo[m] [75] 8805,-11629,0.18072
[2020-11-01 01:39:16.616] [[32minfo[m] [208] 4355,-6661,0.32788
[2020-11-01 01:39:16.616] [[32minfo[m] [265] 13014,-13045,0.09283
Num. customers: 454404
Average churn: 2.05
result:  34.90323
11
/repo/tco-customerchurn/data /repo/tco-customerchurn/submission/code/experiments/clas6
/repo/tco-customerchurn/submission/code/experiments/clas6
[2020-11-01 01:39:36.691] [[32minfo[m] Start
[2020-11-01 01:39:36.691] [[32minfo[m] Training
[2020-11-01 01:39:36.692] [[32minfo[m] JSON: read encodings from encoding-20.json
[2020-11-01 01:39:36.692] [[32minfo[m] CSV: reading history_mix_1to3.csv ...
[2020-11-01 01:39:39.917] [[32minfo[m] ...completed in 3.2 secs
[2020-11-01 01:39:39.917] [[32minfo[m] CSV: read 480592 rows with categorical features and 480592 rows with numerical ones.
[2020-11-01 01:39:39.955] [[32minfo[m] Encoding features...
[2020-11-01 01:39:48.805] [[32minfo[m] ...completed in 8.9 secs
[2020-11-01 01:39:50.115] [[32minfo[m] Classification requested
[2020-11-01 01:39:51.433] [[32minfo[m] Model restored from trained_10.model
[2020-11-01 01:39:51.436] [[32minfo[m] C 4000 T 16000 s 20.0 w -1 boost-tpf 1 f201906 nepochs 1
[2020-11-01 01:39:51.436] [[32minfo[m] Partial fit initiated for 1 epoch(s)...
[2020-11-01 01:50:38.528] [[32minfo[m] ...completed in 647.1 secs.
[2020-11-01 01:50:39.978] [[32minfo[m] Model saved into trained_11.model
[2020-11-01 01:50:40.366] [[32minfo[m] Start
[2020-11-01 01:50:40.366] [[32minfo[m] Inference
[2020-11-01 01:50:40.367] [[32minfo[m] JSON: read encodings from encoding-20.json
[2020-11-01 01:50:40.367] [[32minfo[m] CSV: reading input.csv ...
[2020-11-01 01:50:43.690] [[32minfo[m] ...completed in 3.3 secs
[2020-11-01 01:50:43.690] [[32minfo[m] CSV: read 454404 rows with categorical features and 454404 rows with numerical ones.
[2020-11-01 01:50:43.738] [[32minfo[m] Encoding features...
[2020-11-01 01:50:52.463] [[32minfo[m] ...completed in 8.7 secs
[2020-11-01 01:50:53.711] [[32minfo[m] Classification inference
[2020-11-01 01:50:55.042] [[32minfo[m] Predicting...
[2020-11-01 01:51:19.060] [[32minfo[m] ...completed in 24.0 secs
[2020-11-01 01:51:19.075] [[32minfo[m] scores 454404
[2020-11-01 01:51:19.075] [[32minfo[m] [35] 15781,-15752,0.00730
[2020-11-01 01:51:19.075] [[32minfo[m] [36] 5115,-8125,0.29312
[2020-11-01 01:51:19.075] [[32minfo[m] [37] 12604,-7546,0.18516
[2020-11-01 01:51:19.075] [[32minfo[m] [73] 9872,-7708,0.22531
[2020-11-01 01:51:19.075] [[32minfo[m] [74] 5555,-2751,0.37022
[2020-11-01 01:51:19.075] [[32minfo[m] [75] 11114,-9181,0.18289
[2020-11-01 01:51:19.075] [[32minfo[m] [208] 9144,-6913,0.24911
[2020-11-01 01:51:19.075] [[32minfo[m] [265] 12450,-14317,0.08177
Num. customers: 454404
Average churn: 2.05
result:  34.90323
12
/repo/tco-customerchurn/data /repo/tco-customerchurn/submission/code/experiments/clas6
/repo/tco-customerchurn/submission/code/experiments/clas6
[2020-11-01 01:51:38.661] [[32minfo[m] Start
[2020-11-01 01:51:38.661] [[32minfo[m] Training
[2020-11-01 01:51:38.662] [[32minfo[m] JSON: read encodings from encoding-20.json
[2020-11-01 01:51:38.662] [[32minfo[m] CSV: reading history_mix_1to3.csv ...
[2020-11-01 01:51:42.002] [[32minfo[m] ...completed in 3.3 secs
[2020-11-01 01:51:42.002] [[32minfo[m] CSV: read 480592 rows with categorical features and 480592 rows with numerical ones.
[2020-11-01 01:51:42.040] [[32minfo[m] Encoding features...
[2020-11-01 01:51:50.785] [[32minfo[m] ...completed in 8.7 secs
[2020-11-01 01:51:52.099] [[32minfo[m] Classification requested
[2020-11-01 01:51:53.399] [[32minfo[m] Model restored from trained_11.model
[2020-11-01 01:51:53.402] [[32minfo[m] C 4000 T 16000 s 20.0 w -1 boost-tpf 1 f201906 nepochs 1
[2020-11-01 01:51:53.403] [[32minfo[m] Partial fit initiated for 1 epoch(s)...
[2020-11-01 02:02:24.380] [[32minfo[m] ...completed in 631.0 secs.
[2020-11-01 02:02:25.990] [[32minfo[m] Model saved into trained_12.model
[2020-11-01 02:02:26.372] [[32minfo[m] Start
[2020-11-01 02:02:26.372] [[32minfo[m] Inference
[2020-11-01 02:02:26.372] [[32minfo[m] JSON: read encodings from encoding-20.json
[2020-11-01 02:02:26.372] [[32minfo[m] CSV: reading input.csv ...
[2020-11-01 02:02:29.575] [[32minfo[m] ...completed in 3.2 secs
[2020-11-01 02:02:29.575] [[32minfo[m] CSV: read 454404 rows with categorical features and 454404 rows with numerical ones.
[2020-11-01 02:02:29.622] [[32minfo[m] Encoding features...
[2020-11-01 02:02:38.400] [[32minfo[m] ...completed in 8.8 secs
[2020-11-01 02:02:39.709] [[32minfo[m] Classification inference
[2020-11-01 02:02:41.107] [[32minfo[m] Predicting...
[2020-11-01 02:03:05.819] [[32minfo[m] ...completed in 24.7 secs
[2020-11-01 02:03:05.835] [[32minfo[m] scores 454404
[2020-11-01 02:03:05.836] [[32minfo[m] [35] 12421,-13419,0.09625
[2020-11-01 02:03:05.836] [[32minfo[m] [36] 2981,-5552,0.36667
[2020-11-01 02:03:05.836] [[32minfo[m] [37] 11117,-13644,0.11311
[2020-11-01 02:03:05.836] [[32minfo[m] [73] 11452,-9139,0.17827
[2020-11-01 02:03:05.836] [[32minfo[m] [74] 4200,-6342,0.33528
[2020-11-01 02:03:05.836] [[32minfo[m] [75] 10848,-6080,0.23550
[2020-11-01 02:03:05.836] [[32minfo[m] [208] 5166,-9605,0.26920
[2020-11-01 02:03:05.836] [[32minfo[m] [265] 10373,-14940,0.10448
Num. customers: 454404
Average churn: 2.05
result:  34.75269
13
/repo/tco-customerchurn/data /repo/tco-customerchurn/submission/code/experiments/clas6
/repo/tco-customerchurn/submission/code/experiments/clas6
[2020-11-01 02:03:24.351] [[32minfo[m] Start
[2020-11-01 02:03:24.352] [[32minfo[m] Training
[2020-11-01 02:03:24.352] [[32minfo[m] JSON: read encodings from encoding-20.json
[2020-11-01 02:03:24.352] [[32minfo[m] CSV: reading history_mix_1to3.csv ...
[2020-11-01 02:03:27.651] [[32minfo[m] ...completed in 3.3 secs
[2020-11-01 02:03:27.651] [[32minfo[m] CSV: read 480592 rows with categorical features and 480592 rows with numerical ones.
[2020-11-01 02:03:27.688] [[32minfo[m] Encoding features...
[2020-11-01 02:03:36.444] [[32minfo[m] ...completed in 8.8 secs
[2020-11-01 02:03:37.773] [[32minfo[m] Classification requested
[2020-11-01 02:03:39.094] [[32minfo[m] Model restored from trained_12.model
[2020-11-01 02:03:39.097] [[32minfo[m] C 4000 T 16000 s 20.0 w -1 boost-tpf 1 f201906 nepochs 1
[2020-11-01 02:03:39.097] [[32minfo[m] Partial fit initiated for 1 epoch(s)...
[2020-11-01 02:14:10.901] [[32minfo[m] ...completed in 631.8 secs.
[2020-11-01 02:14:12.407] [[32minfo[m] Model saved into trained_13.model
[2020-11-01 02:14:12.767] [[32minfo[m] Start
[2020-11-01 02:14:12.768] [[32minfo[m] Inference
[2020-11-01 02:14:12.768] [[32minfo[m] JSON: read encodings from encoding-20.json
[2020-11-01 02:14:12.768] [[32minfo[m] CSV: reading input.csv ...
[2020-11-01 02:14:16.047] [[32minfo[m] ...completed in 3.3 secs
[2020-11-01 02:14:16.047] [[32minfo[m] CSV: read 454404 rows with categorical features and 454404 rows with numerical ones.
[2020-11-01 02:14:16.092] [[32minfo[m] Encoding features...
[2020-11-01 02:14:25.037] [[32minfo[m] ...completed in 8.9 secs
[2020-11-01 02:14:26.461] [[32minfo[m] Classification inference
[2020-11-01 02:14:27.835] [[32minfo[m] Predicting...
[2020-11-01 02:14:52.537] [[32minfo[m] ...completed in 24.7 secs
[2020-11-01 02:14:52.558] [[32minfo[m] scores 454404
[2020-11-01 02:14:52.558] [[32minfo[m] [35] 11324,-12722,0.12428
[2020-11-01 02:14:52.558] [[32minfo[m] [36] 6068,-8507,0.27227
[2020-11-01 02:14:52.558] [[32minfo[m] [37] 12135,-11250,0.13461
[2020-11-01 02:14:52.558] [[32minfo[m] [73] 8520,-10180,0.20781
[2020-11-01 02:14:52.558] [[32minfo[m] [74] 3901,-4437,0.36972
[2020-11-01 02:14:52.558] [[32minfo[m] [75] 11942,-10690,0.14637
[2020-11-01 02:14:52.558] [[32minfo[m] [208] 7295,-9877,0.23169
[2020-11-01 02:14:52.558] [[32minfo[m] [265] 12983,-11002,0.12523
Num. customers: 454404
Average churn: 2.05
result:  35.48387
14
/repo/tco-customerchurn/data /repo/tco-customerchurn/submission/code/experiments/clas6
/repo/tco-customerchurn/submission/code/experiments/clas6
[2020-11-01 02:15:13.088] [[32minfo[m] Start
[2020-11-01 02:15:13.088] [[32minfo[m] Training
[2020-11-01 02:15:13.396] [[32minfo[m] JSON: read encodings from encoding-20.json
[2020-11-01 02:15:13.396] [[32minfo[m] CSV: reading history_mix_1to3.csv ...
[2020-11-01 02:15:16.601] [[32minfo[m] ...completed in 3.2 secs
[2020-11-01 02:15:16.601] [[32minfo[m] CSV: read 480592 rows with categorical features and 480592 rows with numerical ones.
[2020-11-01 02:15:16.640] [[32minfo[m] Encoding features...
[2020-11-01 02:15:25.385] [[32minfo[m] ...completed in 8.7 secs
[2020-11-01 02:15:26.691] [[32minfo[m] Classification requested
[2020-11-01 02:15:27.992] [[32minfo[m] Model restored from trained_13.model
[2020-11-01 02:15:27.995] [[32minfo[m] C 4000 T 16000 s 20.0 w -1 boost-tpf 1 f201906 nepochs 1
[2020-11-01 02:15:27.995] [[32minfo[m] Partial fit initiated for 1 epoch(s)...
[2020-11-01 02:25:57.837] [[32minfo[m] ...completed in 629.8 secs.
[2020-11-01 02:25:59.314] [[32minfo[m] Model saved into trained_14.model
[2020-11-01 02:25:59.727] [[32minfo[m] Start
[2020-11-01 02:25:59.727] [[32minfo[m] Inference
[2020-11-01 02:25:59.728] [[32minfo[m] JSON: read encodings from encoding-20.json
[2020-11-01 02:25:59.728] [[32minfo[m] CSV: reading input.csv ...
[2020-11-01 02:26:02.937] [[32minfo[m] ...completed in 3.2 secs
[2020-11-01 02:26:02.937] [[32minfo[m] CSV: read 454404 rows with categorical features and 454404 rows with numerical ones.
[2020-11-01 02:26:02.985] [[32minfo[m] Encoding features...
[2020-11-01 02:26:12.109] [[32minfo[m] ...completed in 9.1 secs
[2020-11-01 02:26:13.439] [[32minfo[m] Classification inference
[2020-11-01 02:26:14.826] [[32minfo[m] Predicting...
[2020-11-01 02:26:38.863] [[32minfo[m] ...completed in 24.0 secs
[2020-11-01 02:26:38.876] [[32minfo[m] scores 454404
[2020-11-01 02:26:38.876] [[32minfo[m] [35] 13043,-13570,0.08417
[2020-11-01 02:26:38.876] [[32minfo[m] [36] 8575,-8826,0.22811
[2020-11-01 02:26:38.876] [[32minfo[m] [37] 8230,-11111,0.19780
[2020-11-01 02:26:38.876] [[32minfo[m] [73] 5809,-9254,0.26464
[2020-11-01 02:26:38.876] [[32minfo[m] [74] 5586,-5207,0.33136
[2020-11-01 02:26:38.876] [[32minfo[m] [75] 11892,-11519,0.13420
[2020-11-01 02:26:38.876] [[32minfo[m] [208] 6283,-10152,0.24320
[2020-11-01 02:26:38.876] [[32minfo[m] [265] 13547,-16000,0.03833
Num. customers: 454404
Average churn: 2.05
result:  34.80645
15
/repo/tco-customerchurn/data /repo/tco-customerchurn/submission/code/experiments/clas6
/repo/tco-customerchurn/submission/code/experiments/clas6
[2020-11-01 02:26:57.691] [[32minfo[m] Start
[2020-11-01 02:26:57.691] [[32minfo[m] Training
[2020-11-01 02:26:57.691] [[32minfo[m] JSON: read encodings from encoding-20.json
[2020-11-01 02:26:57.691] [[32minfo[m] CSV: reading history_mix_1to3.csv ...
[2020-11-01 02:27:00.898] [[32minfo[m] ...completed in 3.2 secs
[2020-11-01 02:27:00.898] [[32minfo[m] CSV: read 480592 rows with categorical features and 480592 rows with numerical ones.
[2020-11-01 02:27:00.935] [[32minfo[m] Encoding features...
[2020-11-01 02:27:09.675] [[32minfo[m] ...completed in 8.7 secs
[2020-11-01 02:27:10.978] [[32minfo[m] Classification requested
[2020-11-01 02:27:12.275] [[32minfo[m] Model restored from trained_14.model
[2020-11-01 02:27:12.278] [[32minfo[m] C 4000 T 16000 s 20.0 w -1 boost-tpf 1 f201906 nepochs 1
[2020-11-01 02:27:12.278] [[32minfo[m] Partial fit initiated for 1 epoch(s)...
[2020-11-01 02:37:39.647] [[32minfo[m] ...completed in 627.4 secs.
[2020-11-01 02:37:41.173] [[32minfo[m] Model saved into trained_15.model
[2020-11-01 02:37:41.539] [[32minfo[m] Start
[2020-11-01 02:37:41.539] [[32minfo[m] Inference
[2020-11-01 02:37:41.539] [[32minfo[m] JSON: read encodings from encoding-20.json
[2020-11-01 02:37:41.539] [[32minfo[m] CSV: reading input.csv ...
[2020-11-01 02:37:45.150] [[32minfo[m] ...completed in 3.6 secs
[2020-11-01 02:37:45.150] [[32minfo[m] CSV: read 454404 rows with categorical features and 454404 rows with numerical ones.
[2020-11-01 02:37:45.203] [[32minfo[m] Encoding features...
[2020-11-01 02:37:54.131] [[32minfo[m] ...completed in 8.9 secs
[2020-11-01 02:37:55.473] [[32minfo[m] Classification inference
[2020-11-01 02:37:56.874] [[32minfo[m] Predicting...
[2020-11-01 02:38:21.272] [[32minfo[m] ...completed in 24.4 secs
[2020-11-01 02:38:21.286] [[32minfo[m] scores 454404
[2020-11-01 02:38:21.286] [[32minfo[m] [35] 12368,-11550,0.12628
[2020-11-01 02:38:21.286] [[32minfo[m] [36] 7355,-5893,0.29300
[2020-11-01 02:38:21.286] [[32minfo[m] [37] 7883,-6111,0.28134
[2020-11-01 02:38:21.286] [[32minfo[m] [73] 7706,-8747,0.24292
[2020-11-01 02:38:21.286] [[32minfo[m] [74] 4009,-2034,0.40558
[2020-11-01 02:38:21.286] [[32minfo[m] [75] 9272,-9043,0.21383
[2020-11-01 02:38:21.286] [[32minfo[m] [208] 6117,-5740,0.31473
[2020-11-01 02:38:21.286] [[32minfo[m] [265] 11266,-11828,0.13916
Num. customers: 454404
Average churn: 2.05
result:  34.73118
16
/repo/tco-customerchurn/data /repo/tco-customerchurn/submission/code/experiments/clas6
/repo/tco-customerchurn/submission/code/experiments/clas6
[2020-11-01 02:38:39.608] [[32minfo[m] Start
[2020-11-01 02:38:39.608] [[32minfo[m] Training
[2020-11-01 02:38:39.609] [[32minfo[m] JSON: read encodings from encoding-20.json
[2020-11-01 02:38:39.609] [[32minfo[m] CSV: reading history_mix_1to3.csv ...
[2020-11-01 02:38:42.834] [[32minfo[m] ...completed in 3.2 secs
[2020-11-01 02:38:42.834] [[32minfo[m] CSV: read 480592 rows with categorical features and 480592 rows with numerical ones.
[2020-11-01 02:38:42.873] [[32minfo[m] Encoding features...
[2020-11-01 02:38:51.688] [[32minfo[m] ...completed in 8.8 secs
[2020-11-01 02:38:53.004] [[32minfo[m] Classification requested
[2020-11-01 02:38:54.315] [[32minfo[m] Model restored from trained_15.model
[2020-11-01 02:38:54.318] [[32minfo[m] C 4000 T 16000 s 20.0 w -1 boost-tpf 1 f201906 nepochs 1
[2020-11-01 02:38:54.318] [[32minfo[m] Partial fit initiated for 1 epoch(s)...
[2020-11-01 02:49:23.320] [[32minfo[m] ...completed in 629.0 secs.
[2020-11-01 02:49:24.849] [[32minfo[m] Model saved into trained_16.model
[2020-11-01 02:49:25.257] [[32minfo[m] Start
[2020-11-01 02:49:25.257] [[32minfo[m] Inference
[2020-11-01 02:49:25.258] [[32minfo[m] JSON: read encodings from encoding-20.json
[2020-11-01 02:49:25.258] [[32minfo[m] CSV: reading input.csv ...
[2020-11-01 02:49:28.612] [[32minfo[m] ...completed in 3.4 secs
[2020-11-01 02:49:28.612] [[32minfo[m] CSV: read 454404 rows with categorical features and 454404 rows with numerical ones.
[2020-11-01 02:49:28.658] [[32minfo[m] Encoding features...
[2020-11-01 02:49:37.449] [[32minfo[m] ...completed in 8.8 secs
[2020-11-01 02:49:38.818] [[32minfo[m] Classification inference
[2020-11-01 02:49:40.252] [[32minfo[m] Predicting...
[2020-11-01 02:50:04.678] [[32minfo[m] ...completed in 24.4 secs
[2020-11-01 02:50:04.691] [[32minfo[m] scores 454404
[2020-11-01 02:50:04.692] [[32minfo[m] [35] 15384,-14048,0.04013
[2020-11-01 02:50:04.692] [[32minfo[m] [36] 7416,-6605,0.28092
[2020-11-01 02:50:04.692] [[32minfo[m] [37] 7310,-8200,0.25766
[2020-11-01 02:50:04.692] [[32minfo[m] [73] 6259,-8850,0.26392
[2020-11-01 02:50:04.692] [[32minfo[m] [74] 4537,-4897,0.35259
[2020-11-01 02:50:04.692] [[32minfo[m] [75] 12368,-9601,0.15673
[2020-11-01 02:50:04.692] [[32minfo[m] [208] 6096,-7905,0.28123
[2020-11-01 02:50:04.692] [[32minfo[m] [265] 11055,-10733,0.15956
Num. customers: 454404
Average churn: 2.05
result:  34.69892
17
/repo/tco-customerchurn/data /repo/tco-customerchurn/submission/code/experiments/clas6
/repo/tco-customerchurn/submission/code/experiments/clas6
[2020-11-01 02:50:25.875] [[32minfo[m] Start
[2020-11-01 02:50:25.875] [[32minfo[m] Training
[2020-11-01 02:50:25.875] [[32minfo[m] JSON: read encodings from encoding-20.json
[2020-11-01 02:50:25.875] [[32minfo[m] CSV: reading history_mix_1to3.csv ...
[2020-11-01 02:50:29.152] [[32minfo[m] ...completed in 3.3 secs
[2020-11-01 02:50:29.152] [[32minfo[m] CSV: read 480592 rows with categorical features and 480592 rows with numerical ones.
[2020-11-01 02:50:29.190] [[32minfo[m] Encoding features...
[2020-11-01 02:50:38.015] [[32minfo[m] ...completed in 8.8 secs
[2020-11-01 02:50:39.370] [[32minfo[m] Classification requested
[2020-11-01 02:50:40.675] [[32minfo[m] Model restored from trained_16.model
[2020-11-01 02:50:40.678] [[32minfo[m] C 4000 T 16000 s 20.0 w -1 boost-tpf 1 f201906 nepochs 1
[2020-11-01 02:50:40.678] [[32minfo[m] Partial fit initiated for 1 epoch(s)...
[2020-11-01 03:01:07.780] [[32minfo[m] ...completed in 627.1 secs.
[2020-11-01 03:01:09.320] [[32minfo[m] Model saved into trained_17.model
[2020-11-01 03:01:09.730] [[32minfo[m] Start
[2020-11-01 03:01:09.730] [[32minfo[m] Inference
[2020-11-01 03:01:09.731] [[32minfo[m] JSON: read encodings from encoding-20.json
[2020-11-01 03:01:09.731] [[32minfo[m] CSV: reading input.csv ...
[2020-11-01 03:01:13.057] [[32minfo[m] ...completed in 3.3 secs
[2020-11-01 03:01:13.058] [[32minfo[m] CSV: read 454404 rows with categorical features and 454404 rows with numerical ones.
[2020-11-01 03:01:13.123] [[32minfo[m] Encoding features...
[2020-11-01 03:01:21.894] [[32minfo[m] ...completed in 8.8 secs
[2020-11-01 03:01:23.204] [[32minfo[m] Classification inference
[2020-11-01 03:01:24.591] [[32minfo[m] Predicting...
[2020-11-01 03:01:49.098] [[32minfo[m] ...completed in 24.5 secs
[2020-11-01 03:01:49.111] [[32minfo[m] scores 454404
[2020-11-01 03:01:49.111] [[32minfo[m] [35] 10043,-14873,0.11069
[2020-11-01 03:01:49.111] [[32minfo[m] [36] 11114,-5979,0.23292
[2020-11-01 03:01:49.111] [[32minfo[m] [37] 9121,-11138,0.18345
[2020-11-01 03:01:49.111] [[32minfo[m] [73] 10092,-6187,0.24564
[2020-11-01 03:01:49.111] [[32minfo[m] [74] 5461,-5254,0.33258
[2020-11-01 03:01:49.111] [[32minfo[m] [75] 16000,-16000,0.00000
[2020-11-01 03:01:49.111] [[32minfo[m] [208] 7813,-5986,0.28439
[2020-11-01 03:01:49.111] [[32minfo[m] [265] 13608,-12297,0.09523
Num. customers: 454404
Average churn: 2.05
result:  34.68817
18
/repo/tco-customerchurn/data /repo/tco-customerchurn/submission/code/experiments/clas6
/repo/tco-customerchurn/submission/code/experiments/clas6
[2020-11-01 03:02:07.894] [[32minfo[m] Start
[2020-11-01 03:02:07.894] [[32minfo[m] Training
[2020-11-01 03:02:07.894] [[32minfo[m] JSON: read encodings from encoding-20.json
[2020-11-01 03:02:07.894] [[32minfo[m] CSV: reading history_mix_1to3.csv ...
[2020-11-01 03:02:11.240] [[32minfo[m] ...completed in 3.3 secs
[2020-11-01 03:02:11.240] [[32minfo[m] CSV: read 480592 rows with categorical features and 480592 rows with numerical ones.
[2020-11-01 03:02:11.277] [[32minfo[m] Encoding features...
[2020-11-01 03:02:20.066] [[32minfo[m] ...completed in 8.8 secs
[2020-11-01 03:02:21.389] [[32minfo[m] Classification requested
[2020-11-01 03:02:22.699] [[32minfo[m] Model restored from trained_17.model
[2020-11-01 03:02:22.702] [[32minfo[m] C 4000 T 16000 s 20.0 w -1 boost-tpf 1 f201906 nepochs 1
[2020-11-01 03:02:22.702] [[32minfo[m] Partial fit initiated for 1 epoch(s)...
[2020-11-01 03:12:50.530] [[32minfo[m] ...completed in 627.8 secs.
[2020-11-01 03:12:52.069] [[32minfo[m] Model saved into trained_18.model
[2020-11-01 03:12:52.439] [[32minfo[m] Start
[2020-11-01 03:12:52.439] [[32minfo[m] Inference
[2020-11-01 03:12:52.439] [[32minfo[m] JSON: read encodings from encoding-20.json
[2020-11-01 03:12:52.439] [[32minfo[m] CSV: reading input.csv ...
[2020-11-01 03:12:55.601] [[32minfo[m] ...completed in 3.2 secs
[2020-11-01 03:12:55.601] [[32minfo[m] CSV: read 454404 rows with categorical features and 454404 rows with numerical ones.
[2020-11-01 03:12:55.657] [[32minfo[m] Encoding features...
[2020-11-01 03:13:04.558] [[32minfo[m] ...completed in 8.9 secs
[2020-11-01 03:13:05.875] [[32minfo[m] Classification inference
[2020-11-01 03:13:07.256] [[32minfo[m] Predicting...
[2020-11-01 03:13:32.225] [[32minfo[m] ...completed in 25.0 secs
[2020-11-01 03:13:32.240] [[32minfo[m] scores 454404
[2020-11-01 03:13:32.240] [[32minfo[m] [35] 14983,-16000,0.01589
[2020-11-01 03:13:32.240] [[32minfo[m] [36] 9608,-8678,0.21428
[2020-11-01 03:13:32.240] [[32minfo[m] [37] 11000,-7800,0.20625
[2020-11-01 03:13:32.240] [[32minfo[m] [73] 8434,-7234,0.25519
[2020-11-01 03:13:32.240] [[32minfo[m] [74] 4896,-4132,0.35894
[2020-11-01 03:13:32.240] [[32minfo[m] [75] 13375,-10815,0.12203
[2020-11-01 03:13:32.240] [[32minfo[m] [208] 9188,-9498,0.20803
[2020-11-01 03:13:32.240] [[32minfo[m] [265] 10006,-11466,0.16450
Num. customers: 454404
Average churn: 2.05
result:  34.94624
19
/repo/tco-customerchurn/data /repo/tco-customerchurn/submission/code/experiments/clas6
/repo/tco-customerchurn/submission/code/experiments/clas6
[2020-11-01 03:13:51.234] [[32minfo[m] Start
[2020-11-01 03:13:51.234] [[32minfo[m] Training
[2020-11-01 03:13:51.235] [[32minfo[m] JSON: read encodings from encoding-20.json
[2020-11-01 03:13:51.235] [[32minfo[m] CSV: reading history_mix_1to3.csv ...
[2020-11-01 03:13:54.489] [[32minfo[m] ...completed in 3.3 secs
[2020-11-01 03:13:54.489] [[32minfo[m] CSV: read 480592 rows with categorical features and 480592 rows with numerical ones.
[2020-11-01 03:13:54.527] [[32minfo[m] Encoding features...
[2020-11-01 03:14:03.344] [[32minfo[m] ...completed in 8.8 secs
[2020-11-01 03:14:04.677] [[32minfo[m] Classification requested
[2020-11-01 03:14:05.993] [[32minfo[m] Model restored from trained_18.model
[2020-11-01 03:14:05.996] [[32minfo[m] C 4000 T 16000 s 20.0 w -1 boost-tpf 1 f201906 nepochs 1
[2020-11-01 03:14:05.996] [[32minfo[m] Partial fit initiated for 1 epoch(s)...
[2020-11-01 03:24:35.459] [[32minfo[m] ...completed in 629.5 secs.
[2020-11-01 03:24:36.975] [[32minfo[m] Model saved into trained_19.model
[2020-11-01 03:24:37.365] [[32minfo[m] Start
[2020-11-01 03:24:37.365] [[32minfo[m] Inference
[2020-11-01 03:24:37.366] [[32minfo[m] JSON: read encodings from encoding-20.json
[2020-11-01 03:24:37.366] [[32minfo[m] CSV: reading input.csv ...
[2020-11-01 03:24:40.672] [[32minfo[m] ...completed in 3.3 secs
[2020-11-01 03:24:40.672] [[32minfo[m] CSV: read 454404 rows with categorical features and 454404 rows with numerical ones.
[2020-11-01 03:24:40.729] [[32minfo[m] Encoding features...
[2020-11-01 03:24:49.484] [[32minfo[m] ...completed in 8.8 secs
[2020-11-01 03:24:50.757] [[32minfo[m] Classification inference
[2020-11-01 03:24:52.240] [[32minfo[m] Predicting...
[2020-11-01 03:25:16.551] [[32minfo[m] ...completed in 24.3 secs
[2020-11-01 03:25:16.569] [[32minfo[m] scores 454404
[2020-11-01 03:25:16.569] [[32minfo[m] [35] 14718,-16000,0.02003
[2020-11-01 03:25:16.569] [[32minfo[m] [36] 6607,-7167,0.28478
[2020-11-01 03:25:16.569] [[32minfo[m] [37] 10616,-10402,0.17159
[2020-11-01 03:25:16.569] [[32minfo[m] [73] 9257,-9912,0.20048
[2020-11-01 03:25:16.569] [[32minfo[m] [74] 3877,-7455,0.32294
[2020-11-01 03:25:16.569] [[32minfo[m] [75] 13471,-10779,0.12109
[2020-11-01 03:25:16.569] [[32minfo[m] [208] 8269,-9397,0.22397
[2020-11-01 03:25:16.569] [[32minfo[m] [265] 14532,-14918,0.03984
Num. customers: 454404
Average churn: 2.05
result:  34.61290
20
/repo/tco-customerchurn/data /repo/tco-customerchurn/submission/code/experiments/clas6
/repo/tco-customerchurn/submission/code/experiments/clas6
[2020-11-01 03:25:35.046] [[32minfo[m] Start
[2020-11-01 03:25:35.046] [[32minfo[m] Training
[2020-11-01 03:25:35.047] [[32minfo[m] JSON: read encodings from encoding-20.json
[2020-11-01 03:25:35.047] [[32minfo[m] CSV: reading history_mix_1to3.csv ...
[2020-11-01 03:25:38.248] [[32minfo[m] ...completed in 3.2 secs
[2020-11-01 03:25:38.248] [[32minfo[m] CSV: read 480592 rows with categorical features and 480592 rows with numerical ones.
[2020-11-01 03:25:38.285] [[32minfo[m] Encoding features...
[2020-11-01 03:25:47.148] [[32minfo[m] ...completed in 8.9 secs
[2020-11-01 03:25:48.483] [[32minfo[m] Classification requested
[2020-11-01 03:25:49.785] [[32minfo[m] Model restored from trained_19.model
[2020-11-01 03:25:49.789] [[32minfo[m] C 4000 T 16000 s 20.0 w -1 boost-tpf 1 f201906 nepochs 1
[2020-11-01 03:25:49.789] [[32minfo[m] Partial fit initiated for 1 epoch(s)...
[2020-11-01 03:36:19.564] [[32minfo[m] ...completed in 629.8 secs.
[2020-11-01 03:36:21.110] [[32minfo[m] Model saved into trained_20.model
[2020-11-01 03:36:21.487] [[32minfo[m] Start
[2020-11-01 03:36:21.487] [[32minfo[m] Inference
[2020-11-01 03:36:21.488] [[32minfo[m] JSON: read encodings from encoding-20.json
[2020-11-01 03:36:21.488] [[32minfo[m] CSV: reading input.csv ...
[2020-11-01 03:36:24.879] [[32minfo[m] ...completed in 3.4 secs
[2020-11-01 03:36:24.880] [[32minfo[m] CSV: read 454404 rows with categorical features and 454404 rows with numerical ones.
[2020-11-01 03:36:24.933] [[32minfo[m] Encoding features...
[2020-11-01 03:36:33.544] [[32minfo[m] ...completed in 8.6 secs
[2020-11-01 03:36:34.815] [[32minfo[m] Classification inference
[2020-11-01 03:36:36.219] [[32minfo[m] Predicting...
[2020-11-01 03:37:00.403] [[32minfo[m] ...completed in 24.2 secs
[2020-11-01 03:37:00.417] [[32minfo[m] scores 454404
[2020-11-01 03:37:00.417] [[32minfo[m] [35] 12450,-14671,0.07623
[2020-11-01 03:37:00.417] [[32minfo[m] [36] 8056,-4698,0.30072
[2020-11-01 03:37:00.417] [[32minfo[m] [37] 7979,-11037,0.20288
[2020-11-01 03:37:00.417] [[32minfo[m] [73] 9853,-10422,0.18320
[2020-11-01 03:37:00.417] [[32minfo[m] [74] 5519,-163,0.41122
[2020-11-01 03:37:00.417] [[32minfo[m] [75] 8351,-7759,0.24828
[2020-11-01 03:37:00.417] [[32minfo[m] [208] 10046,-5167,0.26230
[2020-11-01 03:37:00.417] [[32minfo[m] [265] 11135,-12219,0.13509
Num. customers: 454404
Average churn: 2.05
result:  34.96774
