1
/repo/tco-customerchurn/data /repo/tco-customerchurn/submission/code/experiments/clasC
/repo/tco-customerchurn/submission/code/experiments/clasC
[2020-11-03 15:05:46.857] [[32minfo[m] Start
[2020-11-03 15:05:46.857] [[32minfo[m] Training
[2020-11-03 15:05:46.857] [[32minfo[m] JSON: read encodings from encoding-20.json
[2020-11-03 15:05:46.857] [[32minfo[m] CSV: reading history_mix_1to3.csv ...
[2020-11-03 15:05:47.597] [[32minfo[m] ...completed in 0.7 secs
[2020-11-03 15:05:47.597] [[32minfo[m] CSV: read 108808 rows with categorical features and 108808 rows with numerical ones.
[2020-11-03 15:05:47.606] [[32minfo[m] Encoding features...
[2020-11-03 15:05:49.581] [[32minfo[m] ...completed in 2.0 secs
[2020-11-03 15:05:49.581] [[32minfo[m] Classification requested
[2020-11-03 15:05:49.582] [[32minfo[m] C 4000 T 16000 s 20.0 w -1 boost-tpf 1 nepochs 1 no-seasonal
[2020-11-03 15:05:49.582] [[32minfo[m] Partial fit initiated for 1 epoch(s)...
[2020-11-03 15:08:26.087] [[32minfo[m] ...completed in 156.5 secs.
[2020-11-03 15:08:27.622] [[32minfo[m] Model saved into trained_1.model
[2020-11-03 15:08:27.672] [[32minfo[m] Start
[2020-11-03 15:08:27.673] [[32minfo[m] Inference
[2020-11-03 15:08:27.673] [[32minfo[m] JSON: read encodings from encoding-20.json
[2020-11-03 15:08:27.673] [[32minfo[m] CSV: reading input.csv ...
[2020-11-03 15:08:30.837] [[32minfo[m] ...completed in 3.2 secs
[2020-11-03 15:08:30.837] [[32minfo[m] CSV: read 454404 rows with categorical features and 454404 rows with numerical ones.
[2020-11-03 15:08:30.889] [[32minfo[m] Encoding features...
[2020-11-03 15:08:39.600] [[32minfo[m] ...completed in 8.7 secs
[2020-11-03 15:08:40.922] [[32minfo[m] Classification inference
[2020-11-03 15:08:42.266] [[32minfo[m] Predicting...
[2020-11-03 15:09:06.627] [[32minfo[m] ...completed in 24.4 secs
[2020-11-03 15:09:06.641] [[32minfo[m] scores 454404
[2020-11-03 15:09:06.641] [[32minfo[m] [35] 12299,-12007,0.12022
[2020-11-03 15:09:06.641] [[32minfo[m] [36] 6178,-6267,0.30555
[2020-11-03 15:09:06.641] [[32minfo[m] [37] 12076,-10684,0.14437
[2020-11-03 15:09:06.641] [[32minfo[m] [73] 14513,-14063,0.05350
[2020-11-03 15:09:06.641] [[32minfo[m] [74] 8751,-8219,0.23484
[2020-11-03 15:09:06.641] [[32minfo[m] [75] 11795,-12846,0.11498
[2020-11-03 15:09:06.641] [[32minfo[m] [208] 6264,-5218,0.32059
[2020-11-03 15:09:06.641] [[32minfo[m] [265] 11682,-10791,0.14886
gzip: trained_0.model: No such file or directory
Num. customers: 454404
Average churn: 2.05
result:  33.63441
2
/repo/tco-customerchurn/data /repo/tco-customerchurn/submission/code/experiments/clasC
/repo/tco-customerchurn/submission/code/experiments/clasC
[2020-11-03 15:09:12.736] [[32minfo[m] Start
[2020-11-03 15:09:12.736] [[32minfo[m] Training
[2020-11-03 15:09:12.737] [[32minfo[m] JSON: read encodings from encoding-20.json
[2020-11-03 15:09:12.737] [[32minfo[m] CSV: reading history_mix_1to3.csv ...
[2020-11-03 15:09:13.603] [[32minfo[m] ...completed in 0.9 secs
[2020-11-03 15:09:13.603] [[32minfo[m] CSV: read 108808 rows with categorical features and 108808 rows with numerical ones.
[2020-11-03 15:09:13.610] [[32minfo[m] Encoding features...
[2020-11-03 15:09:15.671] [[32minfo[m] ...completed in 2.1 secs
[2020-11-03 15:09:17.072] [[32minfo[m] Classification requested
[2020-11-03 15:09:18.386] [[32minfo[m] Model restored from trained_1.model
[2020-11-03 15:09:18.389] [[32minfo[m] C 4000 T 16000 s 20.0 w -1 boost-tpf 1 nepochs 1 no-seasonal
[2020-11-03 15:09:18.389] [[32minfo[m] Partial fit initiated for 1 epoch(s)...
[2020-11-03 15:11:47.016] [[32minfo[m] ...completed in 148.6 secs.
[2020-11-03 15:11:48.592] [[32minfo[m] Model saved into trained_2.model
[2020-11-03 15:11:48.861] [[32minfo[m] Start
[2020-11-03 15:11:48.861] [[32minfo[m] Inference
[2020-11-03 15:11:48.862] [[32minfo[m] JSON: read encodings from encoding-20.json
[2020-11-03 15:11:48.862] [[32minfo[m] CSV: reading input.csv ...
[2020-11-03 15:11:52.336] [[32minfo[m] ...completed in 3.5 secs
[2020-11-03 15:11:52.336] [[32minfo[m] CSV: read 454404 rows with categorical features and 454404 rows with numerical ones.
[2020-11-03 15:11:52.386] [[32minfo[m] Encoding features...
[2020-11-03 15:12:01.565] [[32minfo[m] ...completed in 9.2 secs
[2020-11-03 15:12:02.900] [[32minfo[m] Classification inference
[2020-11-03 15:12:04.345] [[32minfo[m] Predicting...
[2020-11-03 15:12:29.606] [[32minfo[m] ...completed in 25.3 secs
[2020-11-03 15:12:29.619] [[32minfo[m] scores 454404
[2020-11-03 15:12:29.620] [[32minfo[m] [35] 14098,-15301,0.04064
[2020-11-03 15:12:29.620] [[32minfo[m] [36] 9021,-4529,0.28828
[2020-11-03 15:12:29.620] [[32minfo[m] [37] 14293,-13641,0.06353
[2020-11-03 15:12:29.620] [[32minfo[m] [73] 13366,-14483,0.06486
[2020-11-03 15:12:29.620] [[32minfo[m] [74] 7252,-6536,0.28456
[2020-11-03 15:12:29.620] [[32minfo[m] [75] 9697,-11513,0.16859
[2020-11-03 15:12:29.620] [[32minfo[m] [208] 7735,-7934,0.25517
[2020-11-03 15:12:29.620] [[32minfo[m] [265] 12012,-12647,0.11470
Num. customers: 454404
Average churn: 2.05
result:  35.74194
3
/repo/tco-customerchurn/data /repo/tco-customerchurn/submission/code/experiments/clasC
/repo/tco-customerchurn/submission/code/experiments/clasC
[2020-11-03 15:12:35.628] [[32minfo[m] Start
[2020-11-03 15:12:35.628] [[32minfo[m] Training
[2020-11-03 15:12:35.629] [[32minfo[m] JSON: read encodings from encoding-20.json
[2020-11-03 15:12:35.629] [[32minfo[m] CSV: reading history_mix_1to3.csv ...
[2020-11-03 15:12:36.378] [[32minfo[m] ...completed in 0.7 secs
[2020-11-03 15:12:36.378] [[32minfo[m] CSV: read 108808 rows with categorical features and 108808 rows with numerical ones.
[2020-11-03 15:12:36.387] [[32minfo[m] Encoding features...
[2020-11-03 15:12:38.392] [[32minfo[m] ...completed in 2.0 secs
[2020-11-03 15:12:39.666] [[32minfo[m] Classification requested
[2020-11-03 15:12:40.962] [[32minfo[m] Model restored from trained_2.model
[2020-11-03 15:12:40.966] [[32minfo[m] C 4000 T 16000 s 20.0 w -1 boost-tpf 1 nepochs 1 no-seasonal
[2020-11-03 15:12:40.966] [[32minfo[m] Partial fit initiated for 1 epoch(s)...
[2020-11-03 15:15:32.443] [[32minfo[m] ...completed in 171.5 secs.
[2020-11-03 15:15:33.915] [[32minfo[m] Model saved into trained_3.model
[2020-11-03 15:15:34.193] [[32minfo[m] Start
[2020-11-03 15:15:34.193] [[32minfo[m] Inference
[2020-11-03 15:15:34.194] [[32minfo[m] JSON: read encodings from encoding-20.json
[2020-11-03 15:15:34.194] [[32minfo[m] CSV: reading input.csv ...
[2020-11-03 15:15:37.452] [[32minfo[m] ...completed in 3.3 secs
[2020-11-03 15:15:37.452] [[32minfo[m] CSV: read 454404 rows with categorical features and 454404 rows with numerical ones.
[2020-11-03 15:15:37.497] [[32minfo[m] Encoding features...
[2020-11-03 15:15:46.319] [[32minfo[m] ...completed in 8.8 secs
[2020-11-03 15:15:47.636] [[32minfo[m] Classification inference
[2020-11-03 15:15:48.969] [[32minfo[m] Predicting...
[2020-11-03 15:16:13.273] [[32minfo[m] ...completed in 24.3 secs
[2020-11-03 15:16:13.287] [[32minfo[m] scores 454404
[2020-11-03 15:16:13.287] [[32minfo[m] [35] 16000,-16000,0.00000
[2020-11-03 15:16:13.287] [[32minfo[m] [36] 7184,-7401,0.27211
[2020-11-03 15:16:13.287] [[32minfo[m] [37] 13078,-11393,0.11764
[2020-11-03 15:16:13.287] [[32minfo[m] [73] 13334,-13615,0.07892
[2020-11-03 15:16:13.287] [[32minfo[m] [74] 4663,-4983,0.34928
[2020-11-03 15:16:13.287] [[32minfo[m] [75] 9159,-10560,0.19189
[2020-11-03 15:16:13.287] [[32minfo[m] [208] 6540,-10255,0.23758
[2020-11-03 15:16:13.287] [[32minfo[m] [265] 15076,-15476,0.02263
Num. customers: 454404
Average churn: 2.05
result:  36.75269
4
/repo/tco-customerchurn/data /repo/tco-customerchurn/submission/code/experiments/clasC
/repo/tco-customerchurn/submission/code/experiments/clasC
[2020-11-03 15:16:19.347] [[32minfo[m] Start
[2020-11-03 15:16:19.347] [[32minfo[m] Training
[2020-11-03 15:16:19.347] [[32minfo[m] JSON: read encodings from encoding-20.json
[2020-11-03 15:16:19.347] [[32minfo[m] CSV: reading history_mix_1to3.csv ...
[2020-11-03 15:16:20.095] [[32minfo[m] ...completed in 0.7 secs
[2020-11-03 15:16:20.095] [[32minfo[m] CSV: read 108808 rows with categorical features and 108808 rows with numerical ones.
[2020-11-03 15:16:20.103] [[32minfo[m] Encoding features...
[2020-11-03 15:16:22.052] [[32minfo[m] ...completed in 1.9 secs
[2020-11-03 15:16:23.342] [[32minfo[m] Classification requested
[2020-11-03 15:16:24.666] [[32minfo[m] Model restored from trained_3.model
[2020-11-03 15:16:24.669] [[32minfo[m] C 4000 T 16000 s 20.0 w -1 boost-tpf 1 nepochs 1 no-seasonal
[2020-11-03 15:16:24.669] [[32minfo[m] Partial fit initiated for 1 epoch(s)...
[2020-11-03 15:19:14.939] [[32minfo[m] ...completed in 170.3 secs.
[2020-11-03 15:19:16.389] [[32minfo[m] Model saved into trained_4.model
[2020-11-03 15:19:16.689] [[32minfo[m] Start
[2020-11-03 15:19:16.689] [[32minfo[m] Inference
[2020-11-03 15:19:16.690] [[32minfo[m] JSON: read encodings from encoding-20.json
[2020-11-03 15:19:16.690] [[32minfo[m] CSV: reading input.csv ...
[2020-11-03 15:19:19.887] [[32minfo[m] ...completed in 3.2 secs
[2020-11-03 15:19:19.887] [[32minfo[m] CSV: read 454404 rows with categorical features and 454404 rows with numerical ones.
[2020-11-03 15:19:19.933] [[32minfo[m] Encoding features...
[2020-11-03 15:19:28.748] [[32minfo[m] ...completed in 8.8 secs
[2020-11-03 15:19:30.136] [[32minfo[m] Classification inference
[2020-11-03 15:19:31.529] [[32minfo[m] Predicting...
[2020-11-03 15:19:55.766] [[32minfo[m] ...completed in 24.2 secs
[2020-11-03 15:19:55.779] [[32minfo[m] scores 454404
[2020-11-03 15:19:55.779] [[32minfo[m] [35] 15728,-16000,0.00425
[2020-11-03 15:19:55.780] [[32minfo[m] [36] 7259,-6902,0.27873
[2020-11-03 15:19:55.780] [[32minfo[m] [37] 15126,-11754,0.08000
[2020-11-03 15:19:55.780] [[32minfo[m] [73] 14257,-14003,0.05844
[2020-11-03 15:19:55.780] [[32minfo[m] [74] 5246,-5180,0.33709
[2020-11-03 15:19:55.780] [[32minfo[m] [75] 12563,-10008,0.14733
[2020-11-03 15:19:55.780] [[32minfo[m] [208] 7246,-8892,0.24784
[2020-11-03 15:19:55.780] [[32minfo[m] [265] 15086,-14502,0.03769
Num. customers: 454404
Average churn: 2.05
result:  37.24731
5
/repo/tco-customerchurn/data /repo/tco-customerchurn/submission/code/experiments/clasC
/repo/tco-customerchurn/submission/code/experiments/clasC
[2020-11-03 15:20:01.873] [[32minfo[m] Start
[2020-11-03 15:20:01.873] [[32minfo[m] Training
[2020-11-03 15:20:01.874] [[32minfo[m] JSON: read encodings from encoding-20.json
[2020-11-03 15:20:01.874] [[32minfo[m] CSV: reading history_mix_1to3.csv ...
[2020-11-03 15:20:02.645] [[32minfo[m] ...completed in 0.8 secs
[2020-11-03 15:20:02.645] [[32minfo[m] CSV: read 108808 rows with categorical features and 108808 rows with numerical ones.
[2020-11-03 15:20:02.654] [[32minfo[m] Encoding features...
[2020-11-03 15:20:04.595] [[32minfo[m] ...completed in 1.9 secs
[2020-11-03 15:20:05.878] [[32minfo[m] Classification requested
[2020-11-03 15:20:07.188] [[32minfo[m] Model restored from trained_4.model
[2020-11-03 15:20:07.192] [[32minfo[m] C 4000 T 16000 s 20.0 w -1 boost-tpf 1 nepochs 1 no-seasonal
[2020-11-03 15:20:07.192] [[32minfo[m] Partial fit initiated for 1 epoch(s)...
[2020-11-03 15:22:56.018] [[32minfo[m] ...completed in 168.8 secs.
[2020-11-03 15:22:57.555] [[32minfo[m] Model saved into trained_5.model
[2020-11-03 15:22:57.824] [[32minfo[m] Start
[2020-11-03 15:22:57.825] [[32minfo[m] Inference
[2020-11-03 15:22:57.826] [[32minfo[m] JSON: read encodings from encoding-20.json
[2020-11-03 15:22:57.826] [[32minfo[m] CSV: reading input.csv ...
[2020-11-03 15:23:00.958] [[32minfo[m] ...completed in 3.1 secs
[2020-11-03 15:23:00.958] [[32minfo[m] CSV: read 454404 rows with categorical features and 454404 rows with numerical ones.
[2020-11-03 15:23:01.013] [[32minfo[m] Encoding features...
[2020-11-03 15:23:09.764] [[32minfo[m] ...completed in 8.8 secs
[2020-11-03 15:23:11.035] [[32minfo[m] Classification inference
[2020-11-03 15:23:12.354] [[32minfo[m] Predicting...
[2020-11-03 15:23:36.897] [[32minfo[m] ...completed in 24.5 secs
[2020-11-03 15:23:36.915] [[32minfo[m] scores 454404
[2020-11-03 15:23:36.915] [[32minfo[m] [35] 15701,-13293,0.04697
[2020-11-03 15:23:36.915] [[32minfo[m] [36] 8547,-5445,0.28137
[2020-11-03 15:23:36.915] [[32minfo[m] [37] 12059,-10283,0.15091
[2020-11-03 15:23:36.915] [[32minfo[m] [73] 14379,-14520,0.04845
[2020-11-03 15:23:36.916] [[32minfo[m] [74] 5495,-4673,0.34113
[2020-11-03 15:23:36.916] [[32minfo[m] [75] 13549,-13819,0.07238
[2020-11-03 15:23:36.916] [[32minfo[m] [208] 6643,-6987,0.28703
[2020-11-03 15:23:36.916] [[32minfo[m] [265] 14613,-12734,0.07270
Num. customers: 454404
Average churn: 2.05
result:  37.61290
6
/repo/tco-customerchurn/data /repo/tco-customerchurn/submission/code/experiments/clasC
/repo/tco-customerchurn/submission/code/experiments/clasC
[2020-11-03 15:23:42.903] [[32minfo[m] Start
[2020-11-03 15:23:42.903] [[32minfo[m] Training
[2020-11-03 15:23:42.904] [[32minfo[m] JSON: read encodings from encoding-20.json
[2020-11-03 15:23:42.904] [[32minfo[m] CSV: reading history_mix_1to3.csv ...
[2020-11-03 15:23:43.625] [[32minfo[m] ...completed in 0.7 secs
[2020-11-03 15:23:43.625] [[32minfo[m] CSV: read 108808 rows with categorical features and 108808 rows with numerical ones.
[2020-11-03 15:23:43.634] [[32minfo[m] Encoding features...
[2020-11-03 15:23:45.625] [[32minfo[m] ...completed in 2.0 secs
[2020-11-03 15:23:46.918] [[32minfo[m] Classification requested
[2020-11-03 15:23:48.229] [[32minfo[m] Model restored from trained_5.model
[2020-11-03 15:23:48.232] [[32minfo[m] C 4000 T 16000 s 20.0 w -1 boost-tpf 1 nepochs 1 no-seasonal
[2020-11-03 15:23:48.233] [[32minfo[m] Partial fit initiated for 1 epoch(s)...
[2020-11-03 15:26:36.175] [[32minfo[m] ...completed in 167.9 secs.
[2020-11-03 15:26:37.654] [[32minfo[m] Model saved into trained_6.model
[2020-11-03 15:26:37.928] [[32minfo[m] Start
[2020-11-03 15:26:37.928] [[32minfo[m] Inference
[2020-11-03 15:26:37.929] [[32minfo[m] JSON: read encodings from encoding-20.json
[2020-11-03 15:26:37.929] [[32minfo[m] CSV: reading input.csv ...
[2020-11-03 15:26:41.309] [[32minfo[m] ...completed in 3.4 secs
[2020-11-03 15:26:41.309] [[32minfo[m] CSV: read 454404 rows with categorical features and 454404 rows with numerical ones.
[2020-11-03 15:26:41.355] [[32minfo[m] Encoding features...
[2020-11-03 15:26:50.245] [[32minfo[m] ...completed in 8.9 secs
[2020-11-03 15:26:51.547] [[32minfo[m] Classification inference
[2020-11-03 15:26:52.913] [[32minfo[m] Predicting...
[2020-11-03 15:27:17.352] [[32minfo[m] ...completed in 24.4 secs
[2020-11-03 15:27:17.365] [[32minfo[m] scores 454404
[2020-11-03 15:27:17.365] [[32minfo[m] [35] 16000,-13842,0.03372
[2020-11-03 15:27:17.365] [[32minfo[m] [36] 9212,-8104,0.22944
[2020-11-03 15:27:17.365] [[32minfo[m] [37] 14794,-13202,0.06256
[2020-11-03 15:27:17.365] [[32minfo[m] [73] 14380,-11648,0.09331
[2020-11-03 15:27:17.365] [[32minfo[m] [74] 6456,-5292,0.31644
[2020-11-03 15:27:17.365] [[32minfo[m] [75] 11479,-13400,0.11127
[2020-11-03 15:27:17.365] [[32minfo[m] [208] 5770,-9686,0.25850
[2020-11-03 15:27:17.365] [[32minfo[m] [265] 16000,-13335,0.04164
Num. customers: 454404
Average churn: 2.05
result:  37.55914
7
/repo/tco-customerchurn/data /repo/tco-customerchurn/submission/code/experiments/clasC
/repo/tco-customerchurn/submission/code/experiments/clasC
[2020-11-03 15:27:23.455] [[32minfo[m] Start
[2020-11-03 15:27:23.455] [[32minfo[m] Training
[2020-11-03 15:27:23.455] [[32minfo[m] JSON: read encodings from encoding-20.json
[2020-11-03 15:27:23.455] [[32minfo[m] CSV: reading history_mix_1to3.csv ...
[2020-11-03 15:27:24.192] [[32minfo[m] ...completed in 0.7 secs
[2020-11-03 15:27:24.192] [[32minfo[m] CSV: read 108808 rows with categorical features and 108808 rows with numerical ones.
[2020-11-03 15:27:24.199] [[32minfo[m] Encoding features...
[2020-11-03 15:27:26.183] [[32minfo[m] ...completed in 2.0 secs
[2020-11-03 15:27:27.454] [[32minfo[m] Classification requested
[2020-11-03 15:27:28.758] [[32minfo[m] Model restored from trained_6.model
[2020-11-03 15:27:28.762] [[32minfo[m] C 4000 T 16000 s 20.0 w -1 boost-tpf 1 nepochs 1 no-seasonal
[2020-11-03 15:27:28.762] [[32minfo[m] Partial fit initiated for 1 epoch(s)...
[2020-11-03 15:30:15.551] [[32minfo[m] ...completed in 166.8 secs.
[2020-11-03 15:30:17.017] [[32minfo[m] Model saved into trained_7.model
[2020-11-03 15:30:17.291] [[32minfo[m] Start
[2020-11-03 15:30:17.291] [[32minfo[m] Inference
[2020-11-03 15:30:17.291] [[32minfo[m] JSON: read encodings from encoding-20.json
[2020-11-03 15:30:17.292] [[32minfo[m] CSV: reading input.csv ...
[2020-11-03 15:30:20.447] [[32minfo[m] ...completed in 3.2 secs
[2020-11-03 15:30:20.447] [[32minfo[m] CSV: read 454404 rows with categorical features and 454404 rows with numerical ones.
[2020-11-03 15:30:20.493] [[32minfo[m] Encoding features...
[2020-11-03 15:30:29.204] [[32minfo[m] ...completed in 8.7 secs
[2020-11-03 15:30:30.518] [[32minfo[m] Classification inference
[2020-11-03 15:30:31.896] [[32minfo[m] Predicting...
[2020-11-03 15:30:56.195] [[32minfo[m] ...completed in 24.3 secs
[2020-11-03 15:30:56.210] [[32minfo[m] scores 454404
[2020-11-03 15:30:56.210] [[32minfo[m] [35] 14376,-15927,0.02652
[2020-11-03 15:30:56.210] [[32minfo[m] [36] 6934,-5016,0.31328
[2020-11-03 15:30:56.210] [[32minfo[m] [37] 10068,-12683,0.14452
[2020-11-03 15:30:56.210] [[32minfo[m] [73] 13751,-9549,0.13594
[2020-11-03 15:30:56.210] [[32minfo[m] [74] 5376,-4489,0.34586
[2020-11-03 15:30:56.210] [[32minfo[m] [75] 12845,-16000,0.04930
[2020-11-03 15:30:56.211] [[32minfo[m] [208] 6337,-8265,0.27184
[2020-11-03 15:30:56.211] [[32minfo[m] [265] 14716,-13417,0.06042
Num. customers: 454404
Average churn: 2.05
result:  38.29032
8
/repo/tco-customerchurn/data /repo/tco-customerchurn/submission/code/experiments/clasC
/repo/tco-customerchurn/submission/code/experiments/clasC
[2020-11-03 15:31:02.329] [[32minfo[m] Start
[2020-11-03 15:31:02.329] [[32minfo[m] Training
[2020-11-03 15:31:02.330] [[32minfo[m] JSON: read encodings from encoding-20.json
[2020-11-03 15:31:02.330] [[32minfo[m] CSV: reading history_mix_1to3.csv ...
[2020-11-03 15:31:03.067] [[32minfo[m] ...completed in 0.7 secs
[2020-11-03 15:31:03.067] [[32minfo[m] CSV: read 108808 rows with categorical features and 108808 rows with numerical ones.
[2020-11-03 15:31:03.075] [[32minfo[m] Encoding features...
[2020-11-03 15:31:05.112] [[32minfo[m] ...completed in 2.0 secs
[2020-11-03 15:31:06.403] [[32minfo[m] Classification requested
[2020-11-03 15:31:07.734] [[32minfo[m] Model restored from trained_7.model
[2020-11-03 15:31:07.736] [[32minfo[m] C 4000 T 16000 s 20.0 w -1 boost-tpf 1 nepochs 1 no-seasonal
[2020-11-03 15:31:07.736] [[32minfo[m] Partial fit initiated for 1 epoch(s)...
[2020-11-03 15:33:54.545] [[32minfo[m] ...completed in 166.8 secs.
[2020-11-03 15:33:56.152] [[32minfo[m] Model saved into trained_8.model
[2020-11-03 15:33:56.426] [[32minfo[m] Start
[2020-11-03 15:33:56.426] [[32minfo[m] Inference
[2020-11-03 15:33:56.427] [[32minfo[m] JSON: read encodings from encoding-20.json
[2020-11-03 15:33:56.427] [[32minfo[m] CSV: reading input.csv ...
[2020-11-03 15:34:00.076] [[32minfo[m] ...completed in 3.6 secs
[2020-11-03 15:34:00.076] [[32minfo[m] CSV: read 454404 rows with categorical features and 454404 rows with numerical ones.
[2020-11-03 15:34:00.129] [[32minfo[m] Encoding features...
[2020-11-03 15:34:08.893] [[32minfo[m] ...completed in 8.8 secs
[2020-11-03 15:34:10.256] [[32minfo[m] Classification inference
[2020-11-03 15:34:11.746] [[32minfo[m] Predicting...
[2020-11-03 15:34:36.386] [[32minfo[m] ...completed in 24.6 secs
[2020-11-03 15:34:36.400] [[32minfo[m] scores 454404
[2020-11-03 15:34:36.400] [[32minfo[m] [35] 13474,-14115,0.06892
[2020-11-03 15:34:36.400] [[32minfo[m] [36] 7151,-4645,0.31569
[2020-11-03 15:34:36.400] [[32minfo[m] [37] 12055,-11457,0.13262
[2020-11-03 15:34:36.400] [[32minfo[m] [73] 14285,-12220,0.08586
[2020-11-03 15:34:36.400] [[32minfo[m] [74] 7509,-4139,0.31800
[2020-11-03 15:34:36.400] [[32minfo[m] [75] 10549,-15825,0.08791
[2020-11-03 15:34:36.400] [[32minfo[m] [208] 5835,-10018,0.25230
[2020-11-03 15:34:36.400] [[32minfo[m] [265] 16000,-12136,0.06038
Num. customers: 454404
Average churn: 2.05
result:  38.44086
9
/repo/tco-customerchurn/data /repo/tco-customerchurn/submission/code/experiments/clasC
/repo/tco-customerchurn/submission/code/experiments/clasC
[2020-11-03 15:34:42.310] [[32minfo[m] Start
[2020-11-03 15:34:42.310] [[32minfo[m] Training
[2020-11-03 15:34:42.312] [[32minfo[m] JSON: read encodings from encoding-20.json
[2020-11-03 15:34:42.312] [[32minfo[m] CSV: reading history_mix_1to3.csv ...
[2020-11-03 15:34:43.097] [[32minfo[m] ...completed in 0.8 secs
[2020-11-03 15:34:43.097] [[32minfo[m] CSV: read 108808 rows with categorical features and 108808 rows with numerical ones.
[2020-11-03 15:34:43.106] [[32minfo[m] Encoding features...
[2020-11-03 15:34:45.096] [[32minfo[m] ...completed in 2.0 secs
[2020-11-03 15:34:46.393] [[32minfo[m] Classification requested
[2020-11-03 15:34:47.715] [[32minfo[m] Model restored from trained_8.model
[2020-11-03 15:34:47.719] [[32minfo[m] C 4000 T 16000 s 20.0 w -1 boost-tpf 1 nepochs 1 no-seasonal
[2020-11-03 15:34:47.719] [[32minfo[m] Partial fit initiated for 1 epoch(s)...
[2020-11-03 15:37:35.313] [[32minfo[m] ...completed in 167.6 secs.
[2020-11-03 15:37:36.811] [[32minfo[m] Model saved into trained_9.model
[2020-11-03 15:37:37.098] [[32minfo[m] Start
[2020-11-03 15:37:37.098] [[32minfo[m] Inference
[2020-11-03 15:37:37.099] [[32minfo[m] JSON: read encodings from encoding-20.json
[2020-11-03 15:37:37.099] [[32minfo[m] CSV: reading input.csv ...
[2020-11-03 15:37:40.372] [[32minfo[m] ...completed in 3.3 secs
[2020-11-03 15:37:40.372] [[32minfo[m] CSV: read 454404 rows with categorical features and 454404 rows with numerical ones.
[2020-11-03 15:37:40.422] [[32minfo[m] Encoding features...
[2020-11-03 15:37:49.049] [[32minfo[m] ...completed in 8.6 secs
[2020-11-03 15:37:50.363] [[32minfo[m] Classification inference
[2020-11-03 15:37:51.684] [[32minfo[m] Predicting...
[2020-11-03 15:38:15.894] [[32minfo[m] ...completed in 24.2 secs
[2020-11-03 15:38:15.910] [[32minfo[m] scores 454404
[2020-11-03 15:38:15.910] [[32minfo[m] [35] 13554,-12886,0.08687
[2020-11-03 15:38:15.910] [[32minfo[m] [36] 5742,-5380,0.32622
[2020-11-03 15:38:15.910] [[32minfo[m] [37] 13775,-11508,0.10495
[2020-11-03 15:38:15.910] [[32minfo[m] [73] 10703,-10901,0.16244
[2020-11-03 15:38:15.910] [[32minfo[m] [74] 7529,-2527,0.34288
[2020-11-03 15:38:15.910] [[32minfo[m] [75] 7934,-13479,0.16542
[2020-11-03 15:38:15.910] [[32minfo[m] [208] 6560,-9147,0.25458
[2020-11-03 15:38:15.910] [[32minfo[m] [265] 13772,-12703,0.08633
Num. customers: 454404
Average churn: 2.05
result:  39.00000
10
/repo/tco-customerchurn/data /repo/tco-customerchurn/submission/code/experiments/clasC
/repo/tco-customerchurn/submission/code/experiments/clasC
[2020-11-03 15:38:22.103] [[32minfo[m] Start
[2020-11-03 15:38:22.103] [[32minfo[m] Training
[2020-11-03 15:38:22.103] [[32minfo[m] JSON: read encodings from encoding-20.json
[2020-11-03 15:38:22.103] [[32minfo[m] CSV: reading history_mix_1to3.csv ...
[2020-11-03 15:38:22.864] [[32minfo[m] ...completed in 0.8 secs
[2020-11-03 15:38:22.864] [[32minfo[m] CSV: read 108808 rows with categorical features and 108808 rows with numerical ones.
[2020-11-03 15:38:22.871] [[32minfo[m] Encoding features...
[2020-11-03 15:38:24.865] [[32minfo[m] ...completed in 2.0 secs
[2020-11-03 15:38:26.155] [[32minfo[m] Classification requested
[2020-11-03 15:38:27.460] [[32minfo[m] Model restored from trained_9.model
[2020-11-03 15:38:27.463] [[32minfo[m] C 4000 T 16000 s 20.0 w -1 boost-tpf 1 nepochs 1 no-seasonal
[2020-11-03 15:38:27.464] [[32minfo[m] Partial fit initiated for 1 epoch(s)...
[2020-11-03 15:41:13.794] [[32minfo[m] ...completed in 166.3 secs.
[2020-11-03 15:41:15.264] [[32minfo[m] Model saved into trained_10.model
[2020-11-03 15:41:15.539] [[32minfo[m] Start
[2020-11-03 15:41:15.539] [[32minfo[m] Inference
[2020-11-03 15:41:15.540] [[32minfo[m] JSON: read encodings from encoding-20.json
[2020-11-03 15:41:15.540] [[32minfo[m] CSV: reading input.csv ...
[2020-11-03 15:41:18.704] [[32minfo[m] ...completed in 3.2 secs
[2020-11-03 15:41:18.704] [[32minfo[m] CSV: read 454404 rows with categorical features and 454404 rows with numerical ones.
[2020-11-03 15:41:18.749] [[32minfo[m] Encoding features...
[2020-11-03 15:41:27.300] [[32minfo[m] ...completed in 8.6 secs
[2020-11-03 15:41:28.584] [[32minfo[m] Classification inference
[2020-11-03 15:41:29.971] [[32minfo[m] Predicting...
[2020-11-03 15:41:54.209] [[32minfo[m] ...completed in 24.2 secs
[2020-11-03 15:41:54.223] [[32minfo[m] scores 454404
[2020-11-03 15:41:54.223] [[32minfo[m] [35] 9202,-12023,0.16836
[2020-11-03 15:41:54.223] [[32minfo[m] [36] 7407,-8812,0.24658
[2020-11-03 15:41:54.223] [[32minfo[m] [37] 13466,-11280,0.11334
[2020-11-03 15:41:54.223] [[32minfo[m] [73] 11043,-13051,0.12353
[2020-11-03 15:41:54.223] [[32minfo[m] [74] 3744,-1883,0.41208
[2020-11-03 15:41:54.223] [[32minfo[m] [75] 10463,-12996,0.13345
[2020-11-03 15:41:54.223] [[32minfo[m] [208] 6612,-8202,0.26853
[2020-11-03 15:41:54.223] [[32minfo[m] [265] 9752,-15355,0.10770
Num. customers: 454404
Average churn: 2.05
result:  39.02151
11
/repo/tco-customerchurn/data /repo/tco-customerchurn/submission/code/experiments/clasC
/repo/tco-customerchurn/submission/code/experiments/clasC
[2020-11-03 15:42:00.371] [[32minfo[m] Start
[2020-11-03 15:42:00.371] [[32minfo[m] Training
[2020-11-03 15:42:00.372] [[32minfo[m] JSON: read encodings from encoding-20.json
[2020-11-03 15:42:00.372] [[32minfo[m] CSV: reading history_mix_1to3.csv ...
[2020-11-03 15:42:01.141] [[32minfo[m] ...completed in 0.8 secs
[2020-11-03 15:42:01.141] [[32minfo[m] CSV: read 108808 rows with categorical features and 108808 rows with numerical ones.
[2020-11-03 15:42:01.149] [[32minfo[m] Encoding features...
[2020-11-03 15:42:03.138] [[32minfo[m] ...completed in 2.0 secs
[2020-11-03 15:42:04.414] [[32minfo[m] Classification requested
[2020-11-03 15:42:05.739] [[32minfo[m] Model restored from trained_10.model
[2020-11-03 15:42:05.743] [[32minfo[m] C 4000 T 16000 s 20.0 w -1 boost-tpf 1 nepochs 1 no-seasonal
[2020-11-03 15:42:05.743] [[32minfo[m] Partial fit initiated for 1 epoch(s)...
[2020-11-03 15:44:52.460] [[32minfo[m] ...completed in 166.7 secs.
[2020-11-03 15:44:53.900] [[32minfo[m] Model saved into trained_11.model
[2020-11-03 15:44:54.175] [[32minfo[m] Start
[2020-11-03 15:44:54.175] [[32minfo[m] Inference
[2020-11-03 15:44:54.175] [[32minfo[m] JSON: read encodings from encoding-20.json
[2020-11-03 15:44:54.176] [[32minfo[m] CSV: reading input.csv ...
[2020-11-03 15:44:57.205] [[32minfo[m] ...completed in 3.0 secs
[2020-11-03 15:44:57.205] [[32minfo[m] CSV: read 454404 rows with categorical features and 454404 rows with numerical ones.
[2020-11-03 15:44:57.252] [[32minfo[m] Encoding features...
[2020-11-03 15:45:05.917] [[32minfo[m] ...completed in 8.7 secs
[2020-11-03 15:45:07.273] [[32minfo[m] Classification inference
[2020-11-03 15:45:08.597] [[32minfo[m] Predicting...
[2020-11-03 15:45:32.870] [[32minfo[m] ...completed in 24.3 secs
[2020-11-03 15:45:32.884] [[32minfo[m] scores 454404
[2020-11-03 15:45:32.884] [[32minfo[m] [35] 15091,-16000,0.01420
[2020-11-03 15:45:32.884] [[32minfo[m] [36] 5919,-5773,0.31731
[2020-11-03 15:45:32.884] [[32minfo[m] [37] 14556,-15503,0.03033
[2020-11-03 15:45:32.884] [[32minfo[m] [73] 12637,-12954,0.10014
[2020-11-03 15:45:32.884] [[32minfo[m] [74] 3705,-1513,0.41847
[2020-11-03 15:45:32.884] [[32minfo[m] [75] 11316,-13944,0.10531
[2020-11-03 15:45:32.884] [[32minfo[m] [208] 8232,-11305,0.19473
[2020-11-03 15:45:32.884] [[32minfo[m] [265] 14153,-14457,0.05297
Num. customers: 454404
Average churn: 2.05
result:  39.13978
12
/repo/tco-customerchurn/data /repo/tco-customerchurn/submission/code/experiments/clasC
/repo/tco-customerchurn/submission/code/experiments/clasC
[2020-11-03 15:45:38.791] [[32minfo[m] Start
[2020-11-03 15:45:38.791] [[32minfo[m] Training
[2020-11-03 15:45:38.792] [[32minfo[m] JSON: read encodings from encoding-20.json
[2020-11-03 15:45:38.792] [[32minfo[m] CSV: reading history_mix_1to3.csv ...
[2020-11-03 15:45:39.515] [[32minfo[m] ...completed in 0.7 secs
[2020-11-03 15:45:39.515] [[32minfo[m] CSV: read 108808 rows with categorical features and 108808 rows with numerical ones.
[2020-11-03 15:45:39.523] [[32minfo[m] Encoding features...
[2020-11-03 15:45:41.513] [[32minfo[m] ...completed in 2.0 secs
[2020-11-03 15:45:42.795] [[32minfo[m] Classification requested
[2020-11-03 15:45:44.105] [[32minfo[m] Model restored from trained_11.model
[2020-11-03 15:45:44.108] [[32minfo[m] C 4000 T 16000 s 20.0 w -1 boost-tpf 1 nepochs 1 no-seasonal
[2020-11-03 15:45:44.108] [[32minfo[m] Partial fit initiated for 1 epoch(s)...
[2020-11-03 15:48:29.893] [[32minfo[m] ...completed in 165.8 secs.
[2020-11-03 15:48:31.424] [[32minfo[m] Model saved into trained_12.model
[2020-11-03 15:48:31.722] [[32minfo[m] Start
[2020-11-03 15:48:31.722] [[32minfo[m] Inference
[2020-11-03 15:48:31.722] [[32minfo[m] JSON: read encodings from encoding-20.json
[2020-11-03 15:48:31.722] [[32minfo[m] CSV: reading input.csv ...
[2020-11-03 15:48:35.099] [[32minfo[m] ...completed in 3.4 secs
[2020-11-03 15:48:35.099] [[32minfo[m] CSV: read 454404 rows with categorical features and 454404 rows with numerical ones.
[2020-11-03 15:48:35.145] [[32minfo[m] Encoding features...
[2020-11-03 15:48:43.736] [[32minfo[m] ...completed in 8.6 secs
[2020-11-03 15:48:45.086] [[32minfo[m] Classification inference
[2020-11-03 15:48:46.475] [[32minfo[m] Predicting...
[2020-11-03 15:49:10.609] [[32minfo[m] ...completed in 24.1 secs
[2020-11-03 15:49:10.626] [[32minfo[m] scores 454404
[2020-11-03 15:49:10.626] [[32minfo[m] [35] 12515,-16000,0.05445
[2020-11-03 15:49:10.626] [[32minfo[m] [36] 8168,-5526,0.28603
[2020-11-03 15:49:10.626] [[32minfo[m] [37] 16000,-13127,0.04489
[2020-11-03 15:49:10.626] [[32minfo[m] [73] 11688,-12338,0.12459
[2020-11-03 15:49:10.626] [[32minfo[m] [74] 6742,-5677,0.30595
[2020-11-03 15:49:10.626] [[32minfo[m] [75] 12576,-13541,0.09192
[2020-11-03 15:49:10.626] [[32minfo[m] [208] 6396,-7601,0.28130
[2020-11-03 15:49:10.626] [[32minfo[m] [265] 13745,-15418,0.04433
Num. customers: 454404
Average churn: 2.05
result:  39.13978
13
/repo/tco-customerchurn/data /repo/tco-customerchurn/submission/code/experiments/clasC
/repo/tco-customerchurn/submission/code/experiments/clasC
[2020-11-03 15:49:16.853] [[32minfo[m] Start
[2020-11-03 15:49:16.853] [[32minfo[m] Training
[2020-11-03 15:49:16.853] [[32minfo[m] JSON: read encodings from encoding-20.json
[2020-11-03 15:49:16.853] [[32minfo[m] CSV: reading history_mix_1to3.csv ...
[2020-11-03 15:49:17.593] [[32minfo[m] ...completed in 0.7 secs
[2020-11-03 15:49:17.593] [[32minfo[m] CSV: read 108808 rows with categorical features and 108808 rows with numerical ones.
[2020-11-03 15:49:17.600] [[32minfo[m] Encoding features...
[2020-11-03 15:49:19.543] [[32minfo[m] ...completed in 1.9 secs
[2020-11-03 15:49:20.816] [[32minfo[m] Classification requested
[2020-11-03 15:49:22.112] [[32minfo[m] Model restored from trained_12.model
[2020-11-03 15:49:22.115] [[32minfo[m] C 4000 T 16000 s 20.0 w -1 boost-tpf 1 nepochs 1 no-seasonal
[2020-11-03 15:49:22.115] [[32minfo[m] Partial fit initiated for 1 epoch(s)...
[2020-11-03 15:52:08.486] [[32minfo[m] ...completed in 166.4 secs.
[2020-11-03 15:52:09.955] [[32minfo[m] Model saved into trained_13.model
[2020-11-03 15:52:10.212] [[32minfo[m] Start
[2020-11-03 15:52:10.212] [[32minfo[m] Inference
[2020-11-03 15:52:10.213] [[32minfo[m] JSON: read encodings from encoding-20.json
[2020-11-03 15:52:10.213] [[32minfo[m] CSV: reading input.csv ...
[2020-11-03 15:52:13.355] [[32minfo[m] ...completed in 3.1 secs
[2020-11-03 15:52:13.355] [[32minfo[m] CSV: read 454404 rows with categorical features and 454404 rows with numerical ones.
[2020-11-03 15:52:13.400] [[32minfo[m] Encoding features...
[2020-11-03 15:52:21.848] [[32minfo[m] ...completed in 8.4 secs
[2020-11-03 15:52:23.152] [[32minfo[m] Classification inference
[2020-11-03 15:52:24.526] [[32minfo[m] Predicting...
[2020-11-03 15:52:48.584] [[32minfo[m] ...completed in 24.1 secs
[2020-11-03 15:52:48.600] [[32minfo[m] scores 454404
[2020-11-03 15:52:48.601] [[32minfo[m] [35] 10883,-16000,0.07995
[2020-11-03 15:52:48.601] [[32minfo[m] [36] 5877,-3535,0.35294
[2020-11-03 15:52:48.602] [[32minfo[m] [37] 11981,-13960,0.09467
[2020-11-03 15:52:48.602] [[32minfo[m] [73] 10780,-8386,0.20053
[2020-11-03 15:52:48.602] [[32minfo[m] [74] 5767,-1556,0.38558
[2020-11-03 15:52:48.602] [[32minfo[m] [75] 11310,-13549,0.11158
[2020-11-03 15:52:48.602] [[32minfo[m] [208] 7773,-8364,0.24786
[2020-11-03 15:52:48.602] [[32minfo[m] [265] 10991,-16000,0.07827
Num. customers: 454404
Average churn: 2.05
result:  39.29032
14
/repo/tco-customerchurn/data /repo/tco-customerchurn/submission/code/experiments/clasC
/repo/tco-customerchurn/submission/code/experiments/clasC
[2020-11-03 15:52:54.471] [[32minfo[m] Start
[2020-11-03 15:52:54.471] [[32minfo[m] Training
[2020-11-03 15:52:54.471] [[32minfo[m] JSON: read encodings from encoding-20.json
[2020-11-03 15:52:54.471] [[32minfo[m] CSV: reading history_mix_1to3.csv ...
[2020-11-03 15:52:55.248] [[32minfo[m] ...completed in 0.8 secs
[2020-11-03 15:52:55.248] [[32minfo[m] CSV: read 108808 rows with categorical features and 108808 rows with numerical ones.
[2020-11-03 15:52:55.256] [[32minfo[m] Encoding features...
[2020-11-03 15:52:57.231] [[32minfo[m] ...completed in 2.0 secs
[2020-11-03 15:52:58.499] [[32minfo[m] Classification requested
[2020-11-03 15:52:59.832] [[32minfo[m] Model restored from trained_13.model
[2020-11-03 15:52:59.835] [[32minfo[m] C 4000 T 16000 s 20.0 w -1 boost-tpf 1 nepochs 1 no-seasonal
[2020-11-03 15:52:59.836] [[32minfo[m] Partial fit initiated for 1 epoch(s)...
[2020-11-03 15:55:47.702] [[32minfo[m] ...completed in 167.9 secs.
[2020-11-03 15:55:49.133] [[32minfo[m] Model saved into trained_14.model
[2020-11-03 15:55:49.402] [[32minfo[m] Start
[2020-11-03 15:55:49.403] [[32minfo[m] Inference
[2020-11-03 15:55:49.403] [[32minfo[m] JSON: read encodings from encoding-20.json
[2020-11-03 15:55:49.403] [[32minfo[m] CSV: reading input.csv ...
[2020-11-03 15:55:52.595] [[32minfo[m] ...completed in 3.2 secs
[2020-11-03 15:55:52.595] [[32minfo[m] CSV: read 454404 rows with categorical features and 454404 rows with numerical ones.
[2020-11-03 15:55:52.646] [[32minfo[m] Encoding features...
[2020-11-03 15:56:01.132] [[32minfo[m] ...completed in 8.5 secs
[2020-11-03 15:56:02.419] [[32minfo[m] Classification inference
[2020-11-03 15:56:03.722] [[32minfo[m] Predicting...
[2020-11-03 15:56:28.078] [[32minfo[m] ...completed in 24.4 secs
[2020-11-03 15:56:28.092] [[32minfo[m] scores 454404
[2020-11-03 15:56:28.092] [[32minfo[m] [35] 14755,-14919,0.03634
[2020-11-03 15:56:28.092] [[32minfo[m] [36] 4917,-8285,0.29372
[2020-11-03 15:56:28.092] [[32minfo[m] [37] 11813,-15144,0.07880
[2020-11-03 15:56:28.092] [[32minfo[m] [73] 13032,-8698,0.16047
[2020-11-03 15:56:28.092] [[32minfo[m] [74] 2486,-1619,0.43586
[2020-11-03 15:56:28.092] [[32minfo[m] [75] 9468,-9986,0.19603
[2020-11-03 15:56:28.092] [[32minfo[m] [208] 6489,-5496,0.31273
[2020-11-03 15:56:28.092] [[32minfo[m] [265] 13726,-15583,0.04205
Num. customers: 454404
Average churn: 2.05
result:  39.38710
15
/repo/tco-customerchurn/data /repo/tco-customerchurn/submission/code/experiments/clasC
/repo/tco-customerchurn/submission/code/experiments/clasC
[2020-11-03 15:56:34.088] [[32minfo[m] Start
[2020-11-03 15:56:34.088] [[32minfo[m] Training
[2020-11-03 15:56:34.089] [[32minfo[m] JSON: read encodings from encoding-20.json
[2020-11-03 15:56:34.089] [[32minfo[m] CSV: reading history_mix_1to3.csv ...
[2020-11-03 15:56:34.825] [[32minfo[m] ...completed in 0.7 secs
[2020-11-03 15:56:34.825] [[32minfo[m] CSV: read 108808 rows with categorical features and 108808 rows with numerical ones.
[2020-11-03 15:56:34.833] [[32minfo[m] Encoding features...
[2020-11-03 15:56:36.802] [[32minfo[m] ...completed in 2.0 secs
[2020-11-03 15:56:38.083] [[32minfo[m] Classification requested
[2020-11-03 15:56:39.384] [[32minfo[m] Model restored from trained_14.model
[2020-11-03 15:56:39.388] [[32minfo[m] C 4000 T 16000 s 20.0 w -1 boost-tpf 1 nepochs 1 no-seasonal
[2020-11-03 15:56:39.388] [[32minfo[m] Partial fit initiated for 1 epoch(s)...
[2020-11-03 15:59:26.841] [[32minfo[m] ...completed in 167.5 secs.
[2020-11-03 15:59:28.327] [[32minfo[m] Model saved into trained_15.model
[2020-11-03 15:59:28.628] [[32minfo[m] Start
[2020-11-03 15:59:28.628] [[32minfo[m] Inference
[2020-11-03 15:59:28.628] [[32minfo[m] JSON: read encodings from encoding-20.json
[2020-11-03 15:59:28.628] [[32minfo[m] CSV: reading input.csv ...
[2020-11-03 15:59:32.015] [[32minfo[m] ...completed in 3.4 secs
[2020-11-03 15:59:32.015] [[32minfo[m] CSV: read 454404 rows with categorical features and 454404 rows with numerical ones.
[2020-11-03 15:59:32.061] [[32minfo[m] Encoding features...
[2020-11-03 15:59:41.183] [[32minfo[m] ...completed in 9.1 secs
[2020-11-03 15:59:42.629] [[32minfo[m] Classification inference
[2020-11-03 15:59:43.971] [[32minfo[m] Predicting...
[2020-11-03 16:01:33.522] [[32minfo[m] ...completed in 109.6 secs
[2020-11-03 16:01:33.537] [[32minfo[m] scores 454404
[2020-11-03 16:01:33.538] [[32minfo[m] [35] 7607,-16000,0.13114
[2020-11-03 16:01:33.538] [[32minfo[m] [36] 6971,-7841,0.26856
[2020-11-03 16:01:33.538] [[32minfo[m] [37] 10442,-12577,0.14033
[2020-11-03 16:01:33.538] [[32minfo[m] [73] 8848,-9727,0.20977
[2020-11-03 16:01:33.538] [[32minfo[m] [74] 935,-1389,0.46369
[2020-11-03 16:01:33.538] [[32minfo[m] [75] 14128,-12388,0.08569
[2020-11-03 16:01:33.538] [[32minfo[m] [208] 3930,-9591,0.28873
[2020-11-03 16:01:33.538] [[32minfo[m] [265] 11567,-10669,0.15256
Num. customers: 454404
Average churn: 2.05
result:  39.74194
16
/repo/tco-customerchurn/data /repo/tco-customerchurn/submission/code/experiments/clasC
/repo/tco-customerchurn/submission/code/experiments/clasC
[2020-11-03 16:01:39.994] [[32minfo[m] Start
[2020-11-03 16:01:39.995] [[32minfo[m] Training
[2020-11-03 16:01:39.995] [[32minfo[m] JSON: read encodings from encoding-20.json
[2020-11-03 16:01:39.995] [[32minfo[m] CSV: reading history_mix_1to3.csv ...
[2020-11-03 16:01:40.778] [[32minfo[m] ...completed in 0.8 secs
[2020-11-03 16:01:40.778] [[32minfo[m] CSV: read 108808 rows with categorical features and 108808 rows with numerical ones.
[2020-11-03 16:01:40.786] [[32minfo[m] Encoding features...
[2020-11-03 16:01:42.783] [[32minfo[m] ...completed in 2.0 secs
[2020-11-03 16:01:44.058] [[32minfo[m] Classification requested
[2020-11-03 16:01:45.363] [[32minfo[m] Model restored from trained_15.model
[2020-11-03 16:01:45.366] [[32minfo[m] C 4000 T 16000 s 20.0 w -1 boost-tpf 1 nepochs 1 no-seasonal
[2020-11-03 16:01:45.367] [[32minfo[m] Partial fit initiated for 1 epoch(s)...
[2020-11-03 16:04:30.511] [[32minfo[m] ...completed in 165.1 secs.
[2020-11-03 16:04:31.969] [[32minfo[m] Model saved into trained_16.model
[2020-11-03 16:04:32.223] [[32minfo[m] Start
[2020-11-03 16:04:32.224] [[32minfo[m] Inference
[2020-11-03 16:04:32.224] [[32minfo[m] JSON: read encodings from encoding-20.json
[2020-11-03 16:04:32.224] [[32minfo[m] CSV: reading input.csv ...
[2020-11-03 16:04:35.335] [[32minfo[m] ...completed in 3.1 secs
[2020-11-03 16:04:35.335] [[32minfo[m] CSV: read 454404 rows with categorical features and 454404 rows with numerical ones.
[2020-11-03 16:04:35.380] [[32minfo[m] Encoding features...
[2020-11-03 16:04:44.111] [[32minfo[m] ...completed in 8.7 secs
[2020-11-03 16:04:45.478] [[32minfo[m] Classification inference
[2020-11-03 16:04:46.893] [[32minfo[m] Predicting...
[2020-11-03 16:05:11.949] [[32minfo[m] ...completed in 25.1 secs
[2020-11-03 16:05:11.963] [[32minfo[m] scores 454404
[2020-11-03 16:05:11.963] [[32minfo[m] [35] 11412,-16000,0.07169
[2020-11-03 16:05:11.963] [[32minfo[m] [36] 6831,-8912,0.25402
[2020-11-03 16:05:11.963] [[32minfo[m] [37] 12032,-9476,0.16394
[2020-11-03 16:05:11.963] [[32minfo[m] [73] 13500,-11571,0.10827
[2020-11-03 16:05:11.963] [[32minfo[m] [74] 2034,-7160,0.35634
[2020-11-03 16:05:11.963] [[32minfo[m] [75] 15431,-14428,0.03345
[2020-11-03 16:05:11.963] [[32minfo[m] [208] 5540,-8321,0.28342
[2020-11-03 16:05:11.963] [[32minfo[m] [265] 11374,-12880,0.12103
Num. customers: 454404
Average churn: 2.05
result:  39.36559
17
/repo/tco-customerchurn/data /repo/tco-customerchurn/submission/code/experiments/clasC
/repo/tco-customerchurn/submission/code/experiments/clasC
[2020-11-03 16:05:17.987] [[32minfo[m] Start
[2020-11-03 16:05:17.987] [[32minfo[m] Training
[2020-11-03 16:05:17.987] [[32minfo[m] JSON: read encodings from encoding-20.json
[2020-11-03 16:05:17.987] [[32minfo[m] CSV: reading history_mix_1to3.csv ...
[2020-11-03 16:05:18.753] [[32minfo[m] ...completed in 0.8 secs
[2020-11-03 16:05:18.753] [[32minfo[m] CSV: read 108808 rows with categorical features and 108808 rows with numerical ones.
[2020-11-03 16:05:18.761] [[32minfo[m] Encoding features...
[2020-11-03 16:05:20.737] [[32minfo[m] ...completed in 2.0 secs
[2020-11-03 16:05:21.994] [[32minfo[m] Classification requested
[2020-11-03 16:05:23.310] [[32minfo[m] Model restored from trained_16.model
[2020-11-03 16:05:23.314] [[32minfo[m] C 4000 T 16000 s 20.0 w -1 boost-tpf 1 nepochs 1 no-seasonal
[2020-11-03 16:05:23.314] [[32minfo[m] Partial fit initiated for 1 epoch(s)...
[2020-11-03 16:08:07.811] [[32minfo[m] ...completed in 164.5 secs.
[2020-11-03 16:08:09.267] [[32minfo[m] Model saved into trained_17.model
[2020-11-03 16:08:09.533] [[32minfo[m] Start
[2020-11-03 16:08:09.533] [[32minfo[m] Inference
[2020-11-03 16:08:09.534] [[32minfo[m] JSON: read encodings from encoding-20.json
[2020-11-03 16:08:09.534] [[32minfo[m] CSV: reading input.csv ...
[2020-11-03 16:08:12.777] [[32minfo[m] ...completed in 3.2 secs
[2020-11-03 16:08:12.777] [[32minfo[m] CSV: read 454404 rows with categorical features and 454404 rows with numerical ones.
[2020-11-03 16:08:12.823] [[32minfo[m] Encoding features...
[2020-11-03 16:08:21.340] [[32minfo[m] ...completed in 8.5 secs
[2020-11-03 16:08:22.612] [[32minfo[m] Classification inference
[2020-11-03 16:08:23.955] [[32minfo[m] Predicting...
[2020-11-03 16:08:48.163] [[32minfo[m] ...completed in 24.2 secs
[2020-11-03 16:08:48.179] [[32minfo[m] scores 454404
[2020-11-03 16:08:48.179] [[32minfo[m] [35] 13378,-15967,0.04148
[2020-11-03 16:08:48.179] [[32minfo[m] [36] 10328,-7815,0.21652
[2020-11-03 16:08:48.179] [[32minfo[m] [37] 16000,-13325,0.04180
[2020-11-03 16:08:48.179] [[32minfo[m] [73] 7447,-12975,0.18091
[2020-11-03 16:08:48.179] [[32minfo[m] [74] 5030,-5650,0.33313
[2020-11-03 16:08:48.179] [[32minfo[m] [75] 14377,-15637,0.03103
[2020-11-03 16:08:48.179] [[32minfo[m] [208] 8550,-2941,0.32045
[2020-11-03 16:08:48.179] [[32minfo[m] [265] 11273,-15858,0.07608
Num. customers: 454404
Average churn: 2.05
result:  39.68817
18
/repo/tco-customerchurn/data /repo/tco-customerchurn/submission/code/experiments/clasC
/repo/tco-customerchurn/submission/code/experiments/clasC
[2020-11-03 16:08:54.140] [[32minfo[m] Start
[2020-11-03 16:08:54.140] [[32minfo[m] Training
[2020-11-03 16:08:54.141] [[32minfo[m] JSON: read encodings from encoding-20.json
[2020-11-03 16:08:54.141] [[32minfo[m] CSV: reading history_mix_1to3.csv ...
[2020-11-03 16:08:54.905] [[32minfo[m] ...completed in 0.8 secs
[2020-11-03 16:08:54.905] [[32minfo[m] CSV: read 108808 rows with categorical features and 108808 rows with numerical ones.
[2020-11-03 16:08:54.913] [[32minfo[m] Encoding features...
[2020-11-03 16:08:56.871] [[32minfo[m] ...completed in 2.0 secs
[2020-11-03 16:08:58.141] [[32minfo[m] Classification requested
[2020-11-03 16:08:59.438] [[32minfo[m] Model restored from trained_17.model
[2020-11-03 16:08:59.440] [[32minfo[m] C 4000 T 16000 s 20.0 w -1 boost-tpf 1 nepochs 1 no-seasonal
[2020-11-03 16:08:59.440] [[32minfo[m] Partial fit initiated for 1 epoch(s)...
[2020-11-03 16:11:47.103] [[32minfo[m] ...completed in 167.7 secs.
[2020-11-03 16:11:48.551] [[32minfo[m] Model saved into trained_18.model
[2020-11-03 16:11:48.830] [[32minfo[m] Start
[2020-11-03 16:11:48.830] [[32minfo[m] Inference
[2020-11-03 16:11:48.830] [[32minfo[m] JSON: read encodings from encoding-20.json
[2020-11-03 16:11:48.830] [[32minfo[m] CSV: reading input.csv ...
[2020-11-03 16:11:52.170] [[32minfo[m] ...completed in 3.3 secs
[2020-11-03 16:11:52.170] [[32minfo[m] CSV: read 454404 rows with categorical features and 454404 rows with numerical ones.
[2020-11-03 16:11:52.216] [[32minfo[m] Encoding features...
[2020-11-03 16:12:01.065] [[32minfo[m] ...completed in 8.8 secs
[2020-11-03 16:12:02.475] [[32minfo[m] Classification inference
[2020-11-03 16:12:03.886] [[32minfo[m] Predicting...
[2020-11-03 16:12:28.608] [[32minfo[m] ...completed in 24.7 secs
[2020-11-03 16:12:28.622] [[32minfo[m] scores 454404
[2020-11-03 16:12:28.622] [[32minfo[m] [35] 16000,-14454,0.02416
[2020-11-03 16:12:28.622] [[32minfo[m] [36] 9274,-11123,0.18130
[2020-11-03 16:12:28.622] [[32minfo[m] [37] 16000,-16000,0.00000
[2020-11-03 16:12:28.622] [[32minfo[m] [73] 9398,-11959,0.16630
[2020-11-03 16:12:28.622] [[32minfo[m] [74] 7543,-4307,0.31484
[2020-11-03 16:12:28.622] [[32minfo[m] [75] 14242,-14072,0.05759
[2020-11-03 16:12:28.622] [[32minfo[m] [208] 9177,-6035,0.26231
[2020-11-03 16:12:28.622] [[32minfo[m] [265] 10993,-13845,0.11191
Num. customers: 454404
Average churn: 2.05
result:  39.46237
19
/repo/tco-customerchurn/data /repo/tco-customerchurn/submission/code/experiments/clasC
/repo/tco-customerchurn/submission/code/experiments/clasC
[2020-11-03 16:12:34.480] [[32minfo[m] Start
[2020-11-03 16:12:34.480] [[32minfo[m] Training
[2020-11-03 16:12:34.481] [[32minfo[m] JSON: read encodings from encoding-20.json
[2020-11-03 16:12:34.481] [[32minfo[m] CSV: reading history_mix_1to3.csv ...
[2020-11-03 16:12:35.257] [[32minfo[m] ...completed in 0.8 secs
[2020-11-03 16:12:35.257] [[32minfo[m] CSV: read 108808 rows with categorical features and 108808 rows with numerical ones.
[2020-11-03 16:12:35.264] [[32minfo[m] Encoding features...
[2020-11-03 16:12:37.247] [[32minfo[m] ...completed in 2.0 secs
[2020-11-03 16:12:38.557] [[32minfo[m] Classification requested
[2020-11-03 16:12:39.899] [[32minfo[m] Model restored from trained_18.model
[2020-11-03 16:12:39.901] [[32minfo[m] C 4000 T 16000 s 20.0 w -1 boost-tpf 1 nepochs 1 no-seasonal
[2020-11-03 16:12:39.901] [[32minfo[m] Partial fit initiated for 1 epoch(s)...
[2020-11-03 16:15:26.497] [[32minfo[m] ...completed in 166.6 secs.
[2020-11-03 16:15:27.999] [[32minfo[m] Model saved into trained_19.model
[2020-11-03 16:15:28.284] [[32minfo[m] Start
[2020-11-03 16:15:28.284] [[32minfo[m] Inference
[2020-11-03 16:15:28.284] [[32minfo[m] JSON: read encodings from encoding-20.json
[2020-11-03 16:15:28.284] [[32minfo[m] CSV: reading input.csv ...
[2020-11-03 16:15:31.409] [[32minfo[m] ...completed in 3.1 secs
[2020-11-03 16:15:31.409] [[32minfo[m] CSV: read 454404 rows with categorical features and 454404 rows with numerical ones.
[2020-11-03 16:15:31.460] [[32minfo[m] Encoding features...
[2020-11-03 16:15:40.037] [[32minfo[m] ...completed in 8.6 secs
[2020-11-03 16:15:41.403] [[32minfo[m] Classification inference
[2020-11-03 16:15:42.856] [[32minfo[m] Predicting...
[2020-11-03 16:16:06.730] [[32minfo[m] ...completed in 23.9 secs
[2020-11-03 16:16:06.747] [[32minfo[m] scores 454404
[2020-11-03 16:16:06.747] [[32minfo[m] [35] 16000,-14934,0.01666
[2020-11-03 16:16:06.747] [[32minfo[m] [36] 5038,-7960,0.29691
[2020-11-03 16:16:06.748] [[32minfo[m] [37] 15089,-16000,0.01423
[2020-11-03 16:16:06.748] [[32minfo[m] [73] 9979,-11928,0.15770
[2020-11-03 16:16:06.748] [[32minfo[m] [74] 5092,-5145,0.34005
[2020-11-03 16:16:06.748] [[32minfo[m] [75] 14623,-11844,0.08645
[2020-11-03 16:16:06.748] [[32minfo[m] [208] 12654,-9156,0.15922
[2020-11-03 16:16:06.748] [[32minfo[m] [265] 14859,-15276,0.02914
Num. customers: 454404
Average churn: 2.05
result:  39.26882
20
/repo/tco-customerchurn/data /repo/tco-customerchurn/submission/code/experiments/clasC
/repo/tco-customerchurn/submission/code/experiments/clasC
[2020-11-03 16:16:12.643] [[32minfo[m] Start
[2020-11-03 16:16:12.643] [[32minfo[m] Training
[2020-11-03 16:16:12.644] [[32minfo[m] JSON: read encodings from encoding-20.json
[2020-11-03 16:16:12.644] [[32minfo[m] CSV: reading history_mix_1to3.csv ...
[2020-11-03 16:16:13.378] [[32minfo[m] ...completed in 0.7 secs
[2020-11-03 16:16:13.378] [[32minfo[m] CSV: read 108808 rows with categorical features and 108808 rows with numerical ones.
[2020-11-03 16:16:13.385] [[32minfo[m] Encoding features...
[2020-11-03 16:16:15.359] [[32minfo[m] ...completed in 2.0 secs
[2020-11-03 16:16:16.631] [[32minfo[m] Classification requested
[2020-11-03 16:16:17.927] [[32minfo[m] Model restored from trained_19.model
[2020-11-03 16:16:17.930] [[32minfo[m] C 4000 T 16000 s 20.0 w -1 boost-tpf 1 nepochs 1 no-seasonal
[2020-11-03 16:16:17.930] [[32minfo[m] Partial fit initiated for 1 epoch(s)...
[2020-11-03 16:19:04.393] [[32minfo[m] ...completed in 166.5 secs.
[2020-11-03 16:19:06.039] [[32minfo[m] Model saved into trained_20.model
[2020-11-03 16:19:06.300] [[32minfo[m] Start
[2020-11-03 16:19:06.300] [[32minfo[m] Inference
[2020-11-03 16:19:06.300] [[32minfo[m] JSON: read encodings from encoding-20.json
[2020-11-03 16:19:06.300] [[32minfo[m] CSV: reading input.csv ...
[2020-11-03 16:19:09.339] [[32minfo[m] ...completed in 3.0 secs
[2020-11-03 16:19:09.339] [[32minfo[m] CSV: read 454404 rows with categorical features and 454404 rows with numerical ones.
[2020-11-03 16:19:09.384] [[32minfo[m] Encoding features...
[2020-11-03 16:19:18.039] [[32minfo[m] ...completed in 8.7 secs
[2020-11-03 16:19:19.371] [[32minfo[m] Classification inference
[2020-11-03 16:19:20.771] [[32minfo[m] Predicting...
[2020-11-03 16:19:45.048] [[32minfo[m] ...completed in 24.3 secs
[2020-11-03 16:19:45.063] [[32minfo[m] scores 454404
[2020-11-03 16:19:45.063] [[32minfo[m] [35] 15208,-16000,0.01238
[2020-11-03 16:19:45.063] [[32minfo[m] [36] 7640,-6263,0.28277
[2020-11-03 16:19:45.063] [[32minfo[m] [37] 16000,-15761,0.00373
[2020-11-03 16:19:45.063] [[32minfo[m] [73] 12024,-9664,0.16113
[2020-11-03 16:19:45.063] [[32minfo[m] [74] 5546,-2720,0.37084
[2020-11-03 16:19:45.063] [[32minfo[m] [75] 14638,-10462,0.10781
[2020-11-03 16:19:45.063] [[32minfo[m] [208] 7657,-7114,0.26920
[2020-11-03 16:19:45.063] [[32minfo[m] [265] 11589,-14273,0.09591
Num. customers: 454404
Average churn: 2.05
result:  39.17204
