1
/repo/tco-customerchurn/data /repo/tco-customerchurn/submission/code/experiments/clasO
/repo/tco-customerchurn/submission/code/experiments/clasO
[2020-11-08 18:03:23.187] [[32minfo[m] Start
[2020-11-08 18:03:23.187] [[32minfo[m] Training
[2020-11-08 18:03:23.189] [[32minfo[m] JSON: read encodings from encoding-64.json
[2020-11-08 18:03:23.189] [[32minfo[m] CSV: reading history_mix_1to3.csv ...
[2020-11-08 18:03:26.807] [[32minfo[m] ...completed in 3.6 secs
[2020-11-08 18:03:26.807] [[32minfo[m] CSV: read 480592 rows with categorical features and 480592 rows with numerical ones.
[2020-11-08 18:03:26.845] [[32minfo[m] Encoding features...
[2020-11-08 18:03:39.650] [[32minfo[m] ...completed in 12.8 secs
[2020-11-08 18:03:39.651] [[32minfo[m] Classification requested
[2020-11-08 18:03:39.651] [[32minfo[m] C 4000 T 16000 s 20.0 w -1 boost-tpf 1 nepochs 1 f201906 seasonal
[2020-11-08 18:03:39.651] [[32minfo[m] Partial fit initiated for 1 epoch(s)...
[2020-11-08 18:28:10.557] [[32minfo[m] ...completed in 1470.9 secs.
[2020-11-08 18:28:14.603] [[32minfo[m] Model saved into trained_1.model
[2020-11-08 18:28:14.795] [[32minfo[m] Start
[2020-11-08 18:28:14.795] [[32minfo[m] Inference
[2020-11-08 18:28:14.795] [[32minfo[m] JSON: read encodings from encoding-64.json
[2020-11-08 18:28:14.795] [[32minfo[m] CSV: reading input.csv ...
[2020-11-08 18:28:18.000] [[32minfo[m] ...completed in 3.2 secs
[2020-11-08 18:28:18.000] [[32minfo[m] CSV: read 454404 rows with categorical features and 454404 rows with numerical ones.
[2020-11-08 18:28:18.049] [[32minfo[m] Encoding features...
[2020-11-08 18:28:30.298] [[32minfo[m] ...completed in 12.2 secs
[2020-11-08 18:28:33.678] [[32minfo[m] Classification inference
[2020-11-08 18:28:37.275] [[32minfo[m] Predicting...
[2020-11-08 18:29:14.364] [[32minfo[m] ...completed in 37.1 secs
[2020-11-08 18:29:14.377] [[32minfo[m] scores 454404
[2020-11-08 18:29:14.377] [[32minfo[m] [35] 10654,-12593,0.13677
[2020-11-08 18:29:14.377] [[32minfo[m] [36] 8392,-9303,0.22352
[2020-11-08 18:29:14.377] [[32minfo[m] [37] 11226,-8907,0.18542
[2020-11-08 18:29:14.377] [[32minfo[m] [73] 11376,-9823,0.16877
[2020-11-08 18:29:14.377] [[32minfo[m] [74] 3925,-3921,0.37741
[2020-11-08 18:29:14.377] [[32minfo[m] [75] 9875,-9034,0.20455
[2020-11-08 18:29:14.377] [[32minfo[m] [208] 7727,-11314,0.20248
[2020-11-08 18:29:14.377] [[32minfo[m] [265] 10404,-13482,0.12678
gzip: trained_0.model: No such file or directory
Num. customers: 454404
Average churn: 2.05
result:  35.04301
