1
/repo/tco-customerchurn/data /repo/tco-customerchurn/submission/code/experiments/regr32
/repo/tco-customerchurn/submission/code/experiments/regr32
[2020-11-03 18:35:30.825] [[32minfo[m] Start
[2020-11-03 18:35:30.825] [[32minfo[m] Training
[2020-11-03 18:35:30.826] [[32minfo[m] JSON: read encodings from encoding-20.json
[2020-11-03 18:35:30.826] [[32minfo[m] CSV: reading history_mix_1to3.csv ...
[2020-11-03 18:35:31.605] [[32minfo[m] ...completed in 0.8 secs
[2020-11-03 18:35:31.605] [[32minfo[m] CSV: read 108808 rows with categorical features and 108808 rows with numerical ones.
[2020-11-03 18:35:31.613] [[32minfo[m] Encoding features...
[2020-11-03 18:35:33.548] [[32minfo[m] ...completed in 1.9 secs
[2020-11-03 18:35:33.548] [[32minfo[m] Regression requested
[2020-11-03 18:35:33.568] [[32minfo[m] C 8000 T 16000 s 20.0 w -1 boost-tpf 1 nepochs 1 L MAE, C1 0.000000 no-seasonal
[2020-11-03 18:35:33.568] [[32minfo[m] Partial fit initiated for 1 epoch(s)...
[2020-11-03 18:36:31.564] [[32minfo[m] ...completed in 58.0 secs.
[2020-11-03 18:36:32.295] [[32minfo[m] Model saved into trained_1.model
[2020-11-03 18:36:32.343] [[32minfo[m] Start
[2020-11-03 18:36:32.343] [[32minfo[m] Inference
[2020-11-03 18:36:32.343] [[32minfo[m] JSON: read encodings from encoding-20.json
[2020-11-03 18:36:32.343] [[32minfo[m] CSV: reading input.csv ...
[2020-11-03 18:36:35.470] [[32minfo[m] ...completed in 3.1 secs
[2020-11-03 18:36:35.470] [[32minfo[m] CSV: read 454404 rows with categorical features and 454404 rows with numerical ones.
[2020-11-03 18:36:35.520] [[32minfo[m] Encoding features...
[2020-11-03 18:36:44.204] [[32minfo[m] ...completed in 8.7 secs
[2020-11-03 18:36:44.893] [[32minfo[m] Regression inference
[2020-11-03 18:36:45.597] [[32minfo[m] Predicting...
[2020-11-03 18:36:57.374] [[32minfo[m] ...completed in 11.8 secs
[2020-11-03 18:36:57.377] [[32minfo[m] scores 454404
[2020-11-03 18:36:57.377] [[32minfo[m] [35] 3126,0.19537
[2020-11-03 18:36:57.377] [[32minfo[m] [36] 4148,0.25925
[2020-11-03 18:36:57.377] [[32minfo[m] [37] 2641,0.16506
[2020-11-03 18:36:57.377] [[32minfo[m] [73] 2403,0.15019
[2020-11-03 18:36:57.377] [[32minfo[m] [74] 4851,0.30319
[2020-11-03 18:36:57.377] [[32minfo[m] [75] 4427,0.27669
[2020-11-03 18:36:57.377] [[32minfo[m] [208] 3888,0.24300
[2020-11-03 18:36:57.377] [[32minfo[m] [265] 1762,0.11013
gzip: trained_0.model: No such file or directory
Num. customers: 454404
Average churn: 2.05
result:  34.88172
2
/repo/tco-customerchurn/data /repo/tco-customerchurn/submission/code/experiments/regr32
/repo/tco-customerchurn/submission/code/experiments/regr32
[2020-11-03 18:37:02.879] [[32minfo[m] Start
[2020-11-03 18:37:02.879] [[32minfo[m] Training
[2020-11-03 18:37:02.880] [[32minfo[m] JSON: read encodings from encoding-20.json
[2020-11-03 18:37:02.880] [[32minfo[m] CSV: reading history_mix_1to3.csv ...
[2020-11-03 18:37:03.775] [[32minfo[m] ...completed in 0.9 secs
[2020-11-03 18:37:03.775] [[32minfo[m] CSV: read 108808 rows with categorical features and 108808 rows with numerical ones.
[2020-11-03 18:37:03.782] [[32minfo[m] Encoding features...
[2020-11-03 18:37:05.938] [[32minfo[m] ...completed in 2.2 secs
[2020-11-03 18:37:06.577] [[32minfo[m] Regression requested
[2020-11-03 18:37:07.246] [[32minfo[m] Model restored from trained_1.model
[2020-11-03 18:37:07.248] [[32minfo[m] C 8000 T 16000 s 20.0 w -1 boost-tpf 1 nepochs 1 L MAE, C1 0.000000 no-seasonal
[2020-11-03 18:37:07.248] [[32minfo[m] Partial fit initiated for 1 epoch(s)...
[2020-11-03 18:38:09.753] [[32minfo[m] ...completed in 62.5 secs.
[2020-11-03 18:38:10.519] [[32minfo[m] Model saved into trained_2.model
[2020-11-03 18:38:10.687] [[32minfo[m] Start
[2020-11-03 18:38:10.687] [[32minfo[m] Inference
[2020-11-03 18:38:10.688] [[32minfo[m] JSON: read encodings from encoding-20.json
[2020-11-03 18:38:10.688] [[32minfo[m] CSV: reading input.csv ...
[2020-11-03 18:38:13.742] [[32minfo[m] ...completed in 3.1 secs
[2020-11-03 18:38:13.742] [[32minfo[m] CSV: read 454404 rows with categorical features and 454404 rows with numerical ones.
[2020-11-03 18:38:13.787] [[32minfo[m] Encoding features...
[2020-11-03 18:38:22.297] [[32minfo[m] ...completed in 8.5 secs
[2020-11-03 18:38:22.957] [[32minfo[m] Regression inference
[2020-11-03 18:38:23.581] [[32minfo[m] Predicting...
[2020-11-03 18:38:35.468] [[32minfo[m] ...completed in 11.9 secs
[2020-11-03 18:38:35.471] [[32minfo[m] scores 454404
[2020-11-03 18:38:35.471] [[32minfo[m] [35] 3084,0.19275
[2020-11-03 18:38:35.471] [[32minfo[m] [36] 4497,0.28106
[2020-11-03 18:38:35.471] [[32minfo[m] [37] 2556,0.15975
[2020-11-03 18:38:35.471] [[32minfo[m] [73] 1822,0.11388
[2020-11-03 18:38:35.471] [[32minfo[m] [74] 4705,0.29406
[2020-11-03 18:38:35.471] [[32minfo[m] [75] 4142,0.25888
[2020-11-03 18:38:35.471] [[32minfo[m] [208] 3951,0.24694
[2020-11-03 18:38:35.471] [[32minfo[m] [265] 1358,0.08488
Num. customers: 454404
Average churn: 2.05
result:  35.63441
3
/repo/tco-customerchurn/data /repo/tco-customerchurn/submission/code/experiments/regr32
/repo/tco-customerchurn/submission/code/experiments/regr32
[2020-11-03 18:38:40.988] [[32minfo[m] Start
[2020-11-03 18:38:40.988] [[32minfo[m] Training
[2020-11-03 18:38:40.988] [[32minfo[m] JSON: read encodings from encoding-20.json
[2020-11-03 18:38:40.989] [[32minfo[m] CSV: reading history_mix_1to3.csv ...
[2020-11-03 18:38:41.781] [[32minfo[m] ...completed in 0.8 secs
[2020-11-03 18:38:41.781] [[32minfo[m] CSV: read 108808 rows with categorical features and 108808 rows with numerical ones.
[2020-11-03 18:38:41.790] [[32minfo[m] Encoding features...
[2020-11-03 18:38:44.127] [[32minfo[m] ...completed in 2.3 secs
[2020-11-03 18:38:44.783] [[32minfo[m] Regression requested
[2020-11-03 18:38:45.458] [[32minfo[m] Model restored from trained_2.model
[2020-11-03 18:38:45.460] [[32minfo[m] C 8000 T 16000 s 20.0 w -1 boost-tpf 1 nepochs 1 L MAE, C1 0.000000 no-seasonal
[2020-11-03 18:38:45.461] [[32minfo[m] Partial fit initiated for 1 epoch(s)...
[2020-11-03 18:39:53.641] [[32minfo[m] ...completed in 68.2 secs.
[2020-11-03 18:39:54.390] [[32minfo[m] Model saved into trained_3.model
[2020-11-03 18:39:54.553] [[32minfo[m] Start
[2020-11-03 18:39:54.553] [[32minfo[m] Inference
[2020-11-03 18:39:54.554] [[32minfo[m] JSON: read encodings from encoding-20.json
[2020-11-03 18:39:54.554] [[32minfo[m] CSV: reading input.csv ...
[2020-11-03 18:39:57.804] [[32minfo[m] ...completed in 3.2 secs
[2020-11-03 18:39:57.804] [[32minfo[m] CSV: read 454404 rows with categorical features and 454404 rows with numerical ones.
[2020-11-03 18:39:57.848] [[32minfo[m] Encoding features...
[2020-11-03 18:40:06.797] [[32minfo[m] ...completed in 8.9 secs
[2020-11-03 18:40:07.467] [[32minfo[m] Regression inference
[2020-11-03 18:40:08.142] [[32minfo[m] Predicting...
[2020-11-03 18:40:20.156] [[32minfo[m] ...completed in 12.0 secs
[2020-11-03 18:40:20.159] [[32minfo[m] scores 454404
[2020-11-03 18:40:20.159] [[32minfo[m] [35] 2445,0.15281
[2020-11-03 18:40:20.159] [[32minfo[m] [36] 5185,0.32406
[2020-11-03 18:40:20.159] [[32minfo[m] [37] 2880,0.18000
[2020-11-03 18:40:20.159] [[32minfo[m] [73] 2033,0.12706
[2020-11-03 18:40:20.159] [[32minfo[m] [74] 4677,0.29231
[2020-11-03 18:40:20.159] [[32minfo[m] [75] 3280,0.20500
[2020-11-03 18:40:20.159] [[32minfo[m] [208] 4898,0.30612
[2020-11-03 18:40:20.159] [[32minfo[m] [265] 1753,0.10956
Num. customers: 454404
Average churn: 2.05
result:  35.61290
4
/repo/tco-customerchurn/data /repo/tco-customerchurn/submission/code/experiments/regr32
/repo/tco-customerchurn/submission/code/experiments/regr32
[2020-11-03 18:40:25.652] [[32minfo[m] Start
[2020-11-03 18:40:25.652] [[32minfo[m] Training
[2020-11-03 18:40:25.652] [[32minfo[m] JSON: read encodings from encoding-20.json
[2020-11-03 18:40:25.652] [[32minfo[m] CSV: reading history_mix_1to3.csv ...
[2020-11-03 18:40:26.382] [[32minfo[m] ...completed in 0.7 secs
[2020-11-03 18:40:26.382] [[32minfo[m] CSV: read 108808 rows with categorical features and 108808 rows with numerical ones.
[2020-11-03 18:40:26.390] [[32minfo[m] Encoding features...
[2020-11-03 18:40:28.371] [[32minfo[m] ...completed in 2.0 secs
[2020-11-03 18:40:29.028] [[32minfo[m] Regression requested
[2020-11-03 18:40:29.711] [[32minfo[m] Model restored from trained_3.model
[2020-11-03 18:40:29.712] [[32minfo[m] C 8000 T 16000 s 20.0 w -1 boost-tpf 1 nepochs 1 L MAE, C1 0.000000 no-seasonal
[2020-11-03 18:40:29.713] [[32minfo[m] Partial fit initiated for 1 epoch(s)...
[2020-11-03 18:41:41.926] [[32minfo[m] ...completed in 72.2 secs.
[2020-11-03 18:41:42.652] [[32minfo[m] Model saved into trained_4.model
[2020-11-03 18:41:42.822] [[32minfo[m] Start
[2020-11-03 18:41:42.823] [[32minfo[m] Inference
[2020-11-03 18:41:42.823] [[32minfo[m] JSON: read encodings from encoding-20.json
[2020-11-03 18:41:42.823] [[32minfo[m] CSV: reading input.csv ...
[2020-11-03 18:41:45.968] [[32minfo[m] ...completed in 3.1 secs
[2020-11-03 18:41:45.968] [[32minfo[m] CSV: read 454404 rows with categorical features and 454404 rows with numerical ones.
[2020-11-03 18:41:46.012] [[32minfo[m] Encoding features...
[2020-11-03 18:41:54.719] [[32minfo[m] ...completed in 8.7 secs
[2020-11-03 18:41:55.389] [[32minfo[m] Regression inference
[2020-11-03 18:41:56.069] [[32minfo[m] Predicting...
[2020-11-03 18:42:07.921] [[32minfo[m] ...completed in 11.9 secs
[2020-11-03 18:42:07.923] [[32minfo[m] scores 454404
[2020-11-03 18:42:07.923] [[32minfo[m] [35] 2883,0.18019
[2020-11-03 18:42:07.923] [[32minfo[m] [36] 5505,0.34406
[2020-11-03 18:42:07.923] [[32minfo[m] [37] 2701,0.16881
[2020-11-03 18:42:07.923] [[32minfo[m] [73] 1729,0.10806
[2020-11-03 18:42:07.923] [[32minfo[m] [74] 4081,0.25506
[2020-11-03 18:42:07.923] [[32minfo[m] [75] 3863,0.24144
[2020-11-03 18:42:07.923] [[32minfo[m] [208] 4029,0.25181
[2020-11-03 18:42:07.923] [[32minfo[m] [265] 1252,0.07825
Num. customers: 454404
Average churn: 2.05
result:  35.87097
5
/repo/tco-customerchurn/data /repo/tco-customerchurn/submission/code/experiments/regr32
/repo/tco-customerchurn/submission/code/experiments/regr32
[2020-11-03 18:42:13.302] [[32minfo[m] Start
[2020-11-03 18:42:13.302] [[32minfo[m] Training
[2020-11-03 18:42:13.303] [[32minfo[m] JSON: read encodings from encoding-20.json
[2020-11-03 18:42:13.303] [[32minfo[m] CSV: reading history_mix_1to3.csv ...
[2020-11-03 18:42:14.040] [[32minfo[m] ...completed in 0.7 secs
[2020-11-03 18:42:14.040] [[32minfo[m] CSV: read 108808 rows with categorical features and 108808 rows with numerical ones.
[2020-11-03 18:42:14.048] [[32minfo[m] Encoding features...
[2020-11-03 18:42:16.195] [[32minfo[m] ...completed in 2.1 secs
[2020-11-03 18:42:16.836] [[32minfo[m] Regression requested
[2020-11-03 18:42:17.496] [[32minfo[m] Model restored from trained_4.model
[2020-11-03 18:42:17.498] [[32minfo[m] C 8000 T 16000 s 20.0 w -1 boost-tpf 1 nepochs 1 L MAE, C1 0.000000 no-seasonal
[2020-11-03 18:42:17.499] [[32minfo[m] Partial fit initiated for 1 epoch(s)...
[2020-11-03 18:43:29.809] [[32minfo[m] ...completed in 72.3 secs.
[2020-11-03 18:43:30.609] [[32minfo[m] Model saved into trained_5.model
[2020-11-03 18:43:30.765] [[32minfo[m] Start
[2020-11-03 18:43:30.765] [[32minfo[m] Inference
[2020-11-03 18:43:30.766] [[32minfo[m] JSON: read encodings from encoding-20.json
[2020-11-03 18:43:30.766] [[32minfo[m] CSV: reading input.csv ...
[2020-11-03 18:43:34.031] [[32minfo[m] ...completed in 3.3 secs
[2020-11-03 18:43:34.031] [[32minfo[m] CSV: read 454404 rows with categorical features and 454404 rows with numerical ones.
[2020-11-03 18:43:34.075] [[32minfo[m] Encoding features...
[2020-11-03 18:43:42.677] [[32minfo[m] ...completed in 8.6 secs
[2020-11-03 18:43:43.377] [[32minfo[m] Regression inference
[2020-11-03 18:43:44.013] [[32minfo[m] Predicting...
[2020-11-03 18:43:55.737] [[32minfo[m] ...completed in 11.7 secs
[2020-11-03 18:43:55.740] [[32minfo[m] scores 454404
[2020-11-03 18:43:55.740] [[32minfo[m] [35] 2405,0.15031
[2020-11-03 18:43:55.740] [[32minfo[m] [36] 5128,0.32050
[2020-11-03 18:43:55.740] [[32minfo[m] [37] 2692,0.16825
[2020-11-03 18:43:55.740] [[32minfo[m] [73] 1645,0.10281
[2020-11-03 18:43:55.740] [[32minfo[m] [74] 4370,0.27313
[2020-11-03 18:43:55.740] [[32minfo[m] [75] 2040,0.12750
[2020-11-03 18:43:55.740] [[32minfo[m] [208] 4372,0.27325
[2020-11-03 18:43:55.740] [[32minfo[m] [265] 1641,0.10256
Num. customers: 454404
Average churn: 2.05
result:  35.62366
6
/repo/tco-customerchurn/data /repo/tco-customerchurn/submission/code/experiments/regr32
/repo/tco-customerchurn/submission/code/experiments/regr32
[2020-11-03 18:44:01.191] [[32minfo[m] Start
[2020-11-03 18:44:01.191] [[32minfo[m] Training
[2020-11-03 18:44:01.191] [[32minfo[m] JSON: read encodings from encoding-20.json
[2020-11-03 18:44:01.191] [[32minfo[m] CSV: reading history_mix_1to3.csv ...
[2020-11-03 18:44:01.972] [[32minfo[m] ...completed in 0.8 secs
[2020-11-03 18:44:01.973] [[32minfo[m] CSV: read 108808 rows with categorical features and 108808 rows with numerical ones.
[2020-11-03 18:44:01.981] [[32minfo[m] Encoding features...
[2020-11-03 18:44:03.951] [[32minfo[m] ...completed in 2.0 secs
[2020-11-03 18:44:04.602] [[32minfo[m] Regression requested
[2020-11-03 18:44:05.259] [[32minfo[m] Model restored from trained_5.model
[2020-11-03 18:44:05.261] [[32minfo[m] C 8000 T 16000 s 20.0 w -1 boost-tpf 1 nepochs 1 L MAE, C1 0.000000 no-seasonal
[2020-11-03 18:44:05.261] [[32minfo[m] Partial fit initiated for 1 epoch(s)...
[2020-11-03 18:45:17.550] [[32minfo[m] ...completed in 72.3 secs.
[2020-11-03 18:45:18.278] [[32minfo[m] Model saved into trained_6.model
[2020-11-03 18:45:18.431] [[32minfo[m] Start
[2020-11-03 18:45:18.431] [[32minfo[m] Inference
[2020-11-03 18:45:18.432] [[32minfo[m] JSON: read encodings from encoding-20.json
[2020-11-03 18:45:18.432] [[32minfo[m] CSV: reading input.csv ...
[2020-11-03 18:45:21.658] [[32minfo[m] ...completed in 3.2 secs
[2020-11-03 18:45:21.658] [[32minfo[m] CSV: read 454404 rows with categorical features and 454404 rows with numerical ones.
[2020-11-03 18:45:21.709] [[32minfo[m] Encoding features...
[2020-11-03 18:45:30.226] [[32minfo[m] ...completed in 8.5 secs
[2020-11-03 18:45:30.993] [[32minfo[m] Regression inference
[2020-11-03 18:45:31.646] [[32minfo[m] Predicting...
[2020-11-03 18:45:43.472] [[32minfo[m] ...completed in 11.8 secs
[2020-11-03 18:45:43.475] [[32minfo[m] scores 454404
[2020-11-03 18:45:43.475] [[32minfo[m] [35] 2306,0.14413
[2020-11-03 18:45:43.475] [[32minfo[m] [36] 4593,0.28706
[2020-11-03 18:45:43.475] [[32minfo[m] [37] 2363,0.14769
[2020-11-03 18:45:43.475] [[32minfo[m] [73] 2104,0.13150
[2020-11-03 18:45:43.475] [[32minfo[m] [74] 5378,0.33613
[2020-11-03 18:45:43.475] [[32minfo[m] [75] 2989,0.18681
[2020-11-03 18:45:43.475] [[32minfo[m] [208] 4136,0.25850
[2020-11-03 18:45:43.475] [[32minfo[m] [265] 1337,0.08356
Num. customers: 454404
Average churn: 2.05
result:  35.66667
7
/repo/tco-customerchurn/data /repo/tco-customerchurn/submission/code/experiments/regr32
/repo/tco-customerchurn/submission/code/experiments/regr32
[2020-11-03 18:45:48.863] [[32minfo[m] Start
[2020-11-03 18:45:48.863] [[32minfo[m] Training
[2020-11-03 18:45:48.864] [[32minfo[m] JSON: read encodings from encoding-20.json
[2020-11-03 18:45:48.864] [[32minfo[m] CSV: reading history_mix_1to3.csv ...
[2020-11-03 18:45:49.611] [[32minfo[m] ...completed in 0.7 secs
[2020-11-03 18:45:49.611] [[32minfo[m] CSV: read 108808 rows with categorical features and 108808 rows with numerical ones.
[2020-11-03 18:45:49.618] [[32minfo[m] Encoding features...
[2020-11-03 18:45:51.578] [[32minfo[m] ...completed in 2.0 secs
[2020-11-03 18:45:52.208] [[32minfo[m] Regression requested
[2020-11-03 18:45:52.846] [[32minfo[m] Model restored from trained_6.model
[2020-11-03 18:45:52.848] [[32minfo[m] C 8000 T 16000 s 20.0 w -1 boost-tpf 1 nepochs 1 L MAE, C1 0.000000 no-seasonal
[2020-11-03 18:45:52.848] [[32minfo[m] Partial fit initiated for 1 epoch(s)...
[2020-11-03 18:47:06.026] [[32minfo[m] ...completed in 73.2 secs.
[2020-11-03 18:47:06.832] [[32minfo[m] Model saved into trained_7.model
[2020-11-03 18:47:06.981] [[32minfo[m] Start
[2020-11-03 18:47:06.981] [[32minfo[m] Inference
[2020-11-03 18:47:06.982] [[32minfo[m] JSON: read encodings from encoding-20.json
[2020-11-03 18:47:06.982] [[32minfo[m] CSV: reading input.csv ...
[2020-11-03 18:47:10.334] [[32minfo[m] ...completed in 3.4 secs
[2020-11-03 18:47:10.334] [[32minfo[m] CSV: read 454404 rows with categorical features and 454404 rows with numerical ones.
[2020-11-03 18:47:10.387] [[32minfo[m] Encoding features...
[2020-11-03 18:47:19.260] [[32minfo[m] ...completed in 8.9 secs
[2020-11-03 18:47:19.944] [[32minfo[m] Regression inference
[2020-11-03 18:47:20.665] [[32minfo[m] Predicting...
[2020-11-03 18:47:32.384] [[32minfo[m] ...completed in 11.7 secs
[2020-11-03 18:47:32.388] [[32minfo[m] scores 454404
[2020-11-03 18:47:32.388] [[32minfo[m] [35] 1926,0.12037
[2020-11-03 18:47:32.388] [[32minfo[m] [36] 4052,0.25325
[2020-11-03 18:47:32.388] [[32minfo[m] [37] 2469,0.15431
[2020-11-03 18:47:32.388] [[32minfo[m] [73] 2414,0.15088
[2020-11-03 18:47:32.388] [[32minfo[m] [74] 5035,0.31469
[2020-11-03 18:47:32.388] [[32minfo[m] [75] 2514,0.15712
[2020-11-03 18:47:32.388] [[32minfo[m] [208] 4561,0.28506
[2020-11-03 18:47:32.388] [[32minfo[m] [265] 1411,0.08819
Num. customers: 454404
Average churn: 2.05
result:  36.30108
8
/repo/tco-customerchurn/data /repo/tco-customerchurn/submission/code/experiments/regr32
/repo/tco-customerchurn/submission/code/experiments/regr32
[2020-11-03 18:47:37.849] [[32minfo[m] Start
[2020-11-03 18:47:37.849] [[32minfo[m] Training
[2020-11-03 18:47:37.850] [[32minfo[m] JSON: read encodings from encoding-20.json
[2020-11-03 18:47:37.850] [[32minfo[m] CSV: reading history_mix_1to3.csv ...
[2020-11-03 18:47:38.588] [[32minfo[m] ...completed in 0.7 secs
[2020-11-03 18:47:38.588] [[32minfo[m] CSV: read 108808 rows with categorical features and 108808 rows with numerical ones.
[2020-11-03 18:47:38.595] [[32minfo[m] Encoding features...
[2020-11-03 18:47:40.567] [[32minfo[m] ...completed in 2.0 secs
[2020-11-03 18:47:41.207] [[32minfo[m] Regression requested
[2020-11-03 18:47:41.850] [[32minfo[m] Model restored from trained_7.model
[2020-11-03 18:47:41.851] [[32minfo[m] C 8000 T 16000 s 20.0 w -1 boost-tpf 1 nepochs 1 L MAE, C1 0.000000 no-seasonal
[2020-11-03 18:47:41.851] [[32minfo[m] Partial fit initiated for 1 epoch(s)...
[2020-11-03 18:48:53.772] [[32minfo[m] ...completed in 71.9 secs.
[2020-11-03 18:48:54.509] [[32minfo[m] Model saved into trained_8.model
[2020-11-03 18:48:54.653] [[32minfo[m] Start
[2020-11-03 18:48:54.653] [[32minfo[m] Inference
[2020-11-03 18:48:54.654] [[32minfo[m] JSON: read encodings from encoding-20.json
[2020-11-03 18:48:54.654] [[32minfo[m] CSV: reading input.csv ...
[2020-11-03 18:48:57.749] [[32minfo[m] ...completed in 3.1 secs
[2020-11-03 18:48:57.749] [[32minfo[m] CSV: read 454404 rows with categorical features and 454404 rows with numerical ones.
[2020-11-03 18:48:57.794] [[32minfo[m] Encoding features...
[2020-11-03 18:49:06.566] [[32minfo[m] ...completed in 8.8 secs
[2020-11-03 18:49:07.217] [[32minfo[m] Regression inference
[2020-11-03 18:49:07.881] [[32minfo[m] Predicting...
[2020-11-03 18:49:19.496] [[32minfo[m] ...completed in 11.6 secs
[2020-11-03 18:49:19.500] [[32minfo[m] scores 454404
[2020-11-03 18:49:19.500] [[32minfo[m] [35] 2717,0.16981
[2020-11-03 18:49:19.500] [[32minfo[m] [36] 3921,0.24506
[2020-11-03 18:49:19.500] [[32minfo[m] [37] 1838,0.11488
[2020-11-03 18:49:19.500] [[32minfo[m] [73] 2469,0.15431
[2020-11-03 18:49:19.500] [[32minfo[m] [74] 4809,0.30056
[2020-11-03 18:49:19.500] [[32minfo[m] [75] 2740,0.17125
[2020-11-03 18:49:19.500] [[32minfo[m] [208] 3757,0.23481
[2020-11-03 18:49:19.500] [[32minfo[m] [265] 1826,0.11413
Num. customers: 454404
Average churn: 2.05
result:  35.67742
9
/repo/tco-customerchurn/data /repo/tco-customerchurn/submission/code/experiments/regr32
/repo/tco-customerchurn/submission/code/experiments/regr32
[2020-11-03 18:49:24.966] [[32minfo[m] Start
[2020-11-03 18:49:24.966] [[32minfo[m] Training
[2020-11-03 18:49:24.967] [[32minfo[m] JSON: read encodings from encoding-20.json
[2020-11-03 18:49:24.967] [[32minfo[m] CSV: reading history_mix_1to3.csv ...
[2020-11-03 18:49:25.721] [[32minfo[m] ...completed in 0.8 secs
[2020-11-03 18:49:25.721] [[32minfo[m] CSV: read 108808 rows with categorical features and 108808 rows with numerical ones.
[2020-11-03 18:49:25.729] [[32minfo[m] Encoding features...
[2020-11-03 18:49:27.686] [[32minfo[m] ...completed in 2.0 secs
[2020-11-03 18:49:28.332] [[32minfo[m] Regression requested
[2020-11-03 18:49:28.980] [[32minfo[m] Model restored from trained_8.model
[2020-11-03 18:49:28.981] [[32minfo[m] C 8000 T 16000 s 20.0 w -1 boost-tpf 1 nepochs 1 L MAE, C1 0.000000 no-seasonal
[2020-11-03 18:49:28.982] [[32minfo[m] Partial fit initiated for 1 epoch(s)...
[2020-11-03 18:50:44.437] [[32minfo[m] ...completed in 75.5 secs.
[2020-11-03 18:50:45.169] [[32minfo[m] Model saved into trained_9.model
[2020-11-03 18:50:45.324] [[32minfo[m] Start
[2020-11-03 18:50:45.324] [[32minfo[m] Inference
[2020-11-03 18:50:45.324] [[32minfo[m] JSON: read encodings from encoding-20.json
[2020-11-03 18:50:45.325] [[32minfo[m] CSV: reading input.csv ...
[2020-11-03 18:50:48.534] [[32minfo[m] ...completed in 3.2 secs
[2020-11-03 18:50:48.534] [[32minfo[m] CSV: read 454404 rows with categorical features and 454404 rows with numerical ones.
[2020-11-03 18:50:48.579] [[32minfo[m] Encoding features...
[2020-11-03 18:50:57.146] [[32minfo[m] ...completed in 8.6 secs
[2020-11-03 18:50:57.845] [[32minfo[m] Regression inference
[2020-11-03 18:50:58.462] [[32minfo[m] Predicting...
[2020-11-03 18:51:10.008] [[32minfo[m] ...completed in 11.5 secs
[2020-11-03 18:51:10.011] [[32minfo[m] scores 454404
[2020-11-03 18:51:10.011] [[32minfo[m] [35] 1796,0.11225
[2020-11-03 18:51:10.011] [[32minfo[m] [36] 5297,0.33106
[2020-11-03 18:51:10.011] [[32minfo[m] [37] 2041,0.12756
[2020-11-03 18:51:10.011] [[32minfo[m] [73] 2025,0.12656
[2020-11-03 18:51:10.011] [[32minfo[m] [74] 4980,0.31125
[2020-11-03 18:51:10.011] [[32minfo[m] [75] 3302,0.20638
[2020-11-03 18:51:10.011] [[32minfo[m] [208] 3769,0.23556
[2020-11-03 18:51:10.011] [[32minfo[m] [265] 1277,0.07981
Num. customers: 454404
Average churn: 2.05
result:  36.06452
10
/repo/tco-customerchurn/data /repo/tco-customerchurn/submission/code/experiments/regr32
/repo/tco-customerchurn/submission/code/experiments/regr32
[2020-11-03 18:51:15.550] [[32minfo[m] Start
[2020-11-03 18:51:15.550] [[32minfo[m] Training
[2020-11-03 18:51:15.550] [[32minfo[m] JSON: read encodings from encoding-20.json
[2020-11-03 18:51:15.550] [[32minfo[m] CSV: reading history_mix_1to3.csv ...
[2020-11-03 18:51:16.283] [[32minfo[m] ...completed in 0.7 secs
[2020-11-03 18:51:16.283] [[32minfo[m] CSV: read 108808 rows with categorical features and 108808 rows with numerical ones.
[2020-11-03 18:51:16.291] [[32minfo[m] Encoding features...
[2020-11-03 18:51:18.252] [[32minfo[m] ...completed in 2.0 secs
[2020-11-03 18:51:18.891] [[32minfo[m] Regression requested
[2020-11-03 18:51:19.540] [[32minfo[m] Model restored from trained_9.model
[2020-11-03 18:51:19.541] [[32minfo[m] C 8000 T 16000 s 20.0 w -1 boost-tpf 1 nepochs 1 L MAE, C1 0.000000 no-seasonal
[2020-11-03 18:51:19.542] [[32minfo[m] Partial fit initiated for 1 epoch(s)...
[2020-11-03 18:54:08.345] [[32minfo[m] ...completed in 168.8 secs.
[2020-11-03 18:54:09.139] [[32minfo[m] Model saved into trained_10.model
[2020-11-03 18:54:09.289] [[32minfo[m] Start
[2020-11-03 18:54:09.289] [[32minfo[m] Inference
[2020-11-03 18:54:09.290] [[32minfo[m] JSON: read encodings from encoding-20.json
[2020-11-03 18:54:09.290] [[32minfo[m] CSV: reading input.csv ...
[2020-11-03 18:54:12.718] [[32minfo[m] ...completed in 3.4 secs
[2020-11-03 18:54:12.718] [[32minfo[m] CSV: read 454404 rows with categorical features and 454404 rows with numerical ones.
[2020-11-03 18:54:12.761] [[32minfo[m] Encoding features...
[2020-11-03 18:54:21.800] [[32minfo[m] ...completed in 9.0 secs
[2020-11-03 18:54:22.465] [[32minfo[m] Regression inference
[2020-11-03 18:54:23.171] [[32minfo[m] Predicting...
[2020-11-03 18:54:34.656] [[32minfo[m] ...completed in 11.5 secs
[2020-11-03 18:54:34.659] [[32minfo[m] scores 454404
[2020-11-03 18:54:34.659] [[32minfo[m] [35] 2178,0.13612
[2020-11-03 18:54:34.659] [[32minfo[m] [36] 4950,0.30938
[2020-11-03 18:54:34.659] [[32minfo[m] [37] 2341,0.14631
[2020-11-03 18:54:34.659] [[32minfo[m] [73] 2340,0.14625
[2020-11-03 18:54:34.659] [[32minfo[m] [74] 6037,0.37731
[2020-11-03 18:54:34.659] [[32minfo[m] [75] 2229,0.13931
[2020-11-03 18:54:34.659] [[32minfo[m] [208] 3449,0.21556
[2020-11-03 18:54:34.659] [[32minfo[m] [265] 1407,0.08794
Num. customers: 454404
Average churn: 2.05
result:  35.84946
11
/repo/tco-customerchurn/data /repo/tco-customerchurn/submission/code/experiments/regr32
/repo/tco-customerchurn/submission/code/experiments/regr32
[2020-11-03 18:54:40.121] [[32minfo[m] Start
[2020-11-03 18:54:40.122] [[32minfo[m] Training
[2020-11-03 18:54:40.122] [[32minfo[m] JSON: read encodings from encoding-20.json
[2020-11-03 18:54:40.122] [[32minfo[m] CSV: reading history_mix_1to3.csv ...
[2020-11-03 18:54:40.840] [[32minfo[m] ...completed in 0.7 secs
[2020-11-03 18:54:40.840] [[32minfo[m] CSV: read 108808 rows with categorical features and 108808 rows with numerical ones.
[2020-11-03 18:54:40.848] [[32minfo[m] Encoding features...
[2020-11-03 18:54:42.849] [[32minfo[m] ...completed in 2.0 secs
[2020-11-03 18:54:43.485] [[32minfo[m] Regression requested
[2020-11-03 18:54:44.144] [[32minfo[m] Model restored from trained_10.model
[2020-11-03 18:54:44.145] [[32minfo[m] C 8000 T 16000 s 20.0 w -1 boost-tpf 1 nepochs 1 L MAE, C1 0.000000 no-seasonal
[2020-11-03 18:54:44.146] [[32minfo[m] Partial fit initiated for 1 epoch(s)...
[2020-11-03 18:55:56.057] [[32minfo[m] ...completed in 71.9 secs.
[2020-11-03 18:55:56.805] [[32minfo[m] Model saved into trained_11.model
[2020-11-03 18:55:56.964] [[32minfo[m] Start
[2020-11-03 18:55:56.964] [[32minfo[m] Inference
[2020-11-03 18:55:56.965] [[32minfo[m] JSON: read encodings from encoding-20.json
[2020-11-03 18:55:56.965] [[32minfo[m] CSV: reading input.csv ...
[2020-11-03 18:56:00.212] [[32minfo[m] ...completed in 3.2 secs
[2020-11-03 18:56:00.213] [[32minfo[m] CSV: read 454404 rows with categorical features and 454404 rows with numerical ones.
[2020-11-03 18:56:00.258] [[32minfo[m] Encoding features...
[2020-11-03 18:56:09.054] [[32minfo[m] ...completed in 8.8 secs
[2020-11-03 18:56:09.704] [[32minfo[m] Regression inference
[2020-11-03 18:56:10.381] [[32minfo[m] Predicting...
[2020-11-03 18:56:21.976] [[32minfo[m] ...completed in 11.6 secs
[2020-11-03 18:56:21.979] [[32minfo[m] scores 454404
[2020-11-03 18:56:21.979] [[32minfo[m] [35] 2678,0.16737
[2020-11-03 18:56:21.979] [[32minfo[m] [36] 4353,0.27206
[2020-11-03 18:56:21.979] [[32minfo[m] [37] 1643,0.10269
[2020-11-03 18:56:21.979] [[32minfo[m] [73] 1998,0.12487
[2020-11-03 18:56:21.979] [[32minfo[m] [74] 5025,0.31406
[2020-11-03 18:56:21.979] [[32minfo[m] [75] 2638,0.16487
[2020-11-03 18:56:21.979] [[32minfo[m] [208] 3501,0.21881
[2020-11-03 18:56:21.979] [[32minfo[m] [265] 2099,0.13119
Num. customers: 454404
Average churn: 2.05
result:  35.88172
12
/repo/tco-customerchurn/data /repo/tco-customerchurn/submission/code/experiments/regr32
/repo/tco-customerchurn/submission/code/experiments/regr32
[2020-11-03 18:56:27.274] [[32minfo[m] Start
[2020-11-03 18:56:27.274] [[32minfo[m] Training
[2020-11-03 18:56:27.275] [[32minfo[m] JSON: read encodings from encoding-20.json
[2020-11-03 18:56:27.275] [[32minfo[m] CSV: reading history_mix_1to3.csv ...
[2020-11-03 18:56:28.049] [[32minfo[m] ...completed in 0.8 secs
[2020-11-03 18:56:28.049] [[32minfo[m] CSV: read 108808 rows with categorical features and 108808 rows with numerical ones.
[2020-11-03 18:56:28.058] [[32minfo[m] Encoding features...
[2020-11-03 18:56:30.033] [[32minfo[m] ...completed in 2.0 secs
[2020-11-03 18:56:30.669] [[32minfo[m] Regression requested
[2020-11-03 18:56:31.319] [[32minfo[m] Model restored from trained_11.model
[2020-11-03 18:56:31.321] [[32minfo[m] C 8000 T 16000 s 20.0 w -1 boost-tpf 1 nepochs 1 L MAE, C1 0.000000 no-seasonal
[2020-11-03 18:56:31.322] [[32minfo[m] Partial fit initiated for 1 epoch(s)...
[2020-11-03 18:57:42.828] [[32minfo[m] ...completed in 71.5 secs.
[2020-11-03 18:57:43.561] [[32minfo[m] Model saved into trained_12.model
[2020-11-03 18:57:43.708] [[32minfo[m] Start
[2020-11-03 18:57:43.708] [[32minfo[m] Inference
[2020-11-03 18:57:43.709] [[32minfo[m] JSON: read encodings from encoding-20.json
[2020-11-03 18:57:43.709] [[32minfo[m] CSV: reading input.csv ...
[2020-11-03 18:57:46.872] [[32minfo[m] ...completed in 3.2 secs
[2020-11-03 18:57:46.872] [[32minfo[m] CSV: read 454404 rows with categorical features and 454404 rows with numerical ones.
[2020-11-03 18:57:46.918] [[32minfo[m] Encoding features...
[2020-11-03 18:57:55.518] [[32minfo[m] ...completed in 8.6 secs
[2020-11-03 18:57:56.193] [[32minfo[m] Regression inference
[2020-11-03 18:57:56.821] [[32minfo[m] Predicting...
[2020-11-03 18:58:08.492] [[32minfo[m] ...completed in 11.7 secs
[2020-11-03 18:58:08.495] [[32minfo[m] scores 454404
[2020-11-03 18:58:08.495] [[32minfo[m] [35] 2370,0.14813
[2020-11-03 18:58:08.495] [[32minfo[m] [36] 5926,0.37038
[2020-11-03 18:58:08.495] [[32minfo[m] [37] 2905,0.18156
[2020-11-03 18:58:08.495] [[32minfo[m] [73] 1904,0.11900
[2020-11-03 18:58:08.495] [[32minfo[m] [74] 5744,0.35900
[2020-11-03 18:58:08.495] [[32minfo[m] [75] 2577,0.16106
[2020-11-03 18:58:08.495] [[32minfo[m] [208] 3233,0.20206
[2020-11-03 18:58:08.495] [[32minfo[m] [265] 1757,0.10981
Num. customers: 454404
Average churn: 2.05
result:  36.02151
13
/repo/tco-customerchurn/data /repo/tco-customerchurn/submission/code/experiments/regr32
/repo/tco-customerchurn/submission/code/experiments/regr32
[2020-11-03 18:58:13.763] [[32minfo[m] Start
[2020-11-03 18:58:13.763] [[32minfo[m] Training
[2020-11-03 18:58:13.764] [[32minfo[m] JSON: read encodings from encoding-20.json
[2020-11-03 18:58:13.764] [[32minfo[m] CSV: reading history_mix_1to3.csv ...
[2020-11-03 18:58:14.520] [[32minfo[m] ...completed in 0.8 secs
[2020-11-03 18:58:14.521] [[32minfo[m] CSV: read 108808 rows with categorical features and 108808 rows with numerical ones.
[2020-11-03 18:58:14.529] [[32minfo[m] Encoding features...
[2020-11-03 18:58:16.505] [[32minfo[m] ...completed in 2.0 secs
[2020-11-03 18:58:17.147] [[32minfo[m] Regression requested
[2020-11-03 18:58:17.785] [[32minfo[m] Model restored from trained_12.model
[2020-11-03 18:58:17.786] [[32minfo[m] C 8000 T 16000 s 20.0 w -1 boost-tpf 1 nepochs 1 L MAE, C1 0.000000 no-seasonal
[2020-11-03 18:58:17.787] [[32minfo[m] Partial fit initiated for 1 epoch(s)...
[2020-11-03 18:59:30.481] [[32minfo[m] ...completed in 72.7 secs.
[2020-11-03 18:59:31.225] [[32minfo[m] Model saved into trained_13.model
[2020-11-03 18:59:31.385] [[32minfo[m] Start
[2020-11-03 18:59:31.385] [[32minfo[m] Inference
[2020-11-03 18:59:31.387] [[32minfo[m] JSON: read encodings from encoding-20.json
[2020-11-03 18:59:31.387] [[32minfo[m] CSV: reading input.csv ...
[2020-11-03 18:59:34.588] [[32minfo[m] ...completed in 3.2 secs
[2020-11-03 18:59:34.588] [[32minfo[m] CSV: read 454404 rows with categorical features and 454404 rows with numerical ones.
[2020-11-03 18:59:34.631] [[32minfo[m] Encoding features...
[2020-11-03 18:59:43.375] [[32minfo[m] ...completed in 8.7 secs
[2020-11-03 18:59:44.034] [[32minfo[m] Regression inference
[2020-11-03 18:59:44.697] [[32minfo[m] Predicting...
[2020-11-03 18:59:56.025] [[32minfo[m] ...completed in 11.3 secs
[2020-11-03 18:59:56.028] [[32minfo[m] scores 454404
[2020-11-03 18:59:56.028] [[32minfo[m] [35] 2780,0.17375
[2020-11-03 18:59:56.028] [[32minfo[m] [36] 3725,0.23281
[2020-11-03 18:59:56.028] [[32minfo[m] [37] 2678,0.16737
[2020-11-03 18:59:56.028] [[32minfo[m] [73] 2429,0.15181
[2020-11-03 18:59:56.028] [[32minfo[m] [74] 4194,0.26212
[2020-11-03 18:59:56.028] [[32minfo[m] [75] 2434,0.15213
[2020-11-03 18:59:56.028] [[32minfo[m] [208] 3399,0.21244
[2020-11-03 18:59:56.028] [[32minfo[m] [265] 1470,0.09187
Num. customers: 454404
Average churn: 2.05
result:  36.03226
14
/repo/tco-customerchurn/data /repo/tco-customerchurn/submission/code/experiments/regr32
/repo/tco-customerchurn/submission/code/experiments/regr32
[2020-11-03 19:00:01.470] [[32minfo[m] Start
[2020-11-03 19:00:01.470] [[32minfo[m] Training
[2020-11-03 19:00:01.471] [[32minfo[m] JSON: read encodings from encoding-20.json
[2020-11-03 19:00:01.471] [[32minfo[m] CSV: reading history_mix_1to3.csv ...
[2020-11-03 19:00:02.248] [[32minfo[m] ...completed in 0.8 secs
[2020-11-03 19:00:02.248] [[32minfo[m] CSV: read 108808 rows with categorical features and 108808 rows with numerical ones.
[2020-11-03 19:00:02.255] [[32minfo[m] Encoding features...
[2020-11-03 19:00:04.228] [[32minfo[m] ...completed in 2.0 secs
[2020-11-03 19:00:04.866] [[32minfo[m] Regression requested
[2020-11-03 19:00:05.526] [[32minfo[m] Model restored from trained_13.model
[2020-11-03 19:00:05.528] [[32minfo[m] C 8000 T 16000 s 20.0 w -1 boost-tpf 1 nepochs 1 L MAE, C1 0.000000 no-seasonal
[2020-11-03 19:00:05.528] [[32minfo[m] Partial fit initiated for 1 epoch(s)...
[2020-11-03 19:01:18.363] [[32minfo[m] ...completed in 72.8 secs.
[2020-11-03 19:01:19.153] [[32minfo[m] Model saved into trained_14.model
[2020-11-03 19:01:19.309] [[32minfo[m] Start
[2020-11-03 19:01:19.309] [[32minfo[m] Inference
[2020-11-03 19:01:19.310] [[32minfo[m] JSON: read encodings from encoding-20.json
[2020-11-03 19:01:19.310] [[32minfo[m] CSV: reading input.csv ...
[2020-11-03 19:01:22.653] [[32minfo[m] ...completed in 3.3 secs
[2020-11-03 19:01:22.653] [[32minfo[m] CSV: read 454404 rows with categorical features and 454404 rows with numerical ones.
[2020-11-03 19:01:22.705] [[32minfo[m] Encoding features...
[2020-11-03 19:01:31.393] [[32minfo[m] ...completed in 8.7 secs
[2020-11-03 19:01:32.109] [[32minfo[m] Regression inference
[2020-11-03 19:01:32.790] [[32minfo[m] Predicting...
[2020-11-03 19:01:44.022] [[32minfo[m] ...completed in 11.2 secs
[2020-11-03 19:01:44.025] [[32minfo[m] scores 454404
[2020-11-03 19:01:44.025] [[32minfo[m] [35] 2362,0.14763
[2020-11-03 19:01:44.025] [[32minfo[m] [36] 4392,0.27450
[2020-11-03 19:01:44.025] [[32minfo[m] [37] 2829,0.17681
[2020-11-03 19:01:44.025] [[32minfo[m] [73] 2225,0.13906
[2020-11-03 19:01:44.025] [[32minfo[m] [74] 3850,0.24063
[2020-11-03 19:01:44.025] [[32minfo[m] [75] 4066,0.25412
[2020-11-03 19:01:44.025] [[32minfo[m] [208] 3733,0.23331
[2020-11-03 19:01:44.025] [[32minfo[m] [265] 1385,0.08656
Num. customers: 454404
Average churn: 2.05
result:  35.72043
15
/repo/tco-customerchurn/data /repo/tco-customerchurn/submission/code/experiments/regr32
/repo/tco-customerchurn/submission/code/experiments/regr32
[2020-11-03 19:01:49.548] [[32minfo[m] Start
[2020-11-03 19:01:49.548] [[32minfo[m] Training
[2020-11-03 19:01:49.549] [[32minfo[m] JSON: read encodings from encoding-20.json
[2020-11-03 19:01:49.549] [[32minfo[m] CSV: reading history_mix_1to3.csv ...
[2020-11-03 19:01:50.336] [[32minfo[m] ...completed in 0.8 secs
[2020-11-03 19:01:50.336] [[32minfo[m] CSV: read 108808 rows with categorical features and 108808 rows with numerical ones.
[2020-11-03 19:01:50.343] [[32minfo[m] Encoding features...
[2020-11-03 19:01:52.358] [[32minfo[m] ...completed in 2.0 secs
[2020-11-03 19:01:52.985] [[32minfo[m] Regression requested
[2020-11-03 19:01:53.628] [[32minfo[m] Model restored from trained_14.model
[2020-11-03 19:01:53.629] [[32minfo[m] C 8000 T 16000 s 20.0 w -1 boost-tpf 1 nepochs 1 L MAE, C1 0.000000 no-seasonal
[2020-11-03 19:01:53.630] [[32minfo[m] Partial fit initiated for 1 epoch(s)...
[2020-11-03 19:03:06.442] [[32minfo[m] ...completed in 72.8 secs.
[2020-11-03 19:03:07.147] [[32minfo[m] Model saved into trained_15.model
[2020-11-03 19:03:07.297] [[32minfo[m] Start
[2020-11-03 19:03:07.297] [[32minfo[m] Inference
[2020-11-03 19:03:07.298] [[32minfo[m] JSON: read encodings from encoding-20.json
[2020-11-03 19:03:07.298] [[32minfo[m] CSV: reading input.csv ...
[2020-11-03 19:03:10.434] [[32minfo[m] ...completed in 3.1 secs
[2020-11-03 19:03:10.434] [[32minfo[m] CSV: read 454404 rows with categorical features and 454404 rows with numerical ones.
[2020-11-03 19:03:10.478] [[32minfo[m] Encoding features...
[2020-11-03 19:03:19.017] [[32minfo[m] ...completed in 8.5 secs
[2020-11-03 19:03:19.690] [[32minfo[m] Regression inference
[2020-11-03 19:03:20.344] [[32minfo[m] Predicting...
[2020-11-03 19:03:31.710] [[32minfo[m] ...completed in 11.4 secs
[2020-11-03 19:03:31.714] [[32minfo[m] scores 454404
[2020-11-03 19:03:31.714] [[32minfo[m] [35] 2433,0.15206
[2020-11-03 19:03:31.714] [[32minfo[m] [36] 4416,0.27600
[2020-11-03 19:03:31.714] [[32minfo[m] [37] 2216,0.13850
[2020-11-03 19:03:31.714] [[32minfo[m] [73] 1891,0.11819
[2020-11-03 19:03:31.714] [[32minfo[m] [74] 4539,0.28369
[2020-11-03 19:03:31.714] [[32minfo[m] [75] 3758,0.23488
[2020-11-03 19:03:31.714] [[32minfo[m] [208] 2719,0.16994
[2020-11-03 19:03:31.714] [[32minfo[m] [265] 1773,0.11081
Num. customers: 454404
Average churn: 2.05
result:  35.93548
16
/repo/tco-customerchurn/data /repo/tco-customerchurn/submission/code/experiments/regr32
/repo/tco-customerchurn/submission/code/experiments/regr32
[2020-11-03 19:03:37.082] [[32minfo[m] Start
[2020-11-03 19:03:37.082] [[32minfo[m] Training
[2020-11-03 19:03:37.082] [[32minfo[m] JSON: read encodings from encoding-20.json
[2020-11-03 19:03:37.082] [[32minfo[m] CSV: reading history_mix_1to3.csv ...
[2020-11-03 19:03:37.802] [[32minfo[m] ...completed in 0.7 secs
[2020-11-03 19:03:37.802] [[32minfo[m] CSV: read 108808 rows with categorical features and 108808 rows with numerical ones.
[2020-11-03 19:03:37.811] [[32minfo[m] Encoding features...
[2020-11-03 19:03:39.771] [[32minfo[m] ...completed in 2.0 secs
[2020-11-03 19:03:40.410] [[32minfo[m] Regression requested
[2020-11-03 19:03:41.071] [[32minfo[m] Model restored from trained_15.model
[2020-11-03 19:03:41.072] [[32minfo[m] C 8000 T 16000 s 20.0 w -1 boost-tpf 1 nepochs 1 L MAE, C1 0.000000 no-seasonal
[2020-11-03 19:03:41.073] [[32minfo[m] Partial fit initiated for 1 epoch(s)...
[2020-11-03 19:04:53.299] [[32minfo[m] ...completed in 72.2 secs.
[2020-11-03 19:04:54.007] [[32minfo[m] Model saved into trained_16.model
[2020-11-03 19:04:54.181] [[32minfo[m] Start
[2020-11-03 19:04:54.183] [[32minfo[m] Inference
[2020-11-03 19:04:54.184] [[32minfo[m] JSON: read encodings from encoding-20.json
[2020-11-03 19:04:54.184] [[32minfo[m] CSV: reading input.csv ...
[2020-11-03 19:04:57.367] [[32minfo[m] ...completed in 3.2 secs
[2020-11-03 19:04:57.367] [[32minfo[m] CSV: read 454404 rows with categorical features and 454404 rows with numerical ones.
[2020-11-03 19:04:57.411] [[32minfo[m] Encoding features...
[2020-11-03 19:05:06.138] [[32minfo[m] ...completed in 8.7 secs
[2020-11-03 19:05:06.854] [[32minfo[m] Regression inference
[2020-11-03 19:05:07.548] [[32minfo[m] Predicting...
[2020-11-03 19:05:18.734] [[32minfo[m] ...completed in 11.2 secs
[2020-11-03 19:05:18.737] [[32minfo[m] scores 454404
[2020-11-03 19:05:18.737] [[32minfo[m] [35] 1743,0.10894
[2020-11-03 19:05:18.737] [[32minfo[m] [36] 3711,0.23194
[2020-11-03 19:05:18.737] [[32minfo[m] [37] 1895,0.11844
[2020-11-03 19:05:18.737] [[32minfo[m] [73] 1437,0.08981
[2020-11-03 19:05:18.737] [[32minfo[m] [74] 4274,0.26713
[2020-11-03 19:05:18.737] [[32minfo[m] [75] 2799,0.17494
[2020-11-03 19:05:18.737] [[32minfo[m] [208] 3508,0.21925
[2020-11-03 19:05:18.737] [[32minfo[m] [265] 1303,0.08144
Num. customers: 454404
Average churn: 2.05
result:  36.00000
17
/repo/tco-customerchurn/data /repo/tco-customerchurn/submission/code/experiments/regr32
/repo/tco-customerchurn/submission/code/experiments/regr32
[2020-11-03 19:05:24.166] [[32minfo[m] Start
[2020-11-03 19:05:24.166] [[32minfo[m] Training
[2020-11-03 19:05:24.167] [[32minfo[m] JSON: read encodings from encoding-20.json
[2020-11-03 19:05:24.167] [[32minfo[m] CSV: reading history_mix_1to3.csv ...
[2020-11-03 19:05:24.950] [[32minfo[m] ...completed in 0.8 secs
[2020-11-03 19:05:24.950] [[32minfo[m] CSV: read 108808 rows with categorical features and 108808 rows with numerical ones.
[2020-11-03 19:05:24.958] [[32minfo[m] Encoding features...
[2020-11-03 19:05:26.907] [[32minfo[m] ...completed in 1.9 secs
[2020-11-03 19:05:27.544] [[32minfo[m] Regression requested
[2020-11-03 19:05:28.197] [[32minfo[m] Model restored from trained_16.model
[2020-11-03 19:05:28.198] [[32minfo[m] C 8000 T 16000 s 20.0 w -1 boost-tpf 1 nepochs 1 L MAE, C1 0.000000 no-seasonal
[2020-11-03 19:05:28.199] [[32minfo[m] Partial fit initiated for 1 epoch(s)...
[2020-11-03 19:06:40.612] [[32minfo[m] ...completed in 72.4 secs.
[2020-11-03 19:06:41.337] [[32minfo[m] Model saved into trained_17.model
[2020-11-03 19:06:41.498] [[32minfo[m] Start
[2020-11-03 19:06:41.498] [[32minfo[m] Inference
[2020-11-03 19:06:41.500] [[32minfo[m] JSON: read encodings from encoding-20.json
[2020-11-03 19:06:41.500] [[32minfo[m] CSV: reading input.csv ...
[2020-11-03 19:06:44.477] [[32minfo[m] ...completed in 3.0 secs
[2020-11-03 19:06:44.478] [[32minfo[m] CSV: read 454404 rows with categorical features and 454404 rows with numerical ones.
[2020-11-03 19:06:44.530] [[32minfo[m] Encoding features...
[2020-11-03 19:06:52.940] [[32minfo[m] ...completed in 8.4 secs
[2020-11-03 19:06:53.579] [[32minfo[m] Regression inference
[2020-11-03 19:06:54.210] [[32minfo[m] Predicting...
[2020-11-03 19:07:05.819] [[32minfo[m] ...completed in 11.6 secs
[2020-11-03 19:07:05.822] [[32minfo[m] scores 454404
[2020-11-03 19:07:05.822] [[32minfo[m] [35] 1641,0.10256
[2020-11-03 19:07:05.822] [[32minfo[m] [36] 3911,0.24444
[2020-11-03 19:07:05.822] [[32minfo[m] [37] 2913,0.18206
[2020-11-03 19:07:05.822] [[32minfo[m] [73] 2683,0.16769
[2020-11-03 19:07:05.822] [[32minfo[m] [74] 5460,0.34125
[2020-11-03 19:07:05.822] [[32minfo[m] [75] 3509,0.21931
[2020-11-03 19:07:05.822] [[32minfo[m] [208] 3473,0.21706
[2020-11-03 19:07:05.822] [[32minfo[m] [265] 1324,0.08275
Num. customers: 454404
Average churn: 2.05
result:  36.23656
18
/repo/tco-customerchurn/data /repo/tco-customerchurn/submission/code/experiments/regr32
/repo/tco-customerchurn/submission/code/experiments/regr32
[2020-11-03 19:07:11.297] [[32minfo[m] Start
[2020-11-03 19:07:11.297] [[32minfo[m] Training
[2020-11-03 19:07:11.298] [[32minfo[m] JSON: read encodings from encoding-20.json
[2020-11-03 19:07:11.298] [[32minfo[m] CSV: reading history_mix_1to3.csv ...
[2020-11-03 19:07:12.073] [[32minfo[m] ...completed in 0.8 secs
[2020-11-03 19:07:12.073] [[32minfo[m] CSV: read 108808 rows with categorical features and 108808 rows with numerical ones.
[2020-11-03 19:07:12.080] [[32minfo[m] Encoding features...
[2020-11-03 19:07:14.031] [[32minfo[m] ...completed in 2.0 secs
[2020-11-03 19:07:14.662] [[32minfo[m] Regression requested
[2020-11-03 19:07:15.306] [[32minfo[m] Model restored from trained_17.model
[2020-11-03 19:07:15.308] [[32minfo[m] C 8000 T 16000 s 20.0 w -1 boost-tpf 1 nepochs 1 L MAE, C1 0.000000 no-seasonal
[2020-11-03 19:07:15.308] [[32minfo[m] Partial fit initiated for 1 epoch(s)...
[2020-11-03 19:08:27.482] [[32minfo[m] ...completed in 72.2 secs.
[2020-11-03 19:08:28.244] [[32minfo[m] Model saved into trained_18.model
[2020-11-03 19:08:28.424] [[32minfo[m] Start
[2020-11-03 19:08:28.424] [[32minfo[m] Inference
[2020-11-03 19:08:28.424] [[32minfo[m] JSON: read encodings from encoding-20.json
[2020-11-03 19:08:28.424] [[32minfo[m] CSV: reading input.csv ...
[2020-11-03 19:08:31.970] [[32minfo[m] ...completed in 3.5 secs
[2020-11-03 19:08:31.970] [[32minfo[m] CSV: read 454404 rows with categorical features and 454404 rows with numerical ones.
[2020-11-03 19:08:32.016] [[32minfo[m] Encoding features...
[2020-11-03 19:08:40.838] [[32minfo[m] ...completed in 8.8 secs
[2020-11-03 19:08:41.536] [[32minfo[m] Regression inference
[2020-11-03 19:08:42.196] [[32minfo[m] Predicting...
[2020-11-03 19:08:53.841] [[32minfo[m] ...completed in 11.6 secs
[2020-11-03 19:08:53.843] [[32minfo[m] scores 454404
[2020-11-03 19:08:53.844] [[32minfo[m] [35] 2816,0.17600
[2020-11-03 19:08:53.844] [[32minfo[m] [36] 4675,0.29219
[2020-11-03 19:08:53.844] [[32minfo[m] [37] 2435,0.15219
[2020-11-03 19:08:53.844] [[32minfo[m] [73] 2433,0.15206
[2020-11-03 19:08:53.844] [[32minfo[m] [74] 7372,0.46075
[2020-11-03 19:08:53.844] [[32minfo[m] [75] 2568,0.16050
[2020-11-03 19:08:53.844] [[32minfo[m] [208] 3249,0.20306
[2020-11-03 19:08:53.844] [[32minfo[m] [265] 2140,0.13375
Num. customers: 454404
Average churn: 2.05
result:  35.88172
19
/repo/tco-customerchurn/data /repo/tco-customerchurn/submission/code/experiments/regr32
/repo/tco-customerchurn/submission/code/experiments/regr32
[2020-11-03 19:08:59.271] [[32minfo[m] Start
[2020-11-03 19:08:59.271] [[32minfo[m] Training
[2020-11-03 19:08:59.271] [[32minfo[m] JSON: read encodings from encoding-20.json
[2020-11-03 19:08:59.271] [[32minfo[m] CSV: reading history_mix_1to3.csv ...
[2020-11-03 19:09:00.053] [[32minfo[m] ...completed in 0.8 secs
[2020-11-03 19:09:00.053] [[32minfo[m] CSV: read 108808 rows with categorical features and 108808 rows with numerical ones.
[2020-11-03 19:09:00.060] [[32minfo[m] Encoding features...
[2020-11-03 19:09:02.055] [[32minfo[m] ...completed in 2.0 secs
[2020-11-03 19:09:02.697] [[32minfo[m] Regression requested
[2020-11-03 19:09:03.346] [[32minfo[m] Model restored from trained_18.model
[2020-11-03 19:09:03.346] [[32minfo[m] C 8000 T 16000 s 20.0 w -1 boost-tpf 1 nepochs 1 L MAE, C1 0.000000 no-seasonal
[2020-11-03 19:09:03.347] [[32minfo[m] Partial fit initiated for 1 epoch(s)...
[2020-11-03 19:10:15.302] [[32minfo[m] ...completed in 72.0 secs.
[2020-11-03 19:10:16.060] [[32minfo[m] Model saved into trained_19.model
[2020-11-03 19:10:16.234] [[32minfo[m] Start
[2020-11-03 19:10:16.234] [[32minfo[m] Inference
[2020-11-03 19:10:16.234] [[32minfo[m] JSON: read encodings from encoding-20.json
[2020-11-03 19:10:16.234] [[32minfo[m] CSV: reading input.csv ...
[2020-11-03 19:10:19.447] [[32minfo[m] ...completed in 3.2 secs
[2020-11-03 19:10:19.447] [[32minfo[m] CSV: read 454404 rows with categorical features and 454404 rows with numerical ones.
[2020-11-03 19:10:19.491] [[32minfo[m] Encoding features...
[2020-11-03 19:10:27.877] [[32minfo[m] ...completed in 8.4 secs
[2020-11-03 19:10:28.528] [[32minfo[m] Regression inference
[2020-11-03 19:10:29.148] [[32minfo[m] Predicting...
[2020-11-03 19:10:40.780] [[32minfo[m] ...completed in 11.6 secs
[2020-11-03 19:10:40.783] [[32minfo[m] scores 454404
[2020-11-03 19:10:40.783] [[32minfo[m] [35] 2475,0.15469
[2020-11-03 19:10:40.784] [[32minfo[m] [36] 5065,0.31656
[2020-11-03 19:10:40.784] [[32minfo[m] [37] 2350,0.14688
[2020-11-03 19:10:40.784] [[32minfo[m] [73] 1741,0.10881
[2020-11-03 19:10:40.785] [[32minfo[m] [74] 5873,0.36706
[2020-11-03 19:10:40.785] [[32minfo[m] [75] 2659,0.16619
[2020-11-03 19:10:40.785] [[32minfo[m] [208] 3309,0.20681
[2020-11-03 19:10:40.786] [[32minfo[m] [265] 1659,0.10369
Num. customers: 454404
Average churn: 2.05
result:  35.63441
20
/repo/tco-customerchurn/data /repo/tco-customerchurn/submission/code/experiments/regr32
/repo/tco-customerchurn/submission/code/experiments/regr32
[2020-11-03 19:10:46.358] [[32minfo[m] Start
[2020-11-03 19:10:46.358] [[32minfo[m] Training
[2020-11-03 19:10:46.359] [[32minfo[m] JSON: read encodings from encoding-20.json
[2020-11-03 19:10:46.359] [[32minfo[m] CSV: reading history_mix_1to3.csv ...
[2020-11-03 19:10:47.102] [[32minfo[m] ...completed in 0.7 secs
[2020-11-03 19:10:47.102] [[32minfo[m] CSV: read 108808 rows with categorical features and 108808 rows with numerical ones.
[2020-11-03 19:10:47.110] [[32minfo[m] Encoding features...
[2020-11-03 19:10:49.073] [[32minfo[m] ...completed in 2.0 secs
[2020-11-03 19:10:49.722] [[32minfo[m] Regression requested
[2020-11-03 19:10:50.375] [[32minfo[m] Model restored from trained_19.model
[2020-11-03 19:10:50.376] [[32minfo[m] C 8000 T 16000 s 20.0 w -1 boost-tpf 1 nepochs 1 L MAE, C1 0.000000 no-seasonal
[2020-11-03 19:10:50.377] [[32minfo[m] Partial fit initiated for 1 epoch(s)...
[2020-11-03 19:12:02.175] [[32minfo[m] ...completed in 71.8 secs.
[2020-11-03 19:12:02.911] [[32minfo[m] Model saved into trained_20.model
[2020-11-03 19:12:03.075] [[32minfo[m] Start
[2020-11-03 19:12:03.075] [[32minfo[m] Inference
[2020-11-03 19:12:03.076] [[32minfo[m] JSON: read encodings from encoding-20.json
[2020-11-03 19:12:03.076] [[32minfo[m] CSV: reading input.csv ...
[2020-11-03 19:12:06.317] [[32minfo[m] ...completed in 3.2 secs
[2020-11-03 19:12:06.318] [[32minfo[m] CSV: read 454404 rows with categorical features and 454404 rows with numerical ones.
[2020-11-03 19:12:06.382] [[32minfo[m] Encoding features...
[2020-11-03 19:12:15.466] [[32minfo[m] ...completed in 9.1 secs
[2020-11-03 19:12:16.457] [[32minfo[m] Regression inference
[2020-11-03 19:12:17.352] [[32minfo[m] Predicting...
[2020-11-03 19:12:28.914] [[32minfo[m] ...completed in 11.6 secs
[2020-11-03 19:12:28.916] [[32minfo[m] scores 454404
[2020-11-03 19:12:28.916] [[32minfo[m] [35] 1895,0.11844
[2020-11-03 19:12:28.916] [[32minfo[m] [36] 4393,0.27456
[2020-11-03 19:12:28.916] [[32minfo[m] [37] 2471,0.15444
[2020-11-03 19:12:28.916] [[32minfo[m] [73] 2206,0.13787
[2020-11-03 19:12:28.916] [[32minfo[m] [74] 5657,0.35356
[2020-11-03 19:12:28.916] [[32minfo[m] [75] 3619,0.22619
[2020-11-03 19:12:28.916] [[32minfo[m] [208] 3135,0.19594
[2020-11-03 19:12:28.916] [[32minfo[m] [265] 1019,0.06369
Num. customers: 454404
Average churn: 2.05
result:  35.90323
