1
/repo/tco-customerchurn/data /repo/tco-customerchurn/submission/code/experiments/regr35
/repo/tco-customerchurn/submission/code/experiments/regr35
[2020-11-07 22:45:51.018] [[32minfo[m] Start
[2020-11-07 22:45:51.018] [[32minfo[m] Training
[2020-11-07 22:45:51.020] [[32minfo[m] JSON: read encodings from encoding-20.json
[2020-11-07 22:45:51.020] [[32minfo[m] CSV: reading history_mix_1to3.csv ...
[2020-11-07 22:45:54.462] [[32minfo[m] ...completed in 3.4 secs
[2020-11-07 22:45:54.462] [[32minfo[m] CSV: read 480592 rows with categorical features and 480592 rows with numerical ones.
[2020-11-07 22:45:54.504] [[32minfo[m] Encoding features...
[2020-11-07 22:46:03.701] [[32minfo[m] ...completed in 9.2 secs
[2020-11-07 22:46:03.701] [[32minfo[m] Regression requested
[2020-11-07 22:46:03.814] [[32minfo[m] C 4000 T 16000 s 20.0 w -1 boost-tpf 1 nepochs 1 L MAE, C1 0.000000 f201906 seasonal
[2020-11-07 22:46:03.815] [[32minfo[m] Partial fit initiated for 1 epoch(s)...
[2020-11-07 22:48:17.958] [[32minfo[m] ...completed in 134.1 secs.
[2020-11-07 22:48:18.312] [[32minfo[m] Model saved into trained_1.model
[2020-11-07 22:48:18.439] [[32minfo[m] Start
[2020-11-07 22:48:18.439] [[32minfo[m] Inference
[2020-11-07 22:48:18.440] [[32minfo[m] JSON: read encodings from encoding-20.json
[2020-11-07 22:48:18.441] [[32minfo[m] CSV: reading input.csv ...
[2020-11-07 22:48:21.518] [[32minfo[m] ...completed in 3.1 secs
[2020-11-07 22:48:21.518] [[32minfo[m] CSV: read 454404 rows with categorical features and 454404 rows with numerical ones.
[2020-11-07 22:48:21.565] [[32minfo[m] Encoding features...
[2020-11-07 22:48:30.106] [[32minfo[m] ...completed in 8.5 secs
[2020-11-07 22:48:30.481] [[32minfo[m] Regression inference
[2020-11-07 22:48:30.812] [[32minfo[m] Predicting...
[2020-11-07 22:48:37.036] [[32minfo[m] ...completed in 6.2 secs
[2020-11-07 22:48:37.039] [[32minfo[m] scores 454404
[2020-11-07 22:48:37.040] [[32minfo[m] [35] 2255,0.14094
[2020-11-07 22:48:37.040] [[32minfo[m] [36] 3157,0.19731
[2020-11-07 22:48:37.040] [[32minfo[m] [37] 3087,0.19294
[2020-11-07 22:48:37.040] [[32minfo[m] [73] 2771,0.17319
[2020-11-07 22:48:37.040] [[32minfo[m] [74] 5138,0.32112
[2020-11-07 22:48:37.040] [[32minfo[m] [75] 3743,0.23394
[2020-11-07 22:48:37.040] [[32minfo[m] [208] 3168,0.19800
[2020-11-07 22:48:37.040] [[32minfo[m] [265] 1602,0.10013
gzip: trained_0.model: No such file or directory
Num. customers: 454404
Average churn: 2.05
result:  34.10753
